l by2 i10 = 282,-114,365
i11 i12 i13 = 2,69,1589
f4 d b2 = -1079437689,4630365466308593456,0
i14 i15 fArr1 = 2,-24559,-4547691250666553344
lArr iArr2 = 184520000,56402777368
Test.instanceCount Test.iFld dArrFld = -563456677,228,0
vMeth2_check_sum: 1531257860668642820
vMeth1_check_sum: -32781204495
vMeth_check_sum: -32715208313
l by2 i10 = 282,-114,365
i11 i12 i13 = 2,69,1589
f4 d b2 = -1079437689,4630365466308593456,0
i14 i15 fArr1 = 2,-24559,-4547691250666553344
lArr iArr2 = 184520000,116409905164
Test.instanceCount Test.iFld dArrFld = 1652050281,228,0
vMeth2_check_sum: 3062515711586168606
vMeth1_check_sum: -69874507661
vMeth_check_sum: -69742518252
l by2 i10 = 282,-114,365
i11 i12 i13 = 2,69,1589
f4 d b2 = -1079437689,4630365466308593456,0
i14 i15 fArr1 = 2,-24559,-4547691250666553344
lArr iArr2 = 184520000,116409905164
Test.instanceCount Test.iFld dArrFld = 1652050281,228,0
vMeth2_check_sum: 4593773566934708308
vMeth1_check_sum: -106967810813
vMeth_check_sum: -106769828191
l by2 i10 = 282,-114,365
i11 i12 i13 = 2,69,1589
f4 d b2 = -1079437689,4630365466308593456,0
i14 i15 fArr1 = 2,-24559,-4547691250666553344
lArr iArr2 = 184520000,116409905164
Test.instanceCount Test.iFld dArrFld = 1652050281,228,0
vMeth2_check_sum: 6125031422283248010
vMeth1_check_sum: -144061113965
vMeth_check_sum: -143797138130
l by2 i10 = 282,-114,365
i11 i12 i13 = 2,69,1589
f4 d b2 = -1079437689,4630365466308593456,0
i14 i15 fArr1 = 2,-24559,-4547691250666553344
lArr iArr2 = 184520000,116409905164
Test.instanceCount Test.iFld dArrFld = 1652050281,228,0
vMeth2_check_sum: 7656289277631787712
vMeth1_check_sum: -181154417117
vMeth_check_sum: -180824448069
l by2 i10 = 282,-114,365
i11 i12 i13 = 2,69,1589
f4 d b2 = -1079437689,4630365466308593456,0
i14 i15 fArr1 = 2,-24559,-4547691250666553344
lArr iArr2 = 184520000,116409905164
Test.instanceCount Test.iFld dArrFld = 1652050281,228,0
vMeth2_check_sum: 9187547132980327414
vMeth1_check_sum: -218247720269
vMeth_check_sum: -217851758008
l by2 i10 = 282,-114,365
i11 i12 i13 = 2,69,1589
f4 d b2 = -1079437689,4630365466308593456,0
i14 i15 fArr1 = 2,-24559,-4547691250666553344
lArr iArr2 = 184520000,116409905164
Test.instanceCount Test.iFld dArrFld = 1652050281,228,0
vMeth2_check_sum: -7727939085380684500
vMeth1_check_sum: -255341023421
vMeth_check_sum: -254879067947
l by2 i10 = 282,-114,365
i11 i12 i13 = 2,69,1589
f4 d b2 = -1079437689,4630365466308593456,0
i14 i15 fArr1 = 2,-24559,-4547691250666553344
lArr iArr2 = 184520000,116409905164
Test.instanceCount Test.iFld dArrFld = 1652050281,228,0
vMeth2_check_sum: -6196681230032144798
vMeth1_check_sum: -292434326573
vMeth_check_sum: -291906377886
l by2 i10 = 282,-114,365
i11 i12 i13 = 2,69,1589
f4 d b2 = -1079437689,4630365466308593456,0
i14 i15 fArr1 = 2,-24559,-4547691250666553344
lArr iArr2 = 184520000,116409905164
Test.instanceCount Test.iFld dArrFld = 1652050281,228,0
vMeth2_check_sum: -4665423374683605096
vMeth1_check_sum: -329527629725
vMeth_check_sum: -328933687825
l by2 i10 = 282,-114,365
i11 i12 i13 = 2,69,1589
f4 d b2 = -1079437689,4630365466308593456,0
i14 i15 fArr1 = 2,-24559,-4547691250666553344
lArr iArr2 = 184520000,116409905164
Test.instanceCount Test.iFld dArrFld = 1652050281,228,0
vMeth2_check_sum: -3134165519335065394
vMeth1_check_sum: -366620932877
vMeth_check_sum: -365960997764
