[03:46:41] [INFO   ] Tree Building: Start building spar-tree from input file SourceFile{file=/root/DecompilerTester/testhome/eposide-1/417/reduced-417/Test.java, lang=LanguageJava{name=java, extensions=[java], defaultCodeFormatControl=SINGLE_TOKEN_PER_LINE}} 
[03:46:41] [INFO   ] Tree Building: Step 1: Antlr parsing. 
[03:46:46] [INFO   ] Tree Building: Step 2: Converting parse tree to spar-tree 
[03:46:46] [INFO   ] Tree Building: Step 3: Simplifying spar-tree 
[03:46:46] [INFO   ] Tree Building: Finished in TimeSpan{startMillis=1660009601728, endMillis=1660009606670, formatted=4 seconds} 
[03:46:46] [INFO   ] The reduction process started at 03:46:46 2022/08/09 
[03:46:46] [INFO   ] Cache setting: query-caching=enabled, edit-caching=enabled, query-cache=compact_query_cache 
[03:46:49] [INFO   ] Reduction algorithm is perses_node_priority_with_dfs_delta 
[03:46:49] [INFO   ] The number of lexemes in the token factory is is 290 
[03:46:49] [INFO   ] Reduction Started at 03:46:49 2022/08/09 
[03:46:49] [INFO   ] perses_node_priority_with_dfs_delta started at 03:46:49 2022/08/09. #tokens=4455 
[03:46:49] [INFO   ] Fixpoint[1]:Reducer[perses_node_priority_with_dfs_delta]: New fixpoint iteration started. #Tokens=4455 
[03:46:49] [INFO   ] Fixpoint[1]:Reducer[perses_node_priority_with_dfs_delta]: Delta node (#leaves=4430) 
[03:46:51] [INFO   ] Fixpoint[1]:Reducer[perses_node_priority_with_dfs_delta]: Delta node (#leaves=4430): queue=1, delete 0 tokens, ratio=4455/4455=100.00% 
[03:46:51] [INFO   ] Fixpoint[1]:Reducer[perses_node_priority_with_dfs_delta]: Delta node (#leaves=4430) 
[03:46:51] [INFO   ] Fixpoint[1]:Reducer[perses_node_priority_with_dfs_delta]: Delta node (#leaves=4430): queue=1, delete 0 tokens, ratio=4455/4455=100.00% 
[03:46:51] [INFO   ] Fixpoint[1]:Reducer[perses_node_priority_with_dfs_delta]: Delta node (#leaves=4427) 
[03:46:51] [INFO   ] Fixpoint[1]:Reducer[perses_node_priority_with_dfs_delta]: Delta node (#leaves=4427): queue=4, delete 0 tokens, ratio=4455/4455=100.00% 
[03:46:51] [INFO   ] Fixpoint[1]:Reducer[perses_node_priority_with_dfs_delta]: Delta node (#leaves=4425) 
[03:47:00] [INFO   ] Fixpoint[1]:Reducer[perses_node_priority_with_dfs_delta]: New minimal, delete 841 tokens, ratio=3614/4455=81.12% 
[03:47:09] [INFO   ] Fixpoint[1]:Reducer[perses_node_priority_with_dfs_delta]: New minimal, delete 57 tokens, ratio=3557/4455=79.84% 
[03:47:16] [INFO   ] Fixpoint[1]:Reducer[perses_node_priority_with_dfs_delta]: New minimal, delete 164 tokens, ratio=3393/4455=76.16% 
[03:47:22] [INFO   ] Fixpoint[1]:Reducer[perses_node_priority_with_dfs_delta]: New minimal, delete 281 tokens, ratio=3112/4455=69.85% 
[03:47:29] [INFO   ] Fixpoint[1]:Reducer[perses_node_priority_with_dfs_delta]: New minimal, delete 298 tokens, ratio=2814/4455=63.16% 
[03:47:35] [INFO   ] Fixpoint[1]:Reducer[perses_node_priority_with_dfs_delta]: New minimal, delete 164 tokens, ratio=2650/4455=59.48% 
[03:47:42] [INFO   ] Fixpoint[1]:Reducer[perses_node_priority_with_dfs_delta]: New minimal, delete 53 tokens, ratio=2597/4455=58.29% 
[03:47:49] [INFO   ] Fixpoint[1]:Reducer[perses_node_priority_with_dfs_delta]: New minimal, delete 45 tokens, ratio=2552/4455=57.28% 
[03:48:00] [INFO   ] Fixpoint[1]:Reducer[perses_node_priority_with_dfs_delta]: New minimal, delete 45 tokens, ratio=2507/4455=56.27% 
[03:48:07] [INFO   ] Fixpoint[1]:Reducer[perses_node_priority_with_dfs_delta]: New minimal, delete 45 tokens, ratio=2462/4455=55.26% 
[03:48:13] [INFO   ] Fixpoint[1]:Reducer[perses_node_priority_with_dfs_delta]: New minimal, delete 45 tokens, ratio=2417/4455=54.25% 
[03:48:20] [INFO   ] Fixpoint[1]:Reducer[perses_node_priority_with_dfs_delta]: New minimal, delete 267 tokens, ratio=2150/4455=48.26% 
[03:48:27] [INFO   ] Fixpoint[1]:Reducer[perses_node_priority_with_dfs_delta]: New minimal, delete 45 tokens, ratio=2105/4455=47.25% 
[03:48:34] [INFO   ] Fixpoint[1]:Reducer[perses_node_priority_with_dfs_delta]: New minimal, delete 45 tokens, ratio=2060/4455=46.24% 
[03:48:40] [INFO   ] Fixpoint[1]:Reducer[perses_node_priority_with_dfs_delta]: New minimal, delete 45 tokens, ratio=2015/4455=45.23% 
[03:48:47] [INFO   ] Fixpoint[1]:Reducer[perses_node_priority_with_dfs_delta]: New minimal, delete 140 tokens, ratio=1875/4455=42.09% 
[03:48:53] [INFO   ] Fixpoint[1]:Reducer[perses_node_priority_with_dfs_delta]: New minimal, delete 823 tokens, ratio=1052/4455=23.61% 
[03:49:08] [INFO   ] Fixpoint[1]:Reducer[perses_node_priority_with_dfs_delta]: New minimal, delete 7 tokens, ratio=1045/4455=23.46% 
[03:49:12] [INFO   ] Fixpoint[1]:Reducer[perses_node_priority_with_dfs_delta]: New minimal, delete 29 tokens, ratio=1016/4455=22.81% 
[03:49:15] [INFO   ] Fixpoint[1]:Reducer[perses_node_priority_with_dfs_delta]: Delta node (#leaves=4425): queue=6, delete 3439 tokens, ratio=1016/4455=22.81% 
[03:49:15] [INFO   ] Fixpoint[1]:Reducer[perses_node_priority_with_dfs_delta]: Delta node (#leaves=334) 
[03:49:18] [INFO   ] Fixpoint[1]:Reducer[perses_node_priority_with_dfs_delta]: Delta node (#leaves=334): queue=18, delete 0 tokens, ratio=1016/4455=22.81% 
[03:49:18] [INFO   ] Fixpoint[1]:Reducer[perses_node_priority_with_dfs_delta]: Delta node (#leaves=320) 
[03:49:18] [INFO   ] Fixpoint[1]:Reducer[perses_node_priority_with_dfs_delta]: Delta node (#leaves=320): queue=20, delete 0 tokens, ratio=1016/4455=22.81% 
[03:49:18] [INFO   ] Fixpoint[1]:Reducer[perses_node_priority_with_dfs_delta]: Delta node (#leaves=318) 
[03:49:21] [INFO   ] Fixpoint[1]:Reducer[perses_node_priority_with_dfs_delta]: Delta node (#leaves=318): queue=22, delete 0 tokens, ratio=1016/4455=22.81% 
[03:49:21] [INFO   ] Fixpoint[1]:Reducer[perses_node_priority_with_dfs_delta]: Delta node (#leaves=318) 
[03:49:36] [INFO   ] Fixpoint[1]:Reducer[perses_node_priority_with_dfs_delta]: New minimal, delete 65 tokens, ratio=951/4455=21.35% 
[03:49:46] [INFO   ] Fixpoint[1]:Reducer[perses_node_priority_with_dfs_delta]: New minimal, delete 17 tokens, ratio=934/4455=20.97% 
[03:49:53] [INFO   ] Fixpoint[1]:Reducer[perses_node_priority_with_dfs_delta]: Delta node (#leaves=318): queue=22, delete 82 tokens, ratio=934/4455=20.97% 
[03:49:53] [INFO   ] Fixpoint[1]:Reducer[perses_node_priority_with_dfs_delta]: Delta node (#leaves=299) 
[03:49:53] [INFO   ] Fixpoint[1]:Reducer[perses_node_priority_with_dfs_delta]: Delta node (#leaves=299): queue=29, delete 0 tokens, ratio=934/4455=20.97% 
[03:49:53] [INFO   ] Fixpoint[1]:Reducer[perses_node_priority_with_dfs_delta]: Delta node (#leaves=288) 
[03:49:54] [INFO   ] Fixpoint[1]:Reducer[perses_node_priority_with_dfs_delta]: Delta node (#leaves=288): queue=31, delete 0 tokens, ratio=934/4455=20.97% 
[03:49:54] [INFO   ] Fixpoint[1]:Reducer[perses_node_priority_with_dfs_delta]: Delta node (#leaves=286) 
[03:49:57] [INFO   ] Fixpoint[1]:Reducer[perses_node_priority_with_dfs_delta]: New minimal, delete 286 tokens, ratio=648/4455=14.55% 
[03:49:57] [INFO   ] Fixpoint[1]:Reducer[perses_node_priority_with_dfs_delta]: Delta node (#leaves=286): queue=33, delete 286 tokens, ratio=648/4455=14.55% 
[03:49:57] [INFO   ] Fixpoint[1]:Reducer[perses_node_priority_with_dfs_delta]: Delta node (#leaves=95) 
[03:50:01] [INFO   ] Fixpoint[1]:Reducer[perses_node_priority_with_dfs_delta]: Delta node (#leaves=95): queue=32, delete 0 tokens, ratio=648/4455=14.55% 
[03:50:01] [INFO   ] Fixpoint[1]:Reducer[perses_node_priority_with_dfs_delta]: Delta node (#leaves=76) 
[03:50:01] [INFO   ] Fixpoint[1]:Reducer[perses_node_priority_with_dfs_delta]: Delta node (#leaves=76): queue=36, delete 0 tokens, ratio=648/4455=14.55% 
[03:50:01] [INFO   ] Fixpoint[1]:Reducer[perses_node_priority_with_dfs_delta]: Delta node (#leaves=74) 
[03:50:04] [INFO   ] Fixpoint[1]:Reducer[perses_node_priority_with_dfs_delta]: New minimal, delete 74 tokens, ratio=574/4455=12.88% 
[03:50:04] [INFO   ] Fixpoint[1]:Reducer[perses_node_priority_with_dfs_delta]: Delta node (#leaves=74): queue=38, delete 74 tokens, ratio=574/4455=12.88% 
[03:50:04] [INFO   ] Fixpoint[1]:Reducer[perses_node_priority_with_dfs_delta]: Delta node (#leaves=63) 
[03:50:07] [INFO   ] Fixpoint[1]:Reducer[perses_node_priority_with_dfs_delta]: New minimal, delete 63 tokens, ratio=511/4455=11.47% 
[03:50:07] [INFO   ] Fixpoint[1]:Reducer[perses_node_priority_with_dfs_delta]: Delta node (#leaves=63): queue=37, delete 63 tokens, ratio=511/4455=11.47% 
[03:50:07] [INFO   ] Fixpoint[1]:Reducer[perses_node_priority_with_dfs_delta]: Delta node (#leaves=56) 
[03:50:10] [INFO   ] Fixpoint[1]:Reducer[perses_node_priority_with_dfs_delta]: Delta node (#leaves=56): queue=36, delete 0 tokens, ratio=511/4455=11.47% 
[03:50:10] [INFO   ] Fixpoint[1]:Reducer[perses_node_priority_with_dfs_delta]: Delta node (#leaves=55) 
[03:50:10] [INFO   ] Fixpoint[1]:Reducer[perses_node_priority_with_dfs_delta]: Delta node (#leaves=55): queue=37, delete 0 tokens, ratio=511/4455=11.47% 
[03:50:10] [INFO   ] Fixpoint[1]:Reducer[perses_node_priority_with_dfs_delta]: Delta node (#leaves=54) 
[03:50:13] [INFO   ] Fixpoint[1]:Reducer[perses_node_priority_with_dfs_delta]: New minimal, delete 54 tokens, ratio=457/4455=10.26% 
[03:50:13] [INFO   ] Fixpoint[1]:Reducer[perses_node_priority_with_dfs_delta]: Delta node (#leaves=54): queue=39, delete 54 tokens, ratio=457/4455=10.26% 
[03:50:13] [INFO   ] Fixpoint[1]:Reducer[perses_node_priority_with_dfs_delta]: Delta node (#leaves=54) 
[03:50:16] [INFO   ] Fixpoint[1]:Reducer[perses_node_priority_with_dfs_delta]: New minimal, delete 54 tokens, ratio=403/4455=9.05% 
[03:50:16] [INFO   ] Fixpoint[1]:Reducer[perses_node_priority_with_dfs_delta]: Delta node (#leaves=54): queue=38, delete 54 tokens, ratio=403/4455=9.05% 
[03:50:16] [INFO   ] Fixpoint[1]:Reducer[perses_node_priority_with_dfs_delta]: Delta node (#leaves=54) 
[03:50:19] [INFO   ] Fixpoint[1]:Reducer[perses_node_priority_with_dfs_delta]: New minimal, delete 54 tokens, ratio=349/4455=7.83% 
[03:50:19] [INFO   ] Fixpoint[1]:Reducer[perses_node_priority_with_dfs_delta]: Delta node (#leaves=54): queue=37, delete 54 tokens, ratio=349/4455=7.83% 
[03:50:19] [INFO   ] Fixpoint[1]:Reducer[perses_node_priority_with_dfs_delta]: Delta node (#leaves=54) 
[03:50:22] [INFO   ] Fixpoint[1]:Reducer[perses_node_priority_with_dfs_delta]: New minimal, delete 54 tokens, ratio=295/4455=6.62% 
[03:50:22] [INFO   ] Fixpoint[1]:Reducer[perses_node_priority_with_dfs_delta]: Delta node (#leaves=54): queue=36, delete 54 tokens, ratio=295/4455=6.62% 
[03:50:22] [INFO   ] Fixpoint[1]:Reducer[perses_node_priority_with_dfs_delta]: Delta node (#leaves=53) 
[03:50:35] [INFO   ] Fixpoint[1]:Reducer[perses_node_priority_with_dfs_delta]: Delta node (#leaves=53): queue=35, delete 0 tokens, ratio=295/4455=6.62% 
[03:50:35] [INFO   ] Fixpoint[1]:Reducer[perses_node_priority_with_dfs_delta]: Delta node (#leaves=52) 
[03:50:38] [INFO   ] Fixpoint[1]:Reducer[perses_node_priority_with_dfs_delta]: New minimal, delete 26 tokens, ratio=269/4455=6.04% 
[03:50:40] [INFO   ] Fixpoint[1]:Reducer[perses_node_priority_with_dfs_delta]: New minimal, delete 8 tokens, ratio=261/4455=5.86% 
[03:50:43] [INFO   ] Fixpoint[1]:Reducer[perses_node_priority_with_dfs_delta]: New minimal, delete 9 tokens, ratio=252/4455=5.66% 
[03:50:49] [INFO   ] Fixpoint[1]:Reducer[perses_node_priority_with_dfs_delta]: New minimal, delete 7 tokens, ratio=245/4455=5.50% 
[03:50:49] [INFO   ] Fixpoint[1]:Reducer[perses_node_priority_with_dfs_delta]: Delta node (#leaves=52): queue=36, delete 50 tokens, ratio=245/4455=5.50% 
[03:50:49] [INFO   ] Fixpoint[1]:Reducer[perses_node_priority_with_dfs_delta]: Delta node (#leaves=37) 
[03:50:51] [INFO   ] Fixpoint[1]:Reducer[perses_node_priority_with_dfs_delta]: New minimal, delete 37 tokens, ratio=208/4455=4.67% 
[03:50:51] [INFO   ] Fixpoint[1]:Reducer[perses_node_priority_with_dfs_delta]: Delta node (#leaves=37): queue=36, delete 37 tokens, ratio=208/4455=4.67% 
[03:50:51] [INFO   ] Fixpoint[1]:Reducer[perses_node_priority_with_dfs_delta]: Delta node (#leaves=36) 
[03:50:54] [INFO   ] Fixpoint[1]:Reducer[perses_node_priority_with_dfs_delta]: New minimal, delete 36 tokens, ratio=172/4455=3.86% 
[03:50:54] [INFO   ] Fixpoint[1]:Reducer[perses_node_priority_with_dfs_delta]: Delta node (#leaves=36): queue=35, delete 36 tokens, ratio=172/4455=3.86% 
[03:50:54] [INFO   ] Fixpoint[1]:Reducer[perses_node_priority_with_dfs_delta]: Delta node (#leaves=25) 
[03:50:56] [INFO   ] Fixpoint[1]:Reducer[perses_node_priority_with_dfs_delta]: New minimal, delete 25 tokens, ratio=147/4455=3.30% 
[03:50:56] [INFO   ] Fixpoint[1]:Reducer[perses_node_priority_with_dfs_delta]: Delta node (#leaves=25): queue=34, delete 25 tokens, ratio=147/4455=3.30% 
[03:50:56] [INFO   ] Fixpoint[1]:Reducer[perses_node_priority_with_dfs_delta]: Delta node (#leaves=21) 
[03:50:59] [INFO   ] Fixpoint[1]:Reducer[perses_node_priority_with_dfs_delta]: New minimal, delete 21 tokens, ratio=126/4455=2.83% 
[03:50:59] [INFO   ] Fixpoint[1]:Reducer[perses_node_priority_with_dfs_delta]: Delta node (#leaves=21): queue=33, delete 21 tokens, ratio=126/4455=2.83% 
[03:50:59] [INFO   ] Fixpoint[1]:Reducer[perses_node_priority_with_dfs_delta]: Delta node (#leaves=16) 
[03:51:04] [INFO   ] Fixpoint[1]:Reducer[perses_node_priority_with_dfs_delta]: New minimal, delete 4 tokens, ratio=122/4455=2.74% 
[03:51:04] [INFO   ] Fixpoint[1]:Reducer[perses_node_priority_with_dfs_delta]: Delta node (#leaves=16): queue=32, delete 4 tokens, ratio=122/4455=2.74% 
[03:51:04] [INFO   ] Fixpoint[1]:Reducer[perses_node_priority_with_dfs_delta]: Delta node (#leaves=12) 
[03:51:06] [INFO   ] Fixpoint[1]:Reducer[perses_node_priority_with_dfs_delta]: Delta node (#leaves=12): queue=32, delete 0 tokens, ratio=122/4455=2.74% 
[03:51:06] [INFO   ] Fixpoint[1]:Reducer[perses_node_priority_with_dfs_delta]: Delta node (#leaves=12) 
[03:51:06] [INFO   ] Fixpoint[1]:Reducer[perses_node_priority_with_dfs_delta]: Delta node (#leaves=12): queue=33, delete 0 tokens, ratio=122/4455=2.74% 
[03:51:06] [INFO   ] Fixpoint[1]:Reducer[perses_node_priority_with_dfs_delta]: Delta node (#leaves=11) 
[03:51:06] [INFO   ] Fixpoint[1]:Reducer[perses_node_priority_with_dfs_delta]: Delta node (#leaves=11): queue=34, delete 0 tokens, ratio=122/4455=2.74% 
[03:51:06] [INFO   ] Fixpoint[1]:Reducer[perses_node_priority_with_dfs_delta]: Delta node (#leaves=11) 
[03:51:09] [INFO   ] Fixpoint[1]:Reducer[perses_node_priority_with_dfs_delta]: New minimal, delete 11 tokens, ratio=111/4455=2.49% 
[03:51:09] [INFO   ] Fixpoint[1]:Reducer[perses_node_priority_with_dfs_delta]: Delta node (#leaves=11): queue=37, delete 11 tokens, ratio=111/4455=2.49% 
[03:51:09] [INFO   ] Fixpoint[1]:Reducer[perses_node_priority_with_dfs_delta]: Delta node (#leaves=10) 
[03:51:12] [INFO   ] Fixpoint[1]:Reducer[perses_node_priority_with_dfs_delta]: New minimal, delete 8 tokens, ratio=103/4455=2.31% 
[03:51:12] [INFO   ] Fixpoint[1]:Reducer[perses_node_priority_with_dfs_delta]: Delta node (#leaves=10): queue=36, delete 8 tokens, ratio=103/4455=2.31% 
[03:51:12] [INFO   ] Fixpoint[1]:Reducer[perses_node_priority_with_dfs_delta]: Delta node (#leaves=9) 
[03:51:12] [INFO   ] Fixpoint[1]:Reducer[perses_node_priority_with_dfs_delta]: Delta node (#leaves=9): queue=36, delete 0 tokens, ratio=103/4455=2.31% 
[03:51:12] [INFO   ] Fixpoint[1]:Reducer[perses_node_priority_with_dfs_delta]: Delta node (#leaves=8) 
[03:51:15] [INFO   ] Fixpoint[1]:Reducer[perses_node_priority_with_dfs_delta]: New minimal, delete 8 tokens, ratio=95/4455=2.13% 
[03:51:15] [INFO   ] Fixpoint[1]:Reducer[perses_node_priority_with_dfs_delta]: Delta node (#leaves=8): queue=37, delete 8 tokens, ratio=95/4455=2.13% 
[03:51:15] [INFO   ] Fixpoint[1]:Reducer[perses_node_priority_with_dfs_delta]: Delta node (#leaves=8) 
[03:51:17] [INFO   ] Fixpoint[1]:Reducer[perses_node_priority_with_dfs_delta]: New minimal, delete 8 tokens, ratio=87/4455=1.95% 
[03:51:17] [INFO   ] Fixpoint[1]:Reducer[perses_node_priority_with_dfs_delta]: Delta node (#leaves=8): queue=36, delete 8 tokens, ratio=87/4455=1.95% 
[03:51:17] [INFO   ] Fixpoint[1]:Reducer[perses_node_priority_with_dfs_delta]: Delta node (#leaves=8) 
[03:51:17] [INFO   ] Fixpoint[1]:Reducer[perses_node_priority_with_dfs_delta]: Delta node (#leaves=8): queue=35, delete 0 tokens, ratio=87/4455=1.95% 
[03:51:17] [INFO   ] Fixpoint[1]:Reducer[perses_node_priority_with_dfs_delta]: Delta node (#leaves=8) 
[03:51:18] [INFO   ] Fixpoint[1]:Reducer[perses_node_priority_with_dfs_delta]: Delta node (#leaves=8): queue=38, delete 0 tokens, ratio=87/4455=1.95% 
[03:51:18] [INFO   ] Fixpoint[1]:Reducer[perses_node_priority_with_dfs_delta]: Delta node (#leaves=8) 
[03:51:18] [INFO   ] Fixpoint[1]:Reducer[perses_node_priority_with_dfs_delta]: Delta node (#leaves=8): queue=38, delete 0 tokens, ratio=87/4455=1.95% 
[03:51:18] [INFO   ] Fixpoint[1]:Reducer[perses_node_priority_with_dfs_delta]: Delta node (#leaves=7) 
[03:51:21] [INFO   ] Fixpoint[1]:Reducer[perses_node_priority_with_dfs_delta]: New minimal, delete 7 tokens, ratio=80/4455=1.80% 
[03:51:21] [INFO   ] Fixpoint[1]:Reducer[perses_node_priority_with_dfs_delta]: Delta node (#leaves=7): queue=39, delete 7 tokens, ratio=80/4455=1.80% 
[03:51:21] [INFO   ] Fixpoint[1]:Reducer[perses_node_priority_with_dfs_delta]: Delta node (#leaves=7) 
[03:51:21] [INFO   ] Fixpoint[1]:Reducer[perses_node_priority_with_dfs_delta]: Delta node (#leaves=7): queue=38, delete 0 tokens, ratio=80/4455=1.80% 
[03:51:21] [INFO   ] Fixpoint[1]:Reducer[perses_node_priority_with_dfs_delta]: Delta node (#leaves=7) 
[03:51:24] [INFO   ] Fixpoint[1]:Reducer[perses_node_priority_with_dfs_delta]: New minimal, delete 7 tokens, ratio=73/4455=1.64% 
[03:51:24] [INFO   ] Fixpoint[1]:Reducer[perses_node_priority_with_dfs_delta]: Delta node (#leaves=7): queue=41, delete 7 tokens, ratio=73/4455=1.64% 
[03:51:24] [INFO   ] Fixpoint[1]:Reducer[perses_node_priority_with_dfs_delta]: Delta node (#leaves=6) 
[03:51:24] [INFO   ] Fixpoint[1]:Reducer[perses_node_priority_with_dfs_delta]: Delta node (#leaves=6): queue=40, delete 0 tokens, ratio=73/4455=1.64% 
[03:51:24] [INFO   ] Fixpoint[1]:Reducer[perses_node_priority_with_dfs_delta]: Delta node (#leaves=6) 
[03:51:24] [INFO   ] Fixpoint[1]:Reducer[perses_node_priority_with_dfs_delta]: Delta node (#leaves=6): queue=40, delete 0 tokens, ratio=73/4455=1.64% 
[03:51:24] [INFO   ] Fixpoint[1]:Reducer[perses_node_priority_with_dfs_delta]: Delta node (#leaves=6) 
[03:51:26] [INFO   ] Fixpoint[1]:Reducer[perses_node_priority_with_dfs_delta]: New minimal, delete 6 tokens, ratio=67/4455=1.50% 
[03:51:26] [INFO   ] Fixpoint[1]:Reducer[perses_node_priority_with_dfs_delta]: Delta node (#leaves=6): queue=41, delete 6 tokens, ratio=67/4455=1.50% 
[03:51:26] [INFO   ] Fixpoint[1]:Reducer[perses_node_priority_with_dfs_delta]: Delta node (#leaves=6) 
[03:51:29] [INFO   ] Fixpoint[1]:Reducer[perses_node_priority_with_dfs_delta]: New minimal, delete 6 tokens, ratio=61/4455=1.37% 
[03:51:29] [INFO   ] Fixpoint[1]:Reducer[perses_node_priority_with_dfs_delta]: Delta node (#leaves=6): queue=40, delete 6 tokens, ratio=61/4455=1.37% 
[03:51:29] [INFO   ] Fixpoint[1]:Reducer[perses_node_priority_with_dfs_delta]: Delta node (#leaves=5) 
[03:51:31] [INFO   ] Fixpoint[1]:Reducer[perses_node_priority_with_dfs_delta]: New minimal, delete 5 tokens, ratio=56/4455=1.26% 
[03:51:31] [INFO   ] Fixpoint[1]:Reducer[perses_node_priority_with_dfs_delta]: Delta node (#leaves=5): queue=39, delete 5 tokens, ratio=56/4455=1.26% 
[03:51:31] [INFO   ] Fixpoint[1]:Reducer[perses_node_priority_with_dfs_delta]: Delta node (#leaves=5) 
[03:51:34] [INFO   ] Fixpoint[1]:Reducer[perses_node_priority_with_dfs_delta]: New minimal, delete 3 tokens, ratio=53/4455=1.19% 
[03:51:34] [INFO   ] Fixpoint[1]:Reducer[perses_node_priority_with_dfs_delta]: Delta node (#leaves=5): queue=38, delete 3 tokens, ratio=53/4455=1.19% 
[03:51:34] [INFO   ] Fixpoint[1]:Reducer[perses_node_priority_with_dfs_delta]: Delta node (#leaves=5) 
[03:51:36] [INFO   ] Fixpoint[1]:Reducer[perses_node_priority_with_dfs_delta]: New minimal, delete 5 tokens, ratio=48/4455=1.08% 
[03:51:36] [INFO   ] Fixpoint[1]:Reducer[perses_node_priority_with_dfs_delta]: Delta node (#leaves=5): queue=38, delete 5 tokens, ratio=48/4455=1.08% 
[03:51:36] [INFO   ] Fixpoint[1]:Reducer[perses_node_priority_with_dfs_delta]: Delta node (#leaves=3) 
[03:51:39] [INFO   ] Fixpoint[1]:Reducer[perses_node_priority_with_dfs_delta]: New minimal, delete 2 tokens, ratio=46/4455=1.03% 
[03:51:39] [INFO   ] Fixpoint[1]:Reducer[perses_node_priority_with_dfs_delta]: Delta node (#leaves=3): queue=37, delete 2 tokens, ratio=46/4455=1.03% 
[03:51:39] [INFO   ] Fixpoint[1]:Reducer[perses_node_priority_with_dfs_delta]: Delta node (#leaves=2) 
[03:51:43] [INFO   ] Fixpoint[1]:Reducer[perses_node_priority_with_dfs_delta]: New minimal, delete 1 tokens, ratio=45/4455=1.01% 
[03:51:43] [INFO   ] Fixpoint[1]:Reducer[perses_node_priority_with_dfs_delta]: Delta node (#leaves=2): queue=37, delete 1 tokens, ratio=45/4455=1.01% 
[03:51:43] [INFO   ] Fixpoint[1]:Reducer[perses_node_priority_with_dfs_delta]: Delta node (#leaves=2) 
[03:51:45] [INFO   ] Fixpoint[1]:Reducer[perses_node_priority_with_dfs_delta]: New minimal, delete 2 tokens, ratio=43/4455=0.97% 
[03:51:45] [INFO   ] Fixpoint[1]:Reducer[perses_node_priority_with_dfs_delta]: Delta node (#leaves=2): queue=37, delete 2 tokens, ratio=43/4455=0.97% 
[03:51:45] [INFO   ] Fixpoint[1]:Reducer[perses_node_priority_with_dfs_delta]: Delta node (#leaves=2) 
[03:51:45] [INFO   ] Fixpoint[1]:Reducer[perses_node_priority_with_dfs_delta]: Delta node (#leaves=2): queue=36, delete 0 tokens, ratio=43/4455=0.97% 
[03:51:45] [INFO   ] Fixpoint[1]:Reducer[perses_node_priority_with_dfs_delta]: Delta node (#leaves=2) 
[03:51:45] [INFO   ] Fixpoint[1]:Reducer[perses_node_priority_with_dfs_delta]: Delta node (#leaves=2): queue=37, delete 0 tokens, ratio=43/4455=0.97% 
[03:51:45] [INFO   ] Fixpoint[1]:Reducer[perses_node_priority_with_dfs_delta]: Delta node (#leaves=2) 
[03:51:47] [INFO   ] Fixpoint[1]:Reducer[perses_node_priority_with_dfs_delta]: Delta node (#leaves=2): queue=38, delete 0 tokens, ratio=43/4455=0.97% 
[03:51:47] [INFO   ] Fixpoint[1]:Reducer[perses_node_priority_with_dfs_delta]: Delta node (#leaves=2) 
[03:51:50] [INFO   ] Fixpoint[1]:Reducer[perses_node_priority_with_dfs_delta]: Delta node (#leaves=2): queue=39, delete 0 tokens, ratio=43/4455=0.97% 
[03:51:50] [INFO   ] Fixpoint[1]:Reducer[perses_node_priority_with_dfs_delta]: Delta node (#leaves=2) 
[03:51:50] [INFO   ] Fixpoint[1]:Reducer[perses_node_priority_with_dfs_delta]: Delta node (#leaves=2): queue=39, delete 0 tokens, ratio=43/4455=0.97% 
[03:51:50] [INFO   ] Fixpoint[1]:Reducer[perses_node_priority_with_dfs_delta]: Delta node (#leaves=2) 
[03:51:52] [INFO   ] Fixpoint[1]:Reducer[perses_node_priority_with_dfs_delta]: Delta node (#leaves=2): queue=40, delete 0 tokens, ratio=43/4455=0.97% 
[03:51:52] [INFO   ] Fixpoint[1]:Reducer[perses_node_priority_with_dfs_delta]: Delta node (#leaves=2) 
[03:51:55] [INFO   ] Fixpoint[1]:Reducer[perses_node_priority_with_dfs_delta]: New minimal, delete 2 tokens, ratio=41/4455=0.92% 
[03:51:55] [INFO   ] Fixpoint[1]:Reducer[perses_node_priority_with_dfs_delta]: Delta node (#leaves=2): queue=41, delete 2 tokens, ratio=41/4455=0.92% 
[03:51:55] [INFO   ] Fixpoint[1]:Reducer[perses_node_priority_with_dfs_delta]: Delta node (#leaves=1) 
[03:51:55] [INFO   ] Fixpoint[1]:Reducer[perses_node_priority_with_dfs_delta]: Delta node (#leaves=1): queue=40, delete 0 tokens, ratio=41/4455=0.92% 
[03:51:55] [INFO   ] Fixpoint[1]:Reducer[perses_node_priority_with_dfs_delta]: Delta node (#leaves=1) 
[03:51:55] [INFO   ] Fixpoint[1]:Reducer[perses_node_priority_with_dfs_delta]: Delta node (#leaves=1): queue=39, delete 0 tokens, ratio=41/4455=0.92% 
[03:51:55] [INFO   ] Fixpoint[1]:Reducer[perses_node_priority_with_dfs_delta]: Delta node (#leaves=1) 
[03:51:55] [INFO   ] Fixpoint[1]:Reducer[perses_node_priority_with_dfs_delta]: Delta node (#leaves=1): queue=38, delete 0 tokens, ratio=41/4455=0.92% 
[03:51:55] [INFO   ] Fixpoint[1]:Reducer[perses_node_priority_with_dfs_delta]: Delta node (#leaves=1) 
[03:51:55] [INFO   ] Fixpoint[1]:Reducer[perses_node_priority_with_dfs_delta]: Delta node (#leaves=1): queue=37, delete 0 tokens, ratio=41/4455=0.92% 
[03:51:55] [INFO   ] Fixpoint[1]:Reducer[perses_node_priority_with_dfs_delta]: Delta node (#leaves=1) 
[03:51:55] [INFO   ] Fixpoint[1]:Reducer[perses_node_priority_with_dfs_delta]: Delta node (#leaves=1): queue=36, delete 0 tokens, ratio=41/4455=0.92% 
[03:51:55] [INFO   ] Fixpoint[1]:Reducer[perses_node_priority_with_dfs_delta]: Delta node (#leaves=1) 
[03:51:55] [INFO   ] Fixpoint[1]:Reducer[perses_node_priority_with_dfs_delta]: Delta node (#leaves=1): queue=35, delete 0 tokens, ratio=41/4455=0.92% 
[03:51:55] [INFO   ] Fixpoint[1]:Reducer[perses_node_priority_with_dfs_delta]: Delta node (#leaves=1) 
[03:51:55] [INFO   ] Fixpoint[1]:Reducer[perses_node_priority_with_dfs_delta]: Delta node (#leaves=1): queue=34, delete 0 tokens, ratio=41/4455=0.92% 
[03:51:55] [INFO   ] Fixpoint[1]:Reducer[perses_node_priority_with_dfs_delta]: Delta node (#leaves=1) 
[03:51:55] [INFO   ] Fixpoint[1]:Reducer[perses_node_priority_with_dfs_delta]: Delta node (#leaves=1): queue=33, delete 0 tokens, ratio=41/4455=0.92% 
[03:51:55] [INFO   ] Fixpoint[1]:Reducer[perses_node_priority_with_dfs_delta]: Delta node (#leaves=1) 
[03:51:55] [INFO   ] Fixpoint[1]:Reducer[perses_node_priority_with_dfs_delta]: Delta node (#leaves=1): queue=32, delete 0 tokens, ratio=41/4455=0.92% 
[03:51:55] [INFO   ] Fixpoint[1]:Reducer[perses_node_priority_with_dfs_delta]: Delta node (#leaves=1) 
[03:51:55] [INFO   ] Fixpoint[1]:Reducer[perses_node_priority_with_dfs_delta]: Delta node (#leaves=1): queue=31, delete 0 tokens, ratio=41/4455=0.92% 
[03:51:55] [INFO   ] Fixpoint[1]:Reducer[perses_node_priority_with_dfs_delta]: Delta node (#leaves=1) 
[03:51:55] [INFO   ] Fixpoint[1]:Reducer[perses_node_priority_with_dfs_delta]: Delta node (#leaves=1): queue=30, delete 0 tokens, ratio=41/4455=0.92% 
[03:51:55] [INFO   ] Fixpoint[1]:Reducer[perses_node_priority_with_dfs_delta]: Delta node (#leaves=1) 
[03:51:55] [INFO   ] Fixpoint[1]:Reducer[perses_node_priority_with_dfs_delta]: Delta node (#leaves=1): queue=29, delete 0 tokens, ratio=41/4455=0.92% 
[03:51:55] [INFO   ] Fixpoint[1]:Reducer[perses_node_priority_with_dfs_delta]: Delta node (#leaves=1) 
[03:51:55] [INFO   ] Fixpoint[1]:Reducer[perses_node_priority_with_dfs_delta]: Delta node (#leaves=1): queue=28, delete 0 tokens, ratio=41/4455=0.92% 
[03:51:55] [INFO   ] Fixpoint[1]:Reducer[perses_node_priority_with_dfs_delta]: Delta node (#leaves=1) 
[03:51:55] [INFO   ] Fixpoint[1]:Reducer[perses_node_priority_with_dfs_delta]: Delta node (#leaves=1): queue=27, delete 0 tokens, ratio=41/4455=0.92% 
[03:51:55] [INFO   ] Fixpoint[1]:Reducer[perses_node_priority_with_dfs_delta]: Delta node (#leaves=1) 
[03:51:55] [INFO   ] Fixpoint[1]:Reducer[perses_node_priority_with_dfs_delta]: Delta node (#leaves=1): queue=26, delete 0 tokens, ratio=41/4455=0.92% 
[03:51:55] [INFO   ] Fixpoint[1]:Reducer[perses_node_priority_with_dfs_delta]: Delta node (#leaves=1) 
[03:51:55] [INFO   ] Fixpoint[1]:Reducer[perses_node_priority_with_dfs_delta]: Delta node (#leaves=1): queue=25, delete 0 tokens, ratio=41/4455=0.92% 
[03:51:55] [INFO   ] Fixpoint[1]:Reducer[perses_node_priority_with_dfs_delta]: Delta node (#leaves=1) 
[03:51:55] [INFO   ] Fixpoint[1]:Reducer[perses_node_priority_with_dfs_delta]: Delta node (#leaves=1): queue=24, delete 0 tokens, ratio=41/4455=0.92% 
[03:51:55] [INFO   ] Fixpoint[1]:Reducer[perses_node_priority_with_dfs_delta]: Delta node (#leaves=1) 
[03:51:55] [INFO   ] Fixpoint[1]:Reducer[perses_node_priority_with_dfs_delta]: Delta node (#leaves=1): queue=23, delete 0 tokens, ratio=41/4455=0.92% 
[03:51:55] [INFO   ] Fixpoint[1]:Reducer[perses_node_priority_with_dfs_delta]: Delta node (#leaves=1) 
[03:51:55] [INFO   ] Fixpoint[1]:Reducer[perses_node_priority_with_dfs_delta]: Delta node (#leaves=1): queue=22, delete 0 tokens, ratio=41/4455=0.92% 
[03:51:55] [INFO   ] Fixpoint[1]:Reducer[perses_node_priority_with_dfs_delta]: Delta node (#leaves=1) 
[03:51:55] [INFO   ] Fixpoint[1]:Reducer[perses_node_priority_with_dfs_delta]: Delta node (#leaves=1): queue=21, delete 0 tokens, ratio=41/4455=0.92% 
[03:51:55] [INFO   ] Fixpoint[1]:Reducer[perses_node_priority_with_dfs_delta]: Delta node (#leaves=1) 
[03:51:55] [INFO   ] Fixpoint[1]:Reducer[perses_node_priority_with_dfs_delta]: Delta node (#leaves=1): queue=20, delete 0 tokens, ratio=41/4455=0.92% 
[03:51:55] [INFO   ] Fixpoint[1]:Reducer[perses_node_priority_with_dfs_delta]: Delta node (#leaves=1) 
[03:51:55] [INFO   ] Fixpoint[1]:Reducer[perses_node_priority_with_dfs_delta]: Delta node (#leaves=1): queue=19, delete 0 tokens, ratio=41/4455=0.92% 
[03:51:55] [INFO   ] Fixpoint[1]:Reducer[perses_node_priority_with_dfs_delta]: Delta node (#leaves=1) 
[03:51:55] [INFO   ] Fixpoint[1]:Reducer[perses_node_priority_with_dfs_delta]: Delta node (#leaves=1): queue=18, delete 0 tokens, ratio=41/4455=0.92% 
[03:51:55] [INFO   ] Fixpoint[1]:Reducer[perses_node_priority_with_dfs_delta]: Delta node (#leaves=1) 
[03:51:55] [INFO   ] Fixpoint[1]:Reducer[perses_node_priority_with_dfs_delta]: Delta node (#leaves=1): queue=17, delete 0 tokens, ratio=41/4455=0.92% 
[03:51:55] [INFO   ] Fixpoint[1]:Reducer[perses_node_priority_with_dfs_delta]: Delta node (#leaves=1) 
[03:51:55] [INFO   ] Fixpoint[1]:Reducer[perses_node_priority_with_dfs_delta]: Delta node (#leaves=1): queue=16, delete 0 tokens, ratio=41/4455=0.92% 
[03:51:55] [INFO   ] Fixpoint[1]:Reducer[perses_node_priority_with_dfs_delta]: Delta node (#leaves=1) 
[03:51:55] [INFO   ] Fixpoint[1]:Reducer[perses_node_priority_with_dfs_delta]: Delta node (#leaves=1): queue=15, delete 0 tokens, ratio=41/4455=0.92% 
[03:51:55] [INFO   ] Fixpoint[1]:Reducer[perses_node_priority_with_dfs_delta]: Delta node (#leaves=1) 
[03:51:55] [INFO   ] Fixpoint[1]:Reducer[perses_node_priority_with_dfs_delta]: Delta node (#leaves=1): queue=14, delete 0 tokens, ratio=41/4455=0.92% 
[03:51:55] [INFO   ] Fixpoint[1]:Reducer[perses_node_priority_with_dfs_delta]: Delta node (#leaves=1) 
[03:51:55] [INFO   ] Fixpoint[1]:Reducer[perses_node_priority_with_dfs_delta]: Delta node (#leaves=1): queue=13, delete 0 tokens, ratio=41/4455=0.92% 
[03:51:55] [INFO   ] Fixpoint[1]:Reducer[perses_node_priority_with_dfs_delta]: Delta node (#leaves=1) 
[03:51:55] [INFO   ] Fixpoint[1]:Reducer[perses_node_priority_with_dfs_delta]: Delta node (#leaves=1): queue=12, delete 0 tokens, ratio=41/4455=0.92% 
[03:51:55] [INFO   ] Fixpoint[1]:Reducer[perses_node_priority_with_dfs_delta]: Delta node (#leaves=1) 
[03:51:55] [INFO   ] Fixpoint[1]:Reducer[perses_node_priority_with_dfs_delta]: Delta node (#leaves=1): queue=11, delete 0 tokens, ratio=41/4455=0.92% 
[03:51:55] [INFO   ] Fixpoint[1]:Reducer[perses_node_priority_with_dfs_delta]: Delta node (#leaves=1) 
[03:51:55] [INFO   ] Fixpoint[1]:Reducer[perses_node_priority_with_dfs_delta]: Delta node (#leaves=1): queue=10, delete 0 tokens, ratio=41/4455=0.92% 
[03:51:55] [INFO   ] Fixpoint[1]:Reducer[perses_node_priority_with_dfs_delta]: Delta node (#leaves=1) 
[03:51:55] [INFO   ] Fixpoint[1]:Reducer[perses_node_priority_with_dfs_delta]: Delta node (#leaves=1): queue=9, delete 0 tokens, ratio=41/4455=0.92% 
[03:51:55] [INFO   ] Fixpoint[1]:Reducer[perses_node_priority_with_dfs_delta]: Delta node (#leaves=1) 
[03:51:55] [INFO   ] Fixpoint[1]:Reducer[perses_node_priority_with_dfs_delta]: Delta node (#leaves=1): queue=8, delete 0 tokens, ratio=41/4455=0.92% 
[03:51:55] [INFO   ] Fixpoint[1]:Reducer[perses_node_priority_with_dfs_delta]: Delta node (#leaves=1) 
[03:51:55] [INFO   ] Fixpoint[1]:Reducer[perses_node_priority_with_dfs_delta]: Delta node (#leaves=1): queue=7, delete 0 tokens, ratio=41/4455=0.92% 
[03:51:55] [INFO   ] Fixpoint[1]:Reducer[perses_node_priority_with_dfs_delta]: Delta node (#leaves=1) 
[03:51:55] [INFO   ] Fixpoint[1]:Reducer[perses_node_priority_with_dfs_delta]: Delta node (#leaves=1): queue=6, delete 0 tokens, ratio=41/4455=0.92% 
[03:51:55] [INFO   ] Fixpoint[1]:Reducer[perses_node_priority_with_dfs_delta]: Delta node (#leaves=1) 
[03:51:55] [INFO   ] Fixpoint[1]:Reducer[perses_node_priority_with_dfs_delta]: Delta node (#leaves=1): queue=5, delete 0 tokens, ratio=41/4455=0.92% 
[03:51:55] [INFO   ] Fixpoint[1]:Reducer[perses_node_priority_with_dfs_delta]: Delta node (#leaves=1) 
[03:51:55] [INFO   ] Fixpoint[1]:Reducer[perses_node_priority_with_dfs_delta]: Delta node (#leaves=1): queue=4, delete 0 tokens, ratio=41/4455=0.92% 
[03:51:55] [INFO   ] Fixpoint[1]:Reducer[perses_node_priority_with_dfs_delta]: Delta node (#leaves=1) 
[03:51:55] [INFO   ] Fixpoint[1]:Reducer[perses_node_priority_with_dfs_delta]: Delta node (#leaves=1): queue=3, delete 0 tokens, ratio=41/4455=0.92% 
[03:51:55] [INFO   ] Fixpoint[1]:Reducer[perses_node_priority_with_dfs_delta]: Delta node (#leaves=1) 
[03:51:55] [INFO   ] Fixpoint[1]:Reducer[perses_node_priority_with_dfs_delta]: Delta node (#leaves=1): queue=2, delete 0 tokens, ratio=41/4455=0.92% 
[03:51:55] [INFO   ] Fixpoint[1]:Reducer[perses_node_priority_with_dfs_delta]: Delta node (#leaves=1) 
[03:51:55] [INFO   ] Fixpoint[1]:Reducer[perses_node_priority_with_dfs_delta]: Delta node (#leaves=1): queue=1, delete 0 tokens, ratio=41/4455=0.92% 
[03:51:55] [INFO   ] Fixpoint[1]:Reducer[perses_node_priority_with_dfs_delta]: Delta node (#leaves=1) 
[03:51:57] [INFO   ] Fixpoint[1]:Reducer[perses_node_priority_with_dfs_delta]: New minimal, delete 1 tokens, ratio=40/4455=0.90% 
[03:51:57] [INFO   ] Fixpoint[1]:Reducer[perses_node_priority_with_dfs_delta]: Delta node (#leaves=1): queue=0, delete 1 tokens, ratio=40/4455=0.90% 
[03:51:57] [INFO   ] perses_node_priority_with_dfs_delta ended at 03:51:57 2022/08/09. #old=4455, #new=40 
[03:51:57] [INFO   ] Fixpoint[1]:Reducer[perses_node_priority_with_dfs_delta]: Fixpoint iteration finished, delete 4415 tokens, ratio=40/4455=0.90% 
[03:51:57] [INFO   ] Rebuilding spar-tree. 
[03:51:57] [INFO   ] perses_node_priority_with_dfs_delta started at 03:51:57 2022/08/09. #tokens=40 
[03:51:57] [INFO   ] Fixpoint[2]:Reducer[perses_node_priority_with_dfs_delta]: New fixpoint iteration started. #Tokens=40 
[03:51:57] [INFO   ] Fixpoint[2]:Reducer[perses_node_priority_with_dfs_delta]: Delta node (#leaves=40) 
[03:51:58] [INFO   ] Fixpoint[2]:Reducer[perses_node_priority_with_dfs_delta]: Delta node (#leaves=40): queue=0, delete 0 tokens, ratio=40/4455=0.90% 
[03:51:58] [INFO   ] Fixpoint[2]:Reducer[perses_node_priority_with_dfs_delta]: Delta node (#leaves=40) 
[03:51:58] [INFO   ] Fixpoint[2]:Reducer[perses_node_priority_with_dfs_delta]: Delta node (#leaves=40): queue=0, delete 0 tokens, ratio=40/4455=0.90% 
[03:51:58] [INFO   ] Fixpoint[2]:Reducer[perses_node_priority_with_dfs_delta]: Delta node (#leaves=38) 
[03:51:58] [INFO   ] Fixpoint[2]:Reducer[perses_node_priority_with_dfs_delta]: Delta node (#leaves=38): queue=2, delete 0 tokens, ratio=40/4455=0.90% 
[03:51:58] [INFO   ] Fixpoint[2]:Reducer[perses_node_priority_with_dfs_delta]: Delta node (#leaves=36) 
[03:52:06] [INFO   ] Fixpoint[2]:Reducer[perses_node_priority_with_dfs_delta]: New minimal, delete 6 tokens, ratio=34/4455=0.76% 
[03:52:06] [INFO   ] Fixpoint[2]:Reducer[perses_node_priority_with_dfs_delta]: Delta node (#leaves=36): queue=4, delete 6 tokens, ratio=34/4455=0.76% 
[03:52:06] [INFO   ] Fixpoint[2]:Reducer[perses_node_priority_with_dfs_delta]: Delta node (#leaves=26) 
[03:52:09] [INFO   ] Fixpoint[2]:Reducer[perses_node_priority_with_dfs_delta]: Delta node (#leaves=26): queue=5, delete 0 tokens, ratio=34/4455=0.76% 
[03:52:09] [INFO   ] Fixpoint[2]:Reducer[perses_node_priority_with_dfs_delta]: Delta node (#leaves=17) 
[03:52:09] [INFO   ] Fixpoint[2]:Reducer[perses_node_priority_with_dfs_delta]: Delta node (#leaves=17): queue=6, delete 0 tokens, ratio=34/4455=0.76% 
[03:52:09] [INFO   ] Fixpoint[2]:Reducer[perses_node_priority_with_dfs_delta]: Delta node (#leaves=15) 
[03:52:11] [INFO   ] Fixpoint[2]:Reducer[perses_node_priority_with_dfs_delta]: Delta node (#leaves=15): queue=8, delete 0 tokens, ratio=34/4455=0.76% 
[03:52:11] [INFO   ] Fixpoint[2]:Reducer[perses_node_priority_with_dfs_delta]: Delta node (#leaves=15) 
[03:52:16] [INFO   ] Fixpoint[2]:Reducer[perses_node_priority_with_dfs_delta]: Delta node (#leaves=15): queue=8, delete 0 tokens, ratio=34/4455=0.76% 
[03:52:16] [INFO   ] Fixpoint[2]:Reducer[perses_node_priority_with_dfs_delta]: Delta node (#leaves=9) 
[03:52:16] [INFO   ] Fixpoint[2]:Reducer[perses_node_priority_with_dfs_delta]: Delta node (#leaves=9): queue=9, delete 0 tokens, ratio=34/4455=0.76% 
[03:52:16] [INFO   ] Fixpoint[2]:Reducer[perses_node_priority_with_dfs_delta]: Delta node (#leaves=9) 
[03:52:16] [INFO   ] Fixpoint[2]:Reducer[perses_node_priority_with_dfs_delta]: Delta node (#leaves=9): queue=13, delete 0 tokens, ratio=34/4455=0.76% 
[03:52:16] [INFO   ] Fixpoint[2]:Reducer[perses_node_priority_with_dfs_delta]: Delta node (#leaves=8) 
[03:52:16] [INFO   ] Fixpoint[2]:Reducer[perses_node_priority_with_dfs_delta]: Delta node (#leaves=8): queue=14, delete 0 tokens, ratio=34/4455=0.76% 
[03:52:16] [INFO   ] Fixpoint[2]:Reducer[perses_node_priority_with_dfs_delta]: Delta node (#leaves=6) 
[03:52:16] [INFO   ] Fixpoint[2]:Reducer[perses_node_priority_with_dfs_delta]: Delta node (#leaves=6): queue=17, delete 0 tokens, ratio=34/4455=0.76% 
[03:52:16] [INFO   ] Fixpoint[2]:Reducer[perses_node_priority_with_dfs_delta]: Delta node (#leaves=5) 
[03:52:16] [INFO   ] Fixpoint[2]:Reducer[perses_node_priority_with_dfs_delta]: Delta node (#leaves=5): queue=18, delete 0 tokens, ratio=34/4455=0.76% 
[03:52:16] [INFO   ] Fixpoint[2]:Reducer[perses_node_priority_with_dfs_delta]: Delta node (#leaves=5) 
[03:52:17] [INFO   ] Fixpoint[2]:Reducer[perses_node_priority_with_dfs_delta]: Delta node (#leaves=5): queue=18, delete 0 tokens, ratio=34/4455=0.76% 
[03:52:17] [INFO   ] Fixpoint[2]:Reducer[perses_node_priority_with_dfs_delta]: Delta node (#leaves=5) 
[03:52:17] [INFO   ] Fixpoint[2]:Reducer[perses_node_priority_with_dfs_delta]: Delta node (#leaves=5): queue=19, delete 0 tokens, ratio=34/4455=0.76% 
[03:52:17] [INFO   ] Fixpoint[2]:Reducer[perses_node_priority_with_dfs_delta]: Delta node (#leaves=4) 
[03:52:17] [INFO   ] Fixpoint[2]:Reducer[perses_node_priority_with_dfs_delta]: Delta node (#leaves=4): queue=21, delete 0 tokens, ratio=34/4455=0.76% 
[03:52:17] [INFO   ] Fixpoint[2]:Reducer[perses_node_priority_with_dfs_delta]: Delta node (#leaves=4) 
[03:52:20] [INFO   ] Fixpoint[2]:Reducer[perses_node_priority_with_dfs_delta]: Delta node (#leaves=4): queue=24, delete 0 tokens, ratio=34/4455=0.76% 
[03:52:20] [INFO   ] Fixpoint[2]:Reducer[perses_node_priority_with_dfs_delta]: Delta node (#leaves=3) 
[03:52:20] [INFO   ] Fixpoint[2]:Reducer[perses_node_priority_with_dfs_delta]: Delta node (#leaves=3): queue=25, delete 0 tokens, ratio=34/4455=0.76% 
[03:52:20] [INFO   ] Fixpoint[2]:Reducer[perses_node_priority_with_dfs_delta]: Delta node (#leaves=3) 
[03:52:20] [INFO   ] Fixpoint[2]:Reducer[perses_node_priority_with_dfs_delta]: Delta node (#leaves=3): queue=25, delete 0 tokens, ratio=34/4455=0.76% 
[03:52:20] [INFO   ] Fixpoint[2]:Reducer[perses_node_priority_with_dfs_delta]: Delta node (#leaves=3) 
[03:52:22] [INFO   ] Fixpoint[2]:Reducer[perses_node_priority_with_dfs_delta]: Delta node (#leaves=3): queue=26, delete 0 tokens, ratio=34/4455=0.76% 
[03:52:22] [INFO   ] Fixpoint[2]:Reducer[perses_node_priority_with_dfs_delta]: Delta node (#leaves=2) 
[03:52:22] [INFO   ] Fixpoint[2]:Reducer[perses_node_priority_with_dfs_delta]: Delta node (#leaves=2): queue=27, delete 0 tokens, ratio=34/4455=0.76% 
[03:52:22] [INFO   ] Fixpoint[2]:Reducer[perses_node_priority_with_dfs_delta]: Delta node (#leaves=2) 
[03:52:22] [INFO   ] Fixpoint[2]:Reducer[perses_node_priority_with_dfs_delta]: Delta node (#leaves=2): queue=28, delete 0 tokens, ratio=34/4455=0.76% 
[03:52:22] [INFO   ] Fixpoint[2]:Reducer[perses_node_priority_with_dfs_delta]: Delta node (#leaves=2) 
[03:52:25] [INFO   ] Fixpoint[2]:Reducer[perses_node_priority_with_dfs_delta]: Delta node (#leaves=2): queue=29, delete 0 tokens, ratio=34/4455=0.76% 
[03:52:25] [INFO   ] Fixpoint[2]:Reducer[perses_node_priority_with_dfs_delta]: Delta node (#leaves=2) 
[03:52:25] [INFO   ] Fixpoint[2]:Reducer[perses_node_priority_with_dfs_delta]: Delta node (#leaves=2): queue=30, delete 0 tokens, ratio=34/4455=0.76% 
[03:52:25] [INFO   ] Fixpoint[2]:Reducer[perses_node_priority_with_dfs_delta]: Delta node (#leaves=2) 
[03:52:25] [INFO   ] Fixpoint[2]:Reducer[perses_node_priority_with_dfs_delta]: Delta node (#leaves=2): queue=30, delete 0 tokens, ratio=34/4455=0.76% 
[03:52:25] [INFO   ] Fixpoint[2]:Reducer[perses_node_priority_with_dfs_delta]: Delta node (#leaves=2) 
[03:52:25] [INFO   ] Fixpoint[2]:Reducer[perses_node_priority_with_dfs_delta]: Delta node (#leaves=2): queue=31, delete 0 tokens, ratio=34/4455=0.76% 
[03:52:25] [INFO   ] Fixpoint[2]:Reducer[perses_node_priority_with_dfs_delta]: Delta node (#leaves=2) 
[03:52:25] [INFO   ] Fixpoint[2]:Reducer[perses_node_priority_with_dfs_delta]: Delta node (#leaves=2): queue=32, delete 0 tokens, ratio=34/4455=0.76% 
[03:52:25] [INFO   ] Fixpoint[2]:Reducer[perses_node_priority_with_dfs_delta]: Delta node (#leaves=2) 
[03:52:25] [INFO   ] Fixpoint[2]:Reducer[perses_node_priority_with_dfs_delta]: Delta node (#leaves=2): queue=32, delete 0 tokens, ratio=34/4455=0.76% 
[03:52:25] [INFO   ] Fixpoint[2]:Reducer[perses_node_priority_with_dfs_delta]: Delta node (#leaves=1) 
[03:52:25] [INFO   ] Fixpoint[2]:Reducer[perses_node_priority_with_dfs_delta]: Delta node (#leaves=1): queue=33, delete 0 tokens, ratio=34/4455=0.76% 
[03:52:25] [INFO   ] Fixpoint[2]:Reducer[perses_node_priority_with_dfs_delta]: Delta node (#leaves=1) 
[03:52:25] [INFO   ] Fixpoint[2]:Reducer[perses_node_priority_with_dfs_delta]: Delta node (#leaves=1): queue=32, delete 0 tokens, ratio=34/4455=0.76% 
[03:52:25] [INFO   ] Fixpoint[2]:Reducer[perses_node_priority_with_dfs_delta]: Delta node (#leaves=1) 
[03:52:25] [INFO   ] Fixpoint[2]:Reducer[perses_node_priority_with_dfs_delta]: Delta node (#leaves=1): queue=31, delete 0 tokens, ratio=34/4455=0.76% 
[03:52:25] [INFO   ] Fixpoint[2]:Reducer[perses_node_priority_with_dfs_delta]: Delta node (#leaves=1) 
[03:52:27] [INFO   ] Fixpoint[2]:Reducer[perses_node_priority_with_dfs_delta]: New minimal, delete 1 tokens, ratio=33/4455=0.74% 
[03:52:27] [INFO   ] Fixpoint[2]:Reducer[perses_node_priority_with_dfs_delta]: Delta node (#leaves=1): queue=30, delete 1 tokens, ratio=33/4455=0.74% 
[03:52:27] [INFO   ] Fixpoint[2]:Reducer[perses_node_priority_with_dfs_delta]: Delta node (#leaves=1) 
[03:52:27] [INFO   ] Fixpoint[2]:Reducer[perses_node_priority_with_dfs_delta]: Delta node (#leaves=1): queue=29, delete 0 tokens, ratio=33/4455=0.74% 
[03:52:27] [INFO   ] Fixpoint[2]:Reducer[perses_node_priority_with_dfs_delta]: Delta node (#leaves=1) 
[03:52:27] [INFO   ] Fixpoint[2]:Reducer[perses_node_priority_with_dfs_delta]: Delta node (#leaves=1): queue=28, delete 0 tokens, ratio=33/4455=0.74% 
[03:52:27] [INFO   ] Fixpoint[2]:Reducer[perses_node_priority_with_dfs_delta]: Delta node (#leaves=1) 
[03:52:27] [INFO   ] Fixpoint[2]:Reducer[perses_node_priority_with_dfs_delta]: Delta node (#leaves=1): queue=27, delete 0 tokens, ratio=33/4455=0.74% 
[03:52:27] [INFO   ] Fixpoint[2]:Reducer[perses_node_priority_with_dfs_delta]: Delta node (#leaves=1) 
[03:52:27] [INFO   ] Fixpoint[2]:Reducer[perses_node_priority_with_dfs_delta]: Delta node (#leaves=1): queue=26, delete 0 tokens, ratio=33/4455=0.74% 
[03:52:27] [INFO   ] Fixpoint[2]:Reducer[perses_node_priority_with_dfs_delta]: Delta node (#leaves=1) 
[03:52:27] [INFO   ] Fixpoint[2]:Reducer[perses_node_priority_with_dfs_delta]: Delta node (#leaves=1): queue=25, delete 0 tokens, ratio=33/4455=0.74% 
[03:52:27] [INFO   ] Fixpoint[2]:Reducer[perses_node_priority_with_dfs_delta]: Delta node (#leaves=1) 
[03:52:27] [INFO   ] Fixpoint[2]:Reducer[perses_node_priority_with_dfs_delta]: Delta node (#leaves=1): queue=24, delete 0 tokens, ratio=33/4455=0.74% 
[03:52:27] [INFO   ] Fixpoint[2]:Reducer[perses_node_priority_with_dfs_delta]: Delta node (#leaves=1) 
[03:52:27] [INFO   ] Fixpoint[2]:Reducer[perses_node_priority_with_dfs_delta]: Delta node (#leaves=1): queue=23, delete 0 tokens, ratio=33/4455=0.74% 
[03:52:27] [INFO   ] Fixpoint[2]:Reducer[perses_node_priority_with_dfs_delta]: Delta node (#leaves=1) 
[03:52:27] [INFO   ] Fixpoint[2]:Reducer[perses_node_priority_with_dfs_delta]: Delta node (#leaves=1): queue=22, delete 0 tokens, ratio=33/4455=0.74% 
[03:52:27] [INFO   ] Fixpoint[2]:Reducer[perses_node_priority_with_dfs_delta]: Delta node (#leaves=1) 
[03:52:27] [INFO   ] Fixpoint[2]:Reducer[perses_node_priority_with_dfs_delta]: Delta node (#leaves=1): queue=21, delete 0 tokens, ratio=33/4455=0.74% 
[03:52:27] [INFO   ] Fixpoint[2]:Reducer[perses_node_priority_with_dfs_delta]: Delta node (#leaves=1) 
[03:52:27] [INFO   ] Fixpoint[2]:Reducer[perses_node_priority_with_dfs_delta]: Delta node (#leaves=1): queue=20, delete 0 tokens, ratio=33/4455=0.74% 
[03:52:27] [INFO   ] Fixpoint[2]:Reducer[perses_node_priority_with_dfs_delta]: Delta node (#leaves=1) 
[03:52:27] [INFO   ] Fixpoint[2]:Reducer[perses_node_priority_with_dfs_delta]: Delta node (#leaves=1): queue=19, delete 0 tokens, ratio=33/4455=0.74% 
[03:52:27] [INFO   ] Fixpoint[2]:Reducer[perses_node_priority_with_dfs_delta]: Delta node (#leaves=1) 
[03:52:27] [INFO   ] Fixpoint[2]:Reducer[perses_node_priority_with_dfs_delta]: Delta node (#leaves=1): queue=18, delete 0 tokens, ratio=33/4455=0.74% 
[03:52:27] [INFO   ] Fixpoint[2]:Reducer[perses_node_priority_with_dfs_delta]: Delta node (#leaves=1) 
[03:52:27] [INFO   ] Fixpoint[2]:Reducer[perses_node_priority_with_dfs_delta]: Delta node (#leaves=1): queue=17, delete 0 tokens, ratio=33/4455=0.74% 
[03:52:27] [INFO   ] Fixpoint[2]:Reducer[perses_node_priority_with_dfs_delta]: Delta node (#leaves=1) 
[03:52:27] [INFO   ] Fixpoint[2]:Reducer[perses_node_priority_with_dfs_delta]: Delta node (#leaves=1): queue=16, delete 0 tokens, ratio=33/4455=0.74% 
[03:52:27] [INFO   ] Fixpoint[2]:Reducer[perses_node_priority_with_dfs_delta]: Delta node (#leaves=1) 
[03:52:27] [INFO   ] Fixpoint[2]:Reducer[perses_node_priority_with_dfs_delta]: Delta node (#leaves=1): queue=15, delete 0 tokens, ratio=33/4455=0.74% 
[03:52:27] [INFO   ] Fixpoint[2]:Reducer[perses_node_priority_with_dfs_delta]: Delta node (#leaves=1) 
[03:52:27] [INFO   ] Fixpoint[2]:Reducer[perses_node_priority_with_dfs_delta]: Delta node (#leaves=1): queue=14, delete 0 tokens, ratio=33/4455=0.74% 
[03:52:27] [INFO   ] Fixpoint[2]:Reducer[perses_node_priority_with_dfs_delta]: Delta node (#leaves=1) 
[03:52:27] [INFO   ] Fixpoint[2]:Reducer[perses_node_priority_with_dfs_delta]: Delta node (#leaves=1): queue=13, delete 0 tokens, ratio=33/4455=0.74% 
[03:52:27] [INFO   ] Fixpoint[2]:Reducer[perses_node_priority_with_dfs_delta]: Delta node (#leaves=1) 
[03:52:27] [INFO   ] Fixpoint[2]:Reducer[perses_node_priority_with_dfs_delta]: Delta node (#leaves=1): queue=12, delete 0 tokens, ratio=33/4455=0.74% 
[03:52:27] [INFO   ] Fixpoint[2]:Reducer[perses_node_priority_with_dfs_delta]: Delta node (#leaves=1) 
[03:52:27] [INFO   ] Fixpoint[2]:Reducer[perses_node_priority_with_dfs_delta]: Delta node (#leaves=1): queue=11, delete 0 tokens, ratio=33/4455=0.74% 
[03:52:27] [INFO   ] Fixpoint[2]:Reducer[perses_node_priority_with_dfs_delta]: Delta node (#leaves=1) 
[03:52:27] [INFO   ] Fixpoint[2]:Reducer[perses_node_priority_with_dfs_delta]: Delta node (#leaves=1): queue=10, delete 0 tokens, ratio=33/4455=0.74% 
[03:52:27] [INFO   ] Fixpoint[2]:Reducer[perses_node_priority_with_dfs_delta]: Delta node (#leaves=1) 
[03:52:27] [INFO   ] Fixpoint[2]:Reducer[perses_node_priority_with_dfs_delta]: Delta node (#leaves=1): queue=9, delete 0 tokens, ratio=33/4455=0.74% 
[03:52:27] [INFO   ] Fixpoint[2]:Reducer[perses_node_priority_with_dfs_delta]: Delta node (#leaves=1) 
[03:52:27] [INFO   ] Fixpoint[2]:Reducer[perses_node_priority_with_dfs_delta]: Delta node (#leaves=1): queue=8, delete 0 tokens, ratio=33/4455=0.74% 
[03:52:27] [INFO   ] Fixpoint[2]:Reducer[perses_node_priority_with_dfs_delta]: Delta node (#leaves=1) 
[03:52:27] [INFO   ] Fixpoint[2]:Reducer[perses_node_priority_with_dfs_delta]: Delta node (#leaves=1): queue=7, delete 0 tokens, ratio=33/4455=0.74% 
[03:52:27] [INFO   ] Fixpoint[2]:Reducer[perses_node_priority_with_dfs_delta]: Delta node (#leaves=1) 
[03:52:27] [INFO   ] Fixpoint[2]:Reducer[perses_node_priority_with_dfs_delta]: Delta node (#leaves=1): queue=6, delete 0 tokens, ratio=33/4455=0.74% 
[03:52:27] [INFO   ] Fixpoint[2]:Reducer[perses_node_priority_with_dfs_delta]: Delta node (#leaves=1) 
[03:52:27] [INFO   ] Fixpoint[2]:Reducer[perses_node_priority_with_dfs_delta]: Delta node (#leaves=1): queue=5, delete 0 tokens, ratio=33/4455=0.74% 
[03:52:27] [INFO   ] Fixpoint[2]:Reducer[perses_node_priority_with_dfs_delta]: Delta node (#leaves=1) 
[03:52:27] [INFO   ] Fixpoint[2]:Reducer[perses_node_priority_with_dfs_delta]: Delta node (#leaves=1): queue=4, delete 0 tokens, ratio=33/4455=0.74% 
[03:52:27] [INFO   ] Fixpoint[2]:Reducer[perses_node_priority_with_dfs_delta]: Delta node (#leaves=1) 
[03:52:27] [INFO   ] Fixpoint[2]:Reducer[perses_node_priority_with_dfs_delta]: Delta node (#leaves=1): queue=3, delete 0 tokens, ratio=33/4455=0.74% 
[03:52:27] [INFO   ] Fixpoint[2]:Reducer[perses_node_priority_with_dfs_delta]: Delta node (#leaves=1) 
[03:52:27] [INFO   ] Fixpoint[2]:Reducer[perses_node_priority_with_dfs_delta]: Delta node (#leaves=1): queue=2, delete 0 tokens, ratio=33/4455=0.74% 
[03:52:27] [INFO   ] Fixpoint[2]:Reducer[perses_node_priority_with_dfs_delta]: Delta node (#leaves=1) 
[03:52:27] [INFO   ] Fixpoint[2]:Reducer[perses_node_priority_with_dfs_delta]: Delta node (#leaves=1): queue=1, delete 0 tokens, ratio=33/4455=0.74% 
[03:52:27] [INFO   ] Fixpoint[2]:Reducer[perses_node_priority_with_dfs_delta]: Delta node (#leaves=1) 
[03:52:27] [INFO   ] Fixpoint[2]:Reducer[perses_node_priority_with_dfs_delta]: Delta node (#leaves=1): queue=0, delete 0 tokens, ratio=33/4455=0.74% 
[03:52:27] [INFO   ] perses_node_priority_with_dfs_delta ended at 03:52:27 2022/08/09. #old=40, #new=33 
[03:52:27] [INFO   ] Fixpoint[2]:Reducer[perses_node_priority_with_dfs_delta]: Fixpoint iteration finished, delete 7 tokens, ratio=33/4455=0.74% 
[03:52:27] [INFO   ] Rebuilding spar-tree. 
[03:52:27] [INFO   ] perses_node_priority_with_dfs_delta started at 03:52:27 2022/08/09. #tokens=33 
[03:52:27] [INFO   ] Fixpoint[3]:Reducer[perses_node_priority_with_dfs_delta]: New fixpoint iteration started. #Tokens=33 
[03:52:27] [INFO   ] Fixpoint[3]:Reducer[perses_node_priority_with_dfs_delta]: Delta node (#leaves=33) 
[03:52:27] [INFO   ] Fixpoint[3]:Reducer[perses_node_priority_with_dfs_delta]: Delta node (#leaves=33): queue=0, delete 0 tokens, ratio=33/4455=0.74% 
[03:52:27] [INFO   ] Fixpoint[3]:Reducer[perses_node_priority_with_dfs_delta]: Delta node (#leaves=33) 
[03:52:27] [INFO   ] Fixpoint[3]:Reducer[perses_node_priority_with_dfs_delta]: Delta node (#leaves=33): queue=0, delete 0 tokens, ratio=33/4455=0.74% 
[03:52:27] [INFO   ] Fixpoint[3]:Reducer[perses_node_priority_with_dfs_delta]: Delta node (#leaves=31) 
[03:52:27] [INFO   ] Fixpoint[3]:Reducer[perses_node_priority_with_dfs_delta]: Delta node (#leaves=31): queue=2, delete 0 tokens, ratio=33/4455=0.74% 
[03:52:27] [INFO   ] Fixpoint[3]:Reducer[perses_node_priority_with_dfs_delta]: Delta node (#leaves=29) 
[03:52:29] [INFO   ] Fixpoint[3]:Reducer[perses_node_priority_with_dfs_delta]: Delta node (#leaves=29): queue=4, delete 0 tokens, ratio=33/4455=0.74% 
[03:52:29] [INFO   ] Fixpoint[3]:Reducer[perses_node_priority_with_dfs_delta]: Delta node (#leaves=26) 
[03:52:30] [INFO   ] Fixpoint[3]:Reducer[perses_node_priority_with_dfs_delta]: Delta node (#leaves=26): queue=5, delete 0 tokens, ratio=33/4455=0.74% 
[03:52:30] [INFO   ] Fixpoint[3]:Reducer[perses_node_priority_with_dfs_delta]: Delta node (#leaves=17) 
[03:52:30] [INFO   ] Fixpoint[3]:Reducer[perses_node_priority_with_dfs_delta]: Delta node (#leaves=17): queue=6, delete 0 tokens, ratio=33/4455=0.74% 
[03:52:30] [INFO   ] Fixpoint[3]:Reducer[perses_node_priority_with_dfs_delta]: Delta node (#leaves=15) 
[03:52:32] [INFO   ] Fixpoint[3]:Reducer[perses_node_priority_with_dfs_delta]: Delta node (#leaves=15): queue=8, delete 0 tokens, ratio=33/4455=0.74% 
[03:52:32] [INFO   ] Fixpoint[3]:Reducer[perses_node_priority_with_dfs_delta]: Delta node (#leaves=15) 
[03:52:37] [INFO   ] Fixpoint[3]:Reducer[perses_node_priority_with_dfs_delta]: Delta node (#leaves=15): queue=8, delete 0 tokens, ratio=33/4455=0.74% 
[03:52:37] [INFO   ] Fixpoint[3]:Reducer[perses_node_priority_with_dfs_delta]: Delta node (#leaves=9) 
[03:52:37] [INFO   ] Fixpoint[3]:Reducer[perses_node_priority_with_dfs_delta]: Delta node (#leaves=9): queue=9, delete 0 tokens, ratio=33/4455=0.74% 
[03:52:37] [INFO   ] Fixpoint[3]:Reducer[perses_node_priority_with_dfs_delta]: Delta node (#leaves=9) 
[03:52:37] [INFO   ] Fixpoint[3]:Reducer[perses_node_priority_with_dfs_delta]: Delta node (#leaves=9): queue=13, delete 0 tokens, ratio=33/4455=0.74% 
[03:52:37] [INFO   ] Fixpoint[3]:Reducer[perses_node_priority_with_dfs_delta]: Delta node (#leaves=8) 
[03:52:37] [INFO   ] Fixpoint[3]:Reducer[perses_node_priority_with_dfs_delta]: Delta node (#leaves=8): queue=14, delete 0 tokens, ratio=33/4455=0.74% 
[03:52:37] [INFO   ] Fixpoint[3]:Reducer[perses_node_priority_with_dfs_delta]: Delta node (#leaves=6) 
[03:52:37] [INFO   ] Fixpoint[3]:Reducer[perses_node_priority_with_dfs_delta]: Delta node (#leaves=6): queue=17, delete 0 tokens, ratio=33/4455=0.74% 
[03:52:37] [INFO   ] Fixpoint[3]:Reducer[perses_node_priority_with_dfs_delta]: Delta node (#leaves=5) 
[03:52:38] [INFO   ] Fixpoint[3]:Reducer[perses_node_priority_with_dfs_delta]: Delta node (#leaves=5): queue=18, delete 0 tokens, ratio=33/4455=0.74% 
[03:52:38] [INFO   ] Fixpoint[3]:Reducer[perses_node_priority_with_dfs_delta]: Delta node (#leaves=5) 
[03:52:38] [INFO   ] Fixpoint[3]:Reducer[perses_node_priority_with_dfs_delta]: Delta node (#leaves=5): queue=18, delete 0 tokens, ratio=33/4455=0.74% 
[03:52:38] [INFO   ] Fixpoint[3]:Reducer[perses_node_priority_with_dfs_delta]: Delta node (#leaves=5) 
[03:52:38] [INFO   ] Fixpoint[3]:Reducer[perses_node_priority_with_dfs_delta]: Delta node (#leaves=5): queue=19, delete 0 tokens, ratio=33/4455=0.74% 
[03:52:38] [INFO   ] Fixpoint[3]:Reducer[perses_node_priority_with_dfs_delta]: Delta node (#leaves=4) 
[03:52:41] [INFO   ] Fixpoint[3]:Reducer[perses_node_priority_with_dfs_delta]: Delta node (#leaves=4): queue=21, delete 0 tokens, ratio=33/4455=0.74% 
[03:52:41] [INFO   ] Fixpoint[3]:Reducer[perses_node_priority_with_dfs_delta]: Delta node (#leaves=3) 
[03:52:41] [INFO   ] Fixpoint[3]:Reducer[perses_node_priority_with_dfs_delta]: Delta node (#leaves=3): queue=22, delete 0 tokens, ratio=33/4455=0.74% 
[03:52:41] [INFO   ] Fixpoint[3]:Reducer[perses_node_priority_with_dfs_delta]: Delta node (#leaves=3) 
[03:52:41] [INFO   ] Fixpoint[3]:Reducer[perses_node_priority_with_dfs_delta]: Delta node (#leaves=3): queue=24, delete 0 tokens, ratio=33/4455=0.74% 
[03:52:41] [INFO   ] Fixpoint[3]:Reducer[perses_node_priority_with_dfs_delta]: Delta node (#leaves=3) 
[03:52:41] [INFO   ] Fixpoint[3]:Reducer[perses_node_priority_with_dfs_delta]: Delta node (#leaves=3): queue=24, delete 0 tokens, ratio=33/4455=0.74% 
[03:52:41] [INFO   ] Fixpoint[3]:Reducer[perses_node_priority_with_dfs_delta]: Delta node (#leaves=3) 
[03:52:44] [INFO   ] Fixpoint[3]:Reducer[perses_node_priority_with_dfs_delta]: Delta node (#leaves=3): queue=25, delete 0 tokens, ratio=33/4455=0.74% 
[03:52:44] [INFO   ] Fixpoint[3]:Reducer[perses_node_priority_with_dfs_delta]: Delta node (#leaves=2) 
[03:52:44] [INFO   ] Fixpoint[3]:Reducer[perses_node_priority_with_dfs_delta]: Delta node (#leaves=2): queue=26, delete 0 tokens, ratio=33/4455=0.74% 
[03:52:44] [INFO   ] Fixpoint[3]:Reducer[perses_node_priority_with_dfs_delta]: Delta node (#leaves=2) 
[03:52:44] [INFO   ] Fixpoint[3]:Reducer[perses_node_priority_with_dfs_delta]: Delta node (#leaves=2): queue=27, delete 0 tokens, ratio=33/4455=0.74% 
[03:52:44] [INFO   ] Fixpoint[3]:Reducer[perses_node_priority_with_dfs_delta]: Delta node (#leaves=2) 
[03:52:46] [INFO   ] Fixpoint[3]:Reducer[perses_node_priority_with_dfs_delta]: Delta node (#leaves=2): queue=28, delete 0 tokens, ratio=33/4455=0.74% 
[03:52:46] [INFO   ] Fixpoint[3]:Reducer[perses_node_priority_with_dfs_delta]: Delta node (#leaves=2) 
[03:52:46] [INFO   ] Fixpoint[3]:Reducer[perses_node_priority_with_dfs_delta]: Delta node (#leaves=2): queue=29, delete 0 tokens, ratio=33/4455=0.74% 
[03:52:46] [INFO   ] Fixpoint[3]:Reducer[perses_node_priority_with_dfs_delta]: Delta node (#leaves=2) 
[03:52:46] [INFO   ] Fixpoint[3]:Reducer[perses_node_priority_with_dfs_delta]: Delta node (#leaves=2): queue=29, delete 0 tokens, ratio=33/4455=0.74% 
[03:52:46] [INFO   ] Fixpoint[3]:Reducer[perses_node_priority_with_dfs_delta]: Delta node (#leaves=2) 
[03:52:46] [INFO   ] Fixpoint[3]:Reducer[perses_node_priority_with_dfs_delta]: Delta node (#leaves=2): queue=30, delete 0 tokens, ratio=33/4455=0.74% 
[03:52:46] [INFO   ] Fixpoint[3]:Reducer[perses_node_priority_with_dfs_delta]: Delta node (#leaves=2) 
[03:52:46] [INFO   ] Fixpoint[3]:Reducer[perses_node_priority_with_dfs_delta]: Delta node (#leaves=2): queue=31, delete 0 tokens, ratio=33/4455=0.74% 
[03:52:46] [INFO   ] Fixpoint[3]:Reducer[perses_node_priority_with_dfs_delta]: Delta node (#leaves=2) 
[03:52:46] [INFO   ] Fixpoint[3]:Reducer[perses_node_priority_with_dfs_delta]: Delta node (#leaves=2): queue=31, delete 0 tokens, ratio=33/4455=0.74% 
[03:52:46] [INFO   ] Fixpoint[3]:Reducer[perses_node_priority_with_dfs_delta]: Delta node (#leaves=1) 
[03:52:46] [INFO   ] Fixpoint[3]:Reducer[perses_node_priority_with_dfs_delta]: Delta node (#leaves=1): queue=32, delete 0 tokens, ratio=33/4455=0.74% 
[03:52:46] [INFO   ] Fixpoint[3]:Reducer[perses_node_priority_with_dfs_delta]: Delta node (#leaves=1) 
[03:52:46] [INFO   ] Fixpoint[3]:Reducer[perses_node_priority_with_dfs_delta]: Delta node (#leaves=1): queue=31, delete 0 tokens, ratio=33/4455=0.74% 
[03:52:46] [INFO   ] Fixpoint[3]:Reducer[perses_node_priority_with_dfs_delta]: Delta node (#leaves=1) 
[03:52:46] [INFO   ] Fixpoint[3]:Reducer[perses_node_priority_with_dfs_delta]: Delta node (#leaves=1): queue=30, delete 0 tokens, ratio=33/4455=0.74% 
[03:52:46] [INFO   ] Fixpoint[3]:Reducer[perses_node_priority_with_dfs_delta]: Delta node (#leaves=1) 
[03:52:46] [INFO   ] Fixpoint[3]:Reducer[perses_node_priority_with_dfs_delta]: Delta node (#leaves=1): queue=29, delete 0 tokens, ratio=33/4455=0.74% 
[03:52:46] [INFO   ] Fixpoint[3]:Reducer[perses_node_priority_with_dfs_delta]: Delta node (#leaves=1) 
[03:52:46] [INFO   ] Fixpoint[3]:Reducer[perses_node_priority_with_dfs_delta]: Delta node (#leaves=1): queue=28, delete 0 tokens, ratio=33/4455=0.74% 
[03:52:46] [INFO   ] Fixpoint[3]:Reducer[perses_node_priority_with_dfs_delta]: Delta node (#leaves=1) 
[03:52:46] [INFO   ] Fixpoint[3]:Reducer[perses_node_priority_with_dfs_delta]: Delta node (#leaves=1): queue=27, delete 0 tokens, ratio=33/4455=0.74% 
[03:52:46] [INFO   ] Fixpoint[3]:Reducer[perses_node_priority_with_dfs_delta]: Delta node (#leaves=1) 
[03:52:46] [INFO   ] Fixpoint[3]:Reducer[perses_node_priority_with_dfs_delta]: Delta node (#leaves=1): queue=26, delete 0 tokens, ratio=33/4455=0.74% 
[03:52:46] [INFO   ] Fixpoint[3]:Reducer[perses_node_priority_with_dfs_delta]: Delta node (#leaves=1) 
[03:52:46] [INFO   ] Fixpoint[3]:Reducer[perses_node_priority_with_dfs_delta]: Delta node (#leaves=1): queue=25, delete 0 tokens, ratio=33/4455=0.74% 
[03:52:46] [INFO   ] Fixpoint[3]:Reducer[perses_node_priority_with_dfs_delta]: Delta node (#leaves=1) 
[03:52:46] [INFO   ] Fixpoint[3]:Reducer[perses_node_priority_with_dfs_delta]: Delta node (#leaves=1): queue=24, delete 0 tokens, ratio=33/4455=0.74% 
[03:52:46] [INFO   ] Fixpoint[3]:Reducer[perses_node_priority_with_dfs_delta]: Delta node (#leaves=1) 
[03:52:46] [INFO   ] Fixpoint[3]:Reducer[perses_node_priority_with_dfs_delta]: Delta node (#leaves=1): queue=23, delete 0 tokens, ratio=33/4455=0.74% 
[03:52:46] [INFO   ] Fixpoint[3]:Reducer[perses_node_priority_with_dfs_delta]: Delta node (#leaves=1) 
[03:52:46] [INFO   ] Fixpoint[3]:Reducer[perses_node_priority_with_dfs_delta]: Delta node (#leaves=1): queue=22, delete 0 tokens, ratio=33/4455=0.74% 
[03:52:46] [INFO   ] Fixpoint[3]:Reducer[perses_node_priority_with_dfs_delta]: Delta node (#leaves=1) 
[03:52:46] [INFO   ] Fixpoint[3]:Reducer[perses_node_priority_with_dfs_delta]: Delta node (#leaves=1): queue=21, delete 0 tokens, ratio=33/4455=0.74% 
[03:52:46] [INFO   ] Fixpoint[3]:Reducer[perses_node_priority_with_dfs_delta]: Delta node (#leaves=1) 
[03:52:46] [INFO   ] Fixpoint[3]:Reducer[perses_node_priority_with_dfs_delta]: Delta node (#leaves=1): queue=20, delete 0 tokens, ratio=33/4455=0.74% 
[03:52:46] [INFO   ] Fixpoint[3]:Reducer[perses_node_priority_with_dfs_delta]: Delta node (#leaves=1) 
[03:52:46] [INFO   ] Fixpoint[3]:Reducer[perses_node_priority_with_dfs_delta]: Delta node (#leaves=1): queue=19, delete 0 tokens, ratio=33/4455=0.74% 
[03:52:46] [INFO   ] Fixpoint[3]:Reducer[perses_node_priority_with_dfs_delta]: Delta node (#leaves=1) 
[03:52:46] [INFO   ] Fixpoint[3]:Reducer[perses_node_priority_with_dfs_delta]: Delta node (#leaves=1): queue=18, delete 0 tokens, ratio=33/4455=0.74% 
[03:52:46] [INFO   ] Fixpoint[3]:Reducer[perses_node_priority_with_dfs_delta]: Delta node (#leaves=1) 
[03:52:46] [INFO   ] Fixpoint[3]:Reducer[perses_node_priority_with_dfs_delta]: Delta node (#leaves=1): queue=17, delete 0 tokens, ratio=33/4455=0.74% 
[03:52:46] [INFO   ] Fixpoint[3]:Reducer[perses_node_priority_with_dfs_delta]: Delta node (#leaves=1) 
[03:52:46] [INFO   ] Fixpoint[3]:Reducer[perses_node_priority_with_dfs_delta]: Delta node (#leaves=1): queue=16, delete 0 tokens, ratio=33/4455=0.74% 
[03:52:46] [INFO   ] Fixpoint[3]:Reducer[perses_node_priority_with_dfs_delta]: Delta node (#leaves=1) 
[03:52:46] [INFO   ] Fixpoint[3]:Reducer[perses_node_priority_with_dfs_delta]: Delta node (#leaves=1): queue=15, delete 0 tokens, ratio=33/4455=0.74% 
[03:52:46] [INFO   ] Fixpoint[3]:Reducer[perses_node_priority_with_dfs_delta]: Delta node (#leaves=1) 
[03:52:46] [INFO   ] Fixpoint[3]:Reducer[perses_node_priority_with_dfs_delta]: Delta node (#leaves=1): queue=14, delete 0 tokens, ratio=33/4455=0.74% 
[03:52:46] [INFO   ] Fixpoint[3]:Reducer[perses_node_priority_with_dfs_delta]: Delta node (#leaves=1) 
[03:52:46] [INFO   ] Fixpoint[3]:Reducer[perses_node_priority_with_dfs_delta]: Delta node (#leaves=1): queue=13, delete 0 tokens, ratio=33/4455=0.74% 
[03:52:46] [INFO   ] Fixpoint[3]:Reducer[perses_node_priority_with_dfs_delta]: Delta node (#leaves=1) 
[03:52:46] [INFO   ] Fixpoint[3]:Reducer[perses_node_priority_with_dfs_delta]: Delta node (#leaves=1): queue=12, delete 0 tokens, ratio=33/4455=0.74% 
[03:52:46] [INFO   ] Fixpoint[3]:Reducer[perses_node_priority_with_dfs_delta]: Delta node (#leaves=1) 
[03:52:46] [INFO   ] Fixpoint[3]:Reducer[perses_node_priority_with_dfs_delta]: Delta node (#leaves=1): queue=11, delete 0 tokens, ratio=33/4455=0.74% 
[03:52:46] [INFO   ] Fixpoint[3]:Reducer[perses_node_priority_with_dfs_delta]: Delta node (#leaves=1) 
[03:52:46] [INFO   ] Fixpoint[3]:Reducer[perses_node_priority_with_dfs_delta]: Delta node (#leaves=1): queue=10, delete 0 tokens, ratio=33/4455=0.74% 
[03:52:46] [INFO   ] Fixpoint[3]:Reducer[perses_node_priority_with_dfs_delta]: Delta node (#leaves=1) 
[03:52:46] [INFO   ] Fixpoint[3]:Reducer[perses_node_priority_with_dfs_delta]: Delta node (#leaves=1): queue=9, delete 0 tokens, ratio=33/4455=0.74% 
[03:52:46] [INFO   ] Fixpoint[3]:Reducer[perses_node_priority_with_dfs_delta]: Delta node (#leaves=1) 
[03:52:46] [INFO   ] Fixpoint[3]:Reducer[perses_node_priority_with_dfs_delta]: Delta node (#leaves=1): queue=8, delete 0 tokens, ratio=33/4455=0.74% 
[03:52:46] [INFO   ] Fixpoint[3]:Reducer[perses_node_priority_with_dfs_delta]: Delta node (#leaves=1) 
[03:52:46] [INFO   ] Fixpoint[3]:Reducer[perses_node_priority_with_dfs_delta]: Delta node (#leaves=1): queue=7, delete 0 tokens, ratio=33/4455=0.74% 
[03:52:46] [INFO   ] Fixpoint[3]:Reducer[perses_node_priority_with_dfs_delta]: Delta node (#leaves=1) 
[03:52:46] [INFO   ] Fixpoint[3]:Reducer[perses_node_priority_with_dfs_delta]: Delta node (#leaves=1): queue=6, delete 0 tokens, ratio=33/4455=0.74% 
[03:52:46] [INFO   ] Fixpoint[3]:Reducer[perses_node_priority_with_dfs_delta]: Delta node (#leaves=1) 
[03:52:46] [INFO   ] Fixpoint[3]:Reducer[perses_node_priority_with_dfs_delta]: Delta node (#leaves=1): queue=5, delete 0 tokens, ratio=33/4455=0.74% 
[03:52:46] [INFO   ] Fixpoint[3]:Reducer[perses_node_priority_with_dfs_delta]: Delta node (#leaves=1) 
[03:52:46] [INFO   ] Fixpoint[3]:Reducer[perses_node_priority_with_dfs_delta]: Delta node (#leaves=1): queue=4, delete 0 tokens, ratio=33/4455=0.74% 
[03:52:46] [INFO   ] Fixpoint[3]:Reducer[perses_node_priority_with_dfs_delta]: Delta node (#leaves=1) 
[03:52:46] [INFO   ] Fixpoint[3]:Reducer[perses_node_priority_with_dfs_delta]: Delta node (#leaves=1): queue=3, delete 0 tokens, ratio=33/4455=0.74% 
[03:52:46] [INFO   ] Fixpoint[3]:Reducer[perses_node_priority_with_dfs_delta]: Delta node (#leaves=1) 
[03:52:46] [INFO   ] Fixpoint[3]:Reducer[perses_node_priority_with_dfs_delta]: Delta node (#leaves=1): queue=2, delete 0 tokens, ratio=33/4455=0.74% 
[03:52:46] [INFO   ] Fixpoint[3]:Reducer[perses_node_priority_with_dfs_delta]: Delta node (#leaves=1) 
[03:52:46] [INFO   ] Fixpoint[3]:Reducer[perses_node_priority_with_dfs_delta]: Delta node (#leaves=1): queue=1, delete 0 tokens, ratio=33/4455=0.74% 
[03:52:46] [INFO   ] Fixpoint[3]:Reducer[perses_node_priority_with_dfs_delta]: Delta node (#leaves=1) 
[03:52:46] [INFO   ] Fixpoint[3]:Reducer[perses_node_priority_with_dfs_delta]: Delta node (#leaves=1): queue=0, delete 0 tokens, ratio=33/4455=0.74% 
[03:52:46] [INFO   ] perses_node_priority_with_dfs_delta ended at 03:52:46 2022/08/09. #old=33, #new=33 
[03:52:46] [INFO   ] Fixpoint[3]:Reducer[perses_node_priority_with_dfs_delta]: Fixpoint iteration finished, delete 0 tokens, ratio=33/4455=0.74% 
[03:52:46] [INFO   ] Reduction ended at 03:52:46 2022/08/09 
[03:52:46] [INFO   ] Elapsed time is 357 seconds (5 minutes 57 seconds) 
[03:52:46] [INFO   ] Removed %s tokens. reduction ratio is 33/4455=0.74% 
[03:52:46] [INFO   ] Test script execution count: 209 

