f i i1 = 1384579462,136,5445412
i2 i3 i18 = 191,0,-5
i19 l1 i20 = 6,-7,37
b dArr iArr3 = 0,4653869819847390602,-38801
Test.instanceCount Test.iFld dFld = -2147567067,0,4746794208006766592
Test.fFld sFld Test.lArrFld = 1069711182,-6543,35829
vMeth2_check_sum: 1896008043299113910
vMeth1_check_sum: 6153976357252760882
vMeth_check_sum: 8075914434417313847
f i i1 = -762903841,136,-2147459360
i2 i3 i18 = 191,0,-5
i19 l1 i20 = 6,-7,37
b dArr iArr3 = 0,4653872293748553098,-38801
Test.instanceCount Test.iFld dFld = 2147674985,0,4638566878703255552
Test.fFld sFld Test.lArrFld = 1069711182,-6543,35828
vMeth2_check_sum: 3792023491117372007
vMeth1_check_sum: 3089422723945503757
vMeth_check_sum: -2294915204874923923
f i i1 = 1384580253,136,-2147459229
i2 i3 i18 = 191,0,-5
i19 l1 i20 = 6,-7,37
b dArr iArr3 = 0,4653867895702041994,-38801
Test.instanceCount Test.iFld dFld = -2147758419,0,4746794609334550528
Test.fFld sFld Test.lArrFld = 1069711182,-6543,35827
vMeth2_check_sum: 5688038934649924708
vMeth1_check_sum: -9193681944197005437
vMeth_check_sum: 5780999229542389923
f i i1 = -762903052,136,-2147459360
i2 i3 i18 = 191,0,-5
i19 l1 i20 = 6,-7,37
b dArr iArr3 = 0,4653863497655530890,-38801
Test.instanceCount Test.iFld dFld = 2147866545,0,4638566878703255552
Test.fFld sFld Test.lArrFld = 1069711182,-6543,35826
vMeth2_check_sum: 7584054382463397805
vMeth1_check_sum: 6198150459456177704
vMeth_check_sum: -4589830409749847847
f i i1 = 1384581044,136,-2147459229
i2 i3 i18 = 191,0,-5
i19 l1 i20 = 6,-7,37
b dArr iArr3 = 0,4653859099609019786,-38801
Test.instanceCount Test.iFld dFld = -2147950347,0,4746795011467640832
Test.fFld sFld Test.lArrFld = 1069711182,-6543,35825
vMeth2_check_sum: -8966674247708805310
vMeth1_check_sum: -6075312241221879544
vMeth_check_sum: 3486084024667465999
f i i1 = -762902261,136,-2147459360
i2 i3 i18 = 191,0,-5
i19 l1 i20 = 6,-7,37
b dArr iArr3 = 0,4653854701562508682,-38801
Test.instanceCount Test.iFld dFld = 2148058681,0,4638566878703255552
Test.fFld sFld Test.lArrFld = 1069711182,-6543,35824
vMeth2_check_sum: -7070658799900136413
vMeth1_check_sum: -9120581943796850843
vMeth_check_sum: -6884745614624771771
f i i1 = 1384581831,136,-2147459229
i2 i3 i18 = 191,0,-5
i19 l1 i20 = 6,-7,37
b dArr iArr3 = 0,4653850303515997578,-38801
Test.instanceCount Test.iFld dFld = -2148142531,0,4746795414808690688
Test.fFld sFld Test.lArrFld = 1069711182,-6543,35823
vMeth2_check_sum: -5174643356357987312
vMeth1_check_sum: -2937658602211047549
vMeth_check_sum: 1191168819792542075
f i i1 = -762901473,136,-2147459360
i2 i3 i18 = 191,0,-5
i19 l1 i20 = 6,-7,37
b dArr iArr3 = 0,4653845905469486474,-38801
Test.instanceCount Test.iFld dFld = 2148250433,0,4638566878703255552
Test.fFld sFld Test.lArrFld = 1069711182,-6543,35822
vMeth2_check_sum: -3278627908554116215
vMeth1_check_sum: -5973286343815064380
vMeth_check_sum: -9179660819499695695
f i i1 = 1384582622,136,-2147459229
i2 i3 i18 = 191,0,-5
i19 l1 i20 = 6,-7,37
b dArr iArr3 = 0,4653841507422975370,-38801
Test.instanceCount Test.iFld dFld = -2148333947,0,4746795816002256896
Test.fFld sFld Test.lArrFld = 1069711182,-6543,35821
vMeth2_check_sum: -1382612465007176114
vMeth1_check_sum: 219278909652937980
vMeth_check_sum: -1103746385082381849
f i i1 = -762900679,136,-2147459360
i2 i3 i18 = 191,0,-5
i19 l1 i20 = 6,-7,37
b dArr iArr3 = 0,4653837109376464266,-38801
Test.instanceCount Test.iFld dFld = 2148441737,0,4638566878703255552
Test.fFld sFld Test.lArrFld = 1069711182,-6543,35820
vMeth2_check_sum: 513402982791913183
vMeth1_check_sum: -2806706941614413637
vMeth_check_sum: 6972168049334931997
