i i1 i2 = 3,0,0
i16 i17 i18 = 0,133,183952
i19 i20 by2 = 133,0,-43
i21 i22 lArr = 2,1838748,65040336
Test.instanceCount fFld Test.bFld = -1,1084227584,1
Test.dFld sFld Test.iArrFld = 0,-21962,317945
Test.bArrFld = 21794
vMeth1_check_sum: 32757730970085
dMeth_check_sum: -1489556076211392837
vMeth_check_sum: 3915003503998678576
i i1 i2 = 3,0,0
i16 i17 i18 = 0,133,183952
i19 i20 by2 = 133,0,-43
i21 i22 lArr = 2,1838748,65040336
Test.instanceCount fFld Test.bFld = -1,1084227584,1
Test.dFld sFld Test.iArrFld = 0,-21962,317945
Test.bArrFld = 21794
vMeth1_check_sum: 65466949388085
dMeth_check_sum: -2974608624369497766
vMeth_check_sum: 7830007007997359479
i i1 i2 = 3,0,0
i16 i17 i18 = 0,133,183952
i19 i20 by2 = 133,0,-43
i21 i22 lArr = 2,1838748,65040336
Test.instanceCount fFld Test.bFld = -1,1084227584,1
Test.dFld sFld Test.iArrFld = 0,-21962,317945
Test.bArrFld = 21794
vMeth1_check_sum: 98176167806085
dMeth_check_sum: -4459661172527602695
vMeth_check_sum: -6701733561713511234
i i1 i2 = 3,0,0
i16 i17 i18 = 0,133,183952
i19 i20 by2 = 133,0,-43
i21 i22 lArr = 2,1838748,65040336
Test.instanceCount fFld Test.bFld = -1,1084227584,1
Test.dFld sFld Test.iArrFld = 0,-21962,317945
Test.bArrFld = 21794
vMeth1_check_sum: 130885386224085
dMeth_check_sum: -5944713720685707624
vMeth_check_sum: -2786730057714830331
i i1 i2 = 3,0,0
i16 i17 i18 = 0,133,183952
i19 i20 by2 = 133,0,-43
i21 i22 lArr = 2,1838748,65040336
Test.instanceCount fFld Test.bFld = -1,1084227584,1
Test.dFld sFld Test.iArrFld = 0,-21962,317945
Test.bArrFld = 21794
vMeth1_check_sum: 163594604642085
dMeth_check_sum: -7429766268843812553
vMeth_check_sum: 1128273446283850572
i i1 i2 = 3,0,0
i16 i17 i18 = 0,133,183952
i19 i20 by2 = 133,0,-43
i21 i22 lArr = 2,1838748,65040336
Test.instanceCount fFld Test.bFld = -1,1084227584,1
Test.dFld sFld Test.iArrFld = 0,-21962,317945
Test.bArrFld = 21794
vMeth1_check_sum: 196303823060085
dMeth_check_sum: -8914818817001917482
vMeth_check_sum: 5043276950282531475
i i1 i2 = 3,0,0
i16 i17 i18 = 0,133,183952
i19 i20 by2 = 133,0,-43
i21 i22 lArr = 2,1838748,65040336
Test.instanceCount fFld Test.bFld = -1,1084227584,1
Test.dFld sFld Test.iArrFld = 0,-21962,317945
Test.bArrFld = 21794
vMeth1_check_sum: 229013041478085
dMeth_check_sum: 8046872708549529205
vMeth_check_sum: 8958280454281212378
i i1 i2 = 3,0,0
i16 i17 i18 = 0,133,183952
i19 i20 by2 = 133,0,-43
i21 i22 lArr = 2,1838748,65040336
Test.instanceCount fFld Test.bFld = -1,1084227584,1
Test.dFld sFld Test.iArrFld = 0,-21962,317945
Test.bArrFld = 21794
vMeth1_check_sum: 261722259896085
dMeth_check_sum: 6561820160391424276
vMeth_check_sum: -5573460115429658335
i i1 i2 = 3,0,0
i16 i17 i18 = 0,133,183952
i19 i20 by2 = 133,0,-43
i21 i22 lArr = 2,1838748,65040336
Test.instanceCount fFld Test.bFld = -1,1084227584,1
Test.dFld sFld Test.iArrFld = 0,-21962,317945
Test.bArrFld = 21794
vMeth1_check_sum: 294431478314085
dMeth_check_sum: 5076767612233319347
vMeth_check_sum: -1658456611430977432
i i1 i2 = 3,0,0
i16 i17 i18 = 0,133,183952
i19 i20 by2 = 133,0,-43
i21 i22 lArr = 2,1838748,65040336
Test.instanceCount fFld Test.bFld = -1,1084227584,1
Test.dFld sFld Test.iArrFld = 0,-21962,317945
Test.bArrFld = 21794
vMeth1_check_sum: 327140696732085
dMeth_check_sum: 3591715064075214418
vMeth_check_sum: 2256546892567703471
