i20 i21 i22 = 154,355046321,352
by2 i23 i24 = -105,-3,0
i25 i26 i27 = 72,183570,2
i28 i29 iArr2 = -194,350036768,-100534800
Test.instanceCount Test.fFld bFld = 0,1251534546,0
Test.fArrFld Test.iArrFld = 4665578301573906432,-58746
vMeth1_check_sum: 77104207026557937
iMeth_check_sum: 4609336984857738719
vMeth_check_sum: 1486543833
i20 i21 i22 = 154,2113640561,352
by2 i23 i24 = -105,-3,0
i25 i26 i27 = 72,183570,2
i28 i29 iArr2 = -194,2103620736,-100534800
Test.instanceCount Test.fFld bFld = 0,1259923113,0
Test.fArrFld Test.iArrFld = 4665578301573906432,-437571248
vMeth1_check_sum: 154208414053115874
iMeth_check_sum: 9218673969715477438
vMeth_check_sum: 2366851411
i20 i21 i22 = 154,-422732495,352
by2 i23 i24 = -105,-3,0
i25 i26 i27 = 72,183570,2
i28 i29 iArr2 = -194,-437762528,-100534800
Test.instanceCount Test.fFld bFld = 0,1264933353,0
Test.fArrFld Test.iArrFld = 4665578301573906432,-274778390
vMeth1_check_sum: 231312621079673811
iMeth_check_sum: -4618733119136335459
vMeth_check_sum: 2070484002
i20 i21 i22 = 154,1335876838,352
by2 i23 i24 = -105,-3,0
i25 i26 i27 = 72,183570,2
i28 i29 iArr2 = -194,1315836544,-100534800
Test.instanceCount Test.fFld bFld = 0,1268311722,0
Test.fArrFld Test.iArrFld = 4665578301573906432,-223550773
vMeth1_check_sum: 308416828106231748
iMeth_check_sum: -9396134278596740
vMeth_check_sum: 1466869717
i20 i21 i22 = 154,-1200469542,352
by2 i23 i24 = -105,-3,0
i25 i26 i27 = 72,183570,2
i28 i29 iArr2 = -194,-1225520128,-100534800
Test.instanceCount Test.fFld bFld = 0,1270816880,0
Test.fArrFld Test.iArrFld = 4665578301573906432,-186011967
vMeth1_check_sum: 385521035132789685
iMeth_check_sum: 4599940850579141979
vMeth_check_sum: 2778480431
i20 i21 i22 = 154,558151374,352
by2 i23 i24 = -105,-3,0
i25 i26 i27 = 72,183570,2
i28 i29 iArr2 = -194,528090400,-100534800
Test.instanceCount Test.fFld bFld = 0,1273322038,0
Test.fArrFld Test.iArrFld = 4665578301573906432,-190524850
vMeth1_check_sum: 462625242159347622
iMeth_check_sum: 9209277835436880698
vMeth_check_sum: 3491326611
i20 i21 i22 = 154,-1978195006,352
by2 i23 i24 = -105,-3,0
i25 i26 i27 = 72,183570,2
i28 i29 iArr2 = -194,-2013266176,-100534800
Test.instanceCount Test.fFld bFld = 0,1275447806,0
Test.fArrFld Test.iArrFld = 4665578301573906432,-161561813
vMeth1_check_sum: 539729449185905559
iMeth_check_sum: -4628129253414932199
vMeth_check_sum: 4366183655
i20 i21 i22 = 154,-219574090,352
by2 i23 i24 = -105,-3,0
i25 i26 i27 = 72,183570,2
i28 i29 iArr2 = -194,-259655712,-100534800
Test.instanceCount Test.fFld bFld = 0,1276700385,0
Test.fArrFld Test.iArrFld = 4665578301573906432,53532453
vMeth1_check_sum: 616833656212463496
iMeth_check_sum: -18792268557193480
vMeth_check_sum: 4995426693
i20 i21 i22 = 154,1539046826,352
by2 i23 i24 = -105,-3,0
i25 i26 i27 = 72,183570,2
i28 i29 iArr2 = -194,1493954816,-100534800
Test.instanceCount Test.fFld bFld = 0,1277952964,0
Test.fArrFld Test.iArrFld = 4665578301573906432,-77009873
vMeth1_check_sum: 693937863239021433
iMeth_check_sum: 4590544716300545239
vMeth_check_sum: 6589362731
i20 i21 i22 = 154,-997299554,352
by2 i23 i24 = -105,-3,0
i25 i26 i27 = 72,183570,2
i28 i29 iArr2 = -194,-1047401856,-100534800
Test.instanceCount Test.fFld bFld = 0,1279205543,0
Test.fArrFld Test.iArrFld = 4665578301573906432,99796877
vMeth1_check_sum: 771042070265579370
iMeth_check_sum: 9199881701158283958
vMeth_check_sum: 6413602615
