i17 i18 i19 = 9,-2147483648,190
i20 i21 i22 = 9,3,-7
i23 lArr2 = -243,21703
Test.instanceCount Test.dFld iFld = 81,4612551385095787145,77844713
Test.fFld Test.bFld byFld = 1117911030,0,18
sFld Test.iArrFld = -15127,9248
iMeth_check_sum: -5277541914434813056
byMeth_check_sum: 4876239511827069125
vMeth_check_sum: -567701245
i17 i18 i19 = 9,-2147483648,190
i20 i21 i22 = 9,3,-7
i23 lArr2 = -243,21703
Test.instanceCount Test.dFld iFld = 81,4612551385095787145,155689429
Test.fFld Test.bFld byFld = 1118223545,0,18
sFld Test.iArrFld = -15127,9248
iMeth_check_sum: 4227939357697811158
byMeth_check_sum: -8819238657370797752
vMeth_check_sum: -1434822076
i17 i18 i19 = 9,-2147483648,190
i20 i21 i22 = 9,3,-7
i23 lArr2 = -243,21703
Test.instanceCount Test.dFld iFld = 81,4612551385095787145,233534145
Test.fFld Test.bFld byFld = 1118536060,0,18
sFld Test.iArrFld = -15127,9248
iMeth_check_sum: -4713323443879116244
byMeth_check_sum: -4067972752859113013
vMeth_check_sum: -2296491198
i17 i18 i19 = 9,-2147483648,190
i20 i21 i22 = 9,3,-7
i23 lArr2 = -243,21703
Test.instanceCount Test.dFld iFld = 81,4612551385095787145,311378861
Test.fFld Test.bFld byFld = 1118848575,0,18
sFld Test.iArrFld = -15127,9248
iMeth_check_sum: 4792157828253507970
byMeth_check_sum: 683293151652571726
vMeth_check_sum: -3167653331
i17 i18 i19 = 9,-2147483648,190
i20 i21 i22 = 9,3,-7
i23 lArr2 = -243,21703
Test.instanceCount Test.dFld iFld = 81,4612551385095787145,389223577
Test.fFld Test.bFld byFld = 1119161090,0,18
sFld Test.iArrFld = -15127,9248
iMeth_check_sum: -4149104973323419432
byMeth_check_sum: 5434559056164256465
vMeth_check_sum: -4029258154
i17 i18 i19 = 9,-2147483648,190
i20 i21 i22 = 9,3,-7
i23 lArr2 = -243,21703
Test.instanceCount Test.dFld iFld = 81,4612551385095787145,467068293
Test.fFld Test.bFld byFld = 1119473605,0,18
sFld Test.iArrFld = -15127,9248
iMeth_check_sum: 5356376298809204782
byMeth_check_sum: -8260919113033610412
vMeth_check_sum: -4892957321
i17 i18 i19 = 9,-2147483648,190
i20 i21 i22 = 9,3,-7
i23 lArr2 = -243,21703
Test.instanceCount Test.dFld iFld = 81,4612551385095787145,544913009
Test.fFld Test.bFld byFld = 1119786120,0,18
sFld Test.iArrFld = -15127,9248
iMeth_check_sum: -3584886502767722620
byMeth_check_sum: -3509653208521925673
vMeth_check_sum: -5729463838
i17 i18 i19 = 9,-2147483648,190
i20 i21 i22 = 9,3,-7
i23 lArr2 = -243,21703
Test.instanceCount Test.dFld iFld = 81,4612551385095787145,622757725
Test.fFld Test.bFld byFld = 1120098635,0,18
sFld Test.iArrFld = -15127,9248
iMeth_check_sum: 5920594769364901594
byMeth_check_sum: 1241612695989759066
vMeth_check_sum: -6599559381
i17 i18 i19 = 9,-2147483648,190
i20 i21 i22 = 9,3,-7
i23 lArr2 = -243,21703
Test.instanceCount Test.dFld iFld = 81,4612551385095787145,700602441
Test.fFld Test.bFld byFld = 1120411150,0,18
sFld Test.iArrFld = -15127,9248
iMeth_check_sum: -3020668032212025808
byMeth_check_sum: 5992878600501443805
vMeth_check_sum: -7454093324
i17 i18 i19 = 9,-2147483648,190
i20 i21 i22 = 9,3,-7
i23 lArr2 = -243,21703
Test.instanceCount Test.dFld iFld = 81,4612551385095787145,778447157
Test.fFld Test.bFld byFld = 1120723665,0,18
sFld Test.iArrFld = -15127,9248
iMeth_check_sum: 6484813239920598406
byMeth_check_sum: -7702599568696423072
vMeth_check_sum: -8324107507
