i i1 i17 = 295,0,89
i18 s2 i19 = 0,32408,395
i20 d2 i21 = -124,4645216725028044800,-10242
i22 i23 i24 = 317,70,1
b1 by iArr = 1,95,-18471
Test.instanceCount Test.iFld Test.fFld = -141339,-24572,1190998016
Test.dFld Test.fArrFld lArrFld = -4607911438989698007,-4553474147600564224,-1167
vMeth1_check_sum: -2743958269540154313
vMeth_check_sum: -10934020786
iMeth_check_sum: -3522014337438196326
i i1 i17 = 295,0,89
i18 s2 i19 = 0,32408,395
i20 d2 i21 = -124,4645216725028044800,-10242
i22 i23 i24 = 317,70,1
b1 by iArr = 1,95,-18471
Test.instanceCount Test.iFld Test.fFld = -141339,-24572,1190998016
Test.dFld Test.fArrFld lArrFld = -4607911438989698007,-4553474147600564224,-1167
vMeth1_check_sum: -5487887444604885034
vMeth_check_sum: -21868041572
iMeth_check_sum: -7044028674876392652
i i1 i17 = 295,0,89
i18 s2 i19 = 0,32408,395
i20 d2 i21 = -124,4645216725028044800,-10242
i22 i23 i24 = 317,70,1
b1 by iArr = 1,95,-18471
Test.instanceCount Test.iFld Test.fFld = -141339,-24572,1190998016
Test.dFld Test.fArrFld lArrFld = -4607911438989698007,-4553474147600564224,-1167
vMeth1_check_sum: -8231816619669615755
vMeth_check_sum: -32802062358
iMeth_check_sum: 7880701061394962638
i i1 i17 = 295,0,89
i18 s2 i19 = 0,32408,395
i20 d2 i21 = -124,4645216725028044800,-10242
i22 i23 i24 = 317,70,1
b1 by iArr = 1,95,-18471
Test.instanceCount Test.iFld Test.fFld = -141339,-24572,1190998016
Test.dFld Test.fArrFld lArrFld = -4607911438989698007,-4553474147600564224,-1167
vMeth1_check_sum: 7470998278975205140
vMeth_check_sum: -43736083144
iMeth_check_sum: 4358686723956766312
i i1 i17 = 295,0,89
i18 s2 i19 = 0,32408,395
i20 d2 i21 = -124,4645216725028044800,-10242
i22 i23 i24 = 317,70,1
b1 by iArr = 1,95,-18471
Test.instanceCount Test.iFld Test.fFld = -141339,-24572,1190998016
Test.dFld Test.fArrFld lArrFld = -4607911438989698007,-4553474147600564224,-1167
vMeth1_check_sum: 4727069103910474419
vMeth_check_sum: -54670103930
iMeth_check_sum: 836672386518569986
i i1 i17 = 295,0,89
i18 s2 i19 = 0,32408,395
i20 d2 i21 = -124,4645216725028044800,-10242
i22 i23 i24 = 317,70,1
b1 by iArr = 1,95,-18471
Test.instanceCount Test.iFld Test.fFld = -141339,-24572,1190998016
Test.dFld Test.fArrFld lArrFld = -4607911438989698007,-4553474147600564224,-1167
vMeth1_check_sum: 1983139928845743698
vMeth_check_sum: -65604124716
iMeth_check_sum: -2685341950919626340
i i1 i17 = 295,0,89
i18 s2 i19 = 0,32408,395
i20 d2 i21 = -124,4645216725028044800,-10242
i22 i23 i24 = 317,70,1
b1 by iArr = 1,95,-18471
Test.instanceCount Test.iFld Test.fFld = -141339,-24572,1190998016
Test.dFld Test.fArrFld lArrFld = -4607911438989698007,-4553474147600564224,-1167
vMeth1_check_sum: -760789246218987023
vMeth_check_sum: -76538145502
iMeth_check_sum: -6207356288357822666
i i1 i17 = 295,0,89
i18 s2 i19 = 0,32408,395
i20 d2 i21 = -124,4645216725028044800,-10242
i22 i23 i24 = 317,70,1
b1 by iArr = 1,95,-18471
Test.instanceCount Test.iFld Test.fFld = -141339,-24572,1190998016
Test.dFld Test.fArrFld lArrFld = -4607911438989698007,-4553474147600564224,-1167
vMeth1_check_sum: -3504718421283717744
vMeth_check_sum: -87472166288
iMeth_check_sum: 8717373447913532624
i i1 i17 = 295,0,89
i18 s2 i19 = 0,32408,395
i20 d2 i21 = -124,4645216725028044800,-10242
i22 i23 i24 = 317,70,1
b1 by iArr = 1,95,-18471
Test.instanceCount Test.iFld Test.fFld = -141339,-24572,1190998016
Test.dFld Test.fArrFld lArrFld = -4607911438989698007,-4553474147600564224,-1167
vMeth1_check_sum: -6248647596348448465
vMeth_check_sum: -98406187074
iMeth_check_sum: 5195359110475336298
i i1 i17 = 295,0,89
i18 s2 i19 = 0,32408,395
i20 d2 i21 = -124,4645216725028044800,-10242
i22 i23 i24 = 317,70,1
b1 by iArr = 1,95,-18471
Test.instanceCount Test.iFld Test.fFld = -141339,-24572,1190998016
Test.dFld Test.fArrFld lArrFld = -4607911438989698007,-4553474147600564224,-1167
vMeth1_check_sum: -8992576771413179186
vMeth_check_sum: -109340207860
iMeth_check_sum: 1673344773037139972
