i i1 i17 = 295,0,89
i18 s2 i19 = 0,32408,395
i20 d2 i21 = -124,4645216725028044800,-10242
i22 i23 i24 = 317,70,1
b1 by iArr = 1,95,-18471
Test.instanceCount Test.iFld Test.fFld = -141339,-24562,1190998016
Test.dFld Test.fArrFld lArrFld = -4607911438989698007,-4553474147600564224,-1167
vMeth1_check_sum: -2743958938855077996
vMeth_check_sum: -10974503894
iMeth_check_sum: -3522014337438196326
i i1 i17 = 295,0,89
i18 s2 i19 = 0,32408,395
i20 d2 i21 = -124,4645216725028044800,-10242
i22 i23 i24 = 317,70,1
b1 by iArr = 1,95,-18471
Test.instanceCount Test.iFld Test.fFld = -141339,-24562,1190998016
Test.dFld Test.fArrFld lArrFld = -4607911438989698007,-4553474147600564224,-1167
vMeth1_check_sum: -5487882609703444084
vMeth_check_sum: -21949007788
iMeth_check_sum: -7044028674876392652
i i1 i17 = 295,0,89
i18 s2 i19 = 0,32408,395
i20 d2 i21 = -124,4645216725028044800,-10242
i22 i23 i24 = 317,70,1
b1 by iArr = 1,95,-18471
Test.instanceCount Test.iFld Test.fFld = -141339,-24562,1190998016
Test.dFld Test.fArrFld lArrFld = -4607911438989698007,-4553474147600564224,-1167
vMeth1_check_sum: -8231806280551810172
vMeth_check_sum: -32923511682
iMeth_check_sum: 7880701061394962638
i i1 i17 = 295,0,89
i18 s2 i19 = 0,32408,395
i20 d2 i21 = -124,4645216725028044800,-10242
i22 i23 i24 = 317,70,1
b1 by iArr = 1,95,-18471
Test.instanceCount Test.iFld Test.fFld = -141339,-24562,1190998016
Test.dFld Test.fArrFld lArrFld = -4607911438989698007,-4553474147600564224,-1167
vMeth1_check_sum: 7471014122309375356
vMeth_check_sum: -43898015576
iMeth_check_sum: 4358686723956766312
i i1 i17 = 295,0,89
i18 s2 i19 = 0,32408,395
i20 d2 i21 = -124,4645216725028044800,-10242
i22 i23 i24 = 317,70,1
b1 by iArr = 1,95,-18471
Test.instanceCount Test.iFld Test.fFld = -141339,-24562,1190998016
Test.dFld Test.fArrFld lArrFld = -4607911438989698007,-4553474147600564224,-1167
vMeth1_check_sum: 4727090451461009268
vMeth_check_sum: -54872519470
iMeth_check_sum: 836672386518569986
i i1 i17 = 295,0,89
i18 s2 i19 = 0,32408,395
i20 d2 i21 = -124,4645216725028044800,-10242
i22 i23 i24 = 317,70,1
b1 by iArr = 1,95,-18471
Test.instanceCount Test.iFld Test.fFld = -141339,-24562,1190998016
Test.dFld Test.fArrFld lArrFld = -4607911438989698007,-4553474147600564224,-1167
vMeth1_check_sum: 1983166780612643180
vMeth_check_sum: -65847023364
iMeth_check_sum: -2685341950919626340
i i1 i17 = 295,0,89
i18 s2 i19 = 0,32408,395
i20 d2 i21 = -124,4645216725028044800,-10242
i22 i23 i24 = 317,70,1
b1 by iArr = 1,95,-18471
Test.instanceCount Test.iFld Test.fFld = -141339,-24562,1190998016
Test.dFld Test.fArrFld lArrFld = -4607911438989698007,-4553474147600564224,-1167
vMeth1_check_sum: -760756890235722908
vMeth_check_sum: -76821527258
iMeth_check_sum: -6207356288357822666
i i1 i17 = 295,0,89
i18 s2 i19 = 0,32408,395
i20 d2 i21 = -124,4645216725028044800,-10242
i22 i23 i24 = 317,70,1
b1 by iArr = 1,95,-18471
Test.instanceCount Test.iFld Test.fFld = -141339,-24562,1190998016
Test.dFld Test.fArrFld lArrFld = -4607911438989698007,-4553474147600564224,-1167
vMeth1_check_sum: -3504680561084088996
vMeth_check_sum: -87796031152
iMeth_check_sum: 8717373447913532624
i i1 i17 = 295,0,89
i18 s2 i19 = 0,32408,395
i20 d2 i21 = -124,4645216725028044800,-10242
i22 i23 i24 = 317,70,1
b1 by iArr = 1,95,-18471
Test.instanceCount Test.iFld Test.fFld = -141339,-24562,1190998016
Test.dFld Test.fArrFld lArrFld = -4607911438989698007,-4553474147600564224,-1167
vMeth1_check_sum: -6248604231932455084
vMeth_check_sum: -98770535046
iMeth_check_sum: 5195359110475336298
i i1 i17 = 295,0,89
i18 s2 i19 = 0,32408,395
i20 d2 i21 = -124,4645216725028044800,-10242
i22 i23 i24 = 317,70,1
b1 by iArr = 1,95,-18471
Test.instanceCount Test.iFld Test.fFld = -141339,-24562,1190998016
Test.dFld Test.fArrFld lArrFld = -4607911438989698007,-4553474147600564224,-1167
vMeth1_check_sum: -8992527902780821172
vMeth_check_sum: -109745038940
iMeth_check_sum: 1673344773037139972
