i d i13 = -1811895805,4593624566308999153,248
i14 i15 lArr = 5,-12281,3804306598800
dArr = -4548110340390851693
Test.instanceCount byFld fFld = 15367929856,-18,-1027953787
Test.iArrFld bArrFld = 220809,-400
iMeth_check_sum: -56876
vMeth2_check_sum: 38184
vMeth1_check_sum: 23137966
vMeth_check_sum: -1027966881
i d i13 = -1811895805,4593624566308999153,248
i14 i15 lArr = 5,-12281,3804306598800
dArr = -4548110340390851693
Test.instanceCount byFld fFld = 15367929856,-51,-1027953787
Test.iArrFld bArrFld = 220809,-400
iMeth_check_sum: -113752
vMeth2_check_sum: 76368
vMeth1_check_sum: 46275678
vMeth_check_sum: -2055933762
i d i13 = -1811895805,4593624566308999153,248
i14 i15 lArr = 5,-12281,3804306598800
dArr = -4548110340390851693
Test.instanceCount byFld fFld = 15367929856,-84,-1027953787
Test.iArrFld bArrFld = 220809,-400
iMeth_check_sum: -170628
vMeth2_check_sum: 114552
vMeth1_check_sum: 69413390
vMeth_check_sum: -3083900643
i d i13 = -1811895805,4593624566308999153,248
i14 i15 lArr = 5,-12281,3804306598800
dArr = -4548110340390851693
Test.instanceCount byFld fFld = 15367929856,-117,-1027953787
Test.iArrFld bArrFld = 220809,-400
iMeth_check_sum: -227504
vMeth2_check_sum: 152736
vMeth1_check_sum: 92551102
vMeth_check_sum: -4111867524
i d i13 = -1811895805,4593624566308999153,248
i14 i15 lArr = 5,-12281,3804306598800
dArr = -4548110340390851693
Test.instanceCount byFld fFld = 15367929856,106,-1027953787
Test.iArrFld bArrFld = 220809,-400
iMeth_check_sum: -284380
vMeth2_check_sum: 190920
vMeth1_check_sum: 115688814
vMeth_check_sum: -5139834405
i d i13 = -1811895805,4593624566308999153,248
i14 i15 lArr = 5,-12281,3804306598800
dArr = -4548110340390851693
Test.instanceCount byFld fFld = 15367929856,73,-1027953787
Test.iArrFld bArrFld = 220809,-400
iMeth_check_sum: -341256
vMeth2_check_sum: 229104
vMeth1_check_sum: 138826526
vMeth_check_sum: -6167801286
i d i13 = -1811895805,4593624566308999153,248
i14 i15 lArr = 5,-12281,3804306598800
dArr = -4548110340390851693
Test.instanceCount byFld fFld = 15367929856,40,-1027953787
Test.iArrFld bArrFld = 220809,-400
iMeth_check_sum: -398132
vMeth2_check_sum: 267288
vMeth1_check_sum: 161964238
vMeth_check_sum: -7195768167
i d i13 = -1811895805,4593624566308999153,248
i14 i15 lArr = 5,-12281,3804306598800
dArr = -4548110340390851693
Test.instanceCount byFld fFld = 15367929856,7,-1027953787
Test.iArrFld bArrFld = 220809,-400
iMeth_check_sum: -455008
vMeth2_check_sum: 305472
vMeth1_check_sum: 185101950
vMeth_check_sum: -8223735048
i d i13 = -1811895805,4593624566308999153,248
i14 i15 lArr = 5,-12281,3804306598800
dArr = -4548110340390851693
Test.instanceCount byFld fFld = 15367929856,-26,-1027953787
Test.iArrFld bArrFld = 220809,-400
iMeth_check_sum: -511884
vMeth2_check_sum: 343656
vMeth1_check_sum: 208239662
vMeth_check_sum: -9251701929
i d i13 = -1811895805,4593624566308999153,248
i14 i15 lArr = 5,-12281,3804306598800
dArr = -4548110340390851693
Test.instanceCount byFld fFld = 15367929856,-59,-1027953787
Test.iArrFld bArrFld = 220809,-400
iMeth_check_sum: -568760
vMeth2_check_sum: 381840
vMeth1_check_sum: 231377374
vMeth_check_sum: -10279668810
