f i19 i20 = -1082130432,363,-64
i21 i22 i23 = 74,-64,2
by1 d2 i24 = 96,-4609613011518909265,2
bArr iArr1 iArr2 = 29293,-308599,-156365645
sArr = -80382
Test.instanceCount Test.iFld Test.iFld1 = -291402686,-291402686,0
Test.bFld Test.fArrFld = 1,4729665362016774680
vMeth1_check_sum: 5605168223294566326
vMeth_check_sum: 7915792399486544096
bMeth_check_sum: 117018222212
f i19 i20 = -1082130432,363,-64
i21 i22 i23 = 74,-64,2
by1 d2 i24 = 96,-4609613011518909265,2
bArr iArr1 iArr2 = 29602,-308599,-156365645
sArr = -80382
Test.instanceCount Test.iFld Test.iFld1 = -291402686,-291402686,0
Test.bFld Test.fArrFld = 1,4734169114420896028
vMeth1_check_sum: -7236407060342809314
vMeth_check_sum: 1720580535500653906
bMeth_check_sum: 234225983255
f i19 i20 = -1082130432,363,-64
i21 i22 i23 = 74,-64,2
by1 d2 i24 = 96,-4609613011518909265,2
bArr iArr1 iArr2 = 29602,-308599,-156365645
sArr = -80382
Test.instanceCount Test.iFld Test.iFld1 = -291402686,-291402686,0
Test.bFld Test.fArrFld = 1,4736863954636739372
vMeth1_check_sum: -1631238270270633338
vMeth_check_sum: -4474631328485236284
bMeth_check_sum: 351433744298
f i19 i20 = -1082130432,363,-64
i21 i22 i23 = 74,-64,2
by1 d2 i24 = 96,-4609613011518909265,2
bArr iArr1 iArr2 = 29602,-308599,-156365645
sArr = -80382
Test.instanceCount Test.iFld Test.iFld1 = -291402686,-291402686,0
Test.bFld Test.fArrFld = 1,4738672790459858886
vMeth1_check_sum: 3973930519801542638
vMeth_check_sum: 7776900881238425142
bMeth_check_sum: 468641505341
f i19 i20 = -1082130432,363,-64
i21 i22 i23 = 74,-64,2
by1 d2 i24 = 96,-4609613011518909265,2
bArr iArr1 iArr2 = 29602,-308599,-156365645
sArr = -80382
Test.instanceCount Test.iFld Test.iFld1 = -291402686,-291402686,0
Test.bFld Test.fArrFld = 1,4740020206205931742
vMeth1_check_sum: -8867644763835833002
vMeth_check_sum: 1581689017252534952
bMeth_check_sum: 585849266384
f i19 i20 = -1082130432,363,-64
i21 i22 i23 = 74,-64,2
by1 d2 i24 = 96,-4609613011518909265,2
bArr iArr1 iArr2 = 29602,-308599,-156365645
sArr = -80382
Test.instanceCount Test.iFld Test.iFld1 = -291402686,-291402686,0
Test.bFld Test.fArrFld = 1,4741367613967709726
vMeth1_check_sum: -3262475973763657026
vMeth_check_sum: -4613522846733355238
bMeth_check_sum: 703057027427
f i19 i20 = -1082130432,363,-64
i21 i22 i23 = 74,-64,2
by1 d2 i24 = 96,-4609613011518909265,2
bArr iArr1 iArr2 = 29602,-308599,-156365645
sArr = -80382
Test.instanceCount Test.iFld Test.iFld1 = -291402686,-291402686,0
Test.bFld Test.fArrFld = 1,4742502721440307479
vMeth1_check_sum: 2342692816308518950
vMeth_check_sum: 7638009362990306188
bMeth_check_sum: 820264788470
f i19 i20 = -1082130432,363,-64
i21 i22 i23 = 74,-64,2
by1 d2 i24 = 96,-4609613011518909265,2
bArr iArr1 iArr2 = 29602,-308599,-156365645
sArr = -80382
Test.instanceCount Test.iFld Test.iFld1 = -291402686,-291402686,0
Test.bFld Test.fArrFld = 1,4743176422558446615
vMeth1_check_sum: 7947861606380694926
vMeth_check_sum: 1442797499004415998
bMeth_check_sum: 937472549513
f i19 i20 = -1082130432,363,-64
i21 i22 i23 = 74,-64,2
by1 d2 i24 = 96,-4609613011518909265,2
bArr iArr1 iArr2 = 29602,-308599,-156365645
sArr = -80382
Test.instanceCount Test.iFld Test.iFld1 = -291402686,-291402686,0
Test.bFld Test.fArrFld = 1,4743850131133235687
vMeth1_check_sum: -4893713677256680714
vMeth_check_sum: -4752414364981474192
bMeth_check_sum: 1054680310556
f i19 i20 = -1082130432,363,-64
i21 i22 i23 = 74,-64,2
by1 d2 i24 = 96,-4609613011518909265,2
bArr iArr1 iArr2 = 29602,-308599,-156365645
sArr = -80382
Test.instanceCount Test.iFld Test.iFld1 = -291402686,-291402686,0
Test.bFld Test.fArrFld = 1,4744523843564435999
vMeth1_check_sum: 711455112815495262
vMeth_check_sum: 7499117844742187234
bMeth_check_sum: 1171888071599
