f i19 i20 = -1082130432,363,-64
i21 i22 i23 = 74,-64,2
by1 d2 i24 = 96,-4609613011518909265,2
bArr iArr1 iArr2 = 29293,-308599,-156361075
sArr = -73892
Test.instanceCount Test.iFld Test.iFld1 = -291402686,-291402686,0
Test.bFld Test.fArrFld = 1,4729544636914958552
vMeth1_check_sum: 5605167426856835634
vMeth_check_sum: 7059876553283988571
bMeth_check_sum: 124850761060
f i19 i20 = -1082130432,363,-64
i21 i22 i23 = 74,-64,2
by1 d2 i24 = 96,-4609613011518909265,2
bArr iArr1 iArr2 = 29602,-308599,-156361075
sArr = -73892
Test.instanceCount Test.iFld Test.iFld1 = -291402686,-291402686,0
Test.bFld Test.fArrFld = 1,4734048393420851996
vMeth1_check_sum: -7236408587149332032
vMeth_check_sum: -516024681865251839
bMeth_check_sum: 249891060695
f i19 i20 = -1082130432,363,-64
i21 i22 i23 = 74,-64,2
by1 d2 i24 = 96,-4609613011518909265,2
bArr iArr1 iArr2 = 29602,-308599,-156361075
sArr = -73892
Test.instanceCount Test.iFld Test.iFld1 = -291402686,-291402686,0
Test.bFld Test.fArrFld = 1,4736682875183409372
vMeth1_check_sum: -1631240527445948082
vMeth_check_sum: -8091925917014492249
bMeth_check_sum: 374931360330
f i19 i20 = -1082130432,363,-64
i21 i22 i23 = 74,-64,2
by1 d2 i24 = 96,-4609613011518909265,2
bArr iArr1 iArr2 = 29602,-308599,-156361075
sArr = -73892
Test.instanceCount Test.iFld Test.iFld1 = -291402686,-291402686,0
Test.bFld Test.fArrFld = 1,4738552070575414726
vMeth1_check_sum: 3973927532257435868
vMeth_check_sum: 2778916921545818957
bMeth_check_sum: 499971659965
f i19 i20 = -1082130432,363,-64
i21 i22 i23 = 74,-64,2
by1 d2 i24 = 96,-4609613011518909265,2
bArr iArr1 iArr2 = 29602,-308599,-156361075
sArr = -73892
Test.instanceCount Test.iFld Test.iFld1 = -291402686,-291402686,0
Test.bFld Test.fArrFld = 1,4739869307606565502
vMeth1_check_sum: -8867648481748731798
vMeth_check_sum: -4796984313603421453
bMeth_check_sum: 625011959600
f i19 i20 = -1082130432,363,-64
i21 i22 i23 = 74,-64,2
by1 d2 i24 = 96,-4609613011518909265,2
bArr iArr1 iArr2 = 29602,-308599,-156361075
sArr = -73892
Test.instanceCount Test.iFld Test.iFld1 = -291402686,-291402686,0
Test.bFld Test.fArrFld = 1,4741186535864891102
vMeth1_check_sum: -3262480422045347848
vMeth_check_sum: 6073858524956889753
bMeth_check_sum: 750052259235
f i19 i20 = -1082130432,363,-64
i21 i22 i23 = 74,-64,2
by1 d2 i24 = 96,-4609613011518909265,2
bArr iArr1 iArr2 = 29602,-308599,-156361075
sArr = -73892
Test.instanceCount Test.iFld Test.iFld1 = -291402686,-291402686,0
Test.bFld Test.fArrFld = 1,4742397092259362251
vMeth1_check_sum: 2342687637658036102
vMeth_check_sum: -1502042710192350657
bMeth_check_sum: 875092558870
f i19 i20 = -1082130432,363,-64
i21 i22 i23 = 74,-64,2
by1 d2 i24 = 96,-4609613011518909265,2
bArr iArr1 iArr2 = 29602,-308599,-156361075
sArr = -73892
Test.instanceCount Test.iFld Test.iFld1 = -291402686,-291402686,0
Test.bFld Test.fArrFld = 1,4743055704171240791
vMeth1_check_sum: 7947855697361420052
vMeth_check_sum: -9077943945341591067
bMeth_check_sum: 1000132858505
f i19 i20 = -1082130432,363,-64
i21 i22 i23 = 74,-64,2
by1 d2 i24 = 96,-4609613011518909265,2
bArr iArr1 iArr2 = 29602,-308599,-156361075
sArr = -73892
Test.instanceCount Test.iFld Test.iFld1 = -291402686,-291402686,0
Test.bFld Test.fArrFld = 1,4743714322809719607
vMeth1_check_sum: -4893720316644747614
vMeth_check_sum: 1792898893218720139
bMeth_check_sum: 1125173158140
f i19 i20 = -1082130432,363,-64
i21 i22 i23 = 74,-64,2
by1 d2 i24 = 96,-4609613011518909265,2
bArr iArr1 iArr2 = 29602,-308599,-156361075
sArr = -73892
Test.instanceCount Test.iFld Test.iFld1 = -291402686,-291402686,0
Test.bFld Test.fArrFld = 1,4744372945514321407
vMeth1_check_sum: 711447743058636336
vMeth_check_sum: -5783002341930520271
bMeth_check_sum: 1250213457775
