i i1 i2 = 364,69,70
i3 d i4 = -2147483648,-4615640133864222926,2
i5 i17 i18 = -11368,2,-11368
b3 s = 1,15486
Test.instanceCount iFld Test.dFld = -9,-2147483648,-4503599627370496
Test.byFld Test.fFld Test.dArrFld = 17,1186753726,4811720132814111553
Test.byArrFld iArrFld lArrFld = 2579,-4587091,-400
Test.bArrFld = 13534
vMeth_check_sum: 0
lMeth_check_sum: 0
iMeth_check_sum: -49838521692240
i i1 i2 = 364,69,70
i3 d i4 = -2147483648,-4615640133864222926,2
i5 i17 i18 = -11368,2,-11368
b3 s = 1,15486
Test.instanceCount iFld Test.dFld = -9,-2147483648,-4503599627370496
Test.byFld Test.fFld Test.dArrFld = 17,1195142751,4816223732624889253
Test.byArrFld iArrFld lArrFld = 2579,-4587091,-400
Test.bArrFld = 13534
vMeth_check_sum: 0
lMeth_check_sum: 0
iMeth_check_sum: -99677043384480
i i1 i2 = 364,69,70
i3 d i4 = -2147483648,-4615640133864222926,2
i5 i17 i18 = -11368,2,-11368
b3 s = 1,15486
Test.instanceCount iFld Test.dFld = -9,-2147483648,-4503599627370496
Test.byFld Test.fFld Test.dArrFld = 17,1200444208,4819132499649811666
Test.byArrFld iArrFld lArrFld = 2579,-4587091,-400
Test.bArrFld = 13534
vMeth_check_sum: 0
lMeth_check_sum: 0
iMeth_check_sum: -149515565076720
i i1 i2 = 364,69,70
i3 d i4 = -2147483648,-4615640133864222926,2
i5 i17 i18 = -11368,2,-11368
b3 s = 1,15486
Test.instanceCount iFld Test.dFld = -9,-2147483648,-4503599627370496
Test.byFld Test.fFld Test.dArrFld = 17,1203531568,4820727332343963346
Test.byArrFld iArrFld lArrFld = 2579,-4587091,-400
Test.bArrFld = 13534
vMeth_check_sum: 0
lMeth_check_sum: 0
iMeth_check_sum: -199354086768960
i i1 i2 = 364,69,70
i3 d i4 = -2147483648,-4615640133864222926,2
i5 i17 i18 = -11368,2,-11368
b3 s = 1,15486
Test.instanceCount iFld Test.dFld = -9,-2147483648,-4503599627370496
Test.byFld Test.fFld Test.dArrFld = 17,1206618928,4822322165038115026
Test.byArrFld iArrFld lArrFld = 2579,-4587091,-400
Test.bArrFld = 13534
vMeth_check_sum: 0
lMeth_check_sum: 0
iMeth_check_sum: -249192608461200
i i1 i2 = 364,69,70
i3 d i4 = -2147483648,-4615640133864222926,2
i5 i17 i18 = -11368,2,-11368
b3 s = 1,15486
Test.instanceCount iFld Test.dFld = -9,-2147483648,-4503599627370496
Test.byFld Test.fFld Test.dArrFld = 17,1208832920,4823636099323034128
Test.byArrFld iArrFld lArrFld = 2579,-4587091,-400
Test.bArrFld = 13534
vMeth_check_sum: 0
lMeth_check_sum: 0
iMeth_check_sum: -299031130153440
i i1 i2 = 364,69,70
i3 d i4 = -2147483648,-4615640133864222926,2
i5 i17 i18 = -11368,2,-11368
b3 s = 1,15486
Test.instanceCount iFld Test.dFld = -9,-2147483648,-4503599627370496
Test.byFld Test.fFld Test.dArrFld = 17,1210376600,4824433515670109973
Test.byArrFld iArrFld lArrFld = 2579,-4587091,-400
Test.bArrFld = 13534
vMeth_check_sum: 0
lMeth_check_sum: 0
iMeth_check_sum: -348869651845680
i i1 i2 = 364,69,70
i3 d i4 = -2147483648,-4615640133864222926,2
i5 i17 i18 = -11368,2,-11368
b3 s = 1,15486
Test.instanceCount iFld Test.dFld = -9,-2147483648,-4503599627370496
Test.byFld Test.fFld Test.dArrFld = 17,1211920280,4825230932017185816
Test.byArrFld iArrFld lArrFld = 2579,-4587091,-400
Test.bArrFld = 13534
vMeth_check_sum: 0
lMeth_check_sum: 0
iMeth_check_sum: -398708173537920
i i1 i2 = 364,69,70
i3 d i4 = -2147483648,-4615640133864222926,2
i5 i17 i18 = -11368,2,-11368
b3 s = 1,15486
Test.instanceCount iFld Test.dFld = -9,-2147483648,-4503599627370496
Test.byFld Test.fFld Test.dArrFld = 17,1213463960,4826028348364261658
Test.byArrFld iArrFld lArrFld = 2579,-4587091,-400
Test.bArrFld = 13534
vMeth_check_sum: 0
lMeth_check_sum: 0
iMeth_check_sum: -448546695230160
i i1 i2 = 364,69,70
i3 d i4 = -2147483648,-4615640133864222926,2
i5 i17 i18 = -11368,2,-11368
b3 s = 1,15486
Test.instanceCount iFld Test.dFld = -9,-2147483648,-4503599627370496
Test.byFld Test.fFld Test.dArrFld = 17,1215007640,4826825764711337501
Test.byArrFld iArrFld lArrFld = 2579,-4587091,-400
Test.bArrFld = 13534
vMeth_check_sum: 0
lMeth_check_sum: 0
iMeth_check_sum: -498385216922400
