b i i19 = 1,54831,125
i20 i21 i22 = 231,202,124
i23 i24 i25 = -7,202,1
i26 i27 l1 = -188,-54,-57605
iArr1 lArr fArr1 = 24150,-366564,4638930087803092992
Test.instanceCount Test.sFld Test.iFld = -14153,-23987,41363
Test.fFld Test.bFld dFld = -1023366267,1,-4615321819442560379
Test.iFld1 Test.byArrFld = 24598,-3415
vMeth_check_sum: -9135699030268577027
fMeth_check_sum: -4540102144632331244
lMeth_check_sum: -4587376208291195594
b i i19 = 1,54831,125
i20 i21 i22 = 231,202,124
i23 i24 i25 = -7,202,1
i26 i27 l1 = -188,-54,-57605
iArr1 lArr fArr1 = 24150,-366564,4638930087803092992
Test.instanceCount Test.sFld Test.iFld = -14906,-12227,41363
Test.fFld Test.bFld dFld = -1021990011,1,-4615321819442560379
Test.iFld1 Test.byArrFld = 24598,-3629
vMeth_check_sum: 175346013172397562
fMeth_check_sum: -9080204289264662488
lMeth_check_sum: -9174752416582391941
b i i19 = 1,54831,125
i20 i21 i22 = 231,202,124
i23 i24 i25 = -7,202,1
i26 i27 l1 = -188,-54,-57605
iArr1 lArr fArr1 = 24150,-366564,4638930087803092992
Test.instanceCount Test.sFld Test.iFld = -15659,-467,41363
Test.fFld Test.bFld dFld = -1020613755,1,-4615321819442560379
Test.iFld1 Test.byArrFld = 24598,-3249
vMeth_check_sum: -8960353017096179465
fMeth_check_sum: 4826437639812557884
lMeth_check_sum: 4684615448835962575
b i i19 = 1,54831,125
i20 i21 i22 = 231,202,124
i23 i24 i25 = -7,202,1
i26 i27 l1 = -188,-54,-57605
iArr1 lArr fArr1 = 24150,-366564,4638930087803092992
Test.instanceCount Test.sFld Test.iFld = -16412,11293,41363
Test.fFld Test.bFld dFld = -1019237499,1,-4615321819442560379
Test.iFld1 Test.byArrFld = 24598,-2845
vMeth_check_sum: 350692026344795124
fMeth_check_sum: 286335495180226640
lMeth_check_sum: 97239240544764722
b i i19 = 1,54831,125
i20 i21 i22 = 231,202,124
i23 i24 i25 = -7,202,1
i26 i27 l1 = -188,-54,-57605
iArr1 lArr fArr1 = 24150,-366564,4638930087803092992
Test.instanceCount Test.sFld Test.iFld = -17165,23053,41363
Test.fFld Test.bFld dFld = -1017861243,1,-4615321819442560379
Test.iFld1 Test.byArrFld = 24598,-2284
vMeth_check_sum: -8785007003923781903
fMeth_check_sum: -4253766649452104604
lMeth_check_sum: -4490136967746433884
b i i19 = 1,54831,125
i20 i21 i22 = 231,202,124
i23 i24 i25 = -7,202,1
i26 i27 l1 = -188,-54,-57605
iArr1 lArr fArr1 = 24150,-366564,4638930087803092992
Test.instanceCount Test.sFld Test.iFld = -17918,-30723,41363
Test.fFld Test.bFld dFld = -1016484987,1,-4615321819442560379
Test.iFld1 Test.byArrFld = 24598,-786
vMeth_check_sum: 526038039517192686
fMeth_check_sum: -8793868794084435848
lMeth_check_sum: -9077513176037633243
b i i19 = 1,54831,125
i20 i21 i22 = 231,202,124
i23 i24 i25 = -7,202,1
i26 i27 l1 = -188,-54,-57605
iArr1 lArr fArr1 = 24150,-366564,4638930087803092992
Test.instanceCount Test.sFld Test.iFld = -18671,-18963,41363
Test.fFld Test.bFld dFld = -1015108731,1,-4615321819442560379
Test.iFld1 Test.byArrFld = 24598,-269
vMeth_check_sum: -8609660990751384341
fMeth_check_sum: 5112773134992784524
lMeth_check_sum: 4781854689380718261
b i i19 = 1,54831,125
i20 i21 i22 = 231,202,124
i23 i24 i25 = -7,202,1
i26 i27 l1 = -188,-54,-57605
iArr1 lArr fArr1 = 24150,-366564,4638930087803092992
Test.instanceCount Test.sFld Test.iFld = -19424,-7203,41363
Test.fFld Test.bFld dFld = -1014377022,1,-4615321819442560379
Test.iFld1 Test.byArrFld = 24598,229
vMeth_check_sum: 701384052689590248
fMeth_check_sum: 572670990360453280
lMeth_check_sum: 194478481089517396
b i i19 = 1,54831,125
i20 i21 i22 = 231,202,124
i23 i24 i25 = -7,202,1
i26 i27 l1 = -188,-54,-57605
iArr1 lArr fArr1 = 24150,-366564,4638930087803092992
Test.instanceCount Test.sFld Test.iFld = -20177,4557,41363
Test.fFld Test.bFld dFld = -1013688894,1,-4615321819442560379
Test.iFld1 Test.byArrFld = 24598,666
vMeth_check_sum: -8434314977578986779
fMeth_check_sum: -3967431154271877964
lMeth_check_sum: -4392897727201684222
b i i19 = 1,54831,125
i20 i21 i22 = 231,202,124
i23 i24 i25 = -7,202,1
i26 i27 l1 = -188,-54,-57605
iArr1 lArr fArr1 = 24150,-366564,4638930087803092992
Test.instanceCount Test.sFld Test.iFld = -20930,16317,41363
Test.fFld Test.bFld dFld = -1013000766,1,-4615321819442560379
Test.iFld1 Test.byArrFld = 24598,402
vMeth_check_sum: 876730065861987810
fMeth_check_sum: -8507533298904209208
lMeth_check_sum: -8980273935492886593
