[03:15:17] [INFO   ] Tree Building: Start building spar-tree from input file SourceFile{file=/root/DecompilerTester/testhome/eposide-1/31/reduced-31/Test.java, lang=LanguageJava{name=java, extensions=[java], defaultCodeFormatControl=SINGLE_TOKEN_PER_LINE}} 
[03:15:17] [INFO   ] Tree Building: Step 1: Antlr parsing. 
[03:15:21] [INFO   ] Tree Building: Step 2: Converting parse tree to spar-tree 
[03:15:22] [INFO   ] Tree Building: Step 3: Simplifying spar-tree 
[03:15:22] [INFO   ] Tree Building: Finished in TimeSpan{startMillis=1650330917739, endMillis=1650330922038, formatted=4 seconds} 
[03:15:22] [INFO   ] The reduction process started at 03:15:22 2022/04/19 
[03:15:22] [INFO   ] Cache setting: query-caching=enabled, edit-caching=enabled, query-cache=compact_query_cache 
Exception in thread "main" java.lang.IllegalStateException: The initial sanity check failed. 

***** ***** ***** ***** ***** ***** ***** ***** ***** ***** ***** ***** *****
*
* The script exit code is 1 
* The files have been saved, and you can check them at:
*     /tmp/perses_failure_8232765682461380582
*
***** ***** ***** ***** ***** ***** ***** ***** ***** ***** ***** ***** *****

============= stderr =============
Note: Test.java uses or overrides a deprecated API.
Note: Recompile with -Xlint:deprecation for details.
rm: cannot remove '*.class': No such file or directory
rm: cannot remove 'output.txt': No such file or directory
Note: Test.java uses or overrides a deprecated API.
Note: Recompile with -Xlint:deprecation for details.


============= stdout =============
INFO:  Decompiling class Test
INFO:  ... done
Archive:  Test.jar
inflating: META-INF/MANIFEST.MF    
inflating: Test.java               
failure


	at org.perses.reduction.AbstractReductionDriver.sanityCheck(AbstractReductionDriver.kt:70)
	at org.perses.reduction.AbstractProgramReductionDriver.reduce(AbstractProgramReductionDriver.kt:159)
	at org.perses.AbstractMain.internalRun(AbstractMain.kt:33)
	at org.perses.util.cmd.AbstractMain.run(AbstractMain.kt:53)
	at org.perses.Main.main(Main.java:89)

