i d i1 = -14,4638496509959077888,-1047798
i2 i3 i18 = 207,-1048288,207
i19 i20 i21 = 0,2,-14
f4 iArr byArr = 1661184690,-691755457212,-3011
Test.instanceCount byFld dFld = 0,-121,4633398194519789399
Test.sFld bFld Test.lArrFld = 29103,0,-10439472284000
iMeth_check_sum: -8105433907687480904
vMeth_check_sum: 6651724288000
dMeth_check_sum: 1942756423165047072
i d i1 = -14,4638496509959077888,-1047798
i2 i3 i18 = 207,-1048288,207
i19 i20 i21 = 0,2,-14
f4 iArr byArr = 1661184690,-691755457212,-3011
Test.instanceCount byFld dFld = 0,-121,4633398194519789399
Test.sFld bFld Test.lArrFld = 29103,0,-10439472284000
iMeth_check_sum: 2235876258334589808
vMeth_check_sum: 13303448576000
dMeth_check_sum: 3885512846330094144
i d i1 = -14,4638496509959077888,-1047798
i2 i3 i18 = 207,-1048288,207
i19 i20 i21 = 0,2,-14
f4 iArr byArr = 1661184690,-691755457212,-3011
Test.instanceCount byFld dFld = 0,-121,4633398194519789399
Test.sFld bFld Test.lArrFld = 29103,0,-10439472284000
iMeth_check_sum: -5869557649352891096
vMeth_check_sum: 19955172864000
dMeth_check_sum: 5828269269495141216
i d i1 = -14,4638496509959077888,-1047798
i2 i3 i18 = 207,-1048288,207
i19 i20 i21 = 0,2,-14
f4 iArr byArr = 1661184690,-691755457212,-3011
Test.instanceCount byFld dFld = 0,-121,4633398194519789399
Test.sFld bFld Test.lArrFld = 29103,0,-10439472284000
iMeth_check_sum: 4471752516669179616
vMeth_check_sum: 26606897152000
dMeth_check_sum: 7771025692660188288
i d i1 = -14,4638496509959077888,-1047798
i2 i3 i18 = 207,-1048288,207
i19 i20 i21 = 0,2,-14
f4 iArr byArr = 1661184690,-691755457212,-3011
Test.instanceCount byFld dFld = 0,-121,4633398194519789399
Test.sFld bFld Test.lArrFld = 29103,0,-10439472284000
iMeth_check_sum: -3633681391018301288
vMeth_check_sum: 33258621440000
dMeth_check_sum: -8732961957884316256
i d i1 = -14,4638496509959077888,-1047798
i2 i3 i18 = 207,-1048288,207
i19 i20 i21 = 0,2,-14
f4 iArr byArr = 1661184690,-691755457212,-3011
Test.instanceCount byFld dFld = 0,-121,4633398194519789399
Test.sFld bFld Test.lArrFld = 29103,0,-10439472284000
iMeth_check_sum: 6707628775003769424
vMeth_check_sum: 39910345728000
dMeth_check_sum: -6790205534719269184
i d i1 = -14,4638496509959077888,-1047798
i2 i3 i18 = 207,-1048288,207
i19 i20 i21 = 0,2,-14
f4 iArr byArr = 1661184690,-691755457212,-3011
Test.instanceCount byFld dFld = 0,-121,4633398194519789399
Test.sFld bFld Test.lArrFld = 29103,0,-10439472284000
iMeth_check_sum: -1397805132683711480
vMeth_check_sum: 46562070016000
dMeth_check_sum: -4847449111554222112
i d i1 = -14,4638496509959077888,-1047798
i2 i3 i18 = 207,-1048288,207
i19 i20 i21 = 0,2,-14
f4 iArr byArr = 1661184690,-691755457212,-3011
Test.instanceCount byFld dFld = 0,-121,4633398194519789399
Test.sFld bFld Test.lArrFld = 29103,0,-10439472284000
iMeth_check_sum: 8943505033338359232
vMeth_check_sum: 53213794304000
dMeth_check_sum: -2904692688389175040
i d i1 = -14,4638496509959077888,-1047798
i2 i3 i18 = 207,-1048288,207
i19 i20 i21 = 0,2,-14
f4 iArr byArr = 1661184690,-691755457212,-3011
Test.instanceCount byFld dFld = 0,-121,4633398194519789399
Test.sFld bFld Test.lArrFld = 29103,0,-10439472284000
iMeth_check_sum: 838071125650878328
vMeth_check_sum: 59865518592000
dMeth_check_sum: -961936265224127968
i d i1 = -14,4638496509959077888,-1047798
i2 i3 i18 = 207,-1048288,207
i19 i20 i21 = 0,2,-14
f4 iArr byArr = 1661184690,-691755457212,-3011
Test.instanceCount byFld dFld = 0,-121,4633398194519789399
Test.sFld bFld Test.lArrFld = 29103,0,-10439472284000
iMeth_check_sum: -7267362782036602576
vMeth_check_sum: 66517242880000
dMeth_check_sum: 980820157940919104
