i16 i17 i18 = 179,5,143
i19 i20 l1 = 0,41455,-44593
i21 d2 i22 = -3,4611918922082117369,12
d3 f2 = 4610778768282454118,-998447170
Test.instanceCount Test.fFld Test.byFld = 299,-536765583,0
Test.bFld dFld Test.iArrFld = 1,4634705105143548879,34668
vMeth_check_sum: 4884031337408143201
fMeth_check_sum: 1244614663169287784
iMeth_check_sum: 1141095465324149912
i16 i17 i18 = 179,5,143
i19 i20 l1 = 0,41455,-44593
i21 d2 i22 = -3,4611918922082117369,12
d3 f2 = 4610778768282454118,-998447170
Test.instanceCount Test.fFld Test.byFld = 299,-528645270,0
Test.bFld dFld Test.iArrFld = 1,4634705105143548879,34668
vMeth_check_sum: -8674323681753138556
fMeth_check_sum: 5885296198123617676
iMeth_check_sum: 2282190930170828020
i16 i17 i18 = 179,5,143
i19 i20 l1 = 0,41455,-44593
i21 d2 i22 = -3,4611918922082117369,12
d3 f2 = 4610778768282454118,-998447170
Test.instanceCount Test.fFld Test.byFld = 299,-528645270,0
Test.bFld dFld Test.iArrFld = 1,4634705105143548879,34668
vMeth_check_sum: -3785934627204868697
fMeth_check_sum: -7920766340631604048
iMeth_check_sum: 3423286395017506128
i16 i17 i18 = 179,5,143
i19 i20 l1 = 0,41455,-44593
i21 d2 i22 = -3,4611918922082117369,12
d3 f2 = 4610778768282454118,-998447170
Test.instanceCount Test.fFld Test.byFld = 299,-528645270,0
Test.bFld dFld Test.iArrFld = 1,4634705105143548879,34668
vMeth_check_sum: 1102454427343401162
fMeth_check_sum: -3280084805677274156
iMeth_check_sum: 4564381859864184236
i16 i17 i18 = 179,5,143
i19 i20 l1 = 0,41455,-44593
i21 d2 i22 = -3,4611918922082117369,12
d3 f2 = 4610778768282454118,-998447170
Test.instanceCount Test.fFld Test.byFld = 299,-528645270,0
Test.bFld dFld Test.iArrFld = 1,4634705105143548879,34668
vMeth_check_sum: 5990843481891671021
fMeth_check_sum: 1360596729277055736
iMeth_check_sum: 5705477324710862344
i16 i17 i18 = 179,5,143
i19 i20 l1 = 0,41455,-44593
i21 d2 i22 = -3,4611918922082117369,12
d3 f2 = 4610778768282454118,-998447170
Test.instanceCount Test.fFld Test.byFld = 299,-528645270,0
Test.bFld dFld Test.iArrFld = 1,4634705105143548879,34668
vMeth_check_sum: -7567511537269610736
fMeth_check_sum: 6001278264231385628
iMeth_check_sum: 6846572789557540452
i16 i17 i18 = 179,5,143
i19 i20 l1 = 0,41455,-44593
i21 d2 i22 = -3,4611918922082117369,12
d3 f2 = 4610778768282454118,-998447170
Test.instanceCount Test.fFld Test.byFld = 299,-528645270,0
Test.bFld dFld Test.iArrFld = 1,4634705105143548879,34668
vMeth_check_sum: -2679122482721340877
fMeth_check_sum: -7804784274523836096
iMeth_check_sum: 7987668254404218560
i16 i17 i18 = 179,5,143
i19 i20 l1 = 0,41455,-44593
i21 d2 i22 = -3,4611918922082117369,12
d3 f2 = 4610778768282454118,-998447170
Test.instanceCount Test.fFld Test.byFld = 299,-528645270,0
Test.bFld dFld Test.iArrFld = 1,4634705105143548879,34668
vMeth_check_sum: 2209266571826928982
fMeth_check_sum: -3164102739569506204
iMeth_check_sum: 9128763719250896668
i16 i17 i18 = 179,5,143
i19 i20 l1 = 0,41455,-44593
i21 d2 i22 = -3,4611918922082117369,12
d3 f2 = 4610778768282454118,-998447170
Test.instanceCount Test.fFld Test.byFld = 299,-528645270,0
Test.bFld dFld Test.iArrFld = 1,4634705105143548879,34668
vMeth_check_sum: 7097655626375198841
fMeth_check_sum: 1476578795384823688
iMeth_check_sum: -8176884889611976840
i16 i17 i18 = 179,5,143
i19 i20 l1 = 0,41455,-44593
i21 d2 i22 = -3,4611918922082117369,12
d3 f2 = 4610778768282454118,-998447170
Test.instanceCount Test.fFld Test.byFld = 299,-528645270,0
Test.bFld dFld Test.iArrFld = 1,4634705105143548879,34668
vMeth_check_sum: -6460699392786082916
fMeth_check_sum: 6117260330339153580
iMeth_check_sum: -7035789424765298732
