i i1 f = 283,157,1958579018
d i17 i18 = 4608471213905382023,158,6246
s1 i19 i20 = -12694,-9,49160
i21 i22 by2 = -227,1328,22
lArr1 = -118716
Test.instanceCount Test.iFld Test.fFld = 0,-2052441,-957675888
Test.lFld Test.dArrFld Test.iArrFld = -2052441,-4508593892313283481,2651
vMeth_check_sum: 465437552009758
lMeth_check_sum: -4248713883290117844
iMeth_check_sum: 7466619744805125567
i i1 f = 283,157,1958579018
d i17 i18 = 4608471213905382023,158,6246
s1 i19 i20 = -12694,-9,49160
i21 i22 by2 = -227,1328,22
lArr1 = -118716
Test.instanceCount Test.iFld Test.fFld = 0,-2052441,-949315000
Test.lFld Test.dArrFld Test.iArrFld = -2052441,-4508593892313283481,2651
vMeth_check_sum: 930771684873358
lMeth_check_sum: -7991158446581655670
iMeth_check_sum: -3513504584099300482
i i1 f = 283,157,1958579018
d i17 i18 = 4608471213905382023,158,6246
s1 i19 i20 = -12694,-9,49160
i21 i22 by2 = -227,1328,22
lArr1 = -118716
Test.instanceCount Test.iFld Test.fFld = 0,-2052441,-944777052
Test.lFld Test.dArrFld Test.iArrFld = -2052441,-4508593892313283481,2651
vMeth_check_sum: 1396105817736958
lMeth_check_sum: 6713141065604613472
iMeth_check_sum: 3953115160705825085
i i1 f = 283,157,1958579018
d i17 i18 = 4608471213905382023,158,6246
s1 i19 i20 = -12694,-9,49160
i21 i22 by2 = -227,1328,22
lArr1 = -118716
Test.instanceCount Test.iFld Test.fFld = 0,-2052441,-940940252
Test.lFld Test.dArrFld Test.iArrFld = -2052441,-4508593892313283481,2651
vMeth_check_sum: 1861439950600558
lMeth_check_sum: 2970696505154420746
iMeth_check_sum: -7027009168198600964
i i1 f = 283,157,1958579018
d i17 i18 = 4608471213905382023,158,6246
s1 i19 i20 = -12694,-9,49160
i21 i22 by2 = -227,1328,22
lArr1 = -118716
Test.instanceCount Test.iFld Test.fFld = 0,-2052441,-938313774
Test.lFld Test.dArrFld Test.iArrFld = -2052441,-4508593892313283481,2651
vMeth_check_sum: 2326774083464158
lMeth_check_sum: -771748054345041910
iMeth_check_sum: 439610576606524603
i i1 f = 283,157,1958579018
d i17 i18 = 4608471213905382023,158,6246
s1 i19 i20 = -12694,-9,49160
i21 i22 by2 = -227,1328,22
lArr1 = -118716
Test.instanceCount Test.iFld Test.fFld = 0,-2052441,-936395374
Test.lFld Test.dArrFld Test.iArrFld = -2052441,-4508593892313283481,2651
vMeth_check_sum: 2792108216327758
lMeth_check_sum: -4514192613280653986
iMeth_check_sum: 7906230321411650170
i i1 f = 283,157,1958579018
d i17 i18 = 4608471213905382023,158,6246
s1 i19 i20 = -12694,-9,49160
i21 i22 by2 = -227,1328,22
lArr1 = -118716
Test.instanceCount Test.iFld Test.fFld = 0,-2052441,-934476974
Test.lFld Test.dArrFld Test.iArrFld = -2052441,-4508593892313283481,2651
vMeth_check_sum: 3257442349191358
lMeth_check_sum: -8256637171688706062
iMeth_check_sum: -3073894007492775879
i i1 f = 283,157,1958579018
d i17 i18 = 4608471213905382023,158,6246
s1 i19 i20 = -12694,-9,49160
i21 i22 by2 = -227,1328,22
lArr1 = -118716
Test.instanceCount Test.iFld Test.fFld = 0,-2052441,-932558574
Test.lFld Test.dArrFld Test.iArrFld = -2052441,-4508593892313283481,2651
vMeth_check_sum: 3722776482054958
lMeth_check_sum: 6447662344140353478
iMeth_check_sum: 4392725737312349688
i i1 f = 283,157,1958579018
d i17 i18 = 4608471213905382023,158,6246
s1 i19 i20 = -12694,-9,49160
i21 i22 by2 = -227,1328,22
lArr1 = -118716
Test.instanceCount Test.iFld Test.fFld = 0,-2052441,-930887831
Test.lFld Test.dArrFld Test.iArrFld = -2052441,-4508593892313283481,2651
vMeth_check_sum: 4188110614918558
lMeth_check_sum: 2705217786778753083
iMeth_check_sum: -6587398591592076361
i i1 f = 283,157,1958579018
d i17 i18 = 4608471213905382023,158,6246
s1 i19 i20 = -12694,-9,49160
i21 i22 by2 = -227,1328,22
lArr1 = -118716
Test.instanceCount Test.iFld Test.fFld = 0,-2052441,-929928631
Test.lFld Test.dArrFld Test.iArrFld = -2052441,-4508593892313283481,2651
vMeth_check_sum: 4653444747782158
lMeth_check_sum: -1037226770246135068
iMeth_check_sum: 879221153213049206
