[00:42:17] [INFO   ] Tree Building: Start building spar-tree from input file SourceFile{file=/root/DecompilerTester/testhome-save-jadx-2022.8.9/error_ones/619/reduced-619/Test.java, lang=LanguageJava{name=java, extensions=[java], defaultCodeFormatControl=SINGLE_TOKEN_PER_LINE}} 
[00:42:17] [INFO   ] Tree Building: Step 1: Antlr parsing. 
[00:42:22] [INFO   ] Tree Building: Step 2: Converting parse tree to spar-tree 
[00:42:22] [INFO   ] Tree Building: Step 3: Simplifying spar-tree 
[00:42:22] [INFO   ] Tree Building: Finished in TimeSpan{startMillis=1660084937828, endMillis=1660084942764, formatted=4 seconds} 
[00:42:22] [INFO   ] The reduction process started at 00:42:22 2022/08/10 
[00:42:22] [INFO   ] Cache setting: query-caching=enabled, edit-caching=enabled, query-cache=compact_query_cache 
[00:42:25] [INFO   ] Reduction algorithm is perses_node_priority_with_dfs_delta 
[00:42:25] [INFO   ] The number of lexemes in the token factory is is 286 
[00:42:25] [INFO   ] Reduction Started at 00:42:25 2022/08/10 
[00:42:25] [INFO   ] perses_node_priority_with_dfs_delta started at 00:42:25 2022/08/10. #tokens=4599 
[00:42:25] [INFO   ] Fixpoint[1]:Reducer[perses_node_priority_with_dfs_delta]: New fixpoint iteration started. #Tokens=4599 
[00:42:25] [INFO   ] Fixpoint[1]:Reducer[perses_node_priority_with_dfs_delta]: Delta node (#leaves=4574) 
[00:42:27] [INFO   ] Fixpoint[1]:Reducer[perses_node_priority_with_dfs_delta]: Delta node (#leaves=4574): queue=1, delete 0 tokens, ratio=4599/4599=100.00% 
[00:42:27] [INFO   ] Fixpoint[1]:Reducer[perses_node_priority_with_dfs_delta]: Delta node (#leaves=4574) 
[00:42:27] [INFO   ] Fixpoint[1]:Reducer[perses_node_priority_with_dfs_delta]: Delta node (#leaves=4574): queue=1, delete 0 tokens, ratio=4599/4599=100.00% 
[00:42:27] [INFO   ] Fixpoint[1]:Reducer[perses_node_priority_with_dfs_delta]: Delta node (#leaves=4571) 
[00:42:27] [INFO   ] Fixpoint[1]:Reducer[perses_node_priority_with_dfs_delta]: Delta node (#leaves=4571): queue=4, delete 0 tokens, ratio=4599/4599=100.00% 
[00:42:27] [INFO   ] Fixpoint[1]:Reducer[perses_node_priority_with_dfs_delta]: Delta node (#leaves=4569) 
[00:42:37] [INFO   ] Fixpoint[1]:Reducer[perses_node_priority_with_dfs_delta]: New minimal, delete 841 tokens, ratio=3758/4599=81.71% 
[00:42:43] [INFO   ] Fixpoint[1]:Reducer[perses_node_priority_with_dfs_delta]: New minimal, delete 606 tokens, ratio=3152/4599=68.54% 
[00:42:51] [INFO   ] Fixpoint[1]:Reducer[perses_node_priority_with_dfs_delta]: New minimal, delete 117 tokens, ratio=3035/4599=65.99% 
[00:42:56] [INFO   ] Fixpoint[1]:Reducer[perses_node_priority_with_dfs_delta]: New minimal, delete 50 tokens, ratio=2985/4599=64.91% 
[00:43:04] [INFO   ] Fixpoint[1]:Reducer[perses_node_priority_with_dfs_delta]: New minimal, delete 50 tokens, ratio=2935/4599=63.82% 
[00:43:15] [INFO   ] Fixpoint[1]:Reducer[perses_node_priority_with_dfs_delta]: New minimal, delete 103 tokens, ratio=2832/4599=61.58% 
[00:43:21] [INFO   ] Fixpoint[1]:Reducer[perses_node_priority_with_dfs_delta]: New minimal, delete 153 tokens, ratio=2679/4599=58.25% 
[00:43:32] [INFO   ] Fixpoint[1]:Reducer[perses_node_priority_with_dfs_delta]: New minimal, delete 257 tokens, ratio=2422/4599=52.66% 
[00:43:37] [INFO   ] Fixpoint[1]:Reducer[perses_node_priority_with_dfs_delta]: New minimal, delete 149 tokens, ratio=2273/4599=49.42% 
[00:43:43] [INFO   ] Fixpoint[1]:Reducer[perses_node_priority_with_dfs_delta]: New minimal, delete 59 tokens, ratio=2214/4599=48.14% 
[00:43:49] [INFO   ] Fixpoint[1]:Reducer[perses_node_priority_with_dfs_delta]: New minimal, delete 45 tokens, ratio=2169/4599=47.16% 
[00:43:59] [INFO   ] Fixpoint[1]:Reducer[perses_node_priority_with_dfs_delta]: New minimal, delete 45 tokens, ratio=2124/4599=46.18% 
[00:44:06] [INFO   ] Fixpoint[1]:Reducer[perses_node_priority_with_dfs_delta]: New minimal, delete 119 tokens, ratio=2005/4599=43.60% 
[00:44:12] [INFO   ] Fixpoint[1]:Reducer[perses_node_priority_with_dfs_delta]: New minimal, delete 96 tokens, ratio=1909/4599=41.51% 
[00:44:23] [INFO   ] Fixpoint[1]:Reducer[perses_node_priority_with_dfs_delta]: New minimal, delete 49 tokens, ratio=1860/4599=40.44% 
[00:44:27] [INFO   ] Fixpoint[1]:Reducer[perses_node_priority_with_dfs_delta]: New minimal, delete 1214 tokens, ratio=646/4599=14.05% 
[00:44:31] [INFO   ] Fixpoint[1]:Reducer[perses_node_priority_with_dfs_delta]: New minimal, delete 38 tokens, ratio=608/4599=13.22% 
[00:44:39] [INFO   ] Fixpoint[1]:Reducer[perses_node_priority_with_dfs_delta]: New minimal, delete 48 tokens, ratio=560/4599=12.18% 
[00:44:44] [INFO   ] Fixpoint[1]:Reducer[perses_node_priority_with_dfs_delta]: New minimal, delete 7 tokens, ratio=553/4599=12.02% 
[00:44:52] [INFO   ] Fixpoint[1]:Reducer[perses_node_priority_with_dfs_delta]: New minimal, delete 7 tokens, ratio=546/4599=11.87% 
[00:44:55] [INFO   ] Fixpoint[1]:Reducer[perses_node_priority_with_dfs_delta]: Delta node (#leaves=4569): queue=6, delete 4053 tokens, ratio=546/4599=11.87% 
[00:44:55] [INFO   ] Fixpoint[1]:Reducer[perses_node_priority_with_dfs_delta]: Delta node (#leaves=243) 
[00:44:58] [INFO   ] Fixpoint[1]:Reducer[perses_node_priority_with_dfs_delta]: Delta node (#leaves=243): queue=15, delete 0 tokens, ratio=546/4599=11.87% 
[00:44:58] [INFO   ] Fixpoint[1]:Reducer[perses_node_priority_with_dfs_delta]: Delta node (#leaves=237) 
[00:45:00] [INFO   ] Fixpoint[1]:Reducer[perses_node_priority_with_dfs_delta]: Delta node (#leaves=237): queue=17, delete 0 tokens, ratio=546/4599=11.87% 
[00:45:00] [INFO   ] Fixpoint[1]:Reducer[perses_node_priority_with_dfs_delta]: Delta node (#leaves=235) 
[00:45:01] [INFO   ] Fixpoint[1]:Reducer[perses_node_priority_with_dfs_delta]: Delta node (#leaves=235): queue=19, delete 0 tokens, ratio=546/4599=11.87% 
[00:45:01] [INFO   ] Fixpoint[1]:Reducer[perses_node_priority_with_dfs_delta]: Delta node (#leaves=235) 
[00:45:11] [INFO   ] Fixpoint[1]:Reducer[perses_node_priority_with_dfs_delta]: New minimal, delete 4 tokens, ratio=542/4599=11.79% 
[00:45:21] [INFO   ] Fixpoint[1]:Reducer[perses_node_priority_with_dfs_delta]: New minimal, delete 7 tokens, ratio=535/4599=11.63% 
[00:45:25] [INFO   ] Fixpoint[1]:Reducer[perses_node_priority_with_dfs_delta]: Delta node (#leaves=235): queue=19, delete 11 tokens, ratio=535/4599=11.63% 
[00:45:25] [INFO   ] Fixpoint[1]:Reducer[perses_node_priority_with_dfs_delta]: Delta node (#leaves=148) 
[00:45:31] [INFO   ] Fixpoint[1]:Reducer[perses_node_priority_with_dfs_delta]: New minimal, delete 28 tokens, ratio=507/4599=11.02% 
[00:45:31] [INFO   ] Fixpoint[1]:Reducer[perses_node_priority_with_dfs_delta]: Delta node (#leaves=148): queue=23, delete 28 tokens, ratio=507/4599=11.02% 
[00:45:31] [INFO   ] Fixpoint[1]:Reducer[perses_node_priority_with_dfs_delta]: Delta node (#leaves=120) 
[00:45:36] [INFO   ] Fixpoint[1]:Reducer[perses_node_priority_with_dfs_delta]: New minimal, delete 90 tokens, ratio=417/4599=9.07% 
[00:45:36] [INFO   ] Fixpoint[1]:Reducer[perses_node_priority_with_dfs_delta]: Delta node (#leaves=120): queue=23, delete 90 tokens, ratio=417/4599=9.07% 
[00:45:36] [INFO   ] Fixpoint[1]:Reducer[perses_node_priority_with_dfs_delta]: Delta node (#leaves=64) 
[00:45:40] [INFO   ] Fixpoint[1]:Reducer[perses_node_priority_with_dfs_delta]: New minimal, delete 64 tokens, ratio=353/4599=7.68% 
[00:45:40] [INFO   ] Fixpoint[1]:Reducer[perses_node_priority_with_dfs_delta]: Delta node (#leaves=64): queue=23, delete 64 tokens, ratio=353/4599=7.68% 
[00:45:40] [INFO   ] Fixpoint[1]:Reducer[perses_node_priority_with_dfs_delta]: Delta node (#leaves=64) 
[00:45:42] [INFO   ] Fixpoint[1]:Reducer[perses_node_priority_with_dfs_delta]: Delta node (#leaves=64): queue=22, delete 0 tokens, ratio=353/4599=7.68% 
[00:45:42] [INFO   ] Fixpoint[1]:Reducer[perses_node_priority_with_dfs_delta]: Delta node (#leaves=54) 
[00:45:46] [INFO   ] Fixpoint[1]:Reducer[perses_node_priority_with_dfs_delta]: New minimal, delete 54 tokens, ratio=299/4599=6.50% 
[00:45:46] [INFO   ] Fixpoint[1]:Reducer[perses_node_priority_with_dfs_delta]: Delta node (#leaves=54): queue=24, delete 54 tokens, ratio=299/4599=6.50% 
[00:45:46] [INFO   ] Fixpoint[1]:Reducer[perses_node_priority_with_dfs_delta]: Delta node (#leaves=54) 
[00:45:50] [INFO   ] Fixpoint[1]:Reducer[perses_node_priority_with_dfs_delta]: New minimal, delete 54 tokens, ratio=245/4599=5.33% 
[00:45:50] [INFO   ] Fixpoint[1]:Reducer[perses_node_priority_with_dfs_delta]: Delta node (#leaves=54): queue=23, delete 54 tokens, ratio=245/4599=5.33% 
[00:45:50] [INFO   ] Fixpoint[1]:Reducer[perses_node_priority_with_dfs_delta]: Delta node (#leaves=54) 
[00:45:51] [INFO   ] Fixpoint[1]:Reducer[perses_node_priority_with_dfs_delta]: Delta node (#leaves=54): queue=22, delete 0 tokens, ratio=245/4599=5.33% 
[00:45:51] [INFO   ] Fixpoint[1]:Reducer[perses_node_priority_with_dfs_delta]: Delta node (#leaves=52) 
[00:45:52] [INFO   ] Fixpoint[1]:Reducer[perses_node_priority_with_dfs_delta]: Delta node (#leaves=52): queue=24, delete 0 tokens, ratio=245/4599=5.33% 
[00:45:52] [INFO   ] Fixpoint[1]:Reducer[perses_node_priority_with_dfs_delta]: Delta node (#leaves=52) 
[00:45:59] [INFO   ] Fixpoint[1]:Reducer[perses_node_priority_with_dfs_delta]: New minimal, delete 44 tokens, ratio=201/4599=4.37% 
[00:45:59] [INFO   ] Fixpoint[1]:Reducer[perses_node_priority_with_dfs_delta]: Delta node (#leaves=52): queue=24, delete 44 tokens, ratio=201/4599=4.37% 
[00:45:59] [INFO   ] Fixpoint[1]:Reducer[perses_node_priority_with_dfs_delta]: Delta node (#leaves=38) 
[00:46:00] [INFO   ] Fixpoint[1]:Reducer[perses_node_priority_with_dfs_delta]: Delta node (#leaves=38): queue=25, delete 0 tokens, ratio=201/4599=4.37% 
[00:46:00] [INFO   ] Fixpoint[1]:Reducer[perses_node_priority_with_dfs_delta]: Delta node (#leaves=37) 
[00:46:00] [INFO   ] Fixpoint[1]:Reducer[perses_node_priority_with_dfs_delta]: Delta node (#leaves=37): queue=26, delete 0 tokens, ratio=201/4599=4.37% 
[00:46:00] [INFO   ] Fixpoint[1]:Reducer[perses_node_priority_with_dfs_delta]: Delta node (#leaves=36) 
[00:46:06] [INFO   ] Fixpoint[1]:Reducer[perses_node_priority_with_dfs_delta]: Delta node (#leaves=36): queue=27, delete 0 tokens, ratio=201/4599=4.37% 
[00:46:06] [INFO   ] Fixpoint[1]:Reducer[perses_node_priority_with_dfs_delta]: Delta node (#leaves=32) 
[00:46:19] [INFO   ] Fixpoint[1]:Reducer[perses_node_priority_with_dfs_delta]: Delta node (#leaves=32): queue=28, delete 0 tokens, ratio=201/4599=4.37% 
[00:46:19] [INFO   ] Fixpoint[1]:Reducer[perses_node_priority_with_dfs_delta]: Delta node (#leaves=30) 
[00:46:24] [INFO   ] Fixpoint[1]:Reducer[perses_node_priority_with_dfs_delta]: New minimal, delete 15 tokens, ratio=186/4599=4.04% 
[00:46:24] [INFO   ] Fixpoint[1]:Reducer[perses_node_priority_with_dfs_delta]: Delta node (#leaves=30): queue=33, delete 15 tokens, ratio=186/4599=4.04% 
[00:46:24] [INFO   ] Fixpoint[1]:Reducer[perses_node_priority_with_dfs_delta]: Delta node (#leaves=27) 
[00:46:25] [INFO   ] Fixpoint[1]:Reducer[perses_node_priority_with_dfs_delta]: Delta node (#leaves=27): queue=33, delete 0 tokens, ratio=186/4599=4.04% 
[00:46:25] [INFO   ] Fixpoint[1]:Reducer[perses_node_priority_with_dfs_delta]: Delta node (#leaves=26) 
[00:46:25] [INFO   ] Fixpoint[1]:Reducer[perses_node_priority_with_dfs_delta]: Delta node (#leaves=26): queue=34, delete 0 tokens, ratio=186/4599=4.04% 
[00:46:25] [INFO   ] Fixpoint[1]:Reducer[perses_node_priority_with_dfs_delta]: Delta node (#leaves=25) 
[00:46:27] [INFO   ] Fixpoint[1]:Reducer[perses_node_priority_with_dfs_delta]: Delta node (#leaves=25): queue=35, delete 0 tokens, ratio=186/4599=4.04% 
[00:46:27] [INFO   ] Fixpoint[1]:Reducer[perses_node_priority_with_dfs_delta]: Delta node (#leaves=25) 
[00:46:29] [INFO   ] Fixpoint[1]:Reducer[perses_node_priority_with_dfs_delta]: New minimal, delete 25 tokens, ratio=161/4599=3.50% 
[00:46:29] [INFO   ] Fixpoint[1]:Reducer[perses_node_priority_with_dfs_delta]: Delta node (#leaves=25): queue=36, delete 25 tokens, ratio=161/4599=3.50% 
[00:46:29] [INFO   ] Fixpoint[1]:Reducer[perses_node_priority_with_dfs_delta]: Delta node (#leaves=24) 
[00:46:31] [INFO   ] Fixpoint[1]:Reducer[perses_node_priority_with_dfs_delta]: Delta node (#leaves=24): queue=35, delete 0 tokens, ratio=161/4599=3.50% 
[00:46:31] [INFO   ] Fixpoint[1]:Reducer[perses_node_priority_with_dfs_delta]: Delta node (#leaves=24) 
[00:46:31] [INFO   ] Fixpoint[1]:Reducer[perses_node_priority_with_dfs_delta]: Delta node (#leaves=24): queue=35, delete 0 tokens, ratio=161/4599=3.50% 
[00:46:31] [INFO   ] Fixpoint[1]:Reducer[perses_node_priority_with_dfs_delta]: Delta node (#leaves=23) 
[00:46:38] [INFO   ] Fixpoint[1]:Reducer[perses_node_priority_with_dfs_delta]: New minimal, delete 22 tokens, ratio=139/4599=3.02% 
[00:46:38] [INFO   ] Fixpoint[1]:Reducer[perses_node_priority_with_dfs_delta]: Delta node (#leaves=23): queue=36, delete 22 tokens, ratio=139/4599=3.02% 
[00:46:38] [INFO   ] Fixpoint[1]:Reducer[perses_node_priority_with_dfs_delta]: Delta node (#leaves=15) 
[00:46:41] [INFO   ] Fixpoint[1]:Reducer[perses_node_priority_with_dfs_delta]: Delta node (#leaves=15): queue=36, delete 0 tokens, ratio=139/4599=3.02% 
[00:46:41] [INFO   ] Fixpoint[1]:Reducer[perses_node_priority_with_dfs_delta]: Delta node (#leaves=14) 
[00:46:41] [INFO   ] Fixpoint[1]:Reducer[perses_node_priority_with_dfs_delta]: Delta node (#leaves=14): queue=37, delete 0 tokens, ratio=139/4599=3.02% 
[00:46:41] [INFO   ] Fixpoint[1]:Reducer[perses_node_priority_with_dfs_delta]: Delta node (#leaves=10) 
[00:46:44] [INFO   ] Fixpoint[1]:Reducer[perses_node_priority_with_dfs_delta]: New minimal, delete 10 tokens, ratio=129/4599=2.80% 
[00:46:44] [INFO   ] Fixpoint[1]:Reducer[perses_node_priority_with_dfs_delta]: Delta node (#leaves=10): queue=39, delete 10 tokens, ratio=129/4599=2.80% 
[00:46:44] [INFO   ] Fixpoint[1]:Reducer[perses_node_priority_with_dfs_delta]: Delta node (#leaves=10) 
[00:46:48] [INFO   ] Fixpoint[1]:Reducer[perses_node_priority_with_dfs_delta]: New minimal, delete 7 tokens, ratio=122/4599=2.65% 
[00:46:48] [INFO   ] Fixpoint[1]:Reducer[perses_node_priority_with_dfs_delta]: Delta node (#leaves=10): queue=38, delete 7 tokens, ratio=122/4599=2.65% 
[00:46:48] [INFO   ] Fixpoint[1]:Reducer[perses_node_priority_with_dfs_delta]: Delta node (#leaves=8) 
[00:46:51] [INFO   ] Fixpoint[1]:Reducer[perses_node_priority_with_dfs_delta]: New minimal, delete 8 tokens, ratio=114/4599=2.48% 
[00:46:51] [INFO   ] Fixpoint[1]:Reducer[perses_node_priority_with_dfs_delta]: Delta node (#leaves=8): queue=38, delete 8 tokens, ratio=114/4599=2.48% 
[00:46:51] [INFO   ] Fixpoint[1]:Reducer[perses_node_priority_with_dfs_delta]: Delta node (#leaves=8) 
[00:46:54] [INFO   ] Fixpoint[1]:Reducer[perses_node_priority_with_dfs_delta]: New minimal, delete 8 tokens, ratio=106/4599=2.30% 
[00:46:54] [INFO   ] Fixpoint[1]:Reducer[perses_node_priority_with_dfs_delta]: Delta node (#leaves=8): queue=37, delete 8 tokens, ratio=106/4599=2.30% 
[00:46:54] [INFO   ] Fixpoint[1]:Reducer[perses_node_priority_with_dfs_delta]: Delta node (#leaves=8) 
[00:46:54] [INFO   ] Fixpoint[1]:Reducer[perses_node_priority_with_dfs_delta]: Delta node (#leaves=8): queue=36, delete 0 tokens, ratio=106/4599=2.30% 
[00:46:54] [INFO   ] Fixpoint[1]:Reducer[perses_node_priority_with_dfs_delta]: Delta node (#leaves=7) 
[00:46:55] [INFO   ] Fixpoint[1]:Reducer[perses_node_priority_with_dfs_delta]: Delta node (#leaves=7): queue=37, delete 0 tokens, ratio=106/4599=2.30% 
[00:46:55] [INFO   ] Fixpoint[1]:Reducer[perses_node_priority_with_dfs_delta]: Delta node (#leaves=7) 
[00:46:57] [INFO   ] Fixpoint[1]:Reducer[perses_node_priority_with_dfs_delta]: New minimal, delete 7 tokens, ratio=99/4599=2.15% 
[00:46:57] [INFO   ] Fixpoint[1]:Reducer[perses_node_priority_with_dfs_delta]: Delta node (#leaves=7): queue=40, delete 7 tokens, ratio=99/4599=2.15% 
[00:46:57] [INFO   ] Fixpoint[1]:Reducer[perses_node_priority_with_dfs_delta]: Delta node (#leaves=7) 
[00:47:00] [INFO   ] Fixpoint[1]:Reducer[perses_node_priority_with_dfs_delta]: New minimal, delete 7 tokens, ratio=92/4599=2.00% 
[00:47:00] [INFO   ] Fixpoint[1]:Reducer[perses_node_priority_with_dfs_delta]: Delta node (#leaves=7): queue=39, delete 7 tokens, ratio=92/4599=2.00% 
[00:47:00] [INFO   ] Fixpoint[1]:Reducer[perses_node_priority_with_dfs_delta]: Delta node (#leaves=7) 
[00:47:00] [INFO   ] Fixpoint[1]:Reducer[perses_node_priority_with_dfs_delta]: Delta node (#leaves=7): queue=38, delete 0 tokens, ratio=92/4599=2.00% 
[00:47:00] [INFO   ] Fixpoint[1]:Reducer[perses_node_priority_with_dfs_delta]: Delta node (#leaves=6) 
[00:47:01] [INFO   ] Fixpoint[1]:Reducer[perses_node_priority_with_dfs_delta]: Delta node (#leaves=6): queue=41, delete 0 tokens, ratio=92/4599=2.00% 
[00:47:01] [INFO   ] Fixpoint[1]:Reducer[perses_node_priority_with_dfs_delta]: Delta node (#leaves=5) 
[00:47:03] [INFO   ] Fixpoint[1]:Reducer[perses_node_priority_with_dfs_delta]: New minimal, delete 5 tokens, ratio=87/4599=1.89% 
[00:47:03] [INFO   ] Fixpoint[1]:Reducer[perses_node_priority_with_dfs_delta]: Delta node (#leaves=5): queue=43, delete 5 tokens, ratio=87/4599=1.89% 
[00:47:03] [INFO   ] Fixpoint[1]:Reducer[perses_node_priority_with_dfs_delta]: Delta node (#leaves=5) 
[00:47:06] [INFO   ] Fixpoint[1]:Reducer[perses_node_priority_with_dfs_delta]: New minimal, delete 5 tokens, ratio=82/4599=1.78% 
[00:47:06] [INFO   ] Fixpoint[1]:Reducer[perses_node_priority_with_dfs_delta]: Delta node (#leaves=5): queue=42, delete 5 tokens, ratio=82/4599=1.78% 
[00:47:06] [INFO   ] Fixpoint[1]:Reducer[perses_node_priority_with_dfs_delta]: Delta node (#leaves=5) 
[00:47:07] [INFO   ] Fixpoint[1]:Reducer[perses_node_priority_with_dfs_delta]: Delta node (#leaves=5): queue=41, delete 0 tokens, ratio=82/4599=1.78% 
[00:47:07] [INFO   ] Fixpoint[1]:Reducer[perses_node_priority_with_dfs_delta]: Delta node (#leaves=5) 
[00:47:08] [INFO   ] Fixpoint[1]:Reducer[perses_node_priority_with_dfs_delta]: Delta node (#leaves=5): queue=42, delete 0 tokens, ratio=82/4599=1.78% 
[00:47:08] [INFO   ] Fixpoint[1]:Reducer[perses_node_priority_with_dfs_delta]: Delta node (#leaves=4) 
[00:47:11] [INFO   ] Fixpoint[1]:Reducer[perses_node_priority_with_dfs_delta]: New minimal, delete 4 tokens, ratio=78/4599=1.70% 
[00:47:11] [INFO   ] Fixpoint[1]:Reducer[perses_node_priority_with_dfs_delta]: Delta node (#leaves=4): queue=43, delete 4 tokens, ratio=78/4599=1.70% 
[00:47:11] [INFO   ] Fixpoint[1]:Reducer[perses_node_priority_with_dfs_delta]: Delta node (#leaves=4) 
[00:47:14] [INFO   ] Fixpoint[1]:Reducer[perses_node_priority_with_dfs_delta]: New minimal, delete 4 tokens, ratio=74/4599=1.61% 
[00:47:14] [INFO   ] Fixpoint[1]:Reducer[perses_node_priority_with_dfs_delta]: Delta node (#leaves=4): queue=42, delete 4 tokens, ratio=74/4599=1.61% 
[00:47:14] [INFO   ] Fixpoint[1]:Reducer[perses_node_priority_with_dfs_delta]: Delta node (#leaves=4) 
[00:47:17] [INFO   ] Fixpoint[1]:Reducer[perses_node_priority_with_dfs_delta]: New minimal, delete 4 tokens, ratio=70/4599=1.52% 
[00:47:17] [INFO   ] Fixpoint[1]:Reducer[perses_node_priority_with_dfs_delta]: Delta node (#leaves=4): queue=41, delete 4 tokens, ratio=70/4599=1.52% 
[00:47:17] [INFO   ] Fixpoint[1]:Reducer[perses_node_priority_with_dfs_delta]: Delta node (#leaves=4) 
[00:47:18] [INFO   ] Fixpoint[1]:Reducer[perses_node_priority_with_dfs_delta]: Delta node (#leaves=4): queue=40, delete 0 tokens, ratio=70/4599=1.52% 
[00:47:18] [INFO   ] Fixpoint[1]:Reducer[perses_node_priority_with_dfs_delta]: Delta node (#leaves=4) 
[00:47:18] [INFO   ] Fixpoint[1]:Reducer[perses_node_priority_with_dfs_delta]: Delta node (#leaves=4): queue=41, delete 0 tokens, ratio=70/4599=1.52% 
[00:47:18] [INFO   ] Fixpoint[1]:Reducer[perses_node_priority_with_dfs_delta]: Delta node (#leaves=4) 
[00:47:19] [INFO   ] Fixpoint[1]:Reducer[perses_node_priority_with_dfs_delta]: Delta node (#leaves=4): queue=42, delete 0 tokens, ratio=70/4599=1.52% 
[00:47:19] [INFO   ] Fixpoint[1]:Reducer[perses_node_priority_with_dfs_delta]: Delta node (#leaves=4) 
[00:47:20] [INFO   ] Fixpoint[1]:Reducer[perses_node_priority_with_dfs_delta]: Delta node (#leaves=4): queue=42, delete 0 tokens, ratio=70/4599=1.52% 
[00:47:20] [INFO   ] Fixpoint[1]:Reducer[perses_node_priority_with_dfs_delta]: Delta node (#leaves=4) 
[00:47:20] [INFO   ] Fixpoint[1]:Reducer[perses_node_priority_with_dfs_delta]: Delta node (#leaves=4): queue=43, delete 0 tokens, ratio=70/4599=1.52% 
[00:47:20] [INFO   ] Fixpoint[1]:Reducer[perses_node_priority_with_dfs_delta]: Delta node (#leaves=4) 
[00:47:23] [INFO   ] Fixpoint[1]:Reducer[perses_node_priority_with_dfs_delta]: New minimal, delete 4 tokens, ratio=66/4599=1.44% 
[00:47:23] [INFO   ] Fixpoint[1]:Reducer[perses_node_priority_with_dfs_delta]: Delta node (#leaves=4): queue=44, delete 4 tokens, ratio=66/4599=1.44% 
[00:47:23] [INFO   ] Fixpoint[1]:Reducer[perses_node_priority_with_dfs_delta]: Delta node (#leaves=4) 
[00:47:23] [INFO   ] Fixpoint[1]:Reducer[perses_node_priority_with_dfs_delta]: Delta node (#leaves=4): queue=43, delete 0 tokens, ratio=66/4599=1.44% 
[00:47:23] [INFO   ] Fixpoint[1]:Reducer[perses_node_priority_with_dfs_delta]: Delta node (#leaves=3) 
[00:47:26] [INFO   ] Fixpoint[1]:Reducer[perses_node_priority_with_dfs_delta]: New minimal, delete 2 tokens, ratio=64/4599=1.39% 
[00:47:26] [INFO   ] Fixpoint[1]:Reducer[perses_node_priority_with_dfs_delta]: Delta node (#leaves=3): queue=44, delete 2 tokens, ratio=64/4599=1.39% 
[00:47:26] [INFO   ] Fixpoint[1]:Reducer[perses_node_priority_with_dfs_delta]: Delta node (#leaves=3) 
[00:47:26] [INFO   ] Fixpoint[1]:Reducer[perses_node_priority_with_dfs_delta]: Delta node (#leaves=3): queue=44, delete 0 tokens, ratio=64/4599=1.39% 
[00:47:26] [INFO   ] Fixpoint[1]:Reducer[perses_node_priority_with_dfs_delta]: Delta node (#leaves=3) 
[00:47:27] [INFO   ] Fixpoint[1]:Reducer[perses_node_priority_with_dfs_delta]: Delta node (#leaves=3): queue=46, delete 0 tokens, ratio=64/4599=1.39% 
[00:47:27] [INFO   ] Fixpoint[1]:Reducer[perses_node_priority_with_dfs_delta]: Delta node (#leaves=3) 
[00:47:27] [INFO   ] Fixpoint[1]:Reducer[perses_node_priority_with_dfs_delta]: Delta node (#leaves=3): queue=46, delete 0 tokens, ratio=64/4599=1.39% 
[00:47:27] [INFO   ] Fixpoint[1]:Reducer[perses_node_priority_with_dfs_delta]: Delta node (#leaves=3) 
[00:47:28] [INFO   ] Fixpoint[1]:Reducer[perses_node_priority_with_dfs_delta]: Delta node (#leaves=3): queue=47, delete 0 tokens, ratio=64/4599=1.39% 
[00:47:28] [INFO   ] Fixpoint[1]:Reducer[perses_node_priority_with_dfs_delta]: Delta node (#leaves=3) 
[00:47:32] [INFO   ] Fixpoint[1]:Reducer[perses_node_priority_with_dfs_delta]: New minimal, delete 2 tokens, ratio=62/4599=1.35% 
[00:47:32] [INFO   ] Fixpoint[1]:Reducer[perses_node_priority_with_dfs_delta]: Delta node (#leaves=3): queue=48, delete 2 tokens, ratio=62/4599=1.35% 
[00:47:32] [INFO   ] Fixpoint[1]:Reducer[perses_node_priority_with_dfs_delta]: Delta node (#leaves=3) 
[00:47:34] [INFO   ] Fixpoint[1]:Reducer[perses_node_priority_with_dfs_delta]: New minimal, delete 2 tokens, ratio=60/4599=1.30% 
[00:47:34] [INFO   ] Fixpoint[1]:Reducer[perses_node_priority_with_dfs_delta]: Delta node (#leaves=3): queue=48, delete 2 tokens, ratio=60/4599=1.30% 
[00:47:34] [INFO   ] Fixpoint[1]:Reducer[perses_node_priority_with_dfs_delta]: Delta node (#leaves=3) 
[00:47:34] [INFO   ] Fixpoint[1]:Reducer[perses_node_priority_with_dfs_delta]: Delta node (#leaves=3): queue=48, delete 0 tokens, ratio=60/4599=1.30% 
[00:47:34] [INFO   ] Fixpoint[1]:Reducer[perses_node_priority_with_dfs_delta]: Delta node (#leaves=3) 
[00:47:36] [INFO   ] Fixpoint[1]:Reducer[perses_node_priority_with_dfs_delta]: Delta node (#leaves=3): queue=50, delete 0 tokens, ratio=60/4599=1.30% 
[00:47:36] [INFO   ] Fixpoint[1]:Reducer[perses_node_priority_with_dfs_delta]: Delta node (#leaves=3) 
[00:47:38] [INFO   ] Fixpoint[1]:Reducer[perses_node_priority_with_dfs_delta]: Delta node (#leaves=3): queue=51, delete 0 tokens, ratio=60/4599=1.30% 
[00:47:38] [INFO   ] Fixpoint[1]:Reducer[perses_node_priority_with_dfs_delta]: Delta node (#leaves=2) 
[00:47:43] [INFO   ] Fixpoint[1]:Reducer[perses_node_priority_with_dfs_delta]: New minimal, delete 1 tokens, ratio=59/4599=1.28% 
[00:47:43] [INFO   ] Fixpoint[1]:Reducer[perses_node_priority_with_dfs_delta]: Delta node (#leaves=2): queue=53, delete 1 tokens, ratio=59/4599=1.28% 
[00:47:43] [INFO   ] Fixpoint[1]:Reducer[perses_node_priority_with_dfs_delta]: Delta node (#leaves=2) 
[00:47:45] [INFO   ] Fixpoint[1]:Reducer[perses_node_priority_with_dfs_delta]: New minimal, delete 1 tokens, ratio=58/4599=1.26% 
[00:47:45] [INFO   ] Fixpoint[1]:Reducer[perses_node_priority_with_dfs_delta]: Delta node (#leaves=2): queue=53, delete 1 tokens, ratio=58/4599=1.26% 
[00:47:45] [INFO   ] Fixpoint[1]:Reducer[perses_node_priority_with_dfs_delta]: Delta node (#leaves=2) 
[00:47:46] [INFO   ] Fixpoint[1]:Reducer[perses_node_priority_with_dfs_delta]: Delta node (#leaves=2): queue=53, delete 0 tokens, ratio=58/4599=1.26% 
[00:47:46] [INFO   ] Fixpoint[1]:Reducer[perses_node_priority_with_dfs_delta]: Delta node (#leaves=2) 
[00:47:46] [INFO   ] Fixpoint[1]:Reducer[perses_node_priority_with_dfs_delta]: Delta node (#leaves=2): queue=53, delete 0 tokens, ratio=58/4599=1.26% 
[00:47:46] [INFO   ] Fixpoint[1]:Reducer[perses_node_priority_with_dfs_delta]: Delta node (#leaves=2) 
[00:47:49] [INFO   ] Fixpoint[1]:Reducer[perses_node_priority_with_dfs_delta]: New minimal, delete 2 tokens, ratio=56/4599=1.22% 
[00:47:49] [INFO   ] Fixpoint[1]:Reducer[perses_node_priority_with_dfs_delta]: Delta node (#leaves=2): queue=54, delete 2 tokens, ratio=56/4599=1.22% 
[00:47:49] [INFO   ] Fixpoint[1]:Reducer[perses_node_priority_with_dfs_delta]: Delta node (#leaves=2) 
[00:47:50] [INFO   ] Fixpoint[1]:Reducer[perses_node_priority_with_dfs_delta]: Delta node (#leaves=2): queue=53, delete 0 tokens, ratio=56/4599=1.22% 
[00:47:50] [INFO   ] Fixpoint[1]:Reducer[perses_node_priority_with_dfs_delta]: Delta node (#leaves=2) 
[00:47:50] [INFO   ] Fixpoint[1]:Reducer[perses_node_priority_with_dfs_delta]: Delta node (#leaves=2): queue=53, delete 0 tokens, ratio=56/4599=1.22% 
[00:47:50] [INFO   ] Fixpoint[1]:Reducer[perses_node_priority_with_dfs_delta]: Delta node (#leaves=2) 
[00:47:53] [INFO   ] Fixpoint[1]:Reducer[perses_node_priority_with_dfs_delta]: New minimal, delete 2 tokens, ratio=54/4599=1.17% 
[00:47:53] [INFO   ] Fixpoint[1]:Reducer[perses_node_priority_with_dfs_delta]: Delta node (#leaves=2): queue=54, delete 2 tokens, ratio=54/4599=1.17% 
[00:47:53] [INFO   ] Fixpoint[1]:Reducer[perses_node_priority_with_dfs_delta]: Delta node (#leaves=1) 
[00:47:53] [INFO   ] Fixpoint[1]:Reducer[perses_node_priority_with_dfs_delta]: Delta node (#leaves=1): queue=53, delete 0 tokens, ratio=54/4599=1.17% 
[00:47:53] [INFO   ] Fixpoint[1]:Reducer[perses_node_priority_with_dfs_delta]: Delta node (#leaves=1) 
[00:47:53] [INFO   ] Fixpoint[1]:Reducer[perses_node_priority_with_dfs_delta]: Delta node (#leaves=1): queue=52, delete 0 tokens, ratio=54/4599=1.17% 
[00:47:53] [INFO   ] Fixpoint[1]:Reducer[perses_node_priority_with_dfs_delta]: Delta node (#leaves=1) 
[00:47:53] [INFO   ] Fixpoint[1]:Reducer[perses_node_priority_with_dfs_delta]: Delta node (#leaves=1): queue=51, delete 0 tokens, ratio=54/4599=1.17% 
[00:47:53] [INFO   ] Fixpoint[1]:Reducer[perses_node_priority_with_dfs_delta]: Delta node (#leaves=1) 
[00:47:53] [INFO   ] Fixpoint[1]:Reducer[perses_node_priority_with_dfs_delta]: Delta node (#leaves=1): queue=50, delete 0 tokens, ratio=54/4599=1.17% 
[00:47:53] [INFO   ] Fixpoint[1]:Reducer[perses_node_priority_with_dfs_delta]: Delta node (#leaves=1) 
[00:47:53] [INFO   ] Fixpoint[1]:Reducer[perses_node_priority_with_dfs_delta]: Delta node (#leaves=1): queue=49, delete 0 tokens, ratio=54/4599=1.17% 
[00:47:53] [INFO   ] Fixpoint[1]:Reducer[perses_node_priority_with_dfs_delta]: Delta node (#leaves=1) 
[00:47:53] [INFO   ] Fixpoint[1]:Reducer[perses_node_priority_with_dfs_delta]: Delta node (#leaves=1): queue=48, delete 0 tokens, ratio=54/4599=1.17% 
[00:47:53] [INFO   ] Fixpoint[1]:Reducer[perses_node_priority_with_dfs_delta]: Delta node (#leaves=1) 
[00:47:53] [INFO   ] Fixpoint[1]:Reducer[perses_node_priority_with_dfs_delta]: Delta node (#leaves=1): queue=47, delete 0 tokens, ratio=54/4599=1.17% 
[00:47:53] [INFO   ] Fixpoint[1]:Reducer[perses_node_priority_with_dfs_delta]: Delta node (#leaves=1) 
[00:47:53] [INFO   ] Fixpoint[1]:Reducer[perses_node_priority_with_dfs_delta]: Delta node (#leaves=1): queue=46, delete 0 tokens, ratio=54/4599=1.17% 
[00:47:53] [INFO   ] Fixpoint[1]:Reducer[perses_node_priority_with_dfs_delta]: Delta node (#leaves=1) 
[00:47:53] [INFO   ] Fixpoint[1]:Reducer[perses_node_priority_with_dfs_delta]: Delta node (#leaves=1): queue=45, delete 0 tokens, ratio=54/4599=1.17% 
[00:47:53] [INFO   ] Fixpoint[1]:Reducer[perses_node_priority_with_dfs_delta]: Delta node (#leaves=1) 
[00:47:53] [INFO   ] Fixpoint[1]:Reducer[perses_node_priority_with_dfs_delta]: Delta node (#leaves=1): queue=44, delete 0 tokens, ratio=54/4599=1.17% 
[00:47:53] [INFO   ] Fixpoint[1]:Reducer[perses_node_priority_with_dfs_delta]: Delta node (#leaves=1) 
[00:47:53] [INFO   ] Fixpoint[1]:Reducer[perses_node_priority_with_dfs_delta]: Delta node (#leaves=1): queue=43, delete 0 tokens, ratio=54/4599=1.17% 
[00:47:53] [INFO   ] Fixpoint[1]:Reducer[perses_node_priority_with_dfs_delta]: Delta node (#leaves=1) 
[00:47:53] [INFO   ] Fixpoint[1]:Reducer[perses_node_priority_with_dfs_delta]: Delta node (#leaves=1): queue=42, delete 0 tokens, ratio=54/4599=1.17% 
[00:47:53] [INFO   ] Fixpoint[1]:Reducer[perses_node_priority_with_dfs_delta]: Delta node (#leaves=1) 
[00:47:53] [INFO   ] Fixpoint[1]:Reducer[perses_node_priority_with_dfs_delta]: Delta node (#leaves=1): queue=41, delete 0 tokens, ratio=54/4599=1.17% 
[00:47:53] [INFO   ] Fixpoint[1]:Reducer[perses_node_priority_with_dfs_delta]: Delta node (#leaves=1) 
[00:47:53] [INFO   ] Fixpoint[1]:Reducer[perses_node_priority_with_dfs_delta]: Delta node (#leaves=1): queue=40, delete 0 tokens, ratio=54/4599=1.17% 
[00:47:53] [INFO   ] Fixpoint[1]:Reducer[perses_node_priority_with_dfs_delta]: Delta node (#leaves=1) 
[00:47:53] [INFO   ] Fixpoint[1]:Reducer[perses_node_priority_with_dfs_delta]: Delta node (#leaves=1): queue=39, delete 0 tokens, ratio=54/4599=1.17% 
[00:47:53] [INFO   ] Fixpoint[1]:Reducer[perses_node_priority_with_dfs_delta]: Delta node (#leaves=1) 
[00:47:53] [INFO   ] Fixpoint[1]:Reducer[perses_node_priority_with_dfs_delta]: Delta node (#leaves=1): queue=38, delete 0 tokens, ratio=54/4599=1.17% 
[00:47:53] [INFO   ] Fixpoint[1]:Reducer[perses_node_priority_with_dfs_delta]: Delta node (#leaves=1) 
[00:47:53] [INFO   ] Fixpoint[1]:Reducer[perses_node_priority_with_dfs_delta]: Delta node (#leaves=1): queue=37, delete 0 tokens, ratio=54/4599=1.17% 
[00:47:53] [INFO   ] Fixpoint[1]:Reducer[perses_node_priority_with_dfs_delta]: Delta node (#leaves=1) 
[00:47:53] [INFO   ] Fixpoint[1]:Reducer[perses_node_priority_with_dfs_delta]: Delta node (#leaves=1): queue=36, delete 0 tokens, ratio=54/4599=1.17% 
[00:47:53] [INFO   ] Fixpoint[1]:Reducer[perses_node_priority_with_dfs_delta]: Delta node (#leaves=1) 
[00:47:53] [INFO   ] Fixpoint[1]:Reducer[perses_node_priority_with_dfs_delta]: Delta node (#leaves=1): queue=35, delete 0 tokens, ratio=54/4599=1.17% 
[00:47:53] [INFO   ] Fixpoint[1]:Reducer[perses_node_priority_with_dfs_delta]: Delta node (#leaves=1) 
[00:47:53] [INFO   ] Fixpoint[1]:Reducer[perses_node_priority_with_dfs_delta]: Delta node (#leaves=1): queue=34, delete 0 tokens, ratio=54/4599=1.17% 
[00:47:53] [INFO   ] Fixpoint[1]:Reducer[perses_node_priority_with_dfs_delta]: Delta node (#leaves=1) 
[00:47:53] [INFO   ] Fixpoint[1]:Reducer[perses_node_priority_with_dfs_delta]: Delta node (#leaves=1): queue=33, delete 0 tokens, ratio=54/4599=1.17% 
[00:47:53] [INFO   ] Fixpoint[1]:Reducer[perses_node_priority_with_dfs_delta]: Delta node (#leaves=1) 
[00:47:53] [INFO   ] Fixpoint[1]:Reducer[perses_node_priority_with_dfs_delta]: Delta node (#leaves=1): queue=32, delete 0 tokens, ratio=54/4599=1.17% 
[00:47:53] [INFO   ] Fixpoint[1]:Reducer[perses_node_priority_with_dfs_delta]: Delta node (#leaves=1) 
[00:47:53] [INFO   ] Fixpoint[1]:Reducer[perses_node_priority_with_dfs_delta]: Delta node (#leaves=1): queue=31, delete 0 tokens, ratio=54/4599=1.17% 
[00:47:53] [INFO   ] Fixpoint[1]:Reducer[perses_node_priority_with_dfs_delta]: Delta node (#leaves=1) 
[00:47:53] [INFO   ] Fixpoint[1]:Reducer[perses_node_priority_with_dfs_delta]: Delta node (#leaves=1): queue=30, delete 0 tokens, ratio=54/4599=1.17% 
[00:47:53] [INFO   ] Fixpoint[1]:Reducer[perses_node_priority_with_dfs_delta]: Delta node (#leaves=1) 
[00:47:53] [INFO   ] Fixpoint[1]:Reducer[perses_node_priority_with_dfs_delta]: Delta node (#leaves=1): queue=29, delete 0 tokens, ratio=54/4599=1.17% 
[00:47:53] [INFO   ] Fixpoint[1]:Reducer[perses_node_priority_with_dfs_delta]: Delta node (#leaves=1) 
[00:47:53] [INFO   ] Fixpoint[1]:Reducer[perses_node_priority_with_dfs_delta]: Delta node (#leaves=1): queue=28, delete 0 tokens, ratio=54/4599=1.17% 
[00:47:53] [INFO   ] Fixpoint[1]:Reducer[perses_node_priority_with_dfs_delta]: Delta node (#leaves=1) 
[00:47:53] [INFO   ] Fixpoint[1]:Reducer[perses_node_priority_with_dfs_delta]: Delta node (#leaves=1): queue=27, delete 0 tokens, ratio=54/4599=1.17% 
[00:47:53] [INFO   ] Fixpoint[1]:Reducer[perses_node_priority_with_dfs_delta]: Delta node (#leaves=1) 
[00:47:53] [INFO   ] Fixpoint[1]:Reducer[perses_node_priority_with_dfs_delta]: Delta node (#leaves=1): queue=26, delete 0 tokens, ratio=54/4599=1.17% 
[00:47:53] [INFO   ] Fixpoint[1]:Reducer[perses_node_priority_with_dfs_delta]: Delta node (#leaves=1) 
[00:47:53] [INFO   ] Fixpoint[1]:Reducer[perses_node_priority_with_dfs_delta]: Delta node (#leaves=1): queue=25, delete 0 tokens, ratio=54/4599=1.17% 
[00:47:53] [INFO   ] Fixpoint[1]:Reducer[perses_node_priority_with_dfs_delta]: Delta node (#leaves=1) 
[00:47:53] [INFO   ] Fixpoint[1]:Reducer[perses_node_priority_with_dfs_delta]: Delta node (#leaves=1): queue=24, delete 0 tokens, ratio=54/4599=1.17% 
[00:47:53] [INFO   ] Fixpoint[1]:Reducer[perses_node_priority_with_dfs_delta]: Delta node (#leaves=1) 
[00:47:53] [INFO   ] Fixpoint[1]:Reducer[perses_node_priority_with_dfs_delta]: Delta node (#leaves=1): queue=23, delete 0 tokens, ratio=54/4599=1.17% 
[00:47:53] [INFO   ] Fixpoint[1]:Reducer[perses_node_priority_with_dfs_delta]: Delta node (#leaves=1) 
[00:47:53] [INFO   ] Fixpoint[1]:Reducer[perses_node_priority_with_dfs_delta]: Delta node (#leaves=1): queue=22, delete 0 tokens, ratio=54/4599=1.17% 
[00:47:53] [INFO   ] Fixpoint[1]:Reducer[perses_node_priority_with_dfs_delta]: Delta node (#leaves=1) 
[00:47:53] [INFO   ] Fixpoint[1]:Reducer[perses_node_priority_with_dfs_delta]: Delta node (#leaves=1): queue=21, delete 0 tokens, ratio=54/4599=1.17% 
[00:47:53] [INFO   ] Fixpoint[1]:Reducer[perses_node_priority_with_dfs_delta]: Delta node (#leaves=1) 
[00:47:53] [INFO   ] Fixpoint[1]:Reducer[perses_node_priority_with_dfs_delta]: Delta node (#leaves=1): queue=20, delete 0 tokens, ratio=54/4599=1.17% 
[00:47:53] [INFO   ] Fixpoint[1]:Reducer[perses_node_priority_with_dfs_delta]: Delta node (#leaves=1) 
[00:47:53] [INFO   ] Fixpoint[1]:Reducer[perses_node_priority_with_dfs_delta]: Delta node (#leaves=1): queue=19, delete 0 tokens, ratio=54/4599=1.17% 
[00:47:53] [INFO   ] Fixpoint[1]:Reducer[perses_node_priority_with_dfs_delta]: Delta node (#leaves=1) 
[00:47:53] [INFO   ] Fixpoint[1]:Reducer[perses_node_priority_with_dfs_delta]: Delta node (#leaves=1): queue=18, delete 0 tokens, ratio=54/4599=1.17% 
[00:47:53] [INFO   ] Fixpoint[1]:Reducer[perses_node_priority_with_dfs_delta]: Delta node (#leaves=1) 
[00:47:53] [INFO   ] Fixpoint[1]:Reducer[perses_node_priority_with_dfs_delta]: Delta node (#leaves=1): queue=17, delete 0 tokens, ratio=54/4599=1.17% 
[00:47:53] [INFO   ] Fixpoint[1]:Reducer[perses_node_priority_with_dfs_delta]: Delta node (#leaves=1) 
[00:47:53] [INFO   ] Fixpoint[1]:Reducer[perses_node_priority_with_dfs_delta]: Delta node (#leaves=1): queue=16, delete 0 tokens, ratio=54/4599=1.17% 
[00:47:53] [INFO   ] Fixpoint[1]:Reducer[perses_node_priority_with_dfs_delta]: Delta node (#leaves=1) 
[00:47:53] [INFO   ] Fixpoint[1]:Reducer[perses_node_priority_with_dfs_delta]: Delta node (#leaves=1): queue=15, delete 0 tokens, ratio=54/4599=1.17% 
[00:47:53] [INFO   ] Fixpoint[1]:Reducer[perses_node_priority_with_dfs_delta]: Delta node (#leaves=1) 
[00:47:53] [INFO   ] Fixpoint[1]:Reducer[perses_node_priority_with_dfs_delta]: Delta node (#leaves=1): queue=14, delete 0 tokens, ratio=54/4599=1.17% 
[00:47:53] [INFO   ] Fixpoint[1]:Reducer[perses_node_priority_with_dfs_delta]: Delta node (#leaves=1) 
[00:47:53] [INFO   ] Fixpoint[1]:Reducer[perses_node_priority_with_dfs_delta]: Delta node (#leaves=1): queue=13, delete 0 tokens, ratio=54/4599=1.17% 
[00:47:53] [INFO   ] Fixpoint[1]:Reducer[perses_node_priority_with_dfs_delta]: Delta node (#leaves=1) 
[00:47:53] [INFO   ] Fixpoint[1]:Reducer[perses_node_priority_with_dfs_delta]: Delta node (#leaves=1): queue=12, delete 0 tokens, ratio=54/4599=1.17% 
[00:47:53] [INFO   ] Fixpoint[1]:Reducer[perses_node_priority_with_dfs_delta]: Delta node (#leaves=1) 
[00:47:53] [INFO   ] Fixpoint[1]:Reducer[perses_node_priority_with_dfs_delta]: Delta node (#leaves=1): queue=11, delete 0 tokens, ratio=54/4599=1.17% 
[00:47:53] [INFO   ] Fixpoint[1]:Reducer[perses_node_priority_with_dfs_delta]: Delta node (#leaves=1) 
[00:47:53] [INFO   ] Fixpoint[1]:Reducer[perses_node_priority_with_dfs_delta]: Delta node (#leaves=1): queue=10, delete 0 tokens, ratio=54/4599=1.17% 
[00:47:53] [INFO   ] Fixpoint[1]:Reducer[perses_node_priority_with_dfs_delta]: Delta node (#leaves=1) 
[00:47:53] [INFO   ] Fixpoint[1]:Reducer[perses_node_priority_with_dfs_delta]: Delta node (#leaves=1): queue=9, delete 0 tokens, ratio=54/4599=1.17% 
[00:47:53] [INFO   ] Fixpoint[1]:Reducer[perses_node_priority_with_dfs_delta]: Delta node (#leaves=1) 
[00:47:54] [INFO   ] Fixpoint[1]:Reducer[perses_node_priority_with_dfs_delta]: Delta node (#leaves=1): queue=8, delete 0 tokens, ratio=54/4599=1.17% 
[00:47:54] [INFO   ] Fixpoint[1]:Reducer[perses_node_priority_with_dfs_delta]: Delta node (#leaves=1) 
[00:47:54] [INFO   ] Fixpoint[1]:Reducer[perses_node_priority_with_dfs_delta]: Delta node (#leaves=1): queue=8, delete 0 tokens, ratio=54/4599=1.17% 
[00:47:54] [INFO   ] Fixpoint[1]:Reducer[perses_node_priority_with_dfs_delta]: Delta node (#leaves=1) 
[00:47:54] [INFO   ] Fixpoint[1]:Reducer[perses_node_priority_with_dfs_delta]: Delta node (#leaves=1): queue=7, delete 0 tokens, ratio=54/4599=1.17% 
[00:47:54] [INFO   ] Fixpoint[1]:Reducer[perses_node_priority_with_dfs_delta]: Delta node (#leaves=1) 
[00:47:54] [INFO   ] Fixpoint[1]:Reducer[perses_node_priority_with_dfs_delta]: Delta node (#leaves=1): queue=6, delete 0 tokens, ratio=54/4599=1.17% 
[00:47:54] [INFO   ] Fixpoint[1]:Reducer[perses_node_priority_with_dfs_delta]: Delta node (#leaves=1) 
[00:47:54] [INFO   ] Fixpoint[1]:Reducer[perses_node_priority_with_dfs_delta]: Delta node (#leaves=1): queue=5, delete 0 tokens, ratio=54/4599=1.17% 
[00:47:54] [INFO   ] Fixpoint[1]:Reducer[perses_node_priority_with_dfs_delta]: Delta node (#leaves=1) 
[00:47:54] [INFO   ] Fixpoint[1]:Reducer[perses_node_priority_with_dfs_delta]: Delta node (#leaves=1): queue=4, delete 0 tokens, ratio=54/4599=1.17% 
[00:47:54] [INFO   ] Fixpoint[1]:Reducer[perses_node_priority_with_dfs_delta]: Delta node (#leaves=1) 
[00:47:54] [INFO   ] Fixpoint[1]:Reducer[perses_node_priority_with_dfs_delta]: Delta node (#leaves=1): queue=3, delete 0 tokens, ratio=54/4599=1.17% 
[00:47:54] [INFO   ] Fixpoint[1]:Reducer[perses_node_priority_with_dfs_delta]: Delta node (#leaves=1) 
[00:47:54] [INFO   ] Fixpoint[1]:Reducer[perses_node_priority_with_dfs_delta]: Delta node (#leaves=1): queue=2, delete 0 tokens, ratio=54/4599=1.17% 
[00:47:54] [INFO   ] Fixpoint[1]:Reducer[perses_node_priority_with_dfs_delta]: Delta node (#leaves=1) 
[00:47:54] [INFO   ] Fixpoint[1]:Reducer[perses_node_priority_with_dfs_delta]: Delta node (#leaves=1): queue=1, delete 0 tokens, ratio=54/4599=1.17% 
[00:47:54] [INFO   ] Fixpoint[1]:Reducer[perses_node_priority_with_dfs_delta]: Delta node (#leaves=1) 
[00:47:57] [INFO   ] Fixpoint[1]:Reducer[perses_node_priority_with_dfs_delta]: New minimal, delete 1 tokens, ratio=53/4599=1.15% 
[00:47:57] [INFO   ] Fixpoint[1]:Reducer[perses_node_priority_with_dfs_delta]: Delta node (#leaves=1): queue=0, delete 1 tokens, ratio=53/4599=1.15% 
[00:47:57] [INFO   ] perses_node_priority_with_dfs_delta ended at 00:47:57 2022/08/10. #old=4599, #new=53 
[00:47:57] [INFO   ] Fixpoint[1]:Reducer[perses_node_priority_with_dfs_delta]: Fixpoint iteration finished, delete 4546 tokens, ratio=53/4599=1.15% 
[00:47:57] [INFO   ] Rebuilding spar-tree. 
[00:47:57] [INFO   ] perses_node_priority_with_dfs_delta started at 00:47:57 2022/08/10. #tokens=53 
[00:47:57] [INFO   ] Fixpoint[2]:Reducer[perses_node_priority_with_dfs_delta]: New fixpoint iteration started. #Tokens=53 
[00:47:57] [INFO   ] Fixpoint[2]:Reducer[perses_node_priority_with_dfs_delta]: Delta node (#leaves=53) 
[00:47:58] [INFO   ] Fixpoint[2]:Reducer[perses_node_priority_with_dfs_delta]: Delta node (#leaves=53): queue=0, delete 0 tokens, ratio=53/4599=1.15% 
[00:47:58] [INFO   ] Fixpoint[2]:Reducer[perses_node_priority_with_dfs_delta]: Delta node (#leaves=53) 
[00:47:58] [INFO   ] Fixpoint[2]:Reducer[perses_node_priority_with_dfs_delta]: Delta node (#leaves=53): queue=0, delete 0 tokens, ratio=53/4599=1.15% 
[00:47:58] [INFO   ] Fixpoint[2]:Reducer[perses_node_priority_with_dfs_delta]: Delta node (#leaves=51) 
[00:47:58] [INFO   ] Fixpoint[2]:Reducer[perses_node_priority_with_dfs_delta]: Delta node (#leaves=51): queue=2, delete 0 tokens, ratio=53/4599=1.15% 
[00:47:58] [INFO   ] Fixpoint[2]:Reducer[perses_node_priority_with_dfs_delta]: Delta node (#leaves=49) 
[00:48:04] [INFO   ] Fixpoint[2]:Reducer[perses_node_priority_with_dfs_delta]: New minimal, delete 14 tokens, ratio=39/4599=0.85% 
[00:48:08] [INFO   ] Fixpoint[2]:Reducer[perses_node_priority_with_dfs_delta]: Delta node (#leaves=49): queue=4, delete 14 tokens, ratio=39/4599=0.85% 
[00:48:08] [INFO   ] Fixpoint[2]:Reducer[perses_node_priority_with_dfs_delta]: Delta node (#leaves=31) 
[00:48:09] [INFO   ] Fixpoint[2]:Reducer[perses_node_priority_with_dfs_delta]: Delta node (#leaves=31): queue=5, delete 0 tokens, ratio=39/4599=0.85% 
[00:48:09] [INFO   ] Fixpoint[2]:Reducer[perses_node_priority_with_dfs_delta]: Delta node (#leaves=27) 
[00:48:09] [INFO   ] Fixpoint[2]:Reducer[perses_node_priority_with_dfs_delta]: Delta node (#leaves=27): queue=6, delete 0 tokens, ratio=39/4599=0.85% 
[00:48:09] [INFO   ] Fixpoint[2]:Reducer[perses_node_priority_with_dfs_delta]: Delta node (#leaves=25) 
[00:48:10] [INFO   ] Fixpoint[2]:Reducer[perses_node_priority_with_dfs_delta]: Delta node (#leaves=25): queue=8, delete 0 tokens, ratio=39/4599=0.85% 
[00:48:10] [INFO   ] Fixpoint[2]:Reducer[perses_node_priority_with_dfs_delta]: Delta node (#leaves=25) 
[00:48:23] [INFO   ] Fixpoint[2]:Reducer[perses_node_priority_with_dfs_delta]: Delta node (#leaves=25): queue=8, delete 0 tokens, ratio=39/4599=0.85% 
[00:48:23] [INFO   ] Fixpoint[2]:Reducer[perses_node_priority_with_dfs_delta]: Delta node (#leaves=6) 
[00:48:23] [INFO   ] Fixpoint[2]:Reducer[perses_node_priority_with_dfs_delta]: Delta node (#leaves=6): queue=12, delete 0 tokens, ratio=39/4599=0.85% 
[00:48:23] [INFO   ] Fixpoint[2]:Reducer[perses_node_priority_with_dfs_delta]: Delta node (#leaves=5) 
[00:48:23] [INFO   ] Fixpoint[2]:Reducer[perses_node_priority_with_dfs_delta]: Delta node (#leaves=5): queue=14, delete 0 tokens, ratio=39/4599=0.85% 
[00:48:23] [INFO   ] Fixpoint[2]:Reducer[perses_node_priority_with_dfs_delta]: Delta node (#leaves=5) 
[00:48:23] [INFO   ] Fixpoint[2]:Reducer[perses_node_priority_with_dfs_delta]: Delta node (#leaves=5): queue=15, delete 0 tokens, ratio=39/4599=0.85% 
[00:48:23] [INFO   ] Fixpoint[2]:Reducer[perses_node_priority_with_dfs_delta]: Delta node (#leaves=5) 
[00:48:23] [INFO   ] Fixpoint[2]:Reducer[perses_node_priority_with_dfs_delta]: Delta node (#leaves=5): queue=16, delete 0 tokens, ratio=39/4599=0.85% 
[00:48:23] [INFO   ] Fixpoint[2]:Reducer[perses_node_priority_with_dfs_delta]: Delta node (#leaves=4) 
[00:48:23] [INFO   ] Fixpoint[2]:Reducer[perses_node_priority_with_dfs_delta]: Delta node (#leaves=4): queue=17, delete 0 tokens, ratio=39/4599=0.85% 
[00:48:23] [INFO   ] Fixpoint[2]:Reducer[perses_node_priority_with_dfs_delta]: Delta node (#leaves=4) 
[00:48:23] [INFO   ] Fixpoint[2]:Reducer[perses_node_priority_with_dfs_delta]: Delta node (#leaves=4): queue=20, delete 0 tokens, ratio=39/4599=0.85% 
[00:48:23] [INFO   ] Fixpoint[2]:Reducer[perses_node_priority_with_dfs_delta]: Delta node (#leaves=4) 
[00:48:23] [INFO   ] Fixpoint[2]:Reducer[perses_node_priority_with_dfs_delta]: Delta node (#leaves=4): queue=21, delete 0 tokens, ratio=39/4599=0.85% 
[00:48:23] [INFO   ] Fixpoint[2]:Reducer[perses_node_priority_with_dfs_delta]: Delta node (#leaves=4) 
[00:48:23] [INFO   ] Fixpoint[2]:Reducer[perses_node_priority_with_dfs_delta]: Delta node (#leaves=4): queue=22, delete 0 tokens, ratio=39/4599=0.85% 
[00:48:23] [INFO   ] Fixpoint[2]:Reducer[perses_node_priority_with_dfs_delta]: Delta node (#leaves=4) 
[00:48:23] [INFO   ] Fixpoint[2]:Reducer[perses_node_priority_with_dfs_delta]: Delta node (#leaves=4): queue=23, delete 0 tokens, ratio=39/4599=0.85% 
[00:48:23] [INFO   ] Fixpoint[2]:Reducer[perses_node_priority_with_dfs_delta]: Delta node (#leaves=4) 
[00:48:24] [INFO   ] Fixpoint[2]:Reducer[perses_node_priority_with_dfs_delta]: Delta node (#leaves=4): queue=24, delete 0 tokens, ratio=39/4599=0.85% 
[00:48:24] [INFO   ] Fixpoint[2]:Reducer[perses_node_priority_with_dfs_delta]: Delta node (#leaves=4) 
[00:48:25] [INFO   ] Fixpoint[2]:Reducer[perses_node_priority_with_dfs_delta]: Delta node (#leaves=4): queue=24, delete 0 tokens, ratio=39/4599=0.85% 
[00:48:25] [INFO   ] Fixpoint[2]:Reducer[perses_node_priority_with_dfs_delta]: Delta node (#leaves=4) 
[00:48:25] [INFO   ] Fixpoint[2]:Reducer[perses_node_priority_with_dfs_delta]: Delta node (#leaves=4): queue=25, delete 0 tokens, ratio=39/4599=0.85% 
[00:48:25] [INFO   ] Fixpoint[2]:Reducer[perses_node_priority_with_dfs_delta]: Delta node (#leaves=3) 
[00:48:25] [INFO   ] Fixpoint[2]:Reducer[perses_node_priority_with_dfs_delta]: Delta node (#leaves=3): queue=26, delete 0 tokens, ratio=39/4599=0.85% 
[00:48:25] [INFO   ] Fixpoint[2]:Reducer[perses_node_priority_with_dfs_delta]: Delta node (#leaves=3) 
[00:48:27] [INFO   ] Fixpoint[2]:Reducer[perses_node_priority_with_dfs_delta]: Delta node (#leaves=3): queue=28, delete 0 tokens, ratio=39/4599=0.85% 
[00:48:27] [INFO   ] Fixpoint[2]:Reducer[perses_node_priority_with_dfs_delta]: Delta node (#leaves=3) 
[00:48:28] [INFO   ] Fixpoint[2]:Reducer[perses_node_priority_with_dfs_delta]: Delta node (#leaves=3): queue=29, delete 0 tokens, ratio=39/4599=0.85% 
[00:48:28] [INFO   ] Fixpoint[2]:Reducer[perses_node_priority_with_dfs_delta]: Delta node (#leaves=3) 
[00:48:28] [INFO   ] Fixpoint[2]:Reducer[perses_node_priority_with_dfs_delta]: Delta node (#leaves=3): queue=30, delete 0 tokens, ratio=39/4599=0.85% 
[00:48:28] [INFO   ] Fixpoint[2]:Reducer[perses_node_priority_with_dfs_delta]: Delta node (#leaves=3) 
[00:48:29] [INFO   ] Fixpoint[2]:Reducer[perses_node_priority_with_dfs_delta]: Delta node (#leaves=3): queue=32, delete 0 tokens, ratio=39/4599=0.85% 
[00:48:29] [INFO   ] Fixpoint[2]:Reducer[perses_node_priority_with_dfs_delta]: Delta node (#leaves=3) 
[00:48:29] [INFO   ] Fixpoint[2]:Reducer[perses_node_priority_with_dfs_delta]: Delta node (#leaves=3): queue=33, delete 0 tokens, ratio=39/4599=0.85% 
[00:48:29] [INFO   ] Fixpoint[2]:Reducer[perses_node_priority_with_dfs_delta]: Delta node (#leaves=2) 
[00:48:29] [INFO   ] Fixpoint[2]:Reducer[perses_node_priority_with_dfs_delta]: Delta node (#leaves=2): queue=35, delete 0 tokens, ratio=39/4599=0.85% 
[00:48:29] [INFO   ] Fixpoint[2]:Reducer[perses_node_priority_with_dfs_delta]: Delta node (#leaves=2) 
[00:48:29] [INFO   ] Fixpoint[2]:Reducer[perses_node_priority_with_dfs_delta]: Delta node (#leaves=2): queue=35, delete 0 tokens, ratio=39/4599=0.85% 
[00:48:29] [INFO   ] Fixpoint[2]:Reducer[perses_node_priority_with_dfs_delta]: Delta node (#leaves=2) 
[00:48:29] [INFO   ] Fixpoint[2]:Reducer[perses_node_priority_with_dfs_delta]: Delta node (#leaves=2): queue=36, delete 0 tokens, ratio=39/4599=0.85% 
[00:48:29] [INFO   ] Fixpoint[2]:Reducer[perses_node_priority_with_dfs_delta]: Delta node (#leaves=2) 
[00:48:29] [INFO   ] Fixpoint[2]:Reducer[perses_node_priority_with_dfs_delta]: Delta node (#leaves=2): queue=36, delete 0 tokens, ratio=39/4599=0.85% 
[00:48:29] [INFO   ] Fixpoint[2]:Reducer[perses_node_priority_with_dfs_delta]: Delta node (#leaves=2) 
[00:48:29] [INFO   ] Fixpoint[2]:Reducer[perses_node_priority_with_dfs_delta]: Delta node (#leaves=2): queue=37, delete 0 tokens, ratio=39/4599=0.85% 
[00:48:29] [INFO   ] Fixpoint[2]:Reducer[perses_node_priority_with_dfs_delta]: Delta node (#leaves=2) 
[00:48:29] [INFO   ] Fixpoint[2]:Reducer[perses_node_priority_with_dfs_delta]: Delta node (#leaves=2): queue=37, delete 0 tokens, ratio=39/4599=0.85% 
[00:48:29] [INFO   ] Fixpoint[2]:Reducer[perses_node_priority_with_dfs_delta]: Delta node (#leaves=1) 
[00:48:29] [INFO   ] Fixpoint[2]:Reducer[perses_node_priority_with_dfs_delta]: Delta node (#leaves=1): queue=38, delete 0 tokens, ratio=39/4599=0.85% 
[00:48:29] [INFO   ] Fixpoint[2]:Reducer[perses_node_priority_with_dfs_delta]: Delta node (#leaves=1) 
[00:48:29] [INFO   ] Fixpoint[2]:Reducer[perses_node_priority_with_dfs_delta]: Delta node (#leaves=1): queue=37, delete 0 tokens, ratio=39/4599=0.85% 
[00:48:29] [INFO   ] Fixpoint[2]:Reducer[perses_node_priority_with_dfs_delta]: Delta node (#leaves=1) 
[00:48:29] [INFO   ] Fixpoint[2]:Reducer[perses_node_priority_with_dfs_delta]: Delta node (#leaves=1): queue=36, delete 0 tokens, ratio=39/4599=0.85% 
[00:48:29] [INFO   ] Fixpoint[2]:Reducer[perses_node_priority_with_dfs_delta]: Delta node (#leaves=1) 
[00:48:32] [INFO   ] Fixpoint[2]:Reducer[perses_node_priority_with_dfs_delta]: New minimal, delete 1 tokens, ratio=38/4599=0.83% 
[00:48:32] [INFO   ] Fixpoint[2]:Reducer[perses_node_priority_with_dfs_delta]: Delta node (#leaves=1): queue=35, delete 1 tokens, ratio=38/4599=0.83% 
[00:48:32] [INFO   ] Fixpoint[2]:Reducer[perses_node_priority_with_dfs_delta]: Delta node (#leaves=1) 
[00:48:32] [INFO   ] Fixpoint[2]:Reducer[perses_node_priority_with_dfs_delta]: Delta node (#leaves=1): queue=34, delete 0 tokens, ratio=38/4599=0.83% 
[00:48:32] [INFO   ] Fixpoint[2]:Reducer[perses_node_priority_with_dfs_delta]: Delta node (#leaves=1) 
[00:48:32] [INFO   ] Fixpoint[2]:Reducer[perses_node_priority_with_dfs_delta]: Delta node (#leaves=1): queue=33, delete 0 tokens, ratio=38/4599=0.83% 
[00:48:32] [INFO   ] Fixpoint[2]:Reducer[perses_node_priority_with_dfs_delta]: Delta node (#leaves=1) 
[00:48:32] [INFO   ] Fixpoint[2]:Reducer[perses_node_priority_with_dfs_delta]: Delta node (#leaves=1): queue=32, delete 0 tokens, ratio=38/4599=0.83% 
[00:48:32] [INFO   ] Fixpoint[2]:Reducer[perses_node_priority_with_dfs_delta]: Delta node (#leaves=1) 
[00:48:32] [INFO   ] Fixpoint[2]:Reducer[perses_node_priority_with_dfs_delta]: Delta node (#leaves=1): queue=31, delete 0 tokens, ratio=38/4599=0.83% 
[00:48:32] [INFO   ] Fixpoint[2]:Reducer[perses_node_priority_with_dfs_delta]: Delta node (#leaves=1) 
[00:48:32] [INFO   ] Fixpoint[2]:Reducer[perses_node_priority_with_dfs_delta]: Delta node (#leaves=1): queue=30, delete 0 tokens, ratio=38/4599=0.83% 
[00:48:32] [INFO   ] Fixpoint[2]:Reducer[perses_node_priority_with_dfs_delta]: Delta node (#leaves=1) 
[00:48:32] [INFO   ] Fixpoint[2]:Reducer[perses_node_priority_with_dfs_delta]: Delta node (#leaves=1): queue=29, delete 0 tokens, ratio=38/4599=0.83% 
[00:48:32] [INFO   ] Fixpoint[2]:Reducer[perses_node_priority_with_dfs_delta]: Delta node (#leaves=1) 
[00:48:32] [INFO   ] Fixpoint[2]:Reducer[perses_node_priority_with_dfs_delta]: Delta node (#leaves=1): queue=28, delete 0 tokens, ratio=38/4599=0.83% 
[00:48:32] [INFO   ] Fixpoint[2]:Reducer[perses_node_priority_with_dfs_delta]: Delta node (#leaves=1) 
[00:48:32] [INFO   ] Fixpoint[2]:Reducer[perses_node_priority_with_dfs_delta]: Delta node (#leaves=1): queue=27, delete 0 tokens, ratio=38/4599=0.83% 
[00:48:32] [INFO   ] Fixpoint[2]:Reducer[perses_node_priority_with_dfs_delta]: Delta node (#leaves=1) 
[00:48:32] [INFO   ] Fixpoint[2]:Reducer[perses_node_priority_with_dfs_delta]: Delta node (#leaves=1): queue=26, delete 0 tokens, ratio=38/4599=0.83% 
[00:48:32] [INFO   ] Fixpoint[2]:Reducer[perses_node_priority_with_dfs_delta]: Delta node (#leaves=1) 
[00:48:32] [INFO   ] Fixpoint[2]:Reducer[perses_node_priority_with_dfs_delta]: Delta node (#leaves=1): queue=25, delete 0 tokens, ratio=38/4599=0.83% 
[00:48:32] [INFO   ] Fixpoint[2]:Reducer[perses_node_priority_with_dfs_delta]: Delta node (#leaves=1) 
[00:48:32] [INFO   ] Fixpoint[2]:Reducer[perses_node_priority_with_dfs_delta]: Delta node (#leaves=1): queue=24, delete 0 tokens, ratio=38/4599=0.83% 
[00:48:32] [INFO   ] Fixpoint[2]:Reducer[perses_node_priority_with_dfs_delta]: Delta node (#leaves=1) 
[00:48:32] [INFO   ] Fixpoint[2]:Reducer[perses_node_priority_with_dfs_delta]: Delta node (#leaves=1): queue=23, delete 0 tokens, ratio=38/4599=0.83% 
[00:48:32] [INFO   ] Fixpoint[2]:Reducer[perses_node_priority_with_dfs_delta]: Delta node (#leaves=1) 
[00:48:32] [INFO   ] Fixpoint[2]:Reducer[perses_node_priority_with_dfs_delta]: Delta node (#leaves=1): queue=22, delete 0 tokens, ratio=38/4599=0.83% 
[00:48:32] [INFO   ] Fixpoint[2]:Reducer[perses_node_priority_with_dfs_delta]: Delta node (#leaves=1) 
[00:48:32] [INFO   ] Fixpoint[2]:Reducer[perses_node_priority_with_dfs_delta]: Delta node (#leaves=1): queue=21, delete 0 tokens, ratio=38/4599=0.83% 
[00:48:32] [INFO   ] Fixpoint[2]:Reducer[perses_node_priority_with_dfs_delta]: Delta node (#leaves=1) 
[00:48:32] [INFO   ] Fixpoint[2]:Reducer[perses_node_priority_with_dfs_delta]: Delta node (#leaves=1): queue=20, delete 0 tokens, ratio=38/4599=0.83% 
[00:48:32] [INFO   ] Fixpoint[2]:Reducer[perses_node_priority_with_dfs_delta]: Delta node (#leaves=1) 
[00:48:32] [INFO   ] Fixpoint[2]:Reducer[perses_node_priority_with_dfs_delta]: Delta node (#leaves=1): queue=19, delete 0 tokens, ratio=38/4599=0.83% 
[00:48:32] [INFO   ] Fixpoint[2]:Reducer[perses_node_priority_with_dfs_delta]: Delta node (#leaves=1) 
[00:48:32] [INFO   ] Fixpoint[2]:Reducer[perses_node_priority_with_dfs_delta]: Delta node (#leaves=1): queue=18, delete 0 tokens, ratio=38/4599=0.83% 
[00:48:32] [INFO   ] Fixpoint[2]:Reducer[perses_node_priority_with_dfs_delta]: Delta node (#leaves=1) 
[00:48:32] [INFO   ] Fixpoint[2]:Reducer[perses_node_priority_with_dfs_delta]: Delta node (#leaves=1): queue=17, delete 0 tokens, ratio=38/4599=0.83% 
[00:48:32] [INFO   ] Fixpoint[2]:Reducer[perses_node_priority_with_dfs_delta]: Delta node (#leaves=1) 
[00:48:32] [INFO   ] Fixpoint[2]:Reducer[perses_node_priority_with_dfs_delta]: Delta node (#leaves=1): queue=16, delete 0 tokens, ratio=38/4599=0.83% 
[00:48:32] [INFO   ] Fixpoint[2]:Reducer[perses_node_priority_with_dfs_delta]: Delta node (#leaves=1) 
[00:48:32] [INFO   ] Fixpoint[2]:Reducer[perses_node_priority_with_dfs_delta]: Delta node (#leaves=1): queue=15, delete 0 tokens, ratio=38/4599=0.83% 
[00:48:32] [INFO   ] Fixpoint[2]:Reducer[perses_node_priority_with_dfs_delta]: Delta node (#leaves=1) 
[00:48:32] [INFO   ] Fixpoint[2]:Reducer[perses_node_priority_with_dfs_delta]: Delta node (#leaves=1): queue=14, delete 0 tokens, ratio=38/4599=0.83% 
[00:48:32] [INFO   ] Fixpoint[2]:Reducer[perses_node_priority_with_dfs_delta]: Delta node (#leaves=1) 
[00:48:32] [INFO   ] Fixpoint[2]:Reducer[perses_node_priority_with_dfs_delta]: Delta node (#leaves=1): queue=13, delete 0 tokens, ratio=38/4599=0.83% 
[00:48:32] [INFO   ] Fixpoint[2]:Reducer[perses_node_priority_with_dfs_delta]: Delta node (#leaves=1) 
[00:48:32] [INFO   ] Fixpoint[2]:Reducer[perses_node_priority_with_dfs_delta]: Delta node (#leaves=1): queue=12, delete 0 tokens, ratio=38/4599=0.83% 
[00:48:32] [INFO   ] Fixpoint[2]:Reducer[perses_node_priority_with_dfs_delta]: Delta node (#leaves=1) 
[00:48:32] [INFO   ] Fixpoint[2]:Reducer[perses_node_priority_with_dfs_delta]: Delta node (#leaves=1): queue=11, delete 0 tokens, ratio=38/4599=0.83% 
[00:48:32] [INFO   ] Fixpoint[2]:Reducer[perses_node_priority_with_dfs_delta]: Delta node (#leaves=1) 
[00:48:32] [INFO   ] Fixpoint[2]:Reducer[perses_node_priority_with_dfs_delta]: Delta node (#leaves=1): queue=10, delete 0 tokens, ratio=38/4599=0.83% 
[00:48:32] [INFO   ] Fixpoint[2]:Reducer[perses_node_priority_with_dfs_delta]: Delta node (#leaves=1) 
[00:48:32] [INFO   ] Fixpoint[2]:Reducer[perses_node_priority_with_dfs_delta]: Delta node (#leaves=1): queue=9, delete 0 tokens, ratio=38/4599=0.83% 
[00:48:32] [INFO   ] Fixpoint[2]:Reducer[perses_node_priority_with_dfs_delta]: Delta node (#leaves=1) 
[00:48:32] [INFO   ] Fixpoint[2]:Reducer[perses_node_priority_with_dfs_delta]: Delta node (#leaves=1): queue=8, delete 0 tokens, ratio=38/4599=0.83% 
[00:48:32] [INFO   ] Fixpoint[2]:Reducer[perses_node_priority_with_dfs_delta]: Delta node (#leaves=1) 
[00:48:32] [INFO   ] Fixpoint[2]:Reducer[perses_node_priority_with_dfs_delta]: Delta node (#leaves=1): queue=7, delete 0 tokens, ratio=38/4599=0.83% 
[00:48:32] [INFO   ] Fixpoint[2]:Reducer[perses_node_priority_with_dfs_delta]: Delta node (#leaves=1) 
[00:48:32] [INFO   ] Fixpoint[2]:Reducer[perses_node_priority_with_dfs_delta]: Delta node (#leaves=1): queue=6, delete 0 tokens, ratio=38/4599=0.83% 
[00:48:32] [INFO   ] Fixpoint[2]:Reducer[perses_node_priority_with_dfs_delta]: Delta node (#leaves=1) 
[00:48:32] [INFO   ] Fixpoint[2]:Reducer[perses_node_priority_with_dfs_delta]: Delta node (#leaves=1): queue=5, delete 0 tokens, ratio=38/4599=0.83% 
[00:48:32] [INFO   ] Fixpoint[2]:Reducer[perses_node_priority_with_dfs_delta]: Delta node (#leaves=1) 
[00:48:32] [INFO   ] Fixpoint[2]:Reducer[perses_node_priority_with_dfs_delta]: Delta node (#leaves=1): queue=4, delete 0 tokens, ratio=38/4599=0.83% 
[00:48:32] [INFO   ] Fixpoint[2]:Reducer[perses_node_priority_with_dfs_delta]: Delta node (#leaves=1) 
[00:48:32] [INFO   ] Fixpoint[2]:Reducer[perses_node_priority_with_dfs_delta]: Delta node (#leaves=1): queue=3, delete 0 tokens, ratio=38/4599=0.83% 
[00:48:32] [INFO   ] Fixpoint[2]:Reducer[perses_node_priority_with_dfs_delta]: Delta node (#leaves=1) 
[00:48:32] [INFO   ] Fixpoint[2]:Reducer[perses_node_priority_with_dfs_delta]: Delta node (#leaves=1): queue=2, delete 0 tokens, ratio=38/4599=0.83% 
[00:48:32] [INFO   ] Fixpoint[2]:Reducer[perses_node_priority_with_dfs_delta]: Delta node (#leaves=1) 
[00:48:32] [INFO   ] Fixpoint[2]:Reducer[perses_node_priority_with_dfs_delta]: Delta node (#leaves=1): queue=1, delete 0 tokens, ratio=38/4599=0.83% 
[00:48:32] [INFO   ] Fixpoint[2]:Reducer[perses_node_priority_with_dfs_delta]: Delta node (#leaves=1) 
[00:48:32] [INFO   ] Fixpoint[2]:Reducer[perses_node_priority_with_dfs_delta]: Delta node (#leaves=1): queue=0, delete 0 tokens, ratio=38/4599=0.83% 
[00:48:32] [INFO   ] perses_node_priority_with_dfs_delta ended at 00:48:32 2022/08/10. #old=53, #new=38 
[00:48:32] [INFO   ] Fixpoint[2]:Reducer[perses_node_priority_with_dfs_delta]: Fixpoint iteration finished, delete 15 tokens, ratio=38/4599=0.83% 
[00:48:32] [INFO   ] Rebuilding spar-tree. 
[00:48:32] [INFO   ] perses_node_priority_with_dfs_delta started at 00:48:32 2022/08/10. #tokens=38 
[00:48:32] [INFO   ] Fixpoint[3]:Reducer[perses_node_priority_with_dfs_delta]: New fixpoint iteration started. #Tokens=38 
[00:48:32] [INFO   ] Fixpoint[3]:Reducer[perses_node_priority_with_dfs_delta]: Delta node (#leaves=38) 
[00:48:32] [INFO   ] Fixpoint[3]:Reducer[perses_node_priority_with_dfs_delta]: Delta node (#leaves=38): queue=0, delete 0 tokens, ratio=38/4599=0.83% 
[00:48:32] [INFO   ] Fixpoint[3]:Reducer[perses_node_priority_with_dfs_delta]: Delta node (#leaves=38) 
[00:48:32] [INFO   ] Fixpoint[3]:Reducer[perses_node_priority_with_dfs_delta]: Delta node (#leaves=38): queue=0, delete 0 tokens, ratio=38/4599=0.83% 
[00:48:32] [INFO   ] Fixpoint[3]:Reducer[perses_node_priority_with_dfs_delta]: Delta node (#leaves=36) 
[00:48:32] [INFO   ] Fixpoint[3]:Reducer[perses_node_priority_with_dfs_delta]: Delta node (#leaves=36): queue=2, delete 0 tokens, ratio=38/4599=0.83% 
[00:48:32] [INFO   ] Fixpoint[3]:Reducer[perses_node_priority_with_dfs_delta]: Delta node (#leaves=34) 
[00:48:35] [INFO   ] Fixpoint[3]:Reducer[perses_node_priority_with_dfs_delta]: Delta node (#leaves=34): queue=4, delete 0 tokens, ratio=38/4599=0.83% 
[00:48:35] [INFO   ] Fixpoint[3]:Reducer[perses_node_priority_with_dfs_delta]: Delta node (#leaves=31) 
[00:48:36] [INFO   ] Fixpoint[3]:Reducer[perses_node_priority_with_dfs_delta]: Delta node (#leaves=31): queue=5, delete 0 tokens, ratio=38/4599=0.83% 
[00:48:36] [INFO   ] Fixpoint[3]:Reducer[perses_node_priority_with_dfs_delta]: Delta node (#leaves=27) 
[00:48:36] [INFO   ] Fixpoint[3]:Reducer[perses_node_priority_with_dfs_delta]: Delta node (#leaves=27): queue=6, delete 0 tokens, ratio=38/4599=0.83% 
[00:48:36] [INFO   ] Fixpoint[3]:Reducer[perses_node_priority_with_dfs_delta]: Delta node (#leaves=25) 
[00:48:37] [INFO   ] Fixpoint[3]:Reducer[perses_node_priority_with_dfs_delta]: Delta node (#leaves=25): queue=8, delete 0 tokens, ratio=38/4599=0.83% 
[00:48:37] [INFO   ] Fixpoint[3]:Reducer[perses_node_priority_with_dfs_delta]: Delta node (#leaves=25) 
[00:48:49] [INFO   ] Fixpoint[3]:Reducer[perses_node_priority_with_dfs_delta]: Delta node (#leaves=25): queue=8, delete 0 tokens, ratio=38/4599=0.83% 
[00:48:49] [INFO   ] Fixpoint[3]:Reducer[perses_node_priority_with_dfs_delta]: Delta node (#leaves=6) 
[00:48:49] [INFO   ] Fixpoint[3]:Reducer[perses_node_priority_with_dfs_delta]: Delta node (#leaves=6): queue=12, delete 0 tokens, ratio=38/4599=0.83% 
[00:48:49] [INFO   ] Fixpoint[3]:Reducer[perses_node_priority_with_dfs_delta]: Delta node (#leaves=5) 
[00:48:49] [INFO   ] Fixpoint[3]:Reducer[perses_node_priority_with_dfs_delta]: Delta node (#leaves=5): queue=14, delete 0 tokens, ratio=38/4599=0.83% 
[00:48:49] [INFO   ] Fixpoint[3]:Reducer[perses_node_priority_with_dfs_delta]: Delta node (#leaves=5) 
[00:48:49] [INFO   ] Fixpoint[3]:Reducer[perses_node_priority_with_dfs_delta]: Delta node (#leaves=5): queue=15, delete 0 tokens, ratio=38/4599=0.83% 
[00:48:49] [INFO   ] Fixpoint[3]:Reducer[perses_node_priority_with_dfs_delta]: Delta node (#leaves=5) 
[00:48:49] [INFO   ] Fixpoint[3]:Reducer[perses_node_priority_with_dfs_delta]: Delta node (#leaves=5): queue=16, delete 0 tokens, ratio=38/4599=0.83% 
[00:48:49] [INFO   ] Fixpoint[3]:Reducer[perses_node_priority_with_dfs_delta]: Delta node (#leaves=4) 
[00:48:49] [INFO   ] Fixpoint[3]:Reducer[perses_node_priority_with_dfs_delta]: Delta node (#leaves=4): queue=17, delete 0 tokens, ratio=38/4599=0.83% 
[00:48:49] [INFO   ] Fixpoint[3]:Reducer[perses_node_priority_with_dfs_delta]: Delta node (#leaves=4) 
[00:48:49] [INFO   ] Fixpoint[3]:Reducer[perses_node_priority_with_dfs_delta]: Delta node (#leaves=4): queue=18, delete 0 tokens, ratio=38/4599=0.83% 
[00:48:49] [INFO   ] Fixpoint[3]:Reducer[perses_node_priority_with_dfs_delta]: Delta node (#leaves=4) 
[00:48:49] [INFO   ] Fixpoint[3]:Reducer[perses_node_priority_with_dfs_delta]: Delta node (#leaves=4): queue=19, delete 0 tokens, ratio=38/4599=0.83% 
[00:48:49] [INFO   ] Fixpoint[3]:Reducer[perses_node_priority_with_dfs_delta]: Delta node (#leaves=4) 
[00:48:49] [INFO   ] Fixpoint[3]:Reducer[perses_node_priority_with_dfs_delta]: Delta node (#leaves=4): queue=20, delete 0 tokens, ratio=38/4599=0.83% 
[00:48:49] [INFO   ] Fixpoint[3]:Reducer[perses_node_priority_with_dfs_delta]: Delta node (#leaves=4) 
[00:48:51] [INFO   ] Fixpoint[3]:Reducer[perses_node_priority_with_dfs_delta]: Delta node (#leaves=4): queue=21, delete 0 tokens, ratio=38/4599=0.83% 
[00:48:51] [INFO   ] Fixpoint[3]:Reducer[perses_node_priority_with_dfs_delta]: Delta node (#leaves=4) 
[00:48:52] [INFO   ] Fixpoint[3]:Reducer[perses_node_priority_with_dfs_delta]: Delta node (#leaves=4): queue=21, delete 0 tokens, ratio=38/4599=0.83% 
[00:48:52] [INFO   ] Fixpoint[3]:Reducer[perses_node_priority_with_dfs_delta]: Delta node (#leaves=4) 
[00:48:52] [INFO   ] Fixpoint[3]:Reducer[perses_node_priority_with_dfs_delta]: Delta node (#leaves=4): queue=22, delete 0 tokens, ratio=38/4599=0.83% 
[00:48:52] [INFO   ] Fixpoint[3]:Reducer[perses_node_priority_with_dfs_delta]: Delta node (#leaves=3) 
[00:48:52] [INFO   ] Fixpoint[3]:Reducer[perses_node_priority_with_dfs_delta]: Delta node (#leaves=3): queue=23, delete 0 tokens, ratio=38/4599=0.83% 
[00:48:52] [INFO   ] Fixpoint[3]:Reducer[perses_node_priority_with_dfs_delta]: Delta node (#leaves=3) 
[00:48:52] [INFO   ] Fixpoint[3]:Reducer[perses_node_priority_with_dfs_delta]: Delta node (#leaves=3): queue=25, delete 0 tokens, ratio=38/4599=0.83% 
[00:48:52] [INFO   ] Fixpoint[3]:Reducer[perses_node_priority_with_dfs_delta]: Delta node (#leaves=3) 
[00:48:53] [INFO   ] Fixpoint[3]:Reducer[perses_node_priority_with_dfs_delta]: Delta node (#leaves=3): queue=27, delete 0 tokens, ratio=38/4599=0.83% 
[00:48:53] [INFO   ] Fixpoint[3]:Reducer[perses_node_priority_with_dfs_delta]: Delta node (#leaves=3) 
[00:48:54] [INFO   ] Fixpoint[3]:Reducer[perses_node_priority_with_dfs_delta]: Delta node (#leaves=3): queue=28, delete 0 tokens, ratio=38/4599=0.83% 
[00:48:54] [INFO   ] Fixpoint[3]:Reducer[perses_node_priority_with_dfs_delta]: Delta node (#leaves=3) 
[00:48:54] [INFO   ] Fixpoint[3]:Reducer[perses_node_priority_with_dfs_delta]: Delta node (#leaves=3): queue=29, delete 0 tokens, ratio=38/4599=0.83% 
[00:48:54] [INFO   ] Fixpoint[3]:Reducer[perses_node_priority_with_dfs_delta]: Delta node (#leaves=3) 
[00:48:56] [INFO   ] Fixpoint[3]:Reducer[perses_node_priority_with_dfs_delta]: Delta node (#leaves=3): queue=31, delete 0 tokens, ratio=38/4599=0.83% 
[00:48:56] [INFO   ] Fixpoint[3]:Reducer[perses_node_priority_with_dfs_delta]: Delta node (#leaves=3) 
[00:48:56] [INFO   ] Fixpoint[3]:Reducer[perses_node_priority_with_dfs_delta]: Delta node (#leaves=3): queue=32, delete 0 tokens, ratio=38/4599=0.83% 
[00:48:56] [INFO   ] Fixpoint[3]:Reducer[perses_node_priority_with_dfs_delta]: Delta node (#leaves=2) 
[00:48:56] [INFO   ] Fixpoint[3]:Reducer[perses_node_priority_with_dfs_delta]: Delta node (#leaves=2): queue=34, delete 0 tokens, ratio=38/4599=0.83% 
[00:48:56] [INFO   ] Fixpoint[3]:Reducer[perses_node_priority_with_dfs_delta]: Delta node (#leaves=2) 
[00:48:56] [INFO   ] Fixpoint[3]:Reducer[perses_node_priority_with_dfs_delta]: Delta node (#leaves=2): queue=34, delete 0 tokens, ratio=38/4599=0.83% 
[00:48:56] [INFO   ] Fixpoint[3]:Reducer[perses_node_priority_with_dfs_delta]: Delta node (#leaves=2) 
[00:48:56] [INFO   ] Fixpoint[3]:Reducer[perses_node_priority_with_dfs_delta]: Delta node (#leaves=2): queue=35, delete 0 tokens, ratio=38/4599=0.83% 
[00:48:56] [INFO   ] Fixpoint[3]:Reducer[perses_node_priority_with_dfs_delta]: Delta node (#leaves=2) 
[00:48:56] [INFO   ] Fixpoint[3]:Reducer[perses_node_priority_with_dfs_delta]: Delta node (#leaves=2): queue=35, delete 0 tokens, ratio=38/4599=0.83% 
[00:48:56] [INFO   ] Fixpoint[3]:Reducer[perses_node_priority_with_dfs_delta]: Delta node (#leaves=2) 
[00:48:56] [INFO   ] Fixpoint[3]:Reducer[perses_node_priority_with_dfs_delta]: Delta node (#leaves=2): queue=36, delete 0 tokens, ratio=38/4599=0.83% 
[00:48:56] [INFO   ] Fixpoint[3]:Reducer[perses_node_priority_with_dfs_delta]: Delta node (#leaves=2) 
[00:48:56] [INFO   ] Fixpoint[3]:Reducer[perses_node_priority_with_dfs_delta]: Delta node (#leaves=2): queue=36, delete 0 tokens, ratio=38/4599=0.83% 
[00:48:56] [INFO   ] Fixpoint[3]:Reducer[perses_node_priority_with_dfs_delta]: Delta node (#leaves=1) 
[00:48:56] [INFO   ] Fixpoint[3]:Reducer[perses_node_priority_with_dfs_delta]: Delta node (#leaves=1): queue=37, delete 0 tokens, ratio=38/4599=0.83% 
[00:48:56] [INFO   ] Fixpoint[3]:Reducer[perses_node_priority_with_dfs_delta]: Delta node (#leaves=1) 
[00:48:56] [INFO   ] Fixpoint[3]:Reducer[perses_node_priority_with_dfs_delta]: Delta node (#leaves=1): queue=36, delete 0 tokens, ratio=38/4599=0.83% 
[00:48:56] [INFO   ] Fixpoint[3]:Reducer[perses_node_priority_with_dfs_delta]: Delta node (#leaves=1) 
[00:48:56] [INFO   ] Fixpoint[3]:Reducer[perses_node_priority_with_dfs_delta]: Delta node (#leaves=1): queue=35, delete 0 tokens, ratio=38/4599=0.83% 
[00:48:56] [INFO   ] Fixpoint[3]:Reducer[perses_node_priority_with_dfs_delta]: Delta node (#leaves=1) 
[00:48:56] [INFO   ] Fixpoint[3]:Reducer[perses_node_priority_with_dfs_delta]: Delta node (#leaves=1): queue=34, delete 0 tokens, ratio=38/4599=0.83% 
[00:48:56] [INFO   ] Fixpoint[3]:Reducer[perses_node_priority_with_dfs_delta]: Delta node (#leaves=1) 
[00:48:56] [INFO   ] Fixpoint[3]:Reducer[perses_node_priority_with_dfs_delta]: Delta node (#leaves=1): queue=33, delete 0 tokens, ratio=38/4599=0.83% 
[00:48:56] [INFO   ] Fixpoint[3]:Reducer[perses_node_priority_with_dfs_delta]: Delta node (#leaves=1) 
[00:48:56] [INFO   ] Fixpoint[3]:Reducer[perses_node_priority_with_dfs_delta]: Delta node (#leaves=1): queue=32, delete 0 tokens, ratio=38/4599=0.83% 
[00:48:56] [INFO   ] Fixpoint[3]:Reducer[perses_node_priority_with_dfs_delta]: Delta node (#leaves=1) 
[00:48:56] [INFO   ] Fixpoint[3]:Reducer[perses_node_priority_with_dfs_delta]: Delta node (#leaves=1): queue=31, delete 0 tokens, ratio=38/4599=0.83% 
[00:48:56] [INFO   ] Fixpoint[3]:Reducer[perses_node_priority_with_dfs_delta]: Delta node (#leaves=1) 
[00:48:56] [INFO   ] Fixpoint[3]:Reducer[perses_node_priority_with_dfs_delta]: Delta node (#leaves=1): queue=30, delete 0 tokens, ratio=38/4599=0.83% 
[00:48:56] [INFO   ] Fixpoint[3]:Reducer[perses_node_priority_with_dfs_delta]: Delta node (#leaves=1) 
[00:48:56] [INFO   ] Fixpoint[3]:Reducer[perses_node_priority_with_dfs_delta]: Delta node (#leaves=1): queue=29, delete 0 tokens, ratio=38/4599=0.83% 
[00:48:56] [INFO   ] Fixpoint[3]:Reducer[perses_node_priority_with_dfs_delta]: Delta node (#leaves=1) 
[00:48:56] [INFO   ] Fixpoint[3]:Reducer[perses_node_priority_with_dfs_delta]: Delta node (#leaves=1): queue=28, delete 0 tokens, ratio=38/4599=0.83% 
[00:48:56] [INFO   ] Fixpoint[3]:Reducer[perses_node_priority_with_dfs_delta]: Delta node (#leaves=1) 
[00:48:56] [INFO   ] Fixpoint[3]:Reducer[perses_node_priority_with_dfs_delta]: Delta node (#leaves=1): queue=27, delete 0 tokens, ratio=38/4599=0.83% 
[00:48:56] [INFO   ] Fixpoint[3]:Reducer[perses_node_priority_with_dfs_delta]: Delta node (#leaves=1) 
[00:48:56] [INFO   ] Fixpoint[3]:Reducer[perses_node_priority_with_dfs_delta]: Delta node (#leaves=1): queue=26, delete 0 tokens, ratio=38/4599=0.83% 
[00:48:56] [INFO   ] Fixpoint[3]:Reducer[perses_node_priority_with_dfs_delta]: Delta node (#leaves=1) 
[00:48:56] [INFO   ] Fixpoint[3]:Reducer[perses_node_priority_with_dfs_delta]: Delta node (#leaves=1): queue=25, delete 0 tokens, ratio=38/4599=0.83% 
[00:48:56] [INFO   ] Fixpoint[3]:Reducer[perses_node_priority_with_dfs_delta]: Delta node (#leaves=1) 
[00:48:56] [INFO   ] Fixpoint[3]:Reducer[perses_node_priority_with_dfs_delta]: Delta node (#leaves=1): queue=24, delete 0 tokens, ratio=38/4599=0.83% 
[00:48:56] [INFO   ] Fixpoint[3]:Reducer[perses_node_priority_with_dfs_delta]: Delta node (#leaves=1) 
[00:48:56] [INFO   ] Fixpoint[3]:Reducer[perses_node_priority_with_dfs_delta]: Delta node (#leaves=1): queue=23, delete 0 tokens, ratio=38/4599=0.83% 
[00:48:56] [INFO   ] Fixpoint[3]:Reducer[perses_node_priority_with_dfs_delta]: Delta node (#leaves=1) 
[00:48:56] [INFO   ] Fixpoint[3]:Reducer[perses_node_priority_with_dfs_delta]: Delta node (#leaves=1): queue=22, delete 0 tokens, ratio=38/4599=0.83% 
[00:48:56] [INFO   ] Fixpoint[3]:Reducer[perses_node_priority_with_dfs_delta]: Delta node (#leaves=1) 
[00:48:56] [INFO   ] Fixpoint[3]:Reducer[perses_node_priority_with_dfs_delta]: Delta node (#leaves=1): queue=21, delete 0 tokens, ratio=38/4599=0.83% 
[00:48:56] [INFO   ] Fixpoint[3]:Reducer[perses_node_priority_with_dfs_delta]: Delta node (#leaves=1) 
[00:48:56] [INFO   ] Fixpoint[3]:Reducer[perses_node_priority_with_dfs_delta]: Delta node (#leaves=1): queue=20, delete 0 tokens, ratio=38/4599=0.83% 
[00:48:56] [INFO   ] Fixpoint[3]:Reducer[perses_node_priority_with_dfs_delta]: Delta node (#leaves=1) 
[00:48:56] [INFO   ] Fixpoint[3]:Reducer[perses_node_priority_with_dfs_delta]: Delta node (#leaves=1): queue=19, delete 0 tokens, ratio=38/4599=0.83% 
[00:48:56] [INFO   ] Fixpoint[3]:Reducer[perses_node_priority_with_dfs_delta]: Delta node (#leaves=1) 
[00:48:56] [INFO   ] Fixpoint[3]:Reducer[perses_node_priority_with_dfs_delta]: Delta node (#leaves=1): queue=18, delete 0 tokens, ratio=38/4599=0.83% 
[00:48:56] [INFO   ] Fixpoint[3]:Reducer[perses_node_priority_with_dfs_delta]: Delta node (#leaves=1) 
[00:48:56] [INFO   ] Fixpoint[3]:Reducer[perses_node_priority_with_dfs_delta]: Delta node (#leaves=1): queue=17, delete 0 tokens, ratio=38/4599=0.83% 
[00:48:56] [INFO   ] Fixpoint[3]:Reducer[perses_node_priority_with_dfs_delta]: Delta node (#leaves=1) 
[00:48:56] [INFO   ] Fixpoint[3]:Reducer[perses_node_priority_with_dfs_delta]: Delta node (#leaves=1): queue=16, delete 0 tokens, ratio=38/4599=0.83% 
[00:48:56] [INFO   ] Fixpoint[3]:Reducer[perses_node_priority_with_dfs_delta]: Delta node (#leaves=1) 
[00:48:56] [INFO   ] Fixpoint[3]:Reducer[perses_node_priority_with_dfs_delta]: Delta node (#leaves=1): queue=15, delete 0 tokens, ratio=38/4599=0.83% 
[00:48:56] [INFO   ] Fixpoint[3]:Reducer[perses_node_priority_with_dfs_delta]: Delta node (#leaves=1) 
[00:48:56] [INFO   ] Fixpoint[3]:Reducer[perses_node_priority_with_dfs_delta]: Delta node (#leaves=1): queue=14, delete 0 tokens, ratio=38/4599=0.83% 
[00:48:56] [INFO   ] Fixpoint[3]:Reducer[perses_node_priority_with_dfs_delta]: Delta node (#leaves=1) 
[00:48:56] [INFO   ] Fixpoint[3]:Reducer[perses_node_priority_with_dfs_delta]: Delta node (#leaves=1): queue=13, delete 0 tokens, ratio=38/4599=0.83% 
[00:48:56] [INFO   ] Fixpoint[3]:Reducer[perses_node_priority_with_dfs_delta]: Delta node (#leaves=1) 
[00:48:56] [INFO   ] Fixpoint[3]:Reducer[perses_node_priority_with_dfs_delta]: Delta node (#leaves=1): queue=12, delete 0 tokens, ratio=38/4599=0.83% 
[00:48:56] [INFO   ] Fixpoint[3]:Reducer[perses_node_priority_with_dfs_delta]: Delta node (#leaves=1) 
[00:48:56] [INFO   ] Fixpoint[3]:Reducer[perses_node_priority_with_dfs_delta]: Delta node (#leaves=1): queue=11, delete 0 tokens, ratio=38/4599=0.83% 
[00:48:56] [INFO   ] Fixpoint[3]:Reducer[perses_node_priority_with_dfs_delta]: Delta node (#leaves=1) 
[00:48:56] [INFO   ] Fixpoint[3]:Reducer[perses_node_priority_with_dfs_delta]: Delta node (#leaves=1): queue=10, delete 0 tokens, ratio=38/4599=0.83% 
[00:48:56] [INFO   ] Fixpoint[3]:Reducer[perses_node_priority_with_dfs_delta]: Delta node (#leaves=1) 
[00:48:56] [INFO   ] Fixpoint[3]:Reducer[perses_node_priority_with_dfs_delta]: Delta node (#leaves=1): queue=9, delete 0 tokens, ratio=38/4599=0.83% 
[00:48:56] [INFO   ] Fixpoint[3]:Reducer[perses_node_priority_with_dfs_delta]: Delta node (#leaves=1) 
[00:48:56] [INFO   ] Fixpoint[3]:Reducer[perses_node_priority_with_dfs_delta]: Delta node (#leaves=1): queue=8, delete 0 tokens, ratio=38/4599=0.83% 
[00:48:56] [INFO   ] Fixpoint[3]:Reducer[perses_node_priority_with_dfs_delta]: Delta node (#leaves=1) 
[00:48:56] [INFO   ] Fixpoint[3]:Reducer[perses_node_priority_with_dfs_delta]: Delta node (#leaves=1): queue=7, delete 0 tokens, ratio=38/4599=0.83% 
[00:48:56] [INFO   ] Fixpoint[3]:Reducer[perses_node_priority_with_dfs_delta]: Delta node (#leaves=1) 
[00:48:56] [INFO   ] Fixpoint[3]:Reducer[perses_node_priority_with_dfs_delta]: Delta node (#leaves=1): queue=6, delete 0 tokens, ratio=38/4599=0.83% 
[00:48:56] [INFO   ] Fixpoint[3]:Reducer[perses_node_priority_with_dfs_delta]: Delta node (#leaves=1) 
[00:48:56] [INFO   ] Fixpoint[3]:Reducer[perses_node_priority_with_dfs_delta]: Delta node (#leaves=1): queue=5, delete 0 tokens, ratio=38/4599=0.83% 
[00:48:56] [INFO   ] Fixpoint[3]:Reducer[perses_node_priority_with_dfs_delta]: Delta node (#leaves=1) 
[00:48:56] [INFO   ] Fixpoint[3]:Reducer[perses_node_priority_with_dfs_delta]: Delta node (#leaves=1): queue=4, delete 0 tokens, ratio=38/4599=0.83% 
[00:48:56] [INFO   ] Fixpoint[3]:Reducer[perses_node_priority_with_dfs_delta]: Delta node (#leaves=1) 
[00:48:56] [INFO   ] Fixpoint[3]:Reducer[perses_node_priority_with_dfs_delta]: Delta node (#leaves=1): queue=3, delete 0 tokens, ratio=38/4599=0.83% 
[00:48:56] [INFO   ] Fixpoint[3]:Reducer[perses_node_priority_with_dfs_delta]: Delta node (#leaves=1) 
[00:48:56] [INFO   ] Fixpoint[3]:Reducer[perses_node_priority_with_dfs_delta]: Delta node (#leaves=1): queue=2, delete 0 tokens, ratio=38/4599=0.83% 
[00:48:56] [INFO   ] Fixpoint[3]:Reducer[perses_node_priority_with_dfs_delta]: Delta node (#leaves=1) 
[00:48:56] [INFO   ] Fixpoint[3]:Reducer[perses_node_priority_with_dfs_delta]: Delta node (#leaves=1): queue=1, delete 0 tokens, ratio=38/4599=0.83% 
[00:48:56] [INFO   ] Fixpoint[3]:Reducer[perses_node_priority_with_dfs_delta]: Delta node (#leaves=1) 
[00:48:56] [INFO   ] Fixpoint[3]:Reducer[perses_node_priority_with_dfs_delta]: Delta node (#leaves=1): queue=0, delete 0 tokens, ratio=38/4599=0.83% 
[00:48:56] [INFO   ] perses_node_priority_with_dfs_delta ended at 00:48:56 2022/08/10. #old=38, #new=38 
[00:48:56] [INFO   ] Fixpoint[3]:Reducer[perses_node_priority_with_dfs_delta]: Fixpoint iteration finished, delete 0 tokens, ratio=38/4599=0.83% 
[00:48:56] [INFO   ] Reduction ended at 00:48:56 2022/08/10 
[00:48:56] [INFO   ] Elapsed time is 390 seconds (6 minutes 30 seconds) 
[00:48:56] [INFO   ] Removed %s tokens. reduction ratio is 38/4599=0.83% 
[00:48:56] [INFO   ] Test script execution count: 219 
