i i1 l = 205,12733810,-1
f1 i21 i22 = 1079697736,122,-1
b2 i23 d2 = 1,219,4593096456202295179
i24 i25 l4 = 218,52818,1
i26 iArr iArr1 = 11,35239,-27027
lArr2 byArr = -35329,4008
Test.instanceCount Test.byFld Test.sFld = 1889712300228321280,-92,-8562
Test.fArrFld = 4675589625660571648
vMeth1_check_sum: -6058521768487394689
iMeth_check_sum: -5215463735995642285
vMeth_check_sum: 8483670420989632662
i i1 l = 205,12733810,-1
f1 i21 i22 = 1079697736,122,-1
b2 i23 d2 = 1,219,4593096456202295179
i24 i25 l4 = 218,52818,1
i26 iArr iArr1 = 11,35239,-27027
lArr2 byArr = -35329,4008
Test.instanceCount Test.byFld Test.sFld = 1889712300228321280,-92,-8562
Test.fArrFld = 4675589625660571648
vMeth1_check_sum: 6329700536734762238
iMeth_check_sum: 8015816601718267046
vMeth_check_sum: -1479403231730286292
i i1 l = 205,12733810,-1
f1 i21 i22 = 1079697736,122,-1
b2 i23 d2 = 1,219,4593096456202295179
i24 i25 l4 = 218,52818,1
i26 iArr iArr1 = 11,35239,-27027
lArr2 byArr = -35329,4008
Test.instanceCount Test.byFld Test.sFld = 1889712300228321280,-92,-8562
Test.fArrFld = 4675589625660571648
vMeth1_check_sum: 271178768247367549
iMeth_check_sum: 2800352865722624761
vMeth_check_sum: 7004267189259346370
i i1 l = 205,12733810,-1
f1 i21 i22 = 1079697736,122,-1
b2 i23 d2 = 1,219,4593096456202295179
i24 i25 l4 = 218,52818,1
i26 iArr iArr1 = 11,35239,-27027
lArr2 byArr = -35329,4008
Test.instanceCount Test.byFld Test.sFld = 1889712300228321280,-92,-8562
Test.fArrFld = 4675589625660571648
vMeth1_check_sum: -5787343000240027140
iMeth_check_sum: -2415110870273017524
vMeth_check_sum: -2958806463460572584
i i1 l = 205,12733810,-1
f1 i21 i22 = 1079697736,122,-1
b2 i23 d2 = 1,219,4593096456202295179
i24 i25 l4 = 218,52818,1
i26 iArr iArr1 = 11,35239,-27027
lArr2 byArr = -35329,4008
Test.instanceCount Test.byFld Test.sFld = 1889712300228321280,-92,-8562
Test.fArrFld = 4675589625660571648
vMeth1_check_sum: 6600879304982129787
iMeth_check_sum: -7630574606268659809
vMeth_check_sum: 5524863957529060078
i i1 l = 205,12733810,-1
f1 i21 i22 = 1079697736,122,-1
b2 i23 d2 = 1,219,4593096456202295179
i24 i25 l4 = 218,52818,1
i26 iArr iArr1 = 11,35239,-27027
lArr2 byArr = -35329,4008
Test.instanceCount Test.byFld Test.sFld = 1889712300228321280,-92,-8562
Test.fArrFld = 4675589625660571648
vMeth1_check_sum: 542357536494735098
iMeth_check_sum: 5600705731445249522
vMeth_check_sum: -4438209695190858876
i i1 l = 205,12733810,-1
f1 i21 i22 = 1079697736,122,-1
b2 i23 d2 = 1,219,4593096456202295179
i24 i25 l4 = 218,52818,1
i26 iArr iArr1 = 11,35239,-27027
lArr2 byArr = -35329,4008
Test.instanceCount Test.byFld Test.sFld = 1889712300228321280,-92,-8562
Test.fArrFld = 4675589625660571648
vMeth1_check_sum: -5516164231992659591
iMeth_check_sum: 385241995449607237
vMeth_check_sum: 4045460725798773786
i i1 l = 205,12733810,-1
f1 i21 i22 = 1079697736,122,-1
b2 i23 d2 = 1,219,4593096456202295179
i24 i25 l4 = 218,52818,1
i26 iArr iArr1 = 11,35239,-27027
lArr2 byArr = -35329,4008
Test.instanceCount Test.byFld Test.sFld = 1889712300228321280,-92,-8562
Test.fArrFld = 4675589625660571648
vMeth1_check_sum: 6872058073229497336
iMeth_check_sum: -4830221740546035048
vMeth_check_sum: -5917612926921145168
i i1 l = 205,12733810,-1
f1 i21 i22 = 1079697736,122,-1
b2 i23 d2 = 1,219,4593096456202295179
i24 i25 l4 = 218,52818,1
i26 iArr iArr1 = 11,35239,-27027
lArr2 byArr = -35329,4008
Test.instanceCount Test.byFld Test.sFld = 1889712300228321280,-92,-8562
Test.fArrFld = 4675589625660571648
vMeth1_check_sum: 813536304742102647
iMeth_check_sum: 8401058597167874283
vMeth_check_sum: 2566057494068487494
i i1 l = 205,12733810,-1
f1 i21 i22 = 1079697736,122,-1
b2 i23 d2 = 1,219,4593096456202295179
i24 i25 l4 = 218,52818,1
i26 iArr iArr1 = 11,35239,-27027
lArr2 byArr = -35329,4008
Test.instanceCount Test.byFld Test.sFld = 1889712300228321280,-92,-8562
Test.fArrFld = 4675589625660571648
vMeth1_check_sum: -5244985463745292042
iMeth_check_sum: 3185594861172231998
vMeth_check_sum: -7397016158651431460
