f2 i13 i14 = 1197756160,350,0
i15 i16 i17 = 3,-21474,74
i18 s i19 = 5,-21474,1
i20 = 0
Test.instanceCount Test.dFld Test.iArrFld = -9223372036854717361,-4503599627370496,-82253
bMeth_check_sum: 8302998401242117397
vMeth_check_sum: 2437532238647333070
vSmallMeth_check_sum: -45646
f2 i13 i14 = 1197756160,350,0
i15 i16 i17 = 3,-21474,74
i18 s i19 = 5,-21474,1
i20 = 0
Test.instanceCount Test.dFld Test.iArrFld = -9223372036854717361,-4503599627370496,-82253
bMeth_check_sum: -1840747271225316822
vMeth_check_sum: 4875064477294666140
vSmallMeth_check_sum: -91292
f2 i13 i14 = 1197756160,350,0
i15 i16 i17 = 3,-21474,74
i18 s i19 = 5,-21474,1
i20 = 0
Test.instanceCount Test.dFld Test.iArrFld = -9223372036854717361,-4503599627370496,-82253
bMeth_check_sum: 6462251130016800575
vMeth_check_sum: 7312596715941999210
vSmallMeth_check_sum: -136938
f2 i13 i14 = 1197756160,350,0
i15 i16 i17 = 3,-21474,74
i18 s i19 = 5,-21474,1
i20 = 0
Test.instanceCount Test.dFld Test.iArrFld = -9223372036854717361,-4503599627370496,-82253
bMeth_check_sum: -3681494542450633644
vMeth_check_sum: -8696615119120219336
vSmallMeth_check_sum: -182584
f2 i13 i14 = 1197756160,350,0
i15 i16 i17 = 3,-21474,74
i18 s i19 = 5,-21474,1
i20 = 0
Test.instanceCount Test.dFld Test.iArrFld = -9223372036854717361,-4503599627370496,-82253
bMeth_check_sum: 4621503858791483753
vMeth_check_sum: -6259082880472886266
vSmallMeth_check_sum: -228230
f2 i13 i14 = 1197756160,350,0
i15 i16 i17 = 3,-21474,74
i18 s i19 = 5,-21474,1
i20 = 0
Test.instanceCount Test.dFld Test.iArrFld = -9223372036854717361,-4503599627370496,-82253
bMeth_check_sum: -5522241813675950466
vMeth_check_sum: -3821550641825553196
vSmallMeth_check_sum: -273876
f2 i13 i14 = 1197756160,350,0
i15 i16 i17 = 3,-21474,74
i18 s i19 = 5,-21474,1
i20 = 0
Test.instanceCount Test.dFld Test.iArrFld = -9223372036854717361,-4503599627370496,-82253
bMeth_check_sum: 2780756587566166931
vMeth_check_sum: -1384018403178220126
vSmallMeth_check_sum: -319522
f2 i13 i14 = 1197756160,350,0
i15 i16 i17 = 3,-21474,74
i18 s i19 = 5,-21474,1
i20 = 0
Test.instanceCount Test.dFld Test.iArrFld = -9223372036854717361,-4503599627370496,-82253
bMeth_check_sum: -7362989084901267288
vMeth_check_sum: 1053513835469112944
vSmallMeth_check_sum: -365168
f2 i13 i14 = 1197756160,350,0
i15 i16 i17 = 3,-21474,74
i18 s i19 = 5,-21474,1
i20 = 0
Test.instanceCount Test.dFld Test.iArrFld = -9223372036854717361,-4503599627370496,-82253
bMeth_check_sum: 940009316340850109
vMeth_check_sum: 3491046074116446014
vSmallMeth_check_sum: -410814
f2 i13 i14 = 1197756160,350,0
i15 i16 i17 = 3,-21474,74
i18 s i19 = 5,-21474,1
i20 = 0
Test.instanceCount Test.dFld Test.iArrFld = -9223372036854717361,-4503599627370496,-82253
bMeth_check_sum: -9203736356126584110
vMeth_check_sum: 5928578312763779084
vSmallMeth_check_sum: -456460
