d3 i21 i22 = 4737699494664077312,63,1
i23 i24 i25 = 74,3,-72
i26 i27 iArr1 = -41365,0,-6790320
lArr2 iArr2 = 16558464192,-1964702992
Test.instanceCount iFld fFld = 3596903827,698604115,-694017613
Test.sFld bFld Test.byFld = -8400,0,-22
Test.dArrFld Test.iArrFld = 4641298219524712508,917292522
iMeth_check_sum: 0
vMeth1_check_sum: 8167517593547182517
vMeth_check_sum: 9215404588403329137
d3 i21 i22 = -4479293035972132864,63,1
i23 i24 i25 = 74,3,-72
i26 i27 iArr1 = -41365,0,-6790318
lArr2 iArr2 = 16586282200,-2019666704
Test.instanceCount iFld fFld = 3567150461,2088875197,-685649724
Test.sFld bFld Test.byFld = -3632,0,-22
Test.dArrFld Test.iArrFld = 4641298219524712508,1309477971
iMeth_check_sum: 0
vMeth1_check_sum: -2112158354013229620
vMeth_check_sum: -15934896900607464
d3 i21 i22 = 4733323528579842048,63,1
i23 i24 i25 = 74,3,-72
i26 i27 iArr1 = -41365,0,-6790318
lArr2 iArr2 = 16578731460,-1971955870
Test.instanceCount iFld fFld = 3576072819,-330877133,-680367448
Test.sFld bFld Test.byFld = -4816,0,-22
Test.dArrFld Test.iArrFld = 4641298219524712508,551289214
iMeth_check_sum: 0
vMeth1_check_sum: 6055017021950667021
vMeth_check_sum: 9199469691475254185
d3 i21 i22 = -4490186665427468288,63,1
i23 i24 i25 = 74,3,-72
i26 i27 iArr1 = -41365,0,-6790318
lArr2 iArr2 = 16589138980,-1945361003
Test.instanceCount iFld fFld = 3566951069,-1444679203,-677291458
Test.sFld bFld Test.byFld = -31792,0,-22
Test.dArrFld Test.iArrFld = 4641298219524712508,-639596986
iMeth_check_sum: 0
vMeth1_check_sum: -4224755796184770250
vMeth_check_sum: -31869793849513424
d3 i21 i22 = -4516116682489462784,63,1
i23 i24 i25 = 74,3,-72
i26 i27 iArr1 = -41365,0,-6790318
lArr2 iArr2 = 16592649872,-2040111922
Test.instanceCount iFld fFld = 3569113939,-407879661,-674662658
Test.sFld bFld Test.byFld = -17616,0,-22
Test.dArrFld Test.iArrFld = 4641298219524712508,854543021
iMeth_check_sum: 0
vMeth1_check_sum: 3942394616077332539
vMeth_check_sum: 9183534794526148833
d3 i21 i22 = -4480104636614705152,63,1
i23 i24 i25 = 74,3,-72
i26 i27 iArr1 = -41365,0,-6790318
lArr2 iArr2 = 16596095920,-1663792967
Test.instanceCount iFld fFld = 3564561341,-1321614595,-672020094
Test.sFld bFld Test.byFld = 21968,0,-22
Test.dArrFld Test.iArrFld = 4641298219524712508,739618007
iMeth_check_sum: 0
vMeth1_check_sum: -6337342983800584512
vMeth_check_sum: -47804690805577656
d3 i21 i22 = 4741524713266741248,63,1
i23 i24 i25 = 74,3,-72
i26 i27 iArr1 = -41365,0,-6790318
lArr2 iArr2 = 16574404708,-1812155154
Test.instanceCount iFld fFld = 3575011379,-1503759117,-670239874
Test.sFld bFld Test.byFld = 18736,0,-22
Test.dArrFld Test.iArrFld = 4641298219524712508,755807222
iMeth_check_sum: 0
vMeth1_check_sum: 1829810925626579053
vMeth_check_sum: 9167599897567694873
d3 i21 i22 = -4478309987751297024,63,1
i23 i24 i25 = 74,3,-72
i26 i27 iArr1 = -41365,0,-6790318
lArr2 iArr2 = 16596095612,-1919086189
Test.instanceCount iFld fFld = 3563028701,-564680675,-668925474
Test.sFld bFld Test.byFld = 26576,0,-22
Test.dArrFld Test.iArrFld = 4641298219524712508,804029210
iMeth_check_sum: 0
vMeth1_check_sum: -8449889448929408014
vMeth_check_sum: -63739587758134176
d3 i21 i22 = -4480809133724925952,63,1
i23 i24 i25 = 74,3,-72
i26 i27 iArr1 = -41365,0,-6790318
lArr2 iArr2 = 16574404712,-1946509239
Test.instanceCount iFld fFld = 3574464787,1160861139,-667611074
Test.sFld bFld Test.byFld = -26832,0,-22
Test.dArrFld Test.iArrFld = 4641298219524712508,-647733867
iMeth_check_sum: 0
vMeth1_check_sum: -282714275866247369
vMeth_check_sum: 9151665000613605713
d3 i21 i22 = 4745353044344963072,63,1
i23 i24 i25 = 74,3,-72
i26 i27 iArr1 = -41365,0,-6790318
lArr2 iArr2 = 16574404776,-2044371569
Test.instanceCount iFld fFld = 3555242493,-913759939,-666296674
Test.sFld bFld Test.byFld = -17968,0,-22
Test.dArrFld Test.iArrFld = 4641298219524712508,1018526268
iMeth_check_sum: 0
vMeth1_check_sum: 7884261679809491516
vMeth_check_sum: -79674484712769928
