d3 i21 i22 = 4725588942496202752,63,1
i23 i24 i25 = 74,3,-72
i26 i27 iArr1 = -41365,0,-6790318
lArr2 iArr2 = 16581913928,-1276321193
Test.instanceCount iFld fFld = 3602236819,-1770980781,-693992302
Test.sFld bFld Test.byFld = -16592,0,-22
Test.dArrFld Test.iArrFld = 4641298219524712508,-1548232374
iMeth_check_sum: 0
vMeth1_check_sum: 8148389127534219701
vMeth_check_sum: 9215404588403329137
d3 i21 i22 = -4493543792254648320,63,1
i23 i24 i25 = 74,3,-72
i26 i27 iArr1 = -41365,0,-6790318
lArr2 iArr2 = 16584353152,-1320574913
Test.instanceCount iFld fFld = 3608544637,982865085,-685605452
Test.sFld bFld Test.byFld = -3632,0,-22
Test.dArrFld Test.iArrFld = 4641298219524712508,627634514
iMeth_check_sum: 0
vMeth1_check_sum: -2149966057939387902
vMeth_check_sum: -15934896895274472
d3 i21 i22 = -4505792863157616640,63,1
i23 i24 i25 = 74,3,-72
i26 i27 iArr1 = -41365,0,-6790318
lArr2 iArr2 = 16591153228,-1224068721
Test.instanceCount iFld fFld = 3609848435,888837939,-680267872
Test.sFld bFld Test.byFld = -4816,0,-22
Test.dArrFld Test.iArrFld = 4641298219524712508,-92308611
iMeth_check_sum: 0
vMeth1_check_sum: 5998422831453941411
vMeth_check_sum: 9199469691521981353
d3 i21 i22 = 4745248778645143552,63,1
i23 i24 i25 = 74,3,-72
i26 i27 iArr1 = -41365,0,-6790320
lArr2 iArr2 = 16558464188,-1183322627
Test.instanceCount iFld fFld = 3596155549,668832221,-677211189
Test.sFld bFld Test.byFld = -31792,0,-22
Test.dArrFld Test.iArrFld = 4641298219524712508,-492398494
iMeth_check_sum: 0
vMeth1_check_sum: -4299932352125694852
vMeth_check_sum: -31869793769010640
d3 i21 i22 = 4710334416419815424,63,1
i23 i24 i25 = 74,3,-72
i26 i27 iArr1 = -41365,0,-6790318
lArr2 iArr2 = 16590226328,-1306818591
Test.instanceCount iFld fFld = 3592731475,-1196908525,-674557589
Test.sFld bFld Test.byFld = -17616,0,-22
Test.dArrFld Test.iArrFld = 4641298219524712508,-306990714
iMeth_check_sum: 0
vMeth1_check_sum: 3848456538426042755
vMeth_check_sum: 9183534794635856097
d3 i21 i22 = -4487278170617151488,63,1
i23 i24 i25 = 74,3,-72
i26 i27 iArr1 = -41365,0,-6790318
lArr2 iArr2 = 16590226544,-1325448842
Test.instanceCount iFld fFld = 3573449661,537748221,-671905849
Test.sFld bFld Test.byFld = 21968,0,-22
Test.dArrFld Test.iArrFld = 4641298219524712508,-495265183
iMeth_check_sum: 0
vMeth1_check_sum: -6449898644365574454
vMeth_check_sum: -47804690672252856
d3 i21 i22 = -4479913730754215936,63,1
i23 i24 i25 = 74,3,-72
i26 i27 iArr1 = -41365,0,-6790320
lArr2 iArr2 = 16541162804,-1365740311
Test.instanceCount iFld fFld = 3574249523,1510135027,-670179248
Test.sFld bFld Test.byFld = 18736,0,-22
Test.dArrFld Test.iArrFld = 4641298219524712508,-1039124239
iMeth_check_sum: 0
vMeth1_check_sum: 1698490246918300073
vMeth_check_sum: 9167599897709907993
d3 i21 i22 = -4490869101371064320,63,1
i23 i24 i25 = 74,3,-72
i26 i27 iArr1 = -41365,0,-6790318
lArr2 iArr2 = 16593805564,-1357235265
Test.instanceCount iFld fFld = 3571917021,1592477725,-668864848
Test.sFld bFld Test.byFld = 26576,0,-22
Test.dArrFld Test.iArrFld = 4641298219524712508,-759785016
iMeth_check_sum: 0
vMeth1_check_sum: -8599864935269106078
vMeth_check_sum: -63739587616682912
d3 i21 i22 = 4740175313999233024,63,1
i23 i24 i25 = 74,3,-72
i26 i27 iArr1 = -41365,0,-6790320
lArr2 iArr2 = 16541162808,-962827594
Test.instanceCount iFld fFld = 3569639699,-124275245,-667550448
Test.sFld bFld Test.byFld = -26832,0,-22
Test.dArrFld Test.iArrFld = 4641298219524712508,-164009294
iMeth_check_sum: 0
vMeth1_check_sum: -451476043565573413
vMeth_check_sum: 9151665000763945297
d3 i21 i22 = 4746027594728603648,63,1
i23 i24 i25 = 74,3,-72
i26 i27 iArr1 = -41365,0,-6790318
lArr2 iArr2 = 16568181408,-1372811442
Test.instanceCount iFld fFld = 3564130813,2008858941,-666236048
Test.sFld bFld Test.byFld = -17968,0,-22
Test.dArrFld Test.iArrFld = 4641298219524712508,-500418885
iMeth_check_sum: 0
vMeth1_check_sum: 7696912848319346452
vMeth_check_sum: -79674484567255432
