i i1 s1 = 390,30,16642
i16 i17 i18 = -9,11,-161
i19 i20 by3 = -16903,-24686934,23
b1 fArr = 1,-4558683399126056960
Test.instanceCount Test.dFld Test.fFld = 138566,9218868437227405312,2139095040
Test.iFld Test.dArrFld Test.iArrFld = -6,-4547744354717827716,-168127
lMeth_check_sum: 3428196170
vMeth1_check_sum: 397700887804
vMeth_check_sum: -807754314
i i1 s1 = 390,30,16642
i16 i17 i18 = -9,11,-161
i19 i20 by3 = -16903,-75322302,23
b1 fArr = 1,-4558683399126056960
Test.instanceCount Test.dFld Test.fFld = 276914,9218868437227405312,2139095040
Test.iFld Test.dArrFld Test.iArrFld = -6,-4547744354717827716,-168127
lMeth_check_sum: 13692175180
vMeth1_check_sum: 795551149718
vMeth_check_sum: -1615508628
i i1 s1 = 390,30,16642
i16 i17 i18 = -9,11,-161
i19 i20 by3 = -16903,-125957670,23
b1 fArr = 1,-4558683399126056960
Test.instanceCount Test.dFld Test.fFld = 415262,9218868437227405312,2139095040
Test.iFld Test.dArrFld Test.iArrFld = -6,-4547744354717827716,-168127
lMeth_check_sum: 30791930630
vMeth1_check_sum: 1193550786258
vMeth_check_sum: -2423262942
i i1 s1 = 390,30,16642
i16 i17 i18 = -9,11,-161
i19 i20 by3 = -16903,-176593038,23
b1 fArr = 1,-4558683399126056960
Test.instanceCount Test.dFld Test.fFld = 553610,9218868437227405312,2139095040
Test.iFld Test.dArrFld Test.iArrFld = -6,-4547744354717827716,-168127
lMeth_check_sum: 54727456120
vMeth1_check_sum: 1591699796652
vMeth_check_sum: -3231017256
i i1 s1 = 390,30,16642
i16 i17 i18 = -9,11,-161
i19 i20 by3 = -16903,-227228406,23
b1 fArr = 1,-4558683399126056960
Test.instanceCount Test.dFld Test.fFld = 691958,9218868437227405312,2139095040
Test.iFld Test.dArrFld Test.iArrFld = -6,-4547744354717827716,-168127
lMeth_check_sum: 85498763170
vMeth1_check_sum: 1989998181668
vMeth_check_sum: -4038771570
i i1 s1 = 390,30,16642
i16 i17 i18 = -9,11,-161
i19 i20 by3 = -16903,-277863774,23
b1 fArr = 1,-4558683399126056960
Test.instanceCount Test.dFld Test.fFld = 830306,9218868437227405312,2139095040
Test.iFld Test.dArrFld Test.iArrFld = -6,-4547744354717827716,-168127
lMeth_check_sum: 123105833860
vMeth1_check_sum: 2388445941054
vMeth_check_sum: -4846525884
i i1 s1 = 390,30,16642
i16 i17 i18 = -9,11,-161
i19 i20 by3 = -16903,-328499142,23
b1 fArr = 1,-4558683399126056960
Test.instanceCount Test.dFld Test.fFld = 968654,9218868437227405312,2139095040
Test.iFld Test.dArrFld Test.iArrFld = -6,-4547744354717827716,-168127
lMeth_check_sum: 167548691230
vMeth1_check_sum: 2787043074806
vMeth_check_sum: -5654280198
i i1 s1 = 390,30,16642
i16 i17 i18 = -9,11,-161
i19 i20 by3 = -16903,-379134510,23
b1 fArr = 1,-4558683399126056960
Test.instanceCount Test.dFld Test.fFld = 1107002,9218868437227405312,2139095040
Test.iFld Test.dArrFld Test.iArrFld = -6,-4547744354717827716,-168127
lMeth_check_sum: 218827309680
vMeth1_check_sum: 3185789582928
vMeth_check_sum: -6462034512
i i1 s1 = 390,30,16642
i16 i17 i18 = -9,11,-161
i19 i20 by3 = -16903,-429769878,23
b1 fArr = 1,-4558683399126056960
Test.instanceCount Test.dFld Test.fFld = 1245350,9218868437227405312,2139095040
Test.iFld Test.dArrFld Test.iArrFld = -6,-4547744354717827716,-168127
lMeth_check_sum: 276941712250
vMeth1_check_sum: 3584685465160
vMeth_check_sum: -7269788826
i i1 s1 = 390,30,16642
i16 i17 i18 = -9,11,-161
i19 i20 by3 = -16903,-480405246,23
b1 fArr = 1,-4558683399126056960
Test.instanceCount Test.dFld Test.fFld = 1383698,9218868437227405312,2139095040
Test.iFld Test.dArrFld Test.iArrFld = -6,-4547744354717827716,-168127
lMeth_check_sum: 341891887420
vMeth1_check_sum: 3983730722014
vMeth_check_sum: -8077543140
