f2 i15 i16 = -1048483201,305,913662464
i17 i18 i19 = 83,1,0
d1 bArr1 = -4610391503750496529,13534
Test.instanceCount Test.sFld Test.byFld = -11733,-18457,1
iFld Test.bFld Test.iArrFld = -18457,1,385303585
Test.byArrFld = 1171
vMeth1_check_sum: -1709131904510218438
vMeth_check_sum: -695031605526
vSmallMeth_check_sum: 20788103160
f2 i15 i16 = -1048483201,305,913662464
i17 i18 i19 = 83,1,0
d1 bArr1 = -4610391503750496529,13534
Test.instanceCount Test.sFld Test.byFld = -11733,-18457,1
iFld Test.bFld Test.iArrFld = -18457,1,388100952
Test.byArrFld = 1171
vMeth1_check_sum: -3418263888054337936
vMeth_check_sum: -1390063211052
vSmallMeth_check_sum: 21464945015
f2 i15 i16 = -1048483201,305,913662464
i17 i18 i19 = 83,1,0
d1 bArr1 = -4610391503750496529,13534
Test.instanceCount Test.sFld Test.byFld = -11733,-18457,1
iFld Test.bFld Test.iArrFld = -18457,1,390898326
Test.byArrFld = 1171
vMeth1_check_sum: -5127395871598457434
vMeth_check_sum: -2085094816578
vSmallMeth_check_sum: 22141786870
f2 i15 i16 = -1048483201,305,913662464
i17 i18 i19 = 83,1,0
d1 bArr1 = -4610391503750496529,13534
Test.instanceCount Test.sFld Test.byFld = -11733,-18457,1
iFld Test.bFld Test.iArrFld = -18457,1,393695693
Test.byArrFld = 1171
vMeth1_check_sum: -6836527855142576932
vMeth_check_sum: -2780126422104
vSmallMeth_check_sum: 22818628725
f2 i15 i16 = -1048483201,305,913662464
i17 i18 i19 = 83,1,0
d1 bArr1 = -4610391503750496529,13534
Test.instanceCount Test.sFld Test.byFld = -11733,-18457,1
iFld Test.bFld Test.iArrFld = -18457,1,396493060
Test.byArrFld = 1171
vMeth1_check_sum: -8545659838686696430
vMeth_check_sum: -3475158027630
vSmallMeth_check_sum: 23495470580
f2 i15 i16 = -1048483201,305,913662464
i17 i18 i19 = 83,1,0
d1 bArr1 = -4610391503750496529,13534
Test.instanceCount Test.sFld Test.byFld = -11733,-18457,1
iFld Test.bFld Test.iArrFld = -18457,1,399290427
Test.byArrFld = 1171
vMeth1_check_sum: 8191952251478735688
vMeth_check_sum: -4170189633156
vSmallMeth_check_sum: 24172312435
f2 i15 i16 = -1048483201,305,913662464
i17 i18 i19 = 83,1,0
d1 bArr1 = -4610391503750496529,13534
Test.instanceCount Test.sFld Test.byFld = -11733,-18457,1
iFld Test.bFld Test.iArrFld = -18457,1,402087801
Test.byArrFld = 1171
vMeth1_check_sum: 6482820267934616190
vMeth_check_sum: -4865221238682
vSmallMeth_check_sum: 24849154290
f2 i15 i16 = -1048483201,305,913662464
i17 i18 i19 = 83,1,0
d1 bArr1 = -4610391503750496529,13534
Test.instanceCount Test.sFld Test.byFld = -11733,-18457,1
iFld Test.bFld Test.iArrFld = -18457,1,404885168
Test.byArrFld = 1171
vMeth1_check_sum: 4773688284390496692
vMeth_check_sum: -5560252844208
vSmallMeth_check_sum: 25525996145
f2 i15 i16 = -1048483201,305,913662464
i17 i18 i19 = 83,1,0
d1 bArr1 = -4610391503750496529,13534
Test.instanceCount Test.sFld Test.byFld = -11733,-18457,1
iFld Test.bFld Test.iArrFld = -18457,1,407682535
Test.byArrFld = 1171
vMeth1_check_sum: 3064556300846377194
vMeth_check_sum: -6255284449734
vSmallMeth_check_sum: 26202838000
f2 i15 i16 = -1048483201,305,913662464
i17 i18 i19 = 83,1,0
d1 bArr1 = -4610391503750496529,13534
Test.instanceCount Test.sFld Test.byFld = -11733,-18457,1
iFld Test.bFld Test.iArrFld = -18457,1,410479902
Test.byArrFld = 1171
vMeth1_check_sum: 1355424317302257696
vMeth_check_sum: -6950316055260
vSmallMeth_check_sum: 26879679855
