d3 i17 i18 = 4746871024258121728,0,292
i19 i20 i21 = 17695,91,163
i22 i23 i24 = 91,-65,17695
i25 i26 i27 = 90,8,2
i28 iArr3 = 16999,-2092592
Test.instanceCount Test.bFld Test.fFld = 0,0,1101733888
Test.sFld byFld fFld1 = 18016,-8,1612858007
vMeth2_check_sum: -7543175492391145404
vMeth1_check_sum: -4570120104483308771
vMeth_check_sum: 49652113061816299
d3 i17 i18 = 4635400285215260672,0,292
i19 i20 i21 = 17695,91,163
i22 i23 i24 = 91,-65,17695
i25 i26 i27 = 90,8,2
i28 iArr3 = 16999,-2092592
Test.instanceCount Test.bFld Test.fFld = 0,0,1101733888
Test.sFld byFld fFld1 = 18016,98,1615607848
vMeth2_check_sum: 3360393112061192468
vMeth1_check_sum: -9140240211150825681
vMeth_check_sum: 99292900071616562
d3 i17 i18 = 4635400285215260672,0,292
i19 i20 i21 = 17695,91,163
i22 i23 i24 = 91,-65,17695
i25 i26 i27 = 90,8,2
i28 iArr3 = 16999,-2092592
Test.instanceCount Test.bFld Test.fFld = 0,0,1101733888
Test.sFld byFld fFld1 = 18016,-52,1618357688
vMeth2_check_sum: -4182782357196021276
vMeth1_check_sum: 4736383755891209025
vMeth_check_sum: 148933687081416825
d3 i17 i18 = 4635400285215260672,0,292
i19 i20 i21 = 17695,91,163
i22 i23 i24 = 91,-65,17695
i25 i26 i27 = 90,8,2
i28 iArr3 = 16999,-2092592
Test.instanceCount Test.bFld Test.fFld = 0,0,1101733888
Test.sFld byFld fFld1 = 18016,54,1620054437
vMeth2_check_sum: 6720786247256316596
vMeth1_check_sum: 166263649223692115
vMeth_check_sum: 198574474091217088
d3 i17 i18 = 4635400285215260672,0,292
i19 i20 i21 = 17695,91,163
i22 i23 i24 = 91,-65,17695
i25 i26 i27 = 90,8,2
i28 iArr3 = 16999,-2092592
Test.instanceCount Test.bFld Test.fFld = 0,0,1101733888
Test.sFld byFld fFld1 = 18016,-96,1621429357
vMeth2_check_sum: -822389222000897148
vMeth1_check_sum: -4403856457443824795
vMeth_check_sum: 248215261101017351
d3 i17 i18 = 4635400285215260672,0,292
i19 i20 i21 = 17695,91,163
i22 i23 i24 = 91,-65,17695
i25 i26 i27 = 90,8,2
i28 iArr3 = 16999,-2092592
Test.instanceCount Test.bFld Test.fFld = 0,0,1101733888
Test.sFld byFld fFld1 = 18016,10,1622804277
vMeth2_check_sum: -8365564691258110892
vMeth1_check_sum: -8973976564111341705
vMeth_check_sum: 297856048110817614
d3 i17 i18 = 4635400285215260672,0,292
i19 i20 i21 = 17695,91,163
i22 i23 i24 = 91,-65,17695
i25 i26 i27 = 90,8,2
i28 iArr3 = 16999,-2092592
Test.instanceCount Test.bFld Test.fFld = 0,0,1101733888
Test.sFld byFld fFld1 = 18016,116,1624179197
vMeth2_check_sum: 2538003913194226980
vMeth1_check_sum: 4902647402930693001
vMeth_check_sum: 347496835120617877
d3 i17 i18 = 4635400285215260672,0,292
i19 i20 i21 = 17695,91,163
i22 i23 i24 = 91,-65,17695
i25 i26 i27 = 90,8,2
i28 iArr3 = 16999,-2092592
Test.instanceCount Test.bFld Test.fFld = 0,0,1101733888
Test.sFld byFld fFld1 = 18016,-34,1625554116
vMeth2_check_sum: -5005171556062986764
vMeth1_check_sum: 332527296263176091
vMeth_check_sum: 397137622130418140
d3 i17 i18 = 4635400285215260672,0,292
i19 i20 i21 = 17695,91,163
i22 i23 i24 = 91,-65,17695
i25 i26 i27 = 90,8,2
i28 iArr3 = 16999,-2092592
Test.instanceCount Test.bFld Test.fFld = 0,0,1101733888
Test.sFld byFld fFld1 = 18016,72,1626929036
vMeth2_check_sum: 5898397048389351108
vMeth1_check_sum: -4237592810404340819
vMeth_check_sum: 446778409140218403
d3 i17 i18 = 4635400285215260672,0,292
i19 i20 i21 = 17695,91,163
i22 i23 i24 = 91,-65,17695
i25 i26 i27 = 90,8,2
i28 iArr3 = 16999,-2092592
Test.instanceCount Test.bFld Test.fFld = 0,0,1101733888
Test.sFld byFld fFld1 = 18016,-78,1627846952
vMeth2_check_sum: -1644778420867862636
vMeth1_check_sum: -8807712917071857729
vMeth_check_sum: 496419196150018666
