[02:39:12] [INFO   ] Tree Building: Start building spar-tree from input file SourceFile{file=/root/DecompilerTester/testhome/eposide-1/346/reduced-346/Test.java, lang=LanguageJava{name=java, extensions=[java], defaultCodeFormatControl=SINGLE_TOKEN_PER_LINE}} 
[02:39:12] [INFO   ] Tree Building: Step 1: Antlr parsing. 
[02:39:17] [INFO   ] Tree Building: Step 2: Converting parse tree to spar-tree 
[02:39:17] [INFO   ] Tree Building: Step 3: Simplifying spar-tree 
[02:39:17] [INFO   ] Tree Building: Finished in TimeSpan{startMillis=1650587952113, endMillis=1650587957294, formatted=5 seconds} 
[02:39:17] [INFO   ] The reduction process started at 02:39:17 2022/04/22 
[02:39:17] [INFO   ] Cache setting: query-caching=enabled, edit-caching=enabled, query-cache=compact_query_cache 
[02:39:19] [INFO   ] Reduction algorithm is perses_node_priority_with_dfs_delta 
[02:39:19] [INFO   ] The number of lexemes in the token factory is is 276 
[02:39:19] [INFO   ] Reduction Started at 02:39:19 2022/04/22 
[02:39:19] [INFO   ] perses_node_priority_with_dfs_delta started at 02:39:19 2022/04/22. #tokens=4488 
[02:39:19] [INFO   ] Fixpoint[1]:Reducer[perses_node_priority_with_dfs_delta]: New fixpoint iteration started. #Tokens=4488 
[02:39:19] [INFO   ] Fixpoint[1]:Reducer[perses_node_priority_with_dfs_delta]: Delta node (#leaves=4463) 
[02:39:20] [INFO   ] Fixpoint[1]:Reducer[perses_node_priority_with_dfs_delta]: Delta node (#leaves=4463): queue=1, delete 0 tokens, ratio=4488/4488=100.00% 
[02:39:20] [INFO   ] Fixpoint[1]:Reducer[perses_node_priority_with_dfs_delta]: Delta node (#leaves=4463) 
[02:39:20] [INFO   ] Fixpoint[1]:Reducer[perses_node_priority_with_dfs_delta]: Delta node (#leaves=4463): queue=1, delete 0 tokens, ratio=4488/4488=100.00% 
[02:39:20] [INFO   ] Fixpoint[1]:Reducer[perses_node_priority_with_dfs_delta]: Delta node (#leaves=4460) 
[02:39:20] [INFO   ] Fixpoint[1]:Reducer[perses_node_priority_with_dfs_delta]: Delta node (#leaves=4460): queue=4, delete 0 tokens, ratio=4488/4488=100.00% 
[02:39:20] [INFO   ] Fixpoint[1]:Reducer[perses_node_priority_with_dfs_delta]: Delta node (#leaves=4458) 
[02:39:27] [INFO   ] Fixpoint[1]:Reducer[perses_node_priority_with_dfs_delta]: New minimal, delete 841 tokens, ratio=3647/4488=81.26% 
[02:39:35] [INFO   ] Fixpoint[1]:Reducer[perses_node_priority_with_dfs_delta]: New minimal, delete 57 tokens, ratio=3590/4488=79.99% 
[02:39:41] [INFO   ] Fixpoint[1]:Reducer[perses_node_priority_with_dfs_delta]: New minimal, delete 164 tokens, ratio=3426/4488=76.34% 
[02:39:46] [INFO   ] Fixpoint[1]:Reducer[perses_node_priority_with_dfs_delta]: New minimal, delete 281 tokens, ratio=3145/4488=70.08% 
[02:39:52] [INFO   ] Fixpoint[1]:Reducer[perses_node_priority_with_dfs_delta]: New minimal, delete 298 tokens, ratio=2847/4488=63.44% 
[02:39:57] [INFO   ] Fixpoint[1]:Reducer[perses_node_priority_with_dfs_delta]: New minimal, delete 164 tokens, ratio=2683/4488=59.78% 
[02:40:02] [INFO   ] Fixpoint[1]:Reducer[perses_node_priority_with_dfs_delta]: New minimal, delete 53 tokens, ratio=2630/4488=58.60% 
[02:40:07] [INFO   ] Fixpoint[1]:Reducer[perses_node_priority_with_dfs_delta]: New minimal, delete 45 tokens, ratio=2585/4488=57.60% 
[02:40:16] [INFO   ] Fixpoint[1]:Reducer[perses_node_priority_with_dfs_delta]: New minimal, delete 45 tokens, ratio=2540/4488=56.60% 
[02:40:21] [INFO   ] Fixpoint[1]:Reducer[perses_node_priority_with_dfs_delta]: New minimal, delete 144 tokens, ratio=2396/4488=53.39% 
[02:40:26] [INFO   ] Fixpoint[1]:Reducer[perses_node_priority_with_dfs_delta]: New minimal, delete 267 tokens, ratio=2129/4488=47.44% 
[02:40:36] [INFO   ] Fixpoint[1]:Reducer[perses_node_priority_with_dfs_delta]: New minimal, delete 45 tokens, ratio=2084/4488=46.43% 
[02:40:42] [INFO   ] Fixpoint[1]:Reducer[perses_node_priority_with_dfs_delta]: New minimal, delete 45 tokens, ratio=2039/4488=45.43% 
[02:40:47] [INFO   ] Fixpoint[1]:Reducer[perses_node_priority_with_dfs_delta]: New minimal, delete 140 tokens, ratio=1899/4488=42.31% 
[02:40:54] [INFO   ] Fixpoint[1]:Reducer[perses_node_priority_with_dfs_delta]: New minimal, delete 59 tokens, ratio=1840/4488=41.00% 
[02:40:59] [INFO   ] Fixpoint[1]:Reducer[perses_node_priority_with_dfs_delta]: New minimal, delete 20 tokens, ratio=1820/4488=40.55% 
[02:41:03] [INFO   ] Fixpoint[1]:Reducer[perses_node_priority_with_dfs_delta]: New minimal, delete 54 tokens, ratio=1766/4488=39.35% 
[02:41:18] [INFO   ] Fixpoint[1]:Reducer[perses_node_priority_with_dfs_delta]: New minimal, delete 13 tokens, ratio=1753/4488=39.06% 
[02:41:22] [INFO   ] Fixpoint[1]:Reducer[perses_node_priority_with_dfs_delta]: Delta node (#leaves=4458): queue=6, delete 2735 tokens, ratio=1753/4488=39.06% 
[02:41:22] [INFO   ] Fixpoint[1]:Reducer[perses_node_priority_with_dfs_delta]: Delta node (#leaves=651) 
[02:41:27] [INFO   ] Fixpoint[1]:Reducer[perses_node_priority_with_dfs_delta]: New minimal, delete 9 tokens, ratio=1744/4488=38.86% 
[02:41:27] [INFO   ] Fixpoint[1]:Reducer[perses_node_priority_with_dfs_delta]: Delta node (#leaves=651): queue=23, delete 9 tokens, ratio=1744/4488=38.86% 
[02:41:27] [INFO   ] Fixpoint[1]:Reducer[perses_node_priority_with_dfs_delta]: Delta node (#leaves=642) 
[02:41:27] [INFO   ] Fixpoint[1]:Reducer[perses_node_priority_with_dfs_delta]: Delta node (#leaves=642): queue=23, delete 0 tokens, ratio=1744/4488=38.86% 
[02:41:27] [INFO   ] Fixpoint[1]:Reducer[perses_node_priority_with_dfs_delta]: Delta node (#leaves=640) 
[02:41:29] [INFO   ] Fixpoint[1]:Reducer[perses_node_priority_with_dfs_delta]: Delta node (#leaves=640): queue=25, delete 0 tokens, ratio=1744/4488=38.86% 
[02:41:29] [INFO   ] Fixpoint[1]:Reducer[perses_node_priority_with_dfs_delta]: Delta node (#leaves=640) 
[02:41:34] [INFO   ] Fixpoint[1]:Reducer[perses_node_priority_with_dfs_delta]: New minimal, delete 194 tokens, ratio=1550/4488=34.54% 
[02:41:41] [INFO   ] Fixpoint[1]:Reducer[perses_node_priority_with_dfs_delta]: New minimal, delete 210 tokens, ratio=1340/4488=29.86% 
[02:41:45] [INFO   ] Fixpoint[1]:Reducer[perses_node_priority_with_dfs_delta]: New minimal, delete 19 tokens, ratio=1321/4488=29.43% 
[02:41:49] [INFO   ] Fixpoint[1]:Reducer[perses_node_priority_with_dfs_delta]: New minimal, delete 17 tokens, ratio=1304/4488=29.06% 
[02:41:52] [INFO   ] Fixpoint[1]:Reducer[perses_node_priority_with_dfs_delta]: Delta node (#leaves=640): queue=25, delete 440 tokens, ratio=1304/4488=29.06% 
[02:41:52] [INFO   ] Fixpoint[1]:Reducer[perses_node_priority_with_dfs_delta]: Delta node (#leaves=358) 
[02:41:52] [INFO   ] Fixpoint[1]:Reducer[perses_node_priority_with_dfs_delta]: Delta node (#leaves=358): queue=28, delete 0 tokens, ratio=1304/4488=29.06% 
[02:41:52] [INFO   ] Fixpoint[1]:Reducer[perses_node_priority_with_dfs_delta]: Delta node (#leaves=351) 
[02:41:53] [INFO   ] Fixpoint[1]:Reducer[perses_node_priority_with_dfs_delta]: Delta node (#leaves=351): queue=30, delete 0 tokens, ratio=1304/4488=29.06% 
[02:41:53] [INFO   ] Fixpoint[1]:Reducer[perses_node_priority_with_dfs_delta]: Delta node (#leaves=349) 
[02:41:54] [INFO   ] Fixpoint[1]:Reducer[perses_node_priority_with_dfs_delta]: Delta node (#leaves=349): queue=32, delete 0 tokens, ratio=1304/4488=29.06% 
[02:41:54] [INFO   ] Fixpoint[1]:Reducer[perses_node_priority_with_dfs_delta]: Delta node (#leaves=349) 
[02:41:59] [INFO   ] Fixpoint[1]:Reducer[perses_node_priority_with_dfs_delta]: New minimal, delete 4 tokens, ratio=1300/4488=28.97% 
[02:42:04] [INFO   ] Fixpoint[1]:Reducer[perses_node_priority_with_dfs_delta]: New minimal, delete 229 tokens, ratio=1071/4488=23.86% 
[02:42:08] [INFO   ] Fixpoint[1]:Reducer[perses_node_priority_with_dfs_delta]: New minimal, delete 7 tokens, ratio=1064/4488=23.71% 
[02:42:11] [INFO   ] Fixpoint[1]:Reducer[perses_node_priority_with_dfs_delta]: Delta node (#leaves=349): queue=32, delete 240 tokens, ratio=1064/4488=23.71% 
[02:42:11] [INFO   ] Fixpoint[1]:Reducer[perses_node_priority_with_dfs_delta]: Delta node (#leaves=242) 
[02:42:12] [INFO   ] Fixpoint[1]:Reducer[perses_node_priority_with_dfs_delta]: Delta node (#leaves=242): queue=37, delete 0 tokens, ratio=1064/4488=23.71% 
[02:42:12] [INFO   ] Fixpoint[1]:Reducer[perses_node_priority_with_dfs_delta]: Delta node (#leaves=231) 
[02:42:12] [INFO   ] Fixpoint[1]:Reducer[perses_node_priority_with_dfs_delta]: Delta node (#leaves=231): queue=39, delete 0 tokens, ratio=1064/4488=23.71% 
[02:42:12] [INFO   ] Fixpoint[1]:Reducer[perses_node_priority_with_dfs_delta]: Delta node (#leaves=229) 
[02:42:15] [INFO   ] Fixpoint[1]:Reducer[perses_node_priority_with_dfs_delta]: New minimal, delete 229 tokens, ratio=835/4488=18.61% 
[02:42:15] [INFO   ] Fixpoint[1]:Reducer[perses_node_priority_with_dfs_delta]: Delta node (#leaves=229): queue=41, delete 229 tokens, ratio=835/4488=18.61% 
[02:42:15] [INFO   ] Fixpoint[1]:Reducer[perses_node_priority_with_dfs_delta]: Delta node (#leaves=133) 
[02:42:17] [INFO   ] Fixpoint[1]:Reducer[perses_node_priority_with_dfs_delta]: Delta node (#leaves=133): queue=40, delete 0 tokens, ratio=835/4488=18.61% 
[02:42:17] [INFO   ] Fixpoint[1]:Reducer[perses_node_priority_with_dfs_delta]: Delta node (#leaves=126) 
[02:42:19] [INFO   ] Fixpoint[1]:Reducer[perses_node_priority_with_dfs_delta]: New minimal, delete 15 tokens, ratio=820/4488=18.27% 
[02:42:19] [INFO   ] Fixpoint[1]:Reducer[perses_node_priority_with_dfs_delta]: Delta node (#leaves=126): queue=44, delete 15 tokens, ratio=820/4488=18.27% 
[02:42:19] [INFO   ] Fixpoint[1]:Reducer[perses_node_priority_with_dfs_delta]: Delta node (#leaves=111) 
[02:42:22] [INFO   ] Fixpoint[1]:Reducer[perses_node_priority_with_dfs_delta]: New minimal, delete 105 tokens, ratio=715/4488=15.93% 
[02:42:22] [INFO   ] Fixpoint[1]:Reducer[perses_node_priority_with_dfs_delta]: Delta node (#leaves=111): queue=44, delete 105 tokens, ratio=715/4488=15.93% 
[02:42:22] [INFO   ] Fixpoint[1]:Reducer[perses_node_priority_with_dfs_delta]: Delta node (#leaves=97) 
[02:42:24] [INFO   ] Fixpoint[1]:Reducer[perses_node_priority_with_dfs_delta]: New minimal, delete 97 tokens, ratio=618/4488=13.77% 
[02:42:24] [INFO   ] Fixpoint[1]:Reducer[perses_node_priority_with_dfs_delta]: Delta node (#leaves=97): queue=44, delete 97 tokens, ratio=618/4488=13.77% 
[02:42:24] [INFO   ] Fixpoint[1]:Reducer[perses_node_priority_with_dfs_delta]: Delta node (#leaves=63) 
[02:42:26] [INFO   ] Fixpoint[1]:Reducer[perses_node_priority_with_dfs_delta]: New minimal, delete 63 tokens, ratio=555/4488=12.37% 
[02:42:26] [INFO   ] Fixpoint[1]:Reducer[perses_node_priority_with_dfs_delta]: Delta node (#leaves=63): queue=43, delete 63 tokens, ratio=555/4488=12.37% 
[02:42:26] [INFO   ] Fixpoint[1]:Reducer[perses_node_priority_with_dfs_delta]: Delta node (#leaves=54) 
[02:42:28] [INFO   ] Fixpoint[1]:Reducer[perses_node_priority_with_dfs_delta]: New minimal, delete 54 tokens, ratio=501/4488=11.16% 
[02:42:28] [INFO   ] Fixpoint[1]:Reducer[perses_node_priority_with_dfs_delta]: Delta node (#leaves=54): queue=42, delete 54 tokens, ratio=501/4488=11.16% 
[02:42:28] [INFO   ] Fixpoint[1]:Reducer[perses_node_priority_with_dfs_delta]: Delta node (#leaves=54) 
[02:42:28] [INFO   ] Fixpoint[1]:Reducer[perses_node_priority_with_dfs_delta]: Delta node (#leaves=54): queue=41, delete 0 tokens, ratio=501/4488=11.16% 
[02:42:28] [INFO   ] Fixpoint[1]:Reducer[perses_node_priority_with_dfs_delta]: Delta node (#leaves=54) 
[02:42:30] [INFO   ] Fixpoint[1]:Reducer[perses_node_priority_with_dfs_delta]: New minimal, delete 54 tokens, ratio=447/4488=9.96% 
[02:42:30] [INFO   ] Fixpoint[1]:Reducer[perses_node_priority_with_dfs_delta]: Delta node (#leaves=54): queue=43, delete 54 tokens, ratio=447/4488=9.96% 
[02:42:30] [INFO   ] Fixpoint[1]:Reducer[perses_node_priority_with_dfs_delta]: Delta node (#leaves=47) 
[02:42:32] [INFO   ] Fixpoint[1]:Reducer[perses_node_priority_with_dfs_delta]: New minimal, delete 47 tokens, ratio=400/4488=8.91% 
[02:42:32] [INFO   ] Fixpoint[1]:Reducer[perses_node_priority_with_dfs_delta]: Delta node (#leaves=47): queue=42, delete 47 tokens, ratio=400/4488=8.91% 
[02:42:32] [INFO   ] Fixpoint[1]:Reducer[perses_node_priority_with_dfs_delta]: Delta node (#leaves=45) 
[02:42:34] [INFO   ] Fixpoint[1]:Reducer[perses_node_priority_with_dfs_delta]: New minimal, delete 45 tokens, ratio=355/4488=7.91% 
[02:42:34] [INFO   ] Fixpoint[1]:Reducer[perses_node_priority_with_dfs_delta]: Delta node (#leaves=45): queue=41, delete 45 tokens, ratio=355/4488=7.91% 
[02:42:34] [INFO   ] Fixpoint[1]:Reducer[perses_node_priority_with_dfs_delta]: Delta node (#leaves=41) 
[02:42:34] [INFO   ] Fixpoint[1]:Reducer[perses_node_priority_with_dfs_delta]: Delta node (#leaves=41): queue=40, delete 0 tokens, ratio=355/4488=7.91% 
[02:42:34] [INFO   ] Fixpoint[1]:Reducer[perses_node_priority_with_dfs_delta]: Delta node (#leaves=39) 
[02:42:35] [INFO   ] Fixpoint[1]:Reducer[perses_node_priority_with_dfs_delta]: Delta node (#leaves=39): queue=42, delete 0 tokens, ratio=355/4488=7.91% 
[02:42:35] [INFO   ] Fixpoint[1]:Reducer[perses_node_priority_with_dfs_delta]: Delta node (#leaves=39) 
[02:42:37] [INFO   ] Fixpoint[1]:Reducer[perses_node_priority_with_dfs_delta]: New minimal, delete 39 tokens, ratio=316/4488=7.04% 
[02:42:37] [INFO   ] Fixpoint[1]:Reducer[perses_node_priority_with_dfs_delta]: Delta node (#leaves=39): queue=43, delete 39 tokens, ratio=316/4488=7.04% 
[02:42:37] [INFO   ] Fixpoint[1]:Reducer[perses_node_priority_with_dfs_delta]: Delta node (#leaves=38) 
[02:42:37] [INFO   ] Fixpoint[1]:Reducer[perses_node_priority_with_dfs_delta]: Delta node (#leaves=38): queue=42, delete 0 tokens, ratio=316/4488=7.04% 
[02:42:37] [INFO   ] Fixpoint[1]:Reducer[perses_node_priority_with_dfs_delta]: Delta node (#leaves=37) 
[02:42:37] [INFO   ] Fixpoint[1]:Reducer[perses_node_priority_with_dfs_delta]: Delta node (#leaves=37): queue=43, delete 0 tokens, ratio=316/4488=7.04% 
[02:42:37] [INFO   ] Fixpoint[1]:Reducer[perses_node_priority_with_dfs_delta]: Delta node (#leaves=37) 
[02:42:38] [INFO   ] Fixpoint[1]:Reducer[perses_node_priority_with_dfs_delta]: Delta node (#leaves=37): queue=44, delete 0 tokens, ratio=316/4488=7.04% 
[02:42:38] [INFO   ] Fixpoint[1]:Reducer[perses_node_priority_with_dfs_delta]: Delta node (#leaves=36) 
[02:42:38] [INFO   ] Fixpoint[1]:Reducer[perses_node_priority_with_dfs_delta]: Delta node (#leaves=36): queue=46, delete 0 tokens, ratio=316/4488=7.04% 
[02:42:38] [INFO   ] Fixpoint[1]:Reducer[perses_node_priority_with_dfs_delta]: Delta node (#leaves=36) 
[02:42:38] [INFO   ] Fixpoint[1]:Reducer[perses_node_priority_with_dfs_delta]: Delta node (#leaves=36): queue=46, delete 0 tokens, ratio=316/4488=7.04% 
[02:42:38] [INFO   ] Fixpoint[1]:Reducer[perses_node_priority_with_dfs_delta]: Delta node (#leaves=35) 
[02:42:42] [INFO   ] Fixpoint[1]:Reducer[perses_node_priority_with_dfs_delta]: New minimal, delete 34 tokens, ratio=282/4488=6.28% 
[02:42:42] [INFO   ] Fixpoint[1]:Reducer[perses_node_priority_with_dfs_delta]: Delta node (#leaves=35): queue=47, delete 34 tokens, ratio=282/4488=6.28% 
[02:42:42] [INFO   ] Fixpoint[1]:Reducer[perses_node_priority_with_dfs_delta]: Delta node (#leaves=33) 
[02:42:44] [INFO   ] Fixpoint[1]:Reducer[perses_node_priority_with_dfs_delta]: New minimal, delete 33 tokens, ratio=249/4488=5.55% 
[02:42:44] [INFO   ] Fixpoint[1]:Reducer[perses_node_priority_with_dfs_delta]: Delta node (#leaves=33): queue=47, delete 33 tokens, ratio=249/4488=5.55% 
[02:42:44] [INFO   ] Fixpoint[1]:Reducer[perses_node_priority_with_dfs_delta]: Delta node (#leaves=29) 
[02:42:44] [INFO   ] Fixpoint[1]:Reducer[perses_node_priority_with_dfs_delta]: Delta node (#leaves=29): queue=46, delete 0 tokens, ratio=249/4488=5.55% 
[02:42:44] [INFO   ] Fixpoint[1]:Reducer[perses_node_priority_with_dfs_delta]: Delta node (#leaves=27) 
[02:42:44] [INFO   ] Fixpoint[1]:Reducer[perses_node_priority_with_dfs_delta]: Delta node (#leaves=27): queue=48, delete 0 tokens, ratio=249/4488=5.55% 
[02:42:44] [INFO   ] Fixpoint[1]:Reducer[perses_node_priority_with_dfs_delta]: Delta node (#leaves=27) 
[02:42:46] [INFO   ] Fixpoint[1]:Reducer[perses_node_priority_with_dfs_delta]: New minimal, delete 9 tokens, ratio=240/4488=5.35% 
[02:42:46] [INFO   ] Fixpoint[1]:Reducer[perses_node_priority_with_dfs_delta]: Delta node (#leaves=27): queue=48, delete 9 tokens, ratio=240/4488=5.35% 
[02:42:46] [INFO   ] Fixpoint[1]:Reducer[perses_node_priority_with_dfs_delta]: Delta node (#leaves=25) 
[02:42:48] [INFO   ] Fixpoint[1]:Reducer[perses_node_priority_with_dfs_delta]: New minimal, delete 25 tokens, ratio=215/4488=4.79% 
[02:42:48] [INFO   ] Fixpoint[1]:Reducer[perses_node_priority_with_dfs_delta]: Delta node (#leaves=25): queue=48, delete 25 tokens, ratio=215/4488=4.79% 
[02:42:48] [INFO   ] Fixpoint[1]:Reducer[perses_node_priority_with_dfs_delta]: Delta node (#leaves=21) 
[02:42:49] [INFO   ] Fixpoint[1]:Reducer[perses_node_priority_with_dfs_delta]: New minimal, delete 21 tokens, ratio=194/4488=4.32% 
[02:42:49] [INFO   ] Fixpoint[1]:Reducer[perses_node_priority_with_dfs_delta]: Delta node (#leaves=21): queue=47, delete 21 tokens, ratio=194/4488=4.32% 
[02:42:49] [INFO   ] Fixpoint[1]:Reducer[perses_node_priority_with_dfs_delta]: Delta node (#leaves=18) 
[02:42:50] [INFO   ] Fixpoint[1]:Reducer[perses_node_priority_with_dfs_delta]: New minimal, delete 18 tokens, ratio=176/4488=3.92% 
[02:42:50] [INFO   ] Fixpoint[1]:Reducer[perses_node_priority_with_dfs_delta]: Delta node (#leaves=18): queue=46, delete 18 tokens, ratio=176/4488=3.92% 
[02:42:50] [INFO   ] Fixpoint[1]:Reducer[perses_node_priority_with_dfs_delta]: Delta node (#leaves=18) 
[02:42:51] [INFO   ] Fixpoint[1]:Reducer[perses_node_priority_with_dfs_delta]: Delta node (#leaves=18): queue=45, delete 0 tokens, ratio=176/4488=3.92% 
[02:42:51] [INFO   ] Fixpoint[1]:Reducer[perses_node_priority_with_dfs_delta]: Delta node (#leaves=16) 
[02:42:51] [INFO   ] Fixpoint[1]:Reducer[perses_node_priority_with_dfs_delta]: Delta node (#leaves=16): queue=47, delete 0 tokens, ratio=176/4488=3.92% 
[02:42:51] [INFO   ] Fixpoint[1]:Reducer[perses_node_priority_with_dfs_delta]: Delta node (#leaves=16) 
[02:42:53] [INFO   ] Fixpoint[1]:Reducer[perses_node_priority_with_dfs_delta]: New minimal, delete 3 tokens, ratio=173/4488=3.85% 
[02:42:53] [INFO   ] Fixpoint[1]:Reducer[perses_node_priority_with_dfs_delta]: Delta node (#leaves=16): queue=47, delete 3 tokens, ratio=173/4488=3.85% 
[02:42:53] [INFO   ] Fixpoint[1]:Reducer[perses_node_priority_with_dfs_delta]: Delta node (#leaves=15) 
[02:42:53] [INFO   ] Fixpoint[1]:Reducer[perses_node_priority_with_dfs_delta]: Delta node (#leaves=15): queue=47, delete 0 tokens, ratio=173/4488=3.85% 
[02:42:53] [INFO   ] Fixpoint[1]:Reducer[perses_node_priority_with_dfs_delta]: Delta node (#leaves=14) 
[02:42:53] [INFO   ] Fixpoint[1]:Reducer[perses_node_priority_with_dfs_delta]: Delta node (#leaves=14): queue=48, delete 0 tokens, ratio=173/4488=3.85% 
[02:42:53] [INFO   ] Fixpoint[1]:Reducer[perses_node_priority_with_dfs_delta]: Delta node (#leaves=13) 
[02:42:55] [INFO   ] Fixpoint[1]:Reducer[perses_node_priority_with_dfs_delta]: New minimal, delete 10 tokens, ratio=163/4488=3.63% 
[02:42:55] [INFO   ] Fixpoint[1]:Reducer[perses_node_priority_with_dfs_delta]: Delta node (#leaves=13): queue=49, delete 10 tokens, ratio=163/4488=3.63% 
[02:42:55] [INFO   ] Fixpoint[1]:Reducer[perses_node_priority_with_dfs_delta]: Delta node (#leaves=13) 
[02:42:56] [INFO   ] Fixpoint[1]:Reducer[perses_node_priority_with_dfs_delta]: Delta node (#leaves=13): queue=49, delete 0 tokens, ratio=163/4488=3.63% 
[02:42:56] [INFO   ] Fixpoint[1]:Reducer[perses_node_priority_with_dfs_delta]: Delta node (#leaves=11) 
[02:42:56] [INFO   ] Fixpoint[1]:Reducer[perses_node_priority_with_dfs_delta]: Delta node (#leaves=11): queue=50, delete 0 tokens, ratio=163/4488=3.63% 
[02:42:56] [INFO   ] Fixpoint[1]:Reducer[perses_node_priority_with_dfs_delta]: Delta node (#leaves=10) 
[02:42:56] [INFO   ] Fixpoint[1]:Reducer[perses_node_priority_with_dfs_delta]: Delta node (#leaves=10): queue=51, delete 0 tokens, ratio=163/4488=3.63% 
[02:42:56] [INFO   ] Fixpoint[1]:Reducer[perses_node_priority_with_dfs_delta]: Delta node (#leaves=9) 
[02:42:56] [INFO   ] Fixpoint[1]:Reducer[perses_node_priority_with_dfs_delta]: Delta node (#leaves=9): queue=54, delete 0 tokens, ratio=163/4488=3.63% 
[02:42:56] [INFO   ] Fixpoint[1]:Reducer[perses_node_priority_with_dfs_delta]: Delta node (#leaves=8) 
[02:42:57] [INFO   ] Fixpoint[1]:Reducer[perses_node_priority_with_dfs_delta]: New minimal, delete 8 tokens, ratio=155/4488=3.45% 
[02:42:57] [INFO   ] Fixpoint[1]:Reducer[perses_node_priority_with_dfs_delta]: Delta node (#leaves=8): queue=55, delete 8 tokens, ratio=155/4488=3.45% 
[02:42:57] [INFO   ] Fixpoint[1]:Reducer[perses_node_priority_with_dfs_delta]: Delta node (#leaves=8) 
[02:42:57] [INFO   ] Fixpoint[1]:Reducer[perses_node_priority_with_dfs_delta]: Delta node (#leaves=8): queue=54, delete 0 tokens, ratio=155/4488=3.45% 
[02:42:57] [INFO   ] Fixpoint[1]:Reducer[perses_node_priority_with_dfs_delta]: Delta node (#leaves=8) 
[02:42:57] [INFO   ] Fixpoint[1]:Reducer[perses_node_priority_with_dfs_delta]: Delta node (#leaves=8): queue=57, delete 0 tokens, ratio=155/4488=3.45% 
[02:42:57] [INFO   ] Fixpoint[1]:Reducer[perses_node_priority_with_dfs_delta]: Delta node (#leaves=8) 
[02:42:59] [INFO   ] Fixpoint[1]:Reducer[perses_node_priority_with_dfs_delta]: Delta node (#leaves=8): queue=60, delete 0 tokens, ratio=155/4488=3.45% 
[02:42:59] [INFO   ] Fixpoint[1]:Reducer[perses_node_priority_with_dfs_delta]: Delta node (#leaves=7) 
[02:43:00] [INFO   ] Fixpoint[1]:Reducer[perses_node_priority_with_dfs_delta]: New minimal, delete 7 tokens, ratio=148/4488=3.30% 
[02:43:00] [INFO   ] Fixpoint[1]:Reducer[perses_node_priority_with_dfs_delta]: Delta node (#leaves=7): queue=61, delete 7 tokens, ratio=148/4488=3.30% 
[02:43:00] [INFO   ] Fixpoint[1]:Reducer[perses_node_priority_with_dfs_delta]: Delta node (#leaves=7) 
[02:43:02] [INFO   ] Fixpoint[1]:Reducer[perses_node_priority_with_dfs_delta]: New minimal, delete 7 tokens, ratio=141/4488=3.14% 
[02:43:02] [INFO   ] Fixpoint[1]:Reducer[perses_node_priority_with_dfs_delta]: Delta node (#leaves=7): queue=60, delete 7 tokens, ratio=141/4488=3.14% 
[02:43:02] [INFO   ] Fixpoint[1]:Reducer[perses_node_priority_with_dfs_delta]: Delta node (#leaves=7) 
[02:43:03] [INFO   ] Fixpoint[1]:Reducer[perses_node_priority_with_dfs_delta]: New minimal, delete 7 tokens, ratio=134/4488=2.99% 
[02:43:03] [INFO   ] Fixpoint[1]:Reducer[perses_node_priority_with_dfs_delta]: Delta node (#leaves=7): queue=59, delete 7 tokens, ratio=134/4488=2.99% 
[02:43:03] [INFO   ] Fixpoint[1]:Reducer[perses_node_priority_with_dfs_delta]: Delta node (#leaves=7) 
[02:43:04] [INFO   ] Fixpoint[1]:Reducer[perses_node_priority_with_dfs_delta]: New minimal, delete 7 tokens, ratio=127/4488=2.83% 
[02:43:04] [INFO   ] Fixpoint[1]:Reducer[perses_node_priority_with_dfs_delta]: Delta node (#leaves=7): queue=58, delete 7 tokens, ratio=127/4488=2.83% 
[02:43:04] [INFO   ] Fixpoint[1]:Reducer[perses_node_priority_with_dfs_delta]: Delta node (#leaves=7) 
[02:43:06] [INFO   ] Fixpoint[1]:Reducer[perses_node_priority_with_dfs_delta]: New minimal, delete 7 tokens, ratio=120/4488=2.67% 
[02:43:06] [INFO   ] Fixpoint[1]:Reducer[perses_node_priority_with_dfs_delta]: Delta node (#leaves=7): queue=57, delete 7 tokens, ratio=120/4488=2.67% 
[02:43:06] [INFO   ] Fixpoint[1]:Reducer[perses_node_priority_with_dfs_delta]: Delta node (#leaves=6) 
[02:43:07] [INFO   ] Fixpoint[1]:Reducer[perses_node_priority_with_dfs_delta]: New minimal, delete 6 tokens, ratio=114/4488=2.54% 
[02:43:07] [INFO   ] Fixpoint[1]:Reducer[perses_node_priority_with_dfs_delta]: Delta node (#leaves=6): queue=56, delete 6 tokens, ratio=114/4488=2.54% 
[02:43:07] [INFO   ] Fixpoint[1]:Reducer[perses_node_priority_with_dfs_delta]: Delta node (#leaves=6) 
[02:43:07] [INFO   ] Fixpoint[1]:Reducer[perses_node_priority_with_dfs_delta]: Delta node (#leaves=6): queue=55, delete 0 tokens, ratio=114/4488=2.54% 
[02:43:07] [INFO   ] Fixpoint[1]:Reducer[perses_node_priority_with_dfs_delta]: Delta node (#leaves=6) 
[02:43:07] [INFO   ] Fixpoint[1]:Reducer[perses_node_priority_with_dfs_delta]: Delta node (#leaves=6): queue=57, delete 0 tokens, ratio=114/4488=2.54% 
[02:43:07] [INFO   ] Fixpoint[1]:Reducer[perses_node_priority_with_dfs_delta]: Delta node (#leaves=6) 
[02:43:07] [INFO   ] Fixpoint[1]:Reducer[perses_node_priority_with_dfs_delta]: Delta node (#leaves=6): queue=58, delete 0 tokens, ratio=114/4488=2.54% 
[02:43:07] [INFO   ] Fixpoint[1]:Reducer[perses_node_priority_with_dfs_delta]: Delta node (#leaves=6) 
[02:43:07] [INFO   ] Fixpoint[1]:Reducer[perses_node_priority_with_dfs_delta]: Delta node (#leaves=6): queue=59, delete 0 tokens, ratio=114/4488=2.54% 
[02:43:07] [INFO   ] Fixpoint[1]:Reducer[perses_node_priority_with_dfs_delta]: Delta node (#leaves=5) 
[02:43:09] [INFO   ] Fixpoint[1]:Reducer[perses_node_priority_with_dfs_delta]: New minimal, delete 5 tokens, ratio=109/4488=2.43% 
[02:43:09] [INFO   ] Fixpoint[1]:Reducer[perses_node_priority_with_dfs_delta]: Delta node (#leaves=5): queue=60, delete 5 tokens, ratio=109/4488=2.43% 
[02:43:09] [INFO   ] Fixpoint[1]:Reducer[perses_node_priority_with_dfs_delta]: Delta node (#leaves=5) 
[02:43:09] [INFO   ] Fixpoint[1]:Reducer[perses_node_priority_with_dfs_delta]: Delta node (#leaves=5): queue=59, delete 0 tokens, ratio=109/4488=2.43% 
[02:43:09] [INFO   ] Fixpoint[1]:Reducer[perses_node_priority_with_dfs_delta]: Delta node (#leaves=5) 
[02:43:10] [INFO   ] Fixpoint[1]:Reducer[perses_node_priority_with_dfs_delta]: New minimal, delete 5 tokens, ratio=104/4488=2.32% 
[02:43:10] [INFO   ] Fixpoint[1]:Reducer[perses_node_priority_with_dfs_delta]: Delta node (#leaves=5): queue=62, delete 5 tokens, ratio=104/4488=2.32% 
[02:43:10] [INFO   ] Fixpoint[1]:Reducer[perses_node_priority_with_dfs_delta]: Delta node (#leaves=5) 
[02:43:11] [INFO   ] Fixpoint[1]:Reducer[perses_node_priority_with_dfs_delta]: New minimal, delete 5 tokens, ratio=99/4488=2.21% 
[02:43:11] [INFO   ] Fixpoint[1]:Reducer[perses_node_priority_with_dfs_delta]: Delta node (#leaves=5): queue=61, delete 5 tokens, ratio=99/4488=2.21% 
[02:43:11] [INFO   ] Fixpoint[1]:Reducer[perses_node_priority_with_dfs_delta]: Delta node (#leaves=5) 
[02:43:13] [INFO   ] Fixpoint[1]:Reducer[perses_node_priority_with_dfs_delta]: New minimal, delete 5 tokens, ratio=94/4488=2.09% 
[02:43:13] [INFO   ] Fixpoint[1]:Reducer[perses_node_priority_with_dfs_delta]: Delta node (#leaves=5): queue=60, delete 5 tokens, ratio=94/4488=2.09% 
[02:43:13] [INFO   ] Fixpoint[1]:Reducer[perses_node_priority_with_dfs_delta]: Delta node (#leaves=5) 
[02:43:13] [INFO   ] Fixpoint[1]:Reducer[perses_node_priority_with_dfs_delta]: Delta node (#leaves=5): queue=59, delete 0 tokens, ratio=94/4488=2.09% 
[02:43:13] [INFO   ] Fixpoint[1]:Reducer[perses_node_priority_with_dfs_delta]: Delta node (#leaves=5) 
[02:43:13] [INFO   ] Fixpoint[1]:Reducer[perses_node_priority_with_dfs_delta]: Delta node (#leaves=5): queue=61, delete 0 tokens, ratio=94/4488=2.09% 
[02:43:13] [INFO   ] Fixpoint[1]:Reducer[perses_node_priority_with_dfs_delta]: Delta node (#leaves=5) 
[02:43:13] [INFO   ] Fixpoint[1]:Reducer[perses_node_priority_with_dfs_delta]: Delta node (#leaves=5): queue=64, delete 0 tokens, ratio=94/4488=2.09% 
[02:43:13] [INFO   ] Fixpoint[1]:Reducer[perses_node_priority_with_dfs_delta]: Delta node (#leaves=4) 
[02:43:14] [INFO   ] Fixpoint[1]:Reducer[perses_node_priority_with_dfs_delta]: New minimal, delete 3 tokens, ratio=91/4488=2.03% 
[02:43:14] [INFO   ] Fixpoint[1]:Reducer[perses_node_priority_with_dfs_delta]: Delta node (#leaves=4): queue=65, delete 3 tokens, ratio=91/4488=2.03% 
[02:43:14] [INFO   ] Fixpoint[1]:Reducer[perses_node_priority_with_dfs_delta]: Delta node (#leaves=4) 
[02:43:15] [INFO   ] Fixpoint[1]:Reducer[perses_node_priority_with_dfs_delta]: Delta node (#leaves=4): queue=65, delete 0 tokens, ratio=91/4488=2.03% 
[02:43:15] [INFO   ] Fixpoint[1]:Reducer[perses_node_priority_with_dfs_delta]: Delta node (#leaves=4) 
[02:43:16] [INFO   ] Fixpoint[1]:Reducer[perses_node_priority_with_dfs_delta]: New minimal, delete 3 tokens, ratio=88/4488=1.96% 
[02:43:16] [INFO   ] Fixpoint[1]:Reducer[perses_node_priority_with_dfs_delta]: Delta node (#leaves=4): queue=65, delete 3 tokens, ratio=88/4488=1.96% 
[02:43:16] [INFO   ] Fixpoint[1]:Reducer[perses_node_priority_with_dfs_delta]: Delta node (#leaves=4) 
[02:43:16] [INFO   ] Fixpoint[1]:Reducer[perses_node_priority_with_dfs_delta]: Delta node (#leaves=4): queue=65, delete 0 tokens, ratio=88/4488=1.96% 
[02:43:16] [INFO   ] Fixpoint[1]:Reducer[perses_node_priority_with_dfs_delta]: Delta node (#leaves=4) 
[02:43:16] [INFO   ] Fixpoint[1]:Reducer[perses_node_priority_with_dfs_delta]: Delta node (#leaves=4): queue=66, delete 0 tokens, ratio=88/4488=1.96% 
[02:43:16] [INFO   ] Fixpoint[1]:Reducer[perses_node_priority_with_dfs_delta]: Delta node (#leaves=4) 
[02:43:17] [INFO   ] Fixpoint[1]:Reducer[perses_node_priority_with_dfs_delta]: Delta node (#leaves=4): queue=68, delete 0 tokens, ratio=88/4488=1.96% 
[02:43:17] [INFO   ] Fixpoint[1]:Reducer[perses_node_priority_with_dfs_delta]: Delta node (#leaves=4) 
[02:43:17] [INFO   ] Fixpoint[1]:Reducer[perses_node_priority_with_dfs_delta]: Delta node (#leaves=4): queue=71, delete 0 tokens, ratio=88/4488=1.96% 
[02:43:17] [INFO   ] Fixpoint[1]:Reducer[perses_node_priority_with_dfs_delta]: Delta node (#leaves=3) 
[02:43:18] [INFO   ] Fixpoint[1]:Reducer[perses_node_priority_with_dfs_delta]: Delta node (#leaves=3): queue=74, delete 0 tokens, ratio=88/4488=1.96% 
[02:43:18] [INFO   ] Fixpoint[1]:Reducer[perses_node_priority_with_dfs_delta]: Delta node (#leaves=3) 
[02:43:19] [INFO   ] Fixpoint[1]:Reducer[perses_node_priority_with_dfs_delta]: New minimal, delete 2 tokens, ratio=86/4488=1.92% 
[02:43:19] [INFO   ] Fixpoint[1]:Reducer[perses_node_priority_with_dfs_delta]: Delta node (#leaves=3): queue=75, delete 2 tokens, ratio=86/4488=1.92% 
[02:43:19] [INFO   ] Fixpoint[1]:Reducer[perses_node_priority_with_dfs_delta]: Delta node (#leaves=2) 
[02:43:21] [INFO   ] Fixpoint[1]:Reducer[perses_node_priority_with_dfs_delta]: New minimal, delete 2 tokens, ratio=84/4488=1.87% 
[02:43:21] [INFO   ] Fixpoint[1]:Reducer[perses_node_priority_with_dfs_delta]: Delta node (#leaves=2): queue=75, delete 2 tokens, ratio=84/4488=1.87% 
[02:43:21] [INFO   ] Fixpoint[1]:Reducer[perses_node_priority_with_dfs_delta]: Delta node (#leaves=2) 
[02:43:22] [INFO   ] Fixpoint[1]:Reducer[perses_node_priority_with_dfs_delta]: New minimal, delete 2 tokens, ratio=82/4488=1.83% 
[02:43:22] [INFO   ] Fixpoint[1]:Reducer[perses_node_priority_with_dfs_delta]: Delta node (#leaves=2): queue=74, delete 2 tokens, ratio=82/4488=1.83% 
[02:43:22] [INFO   ] Fixpoint[1]:Reducer[perses_node_priority_with_dfs_delta]: Delta node (#leaves=2) 
[02:43:22] [INFO   ] Fixpoint[1]:Reducer[perses_node_priority_with_dfs_delta]: Delta node (#leaves=2): queue=73, delete 0 tokens, ratio=82/4488=1.83% 
[02:43:22] [INFO   ] Fixpoint[1]:Reducer[perses_node_priority_with_dfs_delta]: Delta node (#leaves=2) 
[02:43:22] [INFO   ] Fixpoint[1]:Reducer[perses_node_priority_with_dfs_delta]: Delta node (#leaves=2): queue=73, delete 0 tokens, ratio=82/4488=1.83% 
[02:43:22] [INFO   ] Fixpoint[1]:Reducer[perses_node_priority_with_dfs_delta]: Delta node (#leaves=2) 
[02:43:23] [INFO   ] Fixpoint[1]:Reducer[perses_node_priority_with_dfs_delta]: Delta node (#leaves=2): queue=74, delete 0 tokens, ratio=82/4488=1.83% 
[02:43:23] [INFO   ] Fixpoint[1]:Reducer[perses_node_priority_with_dfs_delta]: Delta node (#leaves=2) 
[02:43:23] [INFO   ] Fixpoint[1]:Reducer[perses_node_priority_with_dfs_delta]: Delta node (#leaves=2): queue=74, delete 0 tokens, ratio=82/4488=1.83% 
[02:43:23] [INFO   ] Fixpoint[1]:Reducer[perses_node_priority_with_dfs_delta]: Delta node (#leaves=2) 
[02:43:24] [INFO   ] Fixpoint[1]:Reducer[perses_node_priority_with_dfs_delta]: Delta node (#leaves=2): queue=75, delete 0 tokens, ratio=82/4488=1.83% 
[02:43:24] [INFO   ] Fixpoint[1]:Reducer[perses_node_priority_with_dfs_delta]: Delta node (#leaves=2) 
[02:43:25] [INFO   ] Fixpoint[1]:Reducer[perses_node_priority_with_dfs_delta]: Delta node (#leaves=2): queue=76, delete 0 tokens, ratio=82/4488=1.83% 
[02:43:25] [INFO   ] Fixpoint[1]:Reducer[perses_node_priority_with_dfs_delta]: Delta node (#leaves=2) 
[02:43:25] [INFO   ] Fixpoint[1]:Reducer[perses_node_priority_with_dfs_delta]: Delta node (#leaves=2): queue=76, delete 0 tokens, ratio=82/4488=1.83% 
[02:43:25] [INFO   ] Fixpoint[1]:Reducer[perses_node_priority_with_dfs_delta]: Delta node (#leaves=2) 
[02:43:26] [INFO   ] Fixpoint[1]:Reducer[perses_node_priority_with_dfs_delta]: New minimal, delete 2 tokens, ratio=80/4488=1.78% 
[02:43:26] [INFO   ] Fixpoint[1]:Reducer[perses_node_priority_with_dfs_delta]: Delta node (#leaves=2): queue=77, delete 2 tokens, ratio=80/4488=1.78% 
[02:43:26] [INFO   ] Fixpoint[1]:Reducer[perses_node_priority_with_dfs_delta]: Delta node (#leaves=2) 
[02:43:27] [INFO   ] Fixpoint[1]:Reducer[perses_node_priority_with_dfs_delta]: Delta node (#leaves=2): queue=76, delete 0 tokens, ratio=80/4488=1.78% 
[02:43:27] [INFO   ] Fixpoint[1]:Reducer[perses_node_priority_with_dfs_delta]: Delta node (#leaves=2) 
[02:43:27] [INFO   ] Fixpoint[1]:Reducer[perses_node_priority_with_dfs_delta]: Delta node (#leaves=2): queue=76, delete 0 tokens, ratio=80/4488=1.78% 
[02:43:27] [INFO   ] Fixpoint[1]:Reducer[perses_node_priority_with_dfs_delta]: Delta node (#leaves=2) 
[02:43:27] [INFO   ] Fixpoint[1]:Reducer[perses_node_priority_with_dfs_delta]: Delta node (#leaves=2): queue=77, delete 0 tokens, ratio=80/4488=1.78% 
[02:43:27] [INFO   ] Fixpoint[1]:Reducer[perses_node_priority_with_dfs_delta]: Delta node (#leaves=2) 
[02:43:28] [INFO   ] Fixpoint[1]:Reducer[perses_node_priority_with_dfs_delta]: New minimal, delete 2 tokens, ratio=78/4488=1.74% 
[02:43:28] [INFO   ] Fixpoint[1]:Reducer[perses_node_priority_with_dfs_delta]: Delta node (#leaves=2): queue=78, delete 2 tokens, ratio=78/4488=1.74% 
[02:43:28] [INFO   ] Fixpoint[1]:Reducer[perses_node_priority_with_dfs_delta]: Delta node (#leaves=1) 
[02:43:28] [INFO   ] Fixpoint[1]:Reducer[perses_node_priority_with_dfs_delta]: Delta node (#leaves=1): queue=77, delete 0 tokens, ratio=78/4488=1.74% 
[02:43:28] [INFO   ] Fixpoint[1]:Reducer[perses_node_priority_with_dfs_delta]: Delta node (#leaves=1) 
[02:43:28] [INFO   ] Fixpoint[1]:Reducer[perses_node_priority_with_dfs_delta]: Delta node (#leaves=1): queue=76, delete 0 tokens, ratio=78/4488=1.74% 
[02:43:28] [INFO   ] Fixpoint[1]:Reducer[perses_node_priority_with_dfs_delta]: Delta node (#leaves=1) 
[02:43:28] [INFO   ] Fixpoint[1]:Reducer[perses_node_priority_with_dfs_delta]: Delta node (#leaves=1): queue=75, delete 0 tokens, ratio=78/4488=1.74% 
[02:43:28] [INFO   ] Fixpoint[1]:Reducer[perses_node_priority_with_dfs_delta]: Delta node (#leaves=1) 
[02:43:28] [INFO   ] Fixpoint[1]:Reducer[perses_node_priority_with_dfs_delta]: Delta node (#leaves=1): queue=74, delete 0 tokens, ratio=78/4488=1.74% 
[02:43:28] [INFO   ] Fixpoint[1]:Reducer[perses_node_priority_with_dfs_delta]: Delta node (#leaves=1) 
[02:43:28] [INFO   ] Fixpoint[1]:Reducer[perses_node_priority_with_dfs_delta]: Delta node (#leaves=1): queue=73, delete 0 tokens, ratio=78/4488=1.74% 
[02:43:28] [INFO   ] Fixpoint[1]:Reducer[perses_node_priority_with_dfs_delta]: Delta node (#leaves=1) 
[02:43:28] [INFO   ] Fixpoint[1]:Reducer[perses_node_priority_with_dfs_delta]: Delta node (#leaves=1): queue=72, delete 0 tokens, ratio=78/4488=1.74% 
[02:43:28] [INFO   ] Fixpoint[1]:Reducer[perses_node_priority_with_dfs_delta]: Delta node (#leaves=1) 
[02:43:28] [INFO   ] Fixpoint[1]:Reducer[perses_node_priority_with_dfs_delta]: Delta node (#leaves=1): queue=71, delete 0 tokens, ratio=78/4488=1.74% 
[02:43:28] [INFO   ] Fixpoint[1]:Reducer[perses_node_priority_with_dfs_delta]: Delta node (#leaves=1) 
[02:43:28] [INFO   ] Fixpoint[1]:Reducer[perses_node_priority_with_dfs_delta]: Delta node (#leaves=1): queue=70, delete 0 tokens, ratio=78/4488=1.74% 
[02:43:28] [INFO   ] Fixpoint[1]:Reducer[perses_node_priority_with_dfs_delta]: Delta node (#leaves=1) 
[02:43:28] [INFO   ] Fixpoint[1]:Reducer[perses_node_priority_with_dfs_delta]: Delta node (#leaves=1): queue=69, delete 0 tokens, ratio=78/4488=1.74% 
[02:43:28] [INFO   ] Fixpoint[1]:Reducer[perses_node_priority_with_dfs_delta]: Delta node (#leaves=1) 
[02:43:28] [INFO   ] Fixpoint[1]:Reducer[perses_node_priority_with_dfs_delta]: Delta node (#leaves=1): queue=68, delete 0 tokens, ratio=78/4488=1.74% 
[02:43:28] [INFO   ] Fixpoint[1]:Reducer[perses_node_priority_with_dfs_delta]: Delta node (#leaves=1) 
[02:43:28] [INFO   ] Fixpoint[1]:Reducer[perses_node_priority_with_dfs_delta]: Delta node (#leaves=1): queue=67, delete 0 tokens, ratio=78/4488=1.74% 
[02:43:28] [INFO   ] Fixpoint[1]:Reducer[perses_node_priority_with_dfs_delta]: Delta node (#leaves=1) 
[02:43:28] [INFO   ] Fixpoint[1]:Reducer[perses_node_priority_with_dfs_delta]: Delta node (#leaves=1): queue=66, delete 0 tokens, ratio=78/4488=1.74% 
[02:43:28] [INFO   ] Fixpoint[1]:Reducer[perses_node_priority_with_dfs_delta]: Delta node (#leaves=1) 
[02:43:28] [INFO   ] Fixpoint[1]:Reducer[perses_node_priority_with_dfs_delta]: Delta node (#leaves=1): queue=65, delete 0 tokens, ratio=78/4488=1.74% 
[02:43:28] [INFO   ] Fixpoint[1]:Reducer[perses_node_priority_with_dfs_delta]: Delta node (#leaves=1) 
[02:43:28] [INFO   ] Fixpoint[1]:Reducer[perses_node_priority_with_dfs_delta]: Delta node (#leaves=1): queue=64, delete 0 tokens, ratio=78/4488=1.74% 
[02:43:28] [INFO   ] Fixpoint[1]:Reducer[perses_node_priority_with_dfs_delta]: Delta node (#leaves=1) 
[02:43:28] [INFO   ] Fixpoint[1]:Reducer[perses_node_priority_with_dfs_delta]: Delta node (#leaves=1): queue=63, delete 0 tokens, ratio=78/4488=1.74% 
[02:43:28] [INFO   ] Fixpoint[1]:Reducer[perses_node_priority_with_dfs_delta]: Delta node (#leaves=1) 
[02:43:28] [INFO   ] Fixpoint[1]:Reducer[perses_node_priority_with_dfs_delta]: Delta node (#leaves=1): queue=62, delete 0 tokens, ratio=78/4488=1.74% 
[02:43:28] [INFO   ] Fixpoint[1]:Reducer[perses_node_priority_with_dfs_delta]: Delta node (#leaves=1) 
[02:43:28] [INFO   ] Fixpoint[1]:Reducer[perses_node_priority_with_dfs_delta]: Delta node (#leaves=1): queue=61, delete 0 tokens, ratio=78/4488=1.74% 
[02:43:28] [INFO   ] Fixpoint[1]:Reducer[perses_node_priority_with_dfs_delta]: Delta node (#leaves=1) 
[02:43:28] [INFO   ] Fixpoint[1]:Reducer[perses_node_priority_with_dfs_delta]: Delta node (#leaves=1): queue=60, delete 0 tokens, ratio=78/4488=1.74% 
[02:43:28] [INFO   ] Fixpoint[1]:Reducer[perses_node_priority_with_dfs_delta]: Delta node (#leaves=1) 
[02:43:28] [INFO   ] Fixpoint[1]:Reducer[perses_node_priority_with_dfs_delta]: Delta node (#leaves=1): queue=59, delete 0 tokens, ratio=78/4488=1.74% 
[02:43:28] [INFO   ] Fixpoint[1]:Reducer[perses_node_priority_with_dfs_delta]: Delta node (#leaves=1) 
[02:43:28] [INFO   ] Fixpoint[1]:Reducer[perses_node_priority_with_dfs_delta]: Delta node (#leaves=1): queue=58, delete 0 tokens, ratio=78/4488=1.74% 
[02:43:28] [INFO   ] Fixpoint[1]:Reducer[perses_node_priority_with_dfs_delta]: Delta node (#leaves=1) 
[02:43:28] [INFO   ] Fixpoint[1]:Reducer[perses_node_priority_with_dfs_delta]: Delta node (#leaves=1): queue=57, delete 0 tokens, ratio=78/4488=1.74% 
[02:43:28] [INFO   ] Fixpoint[1]:Reducer[perses_node_priority_with_dfs_delta]: Delta node (#leaves=1) 
[02:43:28] [INFO   ] Fixpoint[1]:Reducer[perses_node_priority_with_dfs_delta]: Delta node (#leaves=1): queue=56, delete 0 tokens, ratio=78/4488=1.74% 
[02:43:28] [INFO   ] Fixpoint[1]:Reducer[perses_node_priority_with_dfs_delta]: Delta node (#leaves=1) 
[02:43:28] [INFO   ] Fixpoint[1]:Reducer[perses_node_priority_with_dfs_delta]: Delta node (#leaves=1): queue=55, delete 0 tokens, ratio=78/4488=1.74% 
[02:43:28] [INFO   ] Fixpoint[1]:Reducer[perses_node_priority_with_dfs_delta]: Delta node (#leaves=1) 
[02:43:28] [INFO   ] Fixpoint[1]:Reducer[perses_node_priority_with_dfs_delta]: Delta node (#leaves=1): queue=54, delete 0 tokens, ratio=78/4488=1.74% 
[02:43:28] [INFO   ] Fixpoint[1]:Reducer[perses_node_priority_with_dfs_delta]: Delta node (#leaves=1) 
[02:43:28] [INFO   ] Fixpoint[1]:Reducer[perses_node_priority_with_dfs_delta]: Delta node (#leaves=1): queue=53, delete 0 tokens, ratio=78/4488=1.74% 
[02:43:28] [INFO   ] Fixpoint[1]:Reducer[perses_node_priority_with_dfs_delta]: Delta node (#leaves=1) 
[02:43:29] [INFO   ] Fixpoint[1]:Reducer[perses_node_priority_with_dfs_delta]: New minimal, delete 1 tokens, ratio=77/4488=1.72% 
[02:43:29] [INFO   ] Fixpoint[1]:Reducer[perses_node_priority_with_dfs_delta]: Delta node (#leaves=1): queue=52, delete 1 tokens, ratio=77/4488=1.72% 
[02:43:29] [INFO   ] Fixpoint[1]:Reducer[perses_node_priority_with_dfs_delta]: Delta node (#leaves=1) 
[02:43:29] [INFO   ] Fixpoint[1]:Reducer[perses_node_priority_with_dfs_delta]: Delta node (#leaves=1): queue=51, delete 0 tokens, ratio=77/4488=1.72% 
[02:43:29] [INFO   ] Fixpoint[1]:Reducer[perses_node_priority_with_dfs_delta]: Delta node (#leaves=1) 
[02:43:29] [INFO   ] Fixpoint[1]:Reducer[perses_node_priority_with_dfs_delta]: Delta node (#leaves=1): queue=50, delete 0 tokens, ratio=77/4488=1.72% 
[02:43:29] [INFO   ] Fixpoint[1]:Reducer[perses_node_priority_with_dfs_delta]: Delta node (#leaves=1) 
[02:43:29] [INFO   ] Fixpoint[1]:Reducer[perses_node_priority_with_dfs_delta]: Delta node (#leaves=1): queue=49, delete 0 tokens, ratio=77/4488=1.72% 
[02:43:29] [INFO   ] Fixpoint[1]:Reducer[perses_node_priority_with_dfs_delta]: Delta node (#leaves=1) 
[02:43:29] [INFO   ] Fixpoint[1]:Reducer[perses_node_priority_with_dfs_delta]: Delta node (#leaves=1): queue=48, delete 0 tokens, ratio=77/4488=1.72% 
[02:43:29] [INFO   ] Fixpoint[1]:Reducer[perses_node_priority_with_dfs_delta]: Delta node (#leaves=1) 
[02:43:29] [INFO   ] Fixpoint[1]:Reducer[perses_node_priority_with_dfs_delta]: Delta node (#leaves=1): queue=47, delete 0 tokens, ratio=77/4488=1.72% 
[02:43:29] [INFO   ] Fixpoint[1]:Reducer[perses_node_priority_with_dfs_delta]: Delta node (#leaves=1) 
[02:43:29] [INFO   ] Fixpoint[1]:Reducer[perses_node_priority_with_dfs_delta]: Delta node (#leaves=1): queue=46, delete 0 tokens, ratio=77/4488=1.72% 
[02:43:29] [INFO   ] Fixpoint[1]:Reducer[perses_node_priority_with_dfs_delta]: Delta node (#leaves=1) 
[02:43:29] [INFO   ] Fixpoint[1]:Reducer[perses_node_priority_with_dfs_delta]: Delta node (#leaves=1): queue=45, delete 0 tokens, ratio=77/4488=1.72% 
[02:43:29] [INFO   ] Fixpoint[1]:Reducer[perses_node_priority_with_dfs_delta]: Delta node (#leaves=1) 
[02:43:29] [INFO   ] Fixpoint[1]:Reducer[perses_node_priority_with_dfs_delta]: Delta node (#leaves=1): queue=44, delete 0 tokens, ratio=77/4488=1.72% 
[02:43:29] [INFO   ] Fixpoint[1]:Reducer[perses_node_priority_with_dfs_delta]: Delta node (#leaves=1) 
[02:43:29] [INFO   ] Fixpoint[1]:Reducer[perses_node_priority_with_dfs_delta]: Delta node (#leaves=1): queue=43, delete 0 tokens, ratio=77/4488=1.72% 
[02:43:29] [INFO   ] Fixpoint[1]:Reducer[perses_node_priority_with_dfs_delta]: Delta node (#leaves=1) 
[02:43:29] [INFO   ] Fixpoint[1]:Reducer[perses_node_priority_with_dfs_delta]: Delta node (#leaves=1): queue=42, delete 0 tokens, ratio=77/4488=1.72% 
[02:43:29] [INFO   ] Fixpoint[1]:Reducer[perses_node_priority_with_dfs_delta]: Delta node (#leaves=1) 
[02:43:29] [INFO   ] Fixpoint[1]:Reducer[perses_node_priority_with_dfs_delta]: Delta node (#leaves=1): queue=41, delete 0 tokens, ratio=77/4488=1.72% 
[02:43:29] [INFO   ] Fixpoint[1]:Reducer[perses_node_priority_with_dfs_delta]: Delta node (#leaves=1) 
[02:43:29] [INFO   ] Fixpoint[1]:Reducer[perses_node_priority_with_dfs_delta]: Delta node (#leaves=1): queue=40, delete 0 tokens, ratio=77/4488=1.72% 
[02:43:29] [INFO   ] Fixpoint[1]:Reducer[perses_node_priority_with_dfs_delta]: Delta node (#leaves=1) 
[02:43:29] [INFO   ] Fixpoint[1]:Reducer[perses_node_priority_with_dfs_delta]: Delta node (#leaves=1): queue=39, delete 0 tokens, ratio=77/4488=1.72% 
[02:43:29] [INFO   ] Fixpoint[1]:Reducer[perses_node_priority_with_dfs_delta]: Delta node (#leaves=1) 
[02:43:29] [INFO   ] Fixpoint[1]:Reducer[perses_node_priority_with_dfs_delta]: Delta node (#leaves=1): queue=38, delete 0 tokens, ratio=77/4488=1.72% 
[02:43:29] [INFO   ] Fixpoint[1]:Reducer[perses_node_priority_with_dfs_delta]: Delta node (#leaves=1) 
[02:43:29] [INFO   ] Fixpoint[1]:Reducer[perses_node_priority_with_dfs_delta]: Delta node (#leaves=1): queue=37, delete 0 tokens, ratio=77/4488=1.72% 
[02:43:29] [INFO   ] Fixpoint[1]:Reducer[perses_node_priority_with_dfs_delta]: Delta node (#leaves=1) 
[02:43:29] [INFO   ] Fixpoint[1]:Reducer[perses_node_priority_with_dfs_delta]: Delta node (#leaves=1): queue=36, delete 0 tokens, ratio=77/4488=1.72% 
[02:43:29] [INFO   ] Fixpoint[1]:Reducer[perses_node_priority_with_dfs_delta]: Delta node (#leaves=1) 
[02:43:29] [INFO   ] Fixpoint[1]:Reducer[perses_node_priority_with_dfs_delta]: Delta node (#leaves=1): queue=35, delete 0 tokens, ratio=77/4488=1.72% 
[02:43:29] [INFO   ] Fixpoint[1]:Reducer[perses_node_priority_with_dfs_delta]: Delta node (#leaves=1) 
[02:43:29] [INFO   ] Fixpoint[1]:Reducer[perses_node_priority_with_dfs_delta]: Delta node (#leaves=1): queue=34, delete 0 tokens, ratio=77/4488=1.72% 
[02:43:29] [INFO   ] Fixpoint[1]:Reducer[perses_node_priority_with_dfs_delta]: Delta node (#leaves=1) 
[02:43:29] [INFO   ] Fixpoint[1]:Reducer[perses_node_priority_with_dfs_delta]: Delta node (#leaves=1): queue=33, delete 0 tokens, ratio=77/4488=1.72% 
[02:43:29] [INFO   ] Fixpoint[1]:Reducer[perses_node_priority_with_dfs_delta]: Delta node (#leaves=1) 
[02:43:29] [INFO   ] Fixpoint[1]:Reducer[perses_node_priority_with_dfs_delta]: Delta node (#leaves=1): queue=32, delete 0 tokens, ratio=77/4488=1.72% 
[02:43:29] [INFO   ] Fixpoint[1]:Reducer[perses_node_priority_with_dfs_delta]: Delta node (#leaves=1) 
[02:43:29] [INFO   ] Fixpoint[1]:Reducer[perses_node_priority_with_dfs_delta]: Delta node (#leaves=1): queue=31, delete 0 tokens, ratio=77/4488=1.72% 
[02:43:29] [INFO   ] Fixpoint[1]:Reducer[perses_node_priority_with_dfs_delta]: Delta node (#leaves=1) 
[02:43:29] [INFO   ] Fixpoint[1]:Reducer[perses_node_priority_with_dfs_delta]: Delta node (#leaves=1): queue=30, delete 0 tokens, ratio=77/4488=1.72% 
[02:43:29] [INFO   ] Fixpoint[1]:Reducer[perses_node_priority_with_dfs_delta]: Delta node (#leaves=1) 
[02:43:29] [INFO   ] Fixpoint[1]:Reducer[perses_node_priority_with_dfs_delta]: Delta node (#leaves=1): queue=29, delete 0 tokens, ratio=77/4488=1.72% 
[02:43:29] [INFO   ] Fixpoint[1]:Reducer[perses_node_priority_with_dfs_delta]: Delta node (#leaves=1) 
[02:43:29] [INFO   ] Fixpoint[1]:Reducer[perses_node_priority_with_dfs_delta]: Delta node (#leaves=1): queue=28, delete 0 tokens, ratio=77/4488=1.72% 
[02:43:29] [INFO   ] Fixpoint[1]:Reducer[perses_node_priority_with_dfs_delta]: Delta node (#leaves=1) 
[02:43:29] [INFO   ] Fixpoint[1]:Reducer[perses_node_priority_with_dfs_delta]: Delta node (#leaves=1): queue=27, delete 0 tokens, ratio=77/4488=1.72% 
[02:43:29] [INFO   ] Fixpoint[1]:Reducer[perses_node_priority_with_dfs_delta]: Delta node (#leaves=1) 
[02:43:29] [INFO   ] Fixpoint[1]:Reducer[perses_node_priority_with_dfs_delta]: Delta node (#leaves=1): queue=26, delete 0 tokens, ratio=77/4488=1.72% 
[02:43:29] [INFO   ] Fixpoint[1]:Reducer[perses_node_priority_with_dfs_delta]: Delta node (#leaves=1) 
[02:43:29] [INFO   ] Fixpoint[1]:Reducer[perses_node_priority_with_dfs_delta]: Delta node (#leaves=1): queue=25, delete 0 tokens, ratio=77/4488=1.72% 
[02:43:29] [INFO   ] Fixpoint[1]:Reducer[perses_node_priority_with_dfs_delta]: Delta node (#leaves=1) 
[02:43:29] [INFO   ] Fixpoint[1]:Reducer[perses_node_priority_with_dfs_delta]: Delta node (#leaves=1): queue=24, delete 0 tokens, ratio=77/4488=1.72% 
[02:43:29] [INFO   ] Fixpoint[1]:Reducer[perses_node_priority_with_dfs_delta]: Delta node (#leaves=1) 
[02:43:29] [INFO   ] Fixpoint[1]:Reducer[perses_node_priority_with_dfs_delta]: Delta node (#leaves=1): queue=23, delete 0 tokens, ratio=77/4488=1.72% 
[02:43:29] [INFO   ] Fixpoint[1]:Reducer[perses_node_priority_with_dfs_delta]: Delta node (#leaves=1) 
[02:43:29] [INFO   ] Fixpoint[1]:Reducer[perses_node_priority_with_dfs_delta]: Delta node (#leaves=1): queue=22, delete 0 tokens, ratio=77/4488=1.72% 
[02:43:29] [INFO   ] Fixpoint[1]:Reducer[perses_node_priority_with_dfs_delta]: Delta node (#leaves=1) 
[02:43:29] [INFO   ] Fixpoint[1]:Reducer[perses_node_priority_with_dfs_delta]: Delta node (#leaves=1): queue=21, delete 0 tokens, ratio=77/4488=1.72% 
[02:43:29] [INFO   ] Fixpoint[1]:Reducer[perses_node_priority_with_dfs_delta]: Delta node (#leaves=1) 
[02:43:29] [INFO   ] Fixpoint[1]:Reducer[perses_node_priority_with_dfs_delta]: Delta node (#leaves=1): queue=20, delete 0 tokens, ratio=77/4488=1.72% 
[02:43:29] [INFO   ] Fixpoint[1]:Reducer[perses_node_priority_with_dfs_delta]: Delta node (#leaves=1) 
[02:43:29] [INFO   ] Fixpoint[1]:Reducer[perses_node_priority_with_dfs_delta]: Delta node (#leaves=1): queue=19, delete 0 tokens, ratio=77/4488=1.72% 
[02:43:29] [INFO   ] Fixpoint[1]:Reducer[perses_node_priority_with_dfs_delta]: Delta node (#leaves=1) 
[02:43:29] [INFO   ] Fixpoint[1]:Reducer[perses_node_priority_with_dfs_delta]: Delta node (#leaves=1): queue=18, delete 0 tokens, ratio=77/4488=1.72% 
[02:43:29] [INFO   ] Fixpoint[1]:Reducer[perses_node_priority_with_dfs_delta]: Delta node (#leaves=1) 
[02:43:29] [INFO   ] Fixpoint[1]:Reducer[perses_node_priority_with_dfs_delta]: Delta node (#leaves=1): queue=17, delete 0 tokens, ratio=77/4488=1.72% 
[02:43:29] [INFO   ] Fixpoint[1]:Reducer[perses_node_priority_with_dfs_delta]: Delta node (#leaves=1) 
[02:43:29] [INFO   ] Fixpoint[1]:Reducer[perses_node_priority_with_dfs_delta]: Delta node (#leaves=1): queue=16, delete 0 tokens, ratio=77/4488=1.72% 
[02:43:29] [INFO   ] Fixpoint[1]:Reducer[perses_node_priority_with_dfs_delta]: Delta node (#leaves=1) 
[02:43:29] [INFO   ] Fixpoint[1]:Reducer[perses_node_priority_with_dfs_delta]: Delta node (#leaves=1): queue=15, delete 0 tokens, ratio=77/4488=1.72% 
[02:43:29] [INFO   ] Fixpoint[1]:Reducer[perses_node_priority_with_dfs_delta]: Delta node (#leaves=1) 
[02:43:29] [INFO   ] Fixpoint[1]:Reducer[perses_node_priority_with_dfs_delta]: Delta node (#leaves=1): queue=14, delete 0 tokens, ratio=77/4488=1.72% 
[02:43:29] [INFO   ] Fixpoint[1]:Reducer[perses_node_priority_with_dfs_delta]: Delta node (#leaves=1) 
[02:43:29] [INFO   ] Fixpoint[1]:Reducer[perses_node_priority_with_dfs_delta]: Delta node (#leaves=1): queue=13, delete 0 tokens, ratio=77/4488=1.72% 
[02:43:29] [INFO   ] Fixpoint[1]:Reducer[perses_node_priority_with_dfs_delta]: Delta node (#leaves=1) 
[02:43:29] [INFO   ] Fixpoint[1]:Reducer[perses_node_priority_with_dfs_delta]: Delta node (#leaves=1): queue=12, delete 0 tokens, ratio=77/4488=1.72% 
[02:43:29] [INFO   ] Fixpoint[1]:Reducer[perses_node_priority_with_dfs_delta]: Delta node (#leaves=1) 
[02:43:29] [INFO   ] Fixpoint[1]:Reducer[perses_node_priority_with_dfs_delta]: Delta node (#leaves=1): queue=11, delete 0 tokens, ratio=77/4488=1.72% 
[02:43:29] [INFO   ] Fixpoint[1]:Reducer[perses_node_priority_with_dfs_delta]: Delta node (#leaves=1) 
[02:43:29] [INFO   ] Fixpoint[1]:Reducer[perses_node_priority_with_dfs_delta]: Delta node (#leaves=1): queue=10, delete 0 tokens, ratio=77/4488=1.72% 
[02:43:29] [INFO   ] Fixpoint[1]:Reducer[perses_node_priority_with_dfs_delta]: Delta node (#leaves=1) 
[02:43:29] [INFO   ] Fixpoint[1]:Reducer[perses_node_priority_with_dfs_delta]: Delta node (#leaves=1): queue=9, delete 0 tokens, ratio=77/4488=1.72% 
[02:43:29] [INFO   ] Fixpoint[1]:Reducer[perses_node_priority_with_dfs_delta]: Delta node (#leaves=1) 
[02:43:29] [INFO   ] Fixpoint[1]:Reducer[perses_node_priority_with_dfs_delta]: Delta node (#leaves=1): queue=8, delete 0 tokens, ratio=77/4488=1.72% 
[02:43:29] [INFO   ] Fixpoint[1]:Reducer[perses_node_priority_with_dfs_delta]: Delta node (#leaves=1) 
[02:43:29] [INFO   ] Fixpoint[1]:Reducer[perses_node_priority_with_dfs_delta]: Delta node (#leaves=1): queue=7, delete 0 tokens, ratio=77/4488=1.72% 
[02:43:29] [INFO   ] Fixpoint[1]:Reducer[perses_node_priority_with_dfs_delta]: Delta node (#leaves=1) 
[02:43:29] [INFO   ] Fixpoint[1]:Reducer[perses_node_priority_with_dfs_delta]: Delta node (#leaves=1): queue=6, delete 0 tokens, ratio=77/4488=1.72% 
[02:43:29] [INFO   ] Fixpoint[1]:Reducer[perses_node_priority_with_dfs_delta]: Delta node (#leaves=1) 
[02:43:29] [INFO   ] Fixpoint[1]:Reducer[perses_node_priority_with_dfs_delta]: Delta node (#leaves=1): queue=5, delete 0 tokens, ratio=77/4488=1.72% 
[02:43:29] [INFO   ] Fixpoint[1]:Reducer[perses_node_priority_with_dfs_delta]: Delta node (#leaves=1) 
[02:43:29] [INFO   ] Fixpoint[1]:Reducer[perses_node_priority_with_dfs_delta]: Delta node (#leaves=1): queue=4, delete 0 tokens, ratio=77/4488=1.72% 
[02:43:29] [INFO   ] Fixpoint[1]:Reducer[perses_node_priority_with_dfs_delta]: Delta node (#leaves=1) 
[02:43:29] [INFO   ] Fixpoint[1]:Reducer[perses_node_priority_with_dfs_delta]: Delta node (#leaves=1): queue=3, delete 0 tokens, ratio=77/4488=1.72% 
[02:43:29] [INFO   ] Fixpoint[1]:Reducer[perses_node_priority_with_dfs_delta]: Delta node (#leaves=1) 
[02:43:29] [INFO   ] Fixpoint[1]:Reducer[perses_node_priority_with_dfs_delta]: Delta node (#leaves=1): queue=2, delete 0 tokens, ratio=77/4488=1.72% 
[02:43:29] [INFO   ] Fixpoint[1]:Reducer[perses_node_priority_with_dfs_delta]: Delta node (#leaves=1) 
[02:43:29] [INFO   ] Fixpoint[1]:Reducer[perses_node_priority_with_dfs_delta]: Delta node (#leaves=1): queue=1, delete 0 tokens, ratio=77/4488=1.72% 
[02:43:29] [INFO   ] Fixpoint[1]:Reducer[perses_node_priority_with_dfs_delta]: Delta node (#leaves=1) 
[02:43:30] [INFO   ] Fixpoint[1]:Reducer[perses_node_priority_with_dfs_delta]: New minimal, delete 1 tokens, ratio=76/4488=1.69% 
[02:43:30] [INFO   ] Fixpoint[1]:Reducer[perses_node_priority_with_dfs_delta]: Delta node (#leaves=1): queue=0, delete 1 tokens, ratio=76/4488=1.69% 
[02:43:30] [INFO   ] perses_node_priority_with_dfs_delta ended at 02:43:30 2022/04/22. #old=4488, #new=76 
[02:43:30] [INFO   ] Fixpoint[1]:Reducer[perses_node_priority_with_dfs_delta]: Fixpoint iteration finished, delete 4412 tokens, ratio=76/4488=1.69% 
[02:43:30] [INFO   ] Rebuilding spar-tree. 
[02:43:30] [INFO   ] perses_node_priority_with_dfs_delta started at 02:43:30 2022/04/22. #tokens=76 
[02:43:30] [INFO   ] Fixpoint[2]:Reducer[perses_node_priority_with_dfs_delta]: New fixpoint iteration started. #Tokens=76 
[02:43:30] [INFO   ] Fixpoint[2]:Reducer[perses_node_priority_with_dfs_delta]: Delta node (#leaves=76) 
[02:43:31] [INFO   ] Fixpoint[2]:Reducer[perses_node_priority_with_dfs_delta]: Delta node (#leaves=76): queue=0, delete 0 tokens, ratio=76/4488=1.69% 
[02:43:31] [INFO   ] Fixpoint[2]:Reducer[perses_node_priority_with_dfs_delta]: Delta node (#leaves=76) 
[02:43:31] [INFO   ] Fixpoint[2]:Reducer[perses_node_priority_with_dfs_delta]: Delta node (#leaves=76): queue=0, delete 0 tokens, ratio=76/4488=1.69% 
[02:43:31] [INFO   ] Fixpoint[2]:Reducer[perses_node_priority_with_dfs_delta]: Delta node (#leaves=74) 
[02:43:31] [INFO   ] Fixpoint[2]:Reducer[perses_node_priority_with_dfs_delta]: Delta node (#leaves=74): queue=2, delete 0 tokens, ratio=76/4488=1.69% 
[02:43:31] [INFO   ] Fixpoint[2]:Reducer[perses_node_priority_with_dfs_delta]: Delta node (#leaves=72) 
[02:43:35] [INFO   ] Fixpoint[2]:Reducer[perses_node_priority_with_dfs_delta]: New minimal, delete 23 tokens, ratio=53/4488=1.18% 
[02:43:36] [INFO   ] Fixpoint[2]:Reducer[perses_node_priority_with_dfs_delta]: New minimal, delete 6 tokens, ratio=47/4488=1.05% 
[02:43:38] [INFO   ] Fixpoint[2]:Reducer[perses_node_priority_with_dfs_delta]: New minimal, delete 16 tokens, ratio=31/4488=0.69% 
[02:43:39] [INFO   ] Fixpoint[2]:Reducer[perses_node_priority_with_dfs_delta]: New minimal, delete 6 tokens, ratio=25/4488=0.56% 
[02:43:39] [INFO   ] Fixpoint[2]:Reducer[perses_node_priority_with_dfs_delta]: Delta node (#leaves=72): queue=4, delete 51 tokens, ratio=25/4488=0.56% 
[02:43:39] [INFO   ] Fixpoint[2]:Reducer[perses_node_priority_with_dfs_delta]: Delta node (#leaves=18) 
[02:43:40] [INFO   ] Fixpoint[2]:Reducer[perses_node_priority_with_dfs_delta]: Delta node (#leaves=18): queue=5, delete 0 tokens, ratio=25/4488=0.56% 
[02:43:40] [INFO   ] Fixpoint[2]:Reducer[perses_node_priority_with_dfs_delta]: Delta node (#leaves=16) 
[02:43:41] [INFO   ] Fixpoint[2]:Reducer[perses_node_priority_with_dfs_delta]: Delta node (#leaves=16): queue=7, delete 0 tokens, ratio=25/4488=0.56% 
[02:43:41] [INFO   ] Fixpoint[2]:Reducer[perses_node_priority_with_dfs_delta]: Delta node (#leaves=16) 
[02:43:43] [INFO   ] Fixpoint[2]:Reducer[perses_node_priority_with_dfs_delta]: Delta node (#leaves=16): queue=7, delete 0 tokens, ratio=25/4488=0.56% 
[02:43:43] [INFO   ] Fixpoint[2]:Reducer[perses_node_priority_with_dfs_delta]: Delta node (#leaves=11) 
[02:43:44] [INFO   ] Fixpoint[2]:Reducer[perses_node_priority_with_dfs_delta]: Delta node (#leaves=11): queue=8, delete 0 tokens, ratio=25/4488=0.56% 
[02:43:44] [INFO   ] Fixpoint[2]:Reducer[perses_node_priority_with_dfs_delta]: Delta node (#leaves=5) 
[02:43:44] [INFO   ] Fixpoint[2]:Reducer[perses_node_priority_with_dfs_delta]: Delta node (#leaves=5): queue=12, delete 0 tokens, ratio=25/4488=0.56% 
[02:43:44] [INFO   ] Fixpoint[2]:Reducer[perses_node_priority_with_dfs_delta]: Delta node (#leaves=4) 
[02:43:44] [INFO   ] Fixpoint[2]:Reducer[perses_node_priority_with_dfs_delta]: Delta node (#leaves=4): queue=13, delete 0 tokens, ratio=25/4488=0.56% 
[02:43:44] [INFO   ] Fixpoint[2]:Reducer[perses_node_priority_with_dfs_delta]: Delta node (#leaves=4) 
[02:43:45] [INFO   ] Fixpoint[2]:Reducer[perses_node_priority_with_dfs_delta]: Delta node (#leaves=4): queue=14, delete 0 tokens, ratio=25/4488=0.56% 
[02:43:45] [INFO   ] Fixpoint[2]:Reducer[perses_node_priority_with_dfs_delta]: Delta node (#leaves=4) 
[02:43:45] [INFO   ] Fixpoint[2]:Reducer[perses_node_priority_with_dfs_delta]: Delta node (#leaves=4): queue=15, delete 0 tokens, ratio=25/4488=0.56% 
[02:43:45] [INFO   ] Fixpoint[2]:Reducer[perses_node_priority_with_dfs_delta]: Delta node (#leaves=3) 
[02:43:45] [INFO   ] Fixpoint[2]:Reducer[perses_node_priority_with_dfs_delta]: Delta node (#leaves=3): queue=16, delete 0 tokens, ratio=25/4488=0.56% 
[02:43:45] [INFO   ] Fixpoint[2]:Reducer[perses_node_priority_with_dfs_delta]: Delta node (#leaves=3) 
[02:43:45] [INFO   ] Fixpoint[2]:Reducer[perses_node_priority_with_dfs_delta]: Delta node (#leaves=3): queue=18, delete 0 tokens, ratio=25/4488=0.56% 
[02:43:45] [INFO   ] Fixpoint[2]:Reducer[perses_node_priority_with_dfs_delta]: Delta node (#leaves=3) 
[02:43:45] [INFO   ] Fixpoint[2]:Reducer[perses_node_priority_with_dfs_delta]: Delta node (#leaves=3): queue=19, delete 0 tokens, ratio=25/4488=0.56% 
[02:43:45] [INFO   ] Fixpoint[2]:Reducer[perses_node_priority_with_dfs_delta]: Delta node (#leaves=2) 
[02:43:45] [INFO   ] Fixpoint[2]:Reducer[perses_node_priority_with_dfs_delta]: Delta node (#leaves=2): queue=21, delete 0 tokens, ratio=25/4488=0.56% 
[02:43:45] [INFO   ] Fixpoint[2]:Reducer[perses_node_priority_with_dfs_delta]: Delta node (#leaves=2) 
[02:43:45] [INFO   ] Fixpoint[2]:Reducer[perses_node_priority_with_dfs_delta]: Delta node (#leaves=2): queue=21, delete 0 tokens, ratio=25/4488=0.56% 
[02:43:45] [INFO   ] Fixpoint[2]:Reducer[perses_node_priority_with_dfs_delta]: Delta node (#leaves=2) 
[02:43:46] [INFO   ] Fixpoint[2]:Reducer[perses_node_priority_with_dfs_delta]: Delta node (#leaves=2): queue=22, delete 0 tokens, ratio=25/4488=0.56% 
[02:43:46] [INFO   ] Fixpoint[2]:Reducer[perses_node_priority_with_dfs_delta]: Delta node (#leaves=2) 
[02:43:46] [INFO   ] Fixpoint[2]:Reducer[perses_node_priority_with_dfs_delta]: Delta node (#leaves=2): queue=23, delete 0 tokens, ratio=25/4488=0.56% 
[02:43:46] [INFO   ] Fixpoint[2]:Reducer[perses_node_priority_with_dfs_delta]: Delta node (#leaves=2) 
[02:43:46] [INFO   ] Fixpoint[2]:Reducer[perses_node_priority_with_dfs_delta]: Delta node (#leaves=2): queue=23, delete 0 tokens, ratio=25/4488=0.56% 
[02:43:46] [INFO   ] Fixpoint[2]:Reducer[perses_node_priority_with_dfs_delta]: Delta node (#leaves=1) 
[02:43:46] [INFO   ] Fixpoint[2]:Reducer[perses_node_priority_with_dfs_delta]: Delta node (#leaves=1): queue=24, delete 0 tokens, ratio=25/4488=0.56% 
[02:43:46] [INFO   ] Fixpoint[2]:Reducer[perses_node_priority_with_dfs_delta]: Delta node (#leaves=1) 
[02:43:46] [INFO   ] Fixpoint[2]:Reducer[perses_node_priority_with_dfs_delta]: Delta node (#leaves=1): queue=23, delete 0 tokens, ratio=25/4488=0.56% 
[02:43:46] [INFO   ] Fixpoint[2]:Reducer[perses_node_priority_with_dfs_delta]: Delta node (#leaves=1) 
[02:43:46] [INFO   ] Fixpoint[2]:Reducer[perses_node_priority_with_dfs_delta]: Delta node (#leaves=1): queue=22, delete 0 tokens, ratio=25/4488=0.56% 
[02:43:46] [INFO   ] Fixpoint[2]:Reducer[perses_node_priority_with_dfs_delta]: Delta node (#leaves=1) 
[02:43:46] [INFO   ] Fixpoint[2]:Reducer[perses_node_priority_with_dfs_delta]: Delta node (#leaves=1): queue=21, delete 0 tokens, ratio=25/4488=0.56% 
[02:43:46] [INFO   ] Fixpoint[2]:Reducer[perses_node_priority_with_dfs_delta]: Delta node (#leaves=1) 
[02:43:46] [INFO   ] Fixpoint[2]:Reducer[perses_node_priority_with_dfs_delta]: Delta node (#leaves=1): queue=20, delete 0 tokens, ratio=25/4488=0.56% 
[02:43:46] [INFO   ] Fixpoint[2]:Reducer[perses_node_priority_with_dfs_delta]: Delta node (#leaves=1) 
[02:43:46] [INFO   ] Fixpoint[2]:Reducer[perses_node_priority_with_dfs_delta]: Delta node (#leaves=1): queue=19, delete 0 tokens, ratio=25/4488=0.56% 
[02:43:46] [INFO   ] Fixpoint[2]:Reducer[perses_node_priority_with_dfs_delta]: Delta node (#leaves=1) 
[02:43:46] [INFO   ] Fixpoint[2]:Reducer[perses_node_priority_with_dfs_delta]: Delta node (#leaves=1): queue=18, delete 0 tokens, ratio=25/4488=0.56% 
[02:43:46] [INFO   ] Fixpoint[2]:Reducer[perses_node_priority_with_dfs_delta]: Delta node (#leaves=1) 
[02:43:46] [INFO   ] Fixpoint[2]:Reducer[perses_node_priority_with_dfs_delta]: Delta node (#leaves=1): queue=17, delete 0 tokens, ratio=25/4488=0.56% 
[02:43:46] [INFO   ] Fixpoint[2]:Reducer[perses_node_priority_with_dfs_delta]: Delta node (#leaves=1) 
[02:43:46] [INFO   ] Fixpoint[2]:Reducer[perses_node_priority_with_dfs_delta]: Delta node (#leaves=1): queue=16, delete 0 tokens, ratio=25/4488=0.56% 
[02:43:46] [INFO   ] Fixpoint[2]:Reducer[perses_node_priority_with_dfs_delta]: Delta node (#leaves=1) 
[02:43:46] [INFO   ] Fixpoint[2]:Reducer[perses_node_priority_with_dfs_delta]: Delta node (#leaves=1): queue=15, delete 0 tokens, ratio=25/4488=0.56% 
[02:43:46] [INFO   ] Fixpoint[2]:Reducer[perses_node_priority_with_dfs_delta]: Delta node (#leaves=1) 
[02:43:46] [INFO   ] Fixpoint[2]:Reducer[perses_node_priority_with_dfs_delta]: Delta node (#leaves=1): queue=14, delete 0 tokens, ratio=25/4488=0.56% 
[02:43:46] [INFO   ] Fixpoint[2]:Reducer[perses_node_priority_with_dfs_delta]: Delta node (#leaves=1) 
[02:43:46] [INFO   ] Fixpoint[2]:Reducer[perses_node_priority_with_dfs_delta]: Delta node (#leaves=1): queue=13, delete 0 tokens, ratio=25/4488=0.56% 
[02:43:46] [INFO   ] Fixpoint[2]:Reducer[perses_node_priority_with_dfs_delta]: Delta node (#leaves=1) 
[02:43:46] [INFO   ] Fixpoint[2]:Reducer[perses_node_priority_with_dfs_delta]: Delta node (#leaves=1): queue=12, delete 0 tokens, ratio=25/4488=0.56% 
[02:43:46] [INFO   ] Fixpoint[2]:Reducer[perses_node_priority_with_dfs_delta]: Delta node (#leaves=1) 
[02:43:46] [INFO   ] Fixpoint[2]:Reducer[perses_node_priority_with_dfs_delta]: Delta node (#leaves=1): queue=11, delete 0 tokens, ratio=25/4488=0.56% 
[02:43:46] [INFO   ] Fixpoint[2]:Reducer[perses_node_priority_with_dfs_delta]: Delta node (#leaves=1) 
[02:43:46] [INFO   ] Fixpoint[2]:Reducer[perses_node_priority_with_dfs_delta]: Delta node (#leaves=1): queue=10, delete 0 tokens, ratio=25/4488=0.56% 
[02:43:46] [INFO   ] Fixpoint[2]:Reducer[perses_node_priority_with_dfs_delta]: Delta node (#leaves=1) 
[02:43:46] [INFO   ] Fixpoint[2]:Reducer[perses_node_priority_with_dfs_delta]: Delta node (#leaves=1): queue=9, delete 0 tokens, ratio=25/4488=0.56% 
[02:43:46] [INFO   ] Fixpoint[2]:Reducer[perses_node_priority_with_dfs_delta]: Delta node (#leaves=1) 
[02:43:46] [INFO   ] Fixpoint[2]:Reducer[perses_node_priority_with_dfs_delta]: Delta node (#leaves=1): queue=8, delete 0 tokens, ratio=25/4488=0.56% 
[02:43:46] [INFO   ] Fixpoint[2]:Reducer[perses_node_priority_with_dfs_delta]: Delta node (#leaves=1) 
[02:43:46] [INFO   ] Fixpoint[2]:Reducer[perses_node_priority_with_dfs_delta]: Delta node (#leaves=1): queue=7, delete 0 tokens, ratio=25/4488=0.56% 
[02:43:46] [INFO   ] Fixpoint[2]:Reducer[perses_node_priority_with_dfs_delta]: Delta node (#leaves=1) 
[02:43:46] [INFO   ] Fixpoint[2]:Reducer[perses_node_priority_with_dfs_delta]: Delta node (#leaves=1): queue=6, delete 0 tokens, ratio=25/4488=0.56% 
[02:43:46] [INFO   ] Fixpoint[2]:Reducer[perses_node_priority_with_dfs_delta]: Delta node (#leaves=1) 
[02:43:46] [INFO   ] Fixpoint[2]:Reducer[perses_node_priority_with_dfs_delta]: Delta node (#leaves=1): queue=5, delete 0 tokens, ratio=25/4488=0.56% 
[02:43:46] [INFO   ] Fixpoint[2]:Reducer[perses_node_priority_with_dfs_delta]: Delta node (#leaves=1) 
[02:43:46] [INFO   ] Fixpoint[2]:Reducer[perses_node_priority_with_dfs_delta]: Delta node (#leaves=1): queue=4, delete 0 tokens, ratio=25/4488=0.56% 
[02:43:46] [INFO   ] Fixpoint[2]:Reducer[perses_node_priority_with_dfs_delta]: Delta node (#leaves=1) 
[02:43:46] [INFO   ] Fixpoint[2]:Reducer[perses_node_priority_with_dfs_delta]: Delta node (#leaves=1): queue=3, delete 0 tokens, ratio=25/4488=0.56% 
[02:43:46] [INFO   ] Fixpoint[2]:Reducer[perses_node_priority_with_dfs_delta]: Delta node (#leaves=1) 
[02:43:46] [INFO   ] Fixpoint[2]:Reducer[perses_node_priority_with_dfs_delta]: Delta node (#leaves=1): queue=2, delete 0 tokens, ratio=25/4488=0.56% 
[02:43:46] [INFO   ] Fixpoint[2]:Reducer[perses_node_priority_with_dfs_delta]: Delta node (#leaves=1) 
[02:43:46] [INFO   ] Fixpoint[2]:Reducer[perses_node_priority_with_dfs_delta]: Delta node (#leaves=1): queue=1, delete 0 tokens, ratio=25/4488=0.56% 
[02:43:46] [INFO   ] Fixpoint[2]:Reducer[perses_node_priority_with_dfs_delta]: Delta node (#leaves=1) 
[02:43:46] [INFO   ] Fixpoint[2]:Reducer[perses_node_priority_with_dfs_delta]: Delta node (#leaves=1): queue=0, delete 0 tokens, ratio=25/4488=0.56% 
[02:43:46] [INFO   ] perses_node_priority_with_dfs_delta ended at 02:43:46 2022/04/22. #old=76, #new=25 
[02:43:46] [INFO   ] Fixpoint[2]:Reducer[perses_node_priority_with_dfs_delta]: Fixpoint iteration finished, delete 51 tokens, ratio=25/4488=0.56% 
[02:43:46] [INFO   ] Rebuilding spar-tree. 
[02:43:46] [INFO   ] perses_node_priority_with_dfs_delta started at 02:43:46 2022/04/22. #tokens=25 
[02:43:46] [INFO   ] Fixpoint[3]:Reducer[perses_node_priority_with_dfs_delta]: New fixpoint iteration started. #Tokens=25 
[02:43:46] [INFO   ] Fixpoint[3]:Reducer[perses_node_priority_with_dfs_delta]: Delta node (#leaves=25) 
[02:43:46] [INFO   ] Fixpoint[3]:Reducer[perses_node_priority_with_dfs_delta]: Delta node (#leaves=25): queue=0, delete 0 tokens, ratio=25/4488=0.56% 
[02:43:46] [INFO   ] Fixpoint[3]:Reducer[perses_node_priority_with_dfs_delta]: Delta node (#leaves=25) 
[02:43:46] [INFO   ] Fixpoint[3]:Reducer[perses_node_priority_with_dfs_delta]: Delta node (#leaves=25): queue=0, delete 0 tokens, ratio=25/4488=0.56% 
[02:43:46] [INFO   ] Fixpoint[3]:Reducer[perses_node_priority_with_dfs_delta]: Delta node (#leaves=23) 
[02:43:46] [INFO   ] Fixpoint[3]:Reducer[perses_node_priority_with_dfs_delta]: Delta node (#leaves=23): queue=2, delete 0 tokens, ratio=25/4488=0.56% 
[02:43:46] [INFO   ] Fixpoint[3]:Reducer[perses_node_priority_with_dfs_delta]: Delta node (#leaves=21) 
[02:43:46] [INFO   ] Fixpoint[3]:Reducer[perses_node_priority_with_dfs_delta]: Delta node (#leaves=21): queue=4, delete 0 tokens, ratio=25/4488=0.56% 
[02:43:46] [INFO   ] Fixpoint[3]:Reducer[perses_node_priority_with_dfs_delta]: Delta node (#leaves=18) 
[02:43:46] [INFO   ] Fixpoint[3]:Reducer[perses_node_priority_with_dfs_delta]: Delta node (#leaves=18): queue=5, delete 0 tokens, ratio=25/4488=0.56% 
[02:43:46] [INFO   ] Fixpoint[3]:Reducer[perses_node_priority_with_dfs_delta]: Delta node (#leaves=16) 
[02:43:46] [INFO   ] Fixpoint[3]:Reducer[perses_node_priority_with_dfs_delta]: Delta node (#leaves=16): queue=7, delete 0 tokens, ratio=25/4488=0.56% 
[02:43:46] [INFO   ] Fixpoint[3]:Reducer[perses_node_priority_with_dfs_delta]: Delta node (#leaves=16) 
[02:43:46] [INFO   ] Fixpoint[3]:Reducer[perses_node_priority_with_dfs_delta]: Delta node (#leaves=16): queue=7, delete 0 tokens, ratio=25/4488=0.56% 
[02:43:46] [INFO   ] Fixpoint[3]:Reducer[perses_node_priority_with_dfs_delta]: Delta node (#leaves=11) 
[02:43:46] [INFO   ] Fixpoint[3]:Reducer[perses_node_priority_with_dfs_delta]: Delta node (#leaves=11): queue=8, delete 0 tokens, ratio=25/4488=0.56% 
[02:43:46] [INFO   ] Fixpoint[3]:Reducer[perses_node_priority_with_dfs_delta]: Delta node (#leaves=5) 
[02:43:46] [INFO   ] Fixpoint[3]:Reducer[perses_node_priority_with_dfs_delta]: Delta node (#leaves=5): queue=12, delete 0 tokens, ratio=25/4488=0.56% 
[02:43:46] [INFO   ] Fixpoint[3]:Reducer[perses_node_priority_with_dfs_delta]: Delta node (#leaves=4) 
[02:43:46] [INFO   ] Fixpoint[3]:Reducer[perses_node_priority_with_dfs_delta]: Delta node (#leaves=4): queue=13, delete 0 tokens, ratio=25/4488=0.56% 
[02:43:46] [INFO   ] Fixpoint[3]:Reducer[perses_node_priority_with_dfs_delta]: Delta node (#leaves=4) 
[02:43:46] [INFO   ] Fixpoint[3]:Reducer[perses_node_priority_with_dfs_delta]: Delta node (#leaves=4): queue=14, delete 0 tokens, ratio=25/4488=0.56% 
[02:43:46] [INFO   ] Fixpoint[3]:Reducer[perses_node_priority_with_dfs_delta]: Delta node (#leaves=4) 
[02:43:46] [INFO   ] Fixpoint[3]:Reducer[perses_node_priority_with_dfs_delta]: Delta node (#leaves=4): queue=15, delete 0 tokens, ratio=25/4488=0.56% 
[02:43:46] [INFO   ] Fixpoint[3]:Reducer[perses_node_priority_with_dfs_delta]: Delta node (#leaves=3) 
[02:43:46] [INFO   ] Fixpoint[3]:Reducer[perses_node_priority_with_dfs_delta]: Delta node (#leaves=3): queue=16, delete 0 tokens, ratio=25/4488=0.56% 
[02:43:46] [INFO   ] Fixpoint[3]:Reducer[perses_node_priority_with_dfs_delta]: Delta node (#leaves=3) 
[02:43:46] [INFO   ] Fixpoint[3]:Reducer[perses_node_priority_with_dfs_delta]: Delta node (#leaves=3): queue=18, delete 0 tokens, ratio=25/4488=0.56% 
[02:43:46] [INFO   ] Fixpoint[3]:Reducer[perses_node_priority_with_dfs_delta]: Delta node (#leaves=3) 
[02:43:46] [INFO   ] Fixpoint[3]:Reducer[perses_node_priority_with_dfs_delta]: Delta node (#leaves=3): queue=19, delete 0 tokens, ratio=25/4488=0.56% 
[02:43:46] [INFO   ] Fixpoint[3]:Reducer[perses_node_priority_with_dfs_delta]: Delta node (#leaves=2) 
[02:43:46] [INFO   ] Fixpoint[3]:Reducer[perses_node_priority_with_dfs_delta]: Delta node (#leaves=2): queue=21, delete 0 tokens, ratio=25/4488=0.56% 
[02:43:46] [INFO   ] Fixpoint[3]:Reducer[perses_node_priority_with_dfs_delta]: Delta node (#leaves=2) 
[02:43:46] [INFO   ] Fixpoint[3]:Reducer[perses_node_priority_with_dfs_delta]: Delta node (#leaves=2): queue=21, delete 0 tokens, ratio=25/4488=0.56% 
[02:43:46] [INFO   ] Fixpoint[3]:Reducer[perses_node_priority_with_dfs_delta]: Delta node (#leaves=2) 
[02:43:46] [INFO   ] Fixpoint[3]:Reducer[perses_node_priority_with_dfs_delta]: Delta node (#leaves=2): queue=22, delete 0 tokens, ratio=25/4488=0.56% 
[02:43:46] [INFO   ] Fixpoint[3]:Reducer[perses_node_priority_with_dfs_delta]: Delta node (#leaves=2) 
[02:43:46] [INFO   ] Fixpoint[3]:Reducer[perses_node_priority_with_dfs_delta]: Delta node (#leaves=2): queue=23, delete 0 tokens, ratio=25/4488=0.56% 
[02:43:46] [INFO   ] Fixpoint[3]:Reducer[perses_node_priority_with_dfs_delta]: Delta node (#leaves=2) 
[02:43:46] [INFO   ] Fixpoint[3]:Reducer[perses_node_priority_with_dfs_delta]: Delta node (#leaves=2): queue=23, delete 0 tokens, ratio=25/4488=0.56% 
[02:43:46] [INFO   ] Fixpoint[3]:Reducer[perses_node_priority_with_dfs_delta]: Delta node (#leaves=1) 
[02:43:46] [INFO   ] Fixpoint[3]:Reducer[perses_node_priority_with_dfs_delta]: Delta node (#leaves=1): queue=24, delete 0 tokens, ratio=25/4488=0.56% 
[02:43:46] [INFO   ] Fixpoint[3]:Reducer[perses_node_priority_with_dfs_delta]: Delta node (#leaves=1) 
[02:43:46] [INFO   ] Fixpoint[3]:Reducer[perses_node_priority_with_dfs_delta]: Delta node (#leaves=1): queue=23, delete 0 tokens, ratio=25/4488=0.56% 
[02:43:46] [INFO   ] Fixpoint[3]:Reducer[perses_node_priority_with_dfs_delta]: Delta node (#leaves=1) 
[02:43:46] [INFO   ] Fixpoint[3]:Reducer[perses_node_priority_with_dfs_delta]: Delta node (#leaves=1): queue=22, delete 0 tokens, ratio=25/4488=0.56% 
[02:43:46] [INFO   ] Fixpoint[3]:Reducer[perses_node_priority_with_dfs_delta]: Delta node (#leaves=1) 
[02:43:46] [INFO   ] Fixpoint[3]:Reducer[perses_node_priority_with_dfs_delta]: Delta node (#leaves=1): queue=21, delete 0 tokens, ratio=25/4488=0.56% 
[02:43:46] [INFO   ] Fixpoint[3]:Reducer[perses_node_priority_with_dfs_delta]: Delta node (#leaves=1) 
[02:43:46] [INFO   ] Fixpoint[3]:Reducer[perses_node_priority_with_dfs_delta]: Delta node (#leaves=1): queue=20, delete 0 tokens, ratio=25/4488=0.56% 
[02:43:46] [INFO   ] Fixpoint[3]:Reducer[perses_node_priority_with_dfs_delta]: Delta node (#leaves=1) 
[02:43:46] [INFO   ] Fixpoint[3]:Reducer[perses_node_priority_with_dfs_delta]: Delta node (#leaves=1): queue=19, delete 0 tokens, ratio=25/4488=0.56% 
[02:43:46] [INFO   ] Fixpoint[3]:Reducer[perses_node_priority_with_dfs_delta]: Delta node (#leaves=1) 
[02:43:46] [INFO   ] Fixpoint[3]:Reducer[perses_node_priority_with_dfs_delta]: Delta node (#leaves=1): queue=18, delete 0 tokens, ratio=25/4488=0.56% 
[02:43:46] [INFO   ] Fixpoint[3]:Reducer[perses_node_priority_with_dfs_delta]: Delta node (#leaves=1) 
[02:43:46] [INFO   ] Fixpoint[3]:Reducer[perses_node_priority_with_dfs_delta]: Delta node (#leaves=1): queue=17, delete 0 tokens, ratio=25/4488=0.56% 
[02:43:46] [INFO   ] Fixpoint[3]:Reducer[perses_node_priority_with_dfs_delta]: Delta node (#leaves=1) 
[02:43:46] [INFO   ] Fixpoint[3]:Reducer[perses_node_priority_with_dfs_delta]: Delta node (#leaves=1): queue=16, delete 0 tokens, ratio=25/4488=0.56% 
[02:43:46] [INFO   ] Fixpoint[3]:Reducer[perses_node_priority_with_dfs_delta]: Delta node (#leaves=1) 
[02:43:46] [INFO   ] Fixpoint[3]:Reducer[perses_node_priority_with_dfs_delta]: Delta node (#leaves=1): queue=15, delete 0 tokens, ratio=25/4488=0.56% 
[02:43:46] [INFO   ] Fixpoint[3]:Reducer[perses_node_priority_with_dfs_delta]: Delta node (#leaves=1) 
[02:43:46] [INFO   ] Fixpoint[3]:Reducer[perses_node_priority_with_dfs_delta]: Delta node (#leaves=1): queue=14, delete 0 tokens, ratio=25/4488=0.56% 
[02:43:46] [INFO   ] Fixpoint[3]:Reducer[perses_node_priority_with_dfs_delta]: Delta node (#leaves=1) 
[02:43:46] [INFO   ] Fixpoint[3]:Reducer[perses_node_priority_with_dfs_delta]: Delta node (#leaves=1): queue=13, delete 0 tokens, ratio=25/4488=0.56% 
[02:43:46] [INFO   ] Fixpoint[3]:Reducer[perses_node_priority_with_dfs_delta]: Delta node (#leaves=1) 
[02:43:46] [INFO   ] Fixpoint[3]:Reducer[perses_node_priority_with_dfs_delta]: Delta node (#leaves=1): queue=12, delete 0 tokens, ratio=25/4488=0.56% 
[02:43:46] [INFO   ] Fixpoint[3]:Reducer[perses_node_priority_with_dfs_delta]: Delta node (#leaves=1) 
[02:43:46] [INFO   ] Fixpoint[3]:Reducer[perses_node_priority_with_dfs_delta]: Delta node (#leaves=1): queue=11, delete 0 tokens, ratio=25/4488=0.56% 
[02:43:46] [INFO   ] Fixpoint[3]:Reducer[perses_node_priority_with_dfs_delta]: Delta node (#leaves=1) 
[02:43:46] [INFO   ] Fixpoint[3]:Reducer[perses_node_priority_with_dfs_delta]: Delta node (#leaves=1): queue=10, delete 0 tokens, ratio=25/4488=0.56% 
[02:43:46] [INFO   ] Fixpoint[3]:Reducer[perses_node_priority_with_dfs_delta]: Delta node (#leaves=1) 
[02:43:46] [INFO   ] Fixpoint[3]:Reducer[perses_node_priority_with_dfs_delta]: Delta node (#leaves=1): queue=9, delete 0 tokens, ratio=25/4488=0.56% 
[02:43:46] [INFO   ] Fixpoint[3]:Reducer[perses_node_priority_with_dfs_delta]: Delta node (#leaves=1) 
[02:43:46] [INFO   ] Fixpoint[3]:Reducer[perses_node_priority_with_dfs_delta]: Delta node (#leaves=1): queue=8, delete 0 tokens, ratio=25/4488=0.56% 
[02:43:46] [INFO   ] Fixpoint[3]:Reducer[perses_node_priority_with_dfs_delta]: Delta node (#leaves=1) 
[02:43:46] [INFO   ] Fixpoint[3]:Reducer[perses_node_priority_with_dfs_delta]: Delta node (#leaves=1): queue=7, delete 0 tokens, ratio=25/4488=0.56% 
[02:43:46] [INFO   ] Fixpoint[3]:Reducer[perses_node_priority_with_dfs_delta]: Delta node (#leaves=1) 
[02:43:46] [INFO   ] Fixpoint[3]:Reducer[perses_node_priority_with_dfs_delta]: Delta node (#leaves=1): queue=6, delete 0 tokens, ratio=25/4488=0.56% 
[02:43:46] [INFO   ] Fixpoint[3]:Reducer[perses_node_priority_with_dfs_delta]: Delta node (#leaves=1) 
[02:43:46] [INFO   ] Fixpoint[3]:Reducer[perses_node_priority_with_dfs_delta]: Delta node (#leaves=1): queue=5, delete 0 tokens, ratio=25/4488=0.56% 
[02:43:46] [INFO   ] Fixpoint[3]:Reducer[perses_node_priority_with_dfs_delta]: Delta node (#leaves=1) 
[02:43:46] [INFO   ] Fixpoint[3]:Reducer[perses_node_priority_with_dfs_delta]: Delta node (#leaves=1): queue=4, delete 0 tokens, ratio=25/4488=0.56% 
[02:43:46] [INFO   ] Fixpoint[3]:Reducer[perses_node_priority_with_dfs_delta]: Delta node (#leaves=1) 
[02:43:46] [INFO   ] Fixpoint[3]:Reducer[perses_node_priority_with_dfs_delta]: Delta node (#leaves=1): queue=3, delete 0 tokens, ratio=25/4488=0.56% 
[02:43:46] [INFO   ] Fixpoint[3]:Reducer[perses_node_priority_with_dfs_delta]: Delta node (#leaves=1) 
[02:43:46] [INFO   ] Fixpoint[3]:Reducer[perses_node_priority_with_dfs_delta]: Delta node (#leaves=1): queue=2, delete 0 tokens, ratio=25/4488=0.56% 
[02:43:46] [INFO   ] Fixpoint[3]:Reducer[perses_node_priority_with_dfs_delta]: Delta node (#leaves=1) 
[02:43:46] [INFO   ] Fixpoint[3]:Reducer[perses_node_priority_with_dfs_delta]: Delta node (#leaves=1): queue=1, delete 0 tokens, ratio=25/4488=0.56% 
[02:43:46] [INFO   ] Fixpoint[3]:Reducer[perses_node_priority_with_dfs_delta]: Delta node (#leaves=1) 
[02:43:46] [INFO   ] Fixpoint[3]:Reducer[perses_node_priority_with_dfs_delta]: Delta node (#leaves=1): queue=0, delete 0 tokens, ratio=25/4488=0.56% 
[02:43:46] [INFO   ] perses_node_priority_with_dfs_delta ended at 02:43:46 2022/04/22. #old=25, #new=25 
[02:43:46] [INFO   ] Fixpoint[3]:Reducer[perses_node_priority_with_dfs_delta]: Fixpoint iteration finished, delete 0 tokens, ratio=25/4488=0.56% 
[02:43:46] [INFO   ] Reduction ended at 02:43:46 2022/04/22 
[02:43:46] [INFO   ] Elapsed time is 267 seconds (4 minutes 27 seconds) 
[02:43:46] [INFO   ] Removed %s tokens. reduction ratio is 25/4488=0.56% 
[02:43:46] [INFO   ] Test script execution count: 240 

