Test.instanceCount Test.iFld Test.bFld = 0,0,1
Test.iArrFld = 39902
iMeth_check_sum: 86797192687617966
vMeth1_check_sum: 1069430310
vMeth_check_sum: 4668731459940338047
Test.instanceCount Test.iFld Test.bFld = 0,0,1
Test.iArrFld = 48979
iMeth_check_sum: 173594385375235932
vMeth1_check_sum: 2138860620
vMeth_check_sum: -9109281153828875522
Test.instanceCount Test.iFld Test.bFld = 0,0,1
Test.iArrFld = 58056
iMeth_check_sum: 260391578062853898
vMeth1_check_sum: 3208290930
vMeth_check_sum: -4440549693888537475
Test.instanceCount Test.iFld Test.bFld = 0,0,1
Test.iArrFld = 67133
iMeth_check_sum: 347188770750471864
vMeth1_check_sum: 4277721240
vMeth_check_sum: 228181766051800572
Test.instanceCount Test.iFld Test.bFld = 0,0,1
Test.iArrFld = 76210
iMeth_check_sum: 433985963438089830
vMeth1_check_sum: 5347151550
vMeth_check_sum: 4896913225992138619
Test.instanceCount Test.iFld Test.bFld = 0,0,1
Test.iArrFld = 85287
iMeth_check_sum: 520783156125707796
vMeth1_check_sum: 6416581860
vMeth_check_sum: -8881099387777074950
Test.instanceCount Test.iFld Test.bFld = 0,0,1
Test.iArrFld = 94364
iMeth_check_sum: 607580348813325762
vMeth1_check_sum: 7486012170
vMeth_check_sum: -4212367927836736903
Test.instanceCount Test.iFld Test.bFld = 0,0,1
Test.iArrFld = 103441
iMeth_check_sum: 694377541500943728
vMeth1_check_sum: 8555442480
vMeth_check_sum: 456363532103601144
Test.instanceCount Test.iFld Test.bFld = 0,0,1
Test.iArrFld = 112518
iMeth_check_sum: 781174734188561694
vMeth1_check_sum: 9624872790
vMeth_check_sum: 5125094992043939191
Test.instanceCount Test.iFld Test.bFld = 0,0,1
Test.iArrFld = 121595
iMeth_check_sum: 867971926876179660
vMeth1_check_sum: 10694303100
vMeth_check_sum: -8652917621725274378
