i i1 s1 = 390,30,16642
i16 i17 i18 = -9,11,-161
i19 i20 by3 = -16903,-50073792,23
b1 fArr = 1,-4558683399126056960
Test.instanceCount Test.dFld Test.fFld = 276914,-4503599627370496,-8388608
Test.iFld Test.dArrFld Test.iArrFld = -6,-4547744354717827716,-168127
lMeth_check_sum: 13691841904
vMeth1_check_sum: 397772145099
vMeth_check_sum: -807754314
i i1 s1 = 390,30,16642
i16 i17 i18 = -9,11,-161
i19 i20 by3 = -16903,-151344528,23
b1 fArr = 1,-4558683399126056960
Test.instanceCount Test.dFld Test.fFld = 553610,-4503599627370496,-8388608
Test.iFld Test.dArrFld Test.iArrFld = -6,-4547744354717827716,-168127
lMeth_check_sum: 54726789632
vMeth1_check_sum: 795843038806
vMeth_check_sum: -1615508628
i i1 s1 = 390,30,16642
i16 i17 i18 = -9,11,-161
i19 i20 by3 = -16903,-252615264,23
b1 fArr = 1,-4558683399126056960
Test.instanceCount Test.dFld Test.fFld = 830306,-4503599627370496,-8388608
Test.iFld Test.dArrFld Test.iArrFld = -6,-4547744354717827716,-168127
lMeth_check_sum: 123104834224
vMeth1_check_sum: 1194212681117
vMeth_check_sum: -2423262942
i i1 s1 = 390,30,16642
i16 i17 i18 = -9,11,-161
i19 i20 by3 = -16903,-353886000,23
b1 fArr = 1,-4558683399126056960
Test.instanceCount Test.dFld Test.fFld = 1107002,-4503599627370496,-8388608
Test.iFld Test.dArrFld Test.iArrFld = -6,-4547744354717827716,-168127
lMeth_check_sum: 218825977728
vMeth1_check_sum: 1592881072292
vMeth_check_sum: -3231017256
i i1 s1 = 390,30,16642
i16 i17 i18 = -9,11,-161
i19 i20 by3 = -16903,-455156736,23
b1 fArr = 1,-4558683399126056960
Test.instanceCount Test.dFld Test.fFld = 1383698,-4503599627370496,-8388608
Test.iFld Test.dArrFld Test.iArrFld = -6,-4547744354717827716,-168127
lMeth_check_sum: 341890216304
vMeth1_check_sum: 1991848212331
vMeth_check_sum: -4038771570
i i1 s1 = 390,30,16642
i16 i17 i18 = -9,11,-161
i19 i20 by3 = -16903,-556427472,23
b1 fArr = 1,-4558683399126056960
Test.instanceCount Test.dFld Test.fFld = 1660394,-4503599627370496,-8388608
Test.iFld Test.dArrFld Test.iArrFld = -6,-4547744354717827716,-168127
lMeth_check_sum: 492297557888
vMeth1_check_sum: 2391114100978
vMeth_check_sum: -4846525884
i i1 s1 = 390,30,16642
i16 i17 i18 = -9,11,-161
i19 i20 by3 = -16903,-657698208,23
b1 fArr = 1,-4558683399126056960
Test.instanceCount Test.dFld Test.fFld = 1937090,-4503599627370496,-8388608
Test.iFld Test.dArrFld Test.iArrFld = -6,-4547744354717827716,-168127
lMeth_check_sum: 670047997872
vMeth1_check_sum: 2790678738233
vMeth_check_sum: -5654280198
i i1 s1 = 390,30,16642
i16 i17 i18 = -9,11,-161
i19 i20 by3 = -16903,-758968944,23
b1 fArr = 1,-4558683399126056960
Test.instanceCount Test.dFld Test.fFld = 2213786,-4503599627370496,-8388608
Test.iFld Test.dArrFld Test.iArrFld = -6,-4547744354717827716,-168127
lMeth_check_sum: 875141534208
vMeth1_check_sum: 3190542123836
vMeth_check_sum: -6462034512
i i1 s1 = 390,30,16642
i16 i17 i18 = -9,11,-161
i19 i20 by3 = -16903,-860239680,23
b1 fArr = 1,-4558683399126056960
Test.instanceCount Test.dFld Test.fFld = 2490482,-4503599627370496,-8388608
Test.iFld Test.dArrFld Test.iArrFld = -6,-4547744354717827716,-168127
lMeth_check_sum: 1107578165872
vMeth1_check_sum: 3590704258303
vMeth_check_sum: -7269788826
i i1 s1 = 390,30,16642
i16 i17 i18 = -9,11,-161
i19 i20 by3 = -16903,-961510416,23
b1 fArr = 1,-4558683399126056960
Test.instanceCount Test.dFld Test.fFld = 2767178,-4503599627370496,-8388608
Test.iFld Test.dArrFld Test.iArrFld = -6,-4547744354717827716,-168127
lMeth_check_sum: 1367357903360
vMeth1_check_sum: 3991165141378
vMeth_check_sum: -8077543140
