iArr = -113506
Test.instanceCount Test.fFld iFld = 58632,1072449978,9
fMeth_check_sum: 3837477043499271424
vMeth1_check_sum: -564724282
vMeth_check_sum: -220758733
iArr = -113506
Test.instanceCount Test.fFld iFld = 58632,1072449978,9
fMeth_check_sum: 7674954086998542848
vMeth1_check_sum: -1129448564
vMeth_check_sum: -441517466
iArr = -113506
Test.instanceCount Test.fFld iFld = 58632,1072449978,9
fMeth_check_sum: -6934312943211737344
vMeth1_check_sum: -1694172846
vMeth_check_sum: -662276199
iArr = -113506
Test.instanceCount Test.fFld iFld = 58632,1072449978,9
fMeth_check_sum: -3096835899712465920
vMeth1_check_sum: -2258897128
vMeth_check_sum: -883034932
iArr = -113506
Test.instanceCount Test.fFld iFld = 58632,1072449978,9
fMeth_check_sum: 740641143786805504
vMeth1_check_sum: -2823621410
vMeth_check_sum: -1103793665
iArr = -113506
Test.instanceCount Test.fFld iFld = 58632,1072449978,9
fMeth_check_sum: 4578118187286076928
vMeth1_check_sum: -3388345692
vMeth_check_sum: -1324552398
iArr = -113506
Test.instanceCount Test.fFld iFld = 58632,1072449978,9
fMeth_check_sum: 8415595230785348352
vMeth1_check_sum: -3953069974
vMeth_check_sum: -1545311131
iArr = -113506
Test.instanceCount Test.fFld iFld = 58632,1072449978,9
fMeth_check_sum: -6193671799424931840
vMeth1_check_sum: -4517794256
vMeth_check_sum: -1766069864
iArr = -113506
Test.instanceCount Test.fFld iFld = 58632,1072449978,9
fMeth_check_sum: -2356194755925660416
vMeth1_check_sum: -5082518538
vMeth_check_sum: -1986828597
iArr = -113506
Test.instanceCount Test.fFld iFld = 58632,1072449978,9
fMeth_check_sum: 1481282287573611008
vMeth1_check_sum: -5647242820
vMeth_check_sum: -2207587330
