f i i18 = -507052843,-11,16
i19 by i20 = 61289,57,79
i21 i22 i23 = 79,366,-224
b1 b2 = 1,0
Test.instanceCount Test.fFld Test.iFld = 45,1127743488,1263291726
Test.iArrFld Test.lArrFld = -6274141591,385995
lMeth1_check_sum: 2284592868422113296
vMeth_check_sum: 8121163623013254964
lMeth_check_sum: -9098291403466689422
f i i18 = -814174893,-11,16
i19 by i20 = 61289,57,79
i21 i22 i23 = 79,366,-224
b1 b2 = 1,0
Test.instanceCount Test.fFld Test.iFld = 45,1127743488,1263291726
Test.iArrFld Test.lArrFld = -3245949452,385995
lMeth1_check_sum: 4569185736844226592
vMeth_check_sum: 7019049567676333112
lMeth_check_sum: -9098291403465833287
f i i18 = -814174893,-11,16
i19 by i20 = 61289,57,79
i21 i22 i23 = 79,366,-224
b1 b2 = 1,0
Test.instanceCount Test.fFld Test.iFld = 45,1127743488,1263291726
Test.iArrFld Test.lArrFld = -3171636181,385995
lMeth1_check_sum: 6853778605266339888
vMeth_check_sum: 5916935512339411260
lMeth_check_sum: -9098291403464977152
f i i18 = -814174893,-11,16
i19 by i20 = 61289,57,79
i21 i22 i23 = 79,366,-224
b1 b2 = 1,0
Test.instanceCount Test.fFld Test.iFld = 45,1127743488,1263291726
Test.iArrFld Test.lArrFld = -3097322894,385995
lMeth1_check_sum: 9138371473688453184
vMeth_check_sum: 4814821457002489408
lMeth_check_sum: -9098291403464121017
f i i18 = -814174893,-11,16
i19 by i20 = 61289,57,79
i21 i22 i23 = 79,366,-224
b1 b2 = 1,0
Test.instanceCount Test.fFld Test.iFld = 45,1127743488,1263291726
Test.iArrFld Test.lArrFld = -3023009623,385995
lMeth1_check_sum: -7023779731598985136
vMeth_check_sum: 3712707401665567556
lMeth_check_sum: -9098291403463264882
f i i18 = -814174893,-11,16
i19 by i20 = 61289,57,79
i21 i22 i23 = 79,366,-224
b1 b2 = 1,0
Test.instanceCount Test.fFld Test.iFld = 45,1127743488,1263291726
Test.iArrFld Test.lArrFld = -3201341488,385995
lMeth1_check_sum: -4739186863176871840
vMeth_check_sum: 2610593346328645704
lMeth_check_sum: -9098291403462408747
f i i18 = -814174893,-11,16
i19 by i20 = 61289,57,79
i21 i22 i23 = 79,366,-224
b1 b2 = 1,0
Test.instanceCount Test.fFld Test.iFld = 45,1127743488,1263291726
Test.iArrFld Test.lArrFld = -3127028201,385995
lMeth1_check_sum: -2454593994754758544
vMeth_check_sum: 1508479290991723852
lMeth_check_sum: -9098291403461552612
f i i18 = -814174893,-11,16
i19 by i20 = 61289,57,79
i21 i22 i23 = 79,366,-224
b1 b2 = 1,0
Test.instanceCount Test.fFld Test.iFld = 45,1127743488,1263291726
Test.iArrFld Test.lArrFld = -3052714930,385995
lMeth1_check_sum: -170001126332645248
vMeth_check_sum: 406365235654802000
lMeth_check_sum: -9098291403460696477
f i i18 = -814174893,-11,16
i19 by i20 = 61289,57,79
i21 i22 i23 = 79,366,-224
b1 b2 = 1,0
Test.instanceCount Test.fFld Test.iFld = 45,1127743488,1263291726
Test.iArrFld Test.lArrFld = -3231046811,385995
lMeth1_check_sum: 2114591742089468048
vMeth_check_sum: -695748819682119852
lMeth_check_sum: -9098291403459840342
f i i18 = -814174893,-11,16
i19 by i20 = 61289,57,79
i21 i22 i23 = 79,366,-224
b1 b2 = 1,0
Test.instanceCount Test.fFld Test.iFld = 45,1127743488,1263291726
Test.iArrFld Test.lArrFld = -3156733524,385995
lMeth1_check_sum: 4399184610511581344
vMeth_check_sum: -1797862875019041704
lMeth_check_sum: -9098291403458984207
