f3 i18 i19 = 1077936128,11,50259
b1 l i20 = 0,118,-14
i21 i22 s2 = 5,-1431655765,6859
i23 = 0
Test.instanceCount Test.dFld iFld = 12,-4616189618054758400,0
Test.iFld1 Test.iArrFld Test.fArrFld = 512932,-34854,-4566600196124049408
byArrFld = 0
bMeth_check_sum: -6647313049973299584
lMeth_check_sum: 2189993135604
vMeth_check_sum: -4456852523236544880
f3 i18 i19 = 1077936128,11,50259
b1 l i20 = 0,118,-14
i21 i22 s2 = 5,-1431655765,6859
i23 = 0
Test.instanceCount Test.dFld iFld = 12,-4616189618054758400,0
Test.iFld1 Test.iArrFld Test.fArrFld = 512932,-34854,-4555007663398518784
byArrFld = 0
bMeth_check_sum: 5152117973762952448
lMeth_check_sum: 4379986271208
vMeth_check_sum: -8913705046431828429
f3 i18 i19 = 1077936128,11,50259
b1 l i20 = 0,118,-14
i21 i22 s2 = 5,-1431655765,6859
i23 = 0
Test.instanceCount Test.dFld iFld = 12,-4616189618054758400,0
Test.iFld1 Test.iArrFld Test.fArrFld = 512932,-34854,-4551130966303080448
byArrFld = 0
bMeth_check_sum: -1495195076210347136
lMeth_check_sum: 6569979406812
vMeth_check_sum: 5076186504082439638
f3 i18 i19 = 1077936128,11,50259
b1 l i20 = 0,118,-14
i21 i22 s2 = 5,-1431655765,6859
i23 = 0
Test.instanceCount Test.dFld iFld = 12,-4616189618054758400,0
Test.iFld1 Test.iArrFld Test.fArrFld = 512932,-34854,-4548441868509331456
byArrFld = 0
bMeth_check_sum: -8142508126183646720
lMeth_check_sum: 8759972542416
vMeth_check_sum: 619333980887156089
f3 i18 i19 = 1077936128,11,50259
b1 l i20 = 0,118,-14
i21 i22 s2 = 5,-1431655765,6859
i23 = 0
Test.instanceCount Test.dFld iFld = 12,-4616189618054758400,0
Test.iFld1 Test.iArrFld Test.fArrFld = 512932,-34854,-4546946165891088384
byArrFld = 0
bMeth_check_sum: 3656922897552605312
lMeth_check_sum: 10949965678020
vMeth_check_sum: -3837518542308127460
f3 i18 i19 = 1077936128,11,50259
b1 l i20 = 0,118,-14
i21 i22 s2 = 5,-1431655765,6859
i23 = 0
Test.instanceCount Test.dFld iFld = 12,-4616189618054758400,0
Test.iFld1 Test.iArrFld Test.fArrFld = 512932,-34854,-4545510386702696448
byArrFld = 0
bMeth_check_sum: -2990390152420694272
lMeth_check_sum: 13139958813624
vMeth_check_sum: -8294371065503411009
f3 i18 i19 = 1077936128,11,50259
b1 l i20 = 0,118,-14
i21 i22 s2 = 5,-1431655765,6859
i23 = 0
Test.instanceCount Test.dFld iFld = 12,-4616189618054758400,0
Test.iFld1 Test.iArrFld Test.fArrFld = 512932,-34854,-4544056723884843008
byArrFld = 0
bMeth_check_sum: 8809040871315557760
lMeth_check_sum: 15329951949228
vMeth_check_sum: 5695520485010857058
f3 i18 i19 = 1077936128,11,50259
b1 l i20 = 0,118,-14
i21 i22 s2 = 5,-1431655765,6859
i23 = 0
Test.instanceCount Test.dFld iFld = 12,-4616189618054758400,0
Test.iFld1 Test.iArrFld Test.fArrFld = 512932,-34854,-4543350997602377728
byArrFld = 0
bMeth_check_sum: 2161727821342258176
lMeth_check_sum: 17519945084832
vMeth_check_sum: 1238667961815573509
f3 i18 i19 = 1077936128,11,50259
b1 l i20 = 0,118,-14
i21 i22 s2 = 5,-1431655765,6859
i23 = 0
Test.instanceCount Test.dFld iFld = 12,-4616189618054758400,0
Test.iFld1 Test.iArrFld Test.fArrFld = 512932,-34854,-4542614897292320768
byArrFld = 0
bMeth_check_sum: -4485585228631041408
lMeth_check_sum: 19709938220436
vMeth_check_sum: -3218184561379710040
f3 i18 i19 = 1077936128,11,50259
b1 l i20 = 0,118,-14
i21 i22 s2 = 5,-1431655765,6859
i23 = 0
Test.instanceCount Test.dFld iFld = 12,-4616189618054758400,0
Test.iFld1 Test.iArrFld Test.fArrFld = 512932,-34854,-4541861136051576832
byArrFld = 0
bMeth_check_sum: 7313845795105210624
lMeth_check_sum: 21899931356040
vMeth_check_sum: -7675037084574993589
