b2 i15 i16 = 1,358,48187
by i17 i18 = 115,73,-1701315891
l1 i19 i20 = 46934,357,-868382651
i21 i22 d1 = 1,-3,4630671223964041216
f3 d2 i23 = 1109104525,4607182418800017408,-228
Test.instanceCount Test.iFld sFld = 40341094,46934,-98
Test.bArrFld Test.iArrFld Test.lArrFld = 13534,-71082218,-6762513902927264288
vMeth1_check_sum: 4092017532484
vMeth_check_sum: 7977270733685708218
vSmallMeth_check_sum: 131966636660
b2 i15 i16 = 1,358,48187
by i17 i18 = 115,73,-1701315891
l1 i19 i20 = 46934,357,-868382651
i21 i22 d1 = 1,-3,4630671223964041216
f3 d2 i23 = 1109104525,4607182418800017408,-228
Test.instanceCount Test.iFld sFld = 40341094,46934,-98
Test.bArrFld Test.iArrFld Test.lArrFld = 13534,-143427350,-6762513902927264288
vMeth1_check_sum: 8184035064968
vMeth_check_sum: -5748789907200700964
vSmallMeth_check_sum: 264955421831
b2 i15 i16 = 1,358,48187
by i17 i18 = 115,73,-1701315891
l1 i19 i20 = 46934,357,-868382651
i21 i22 d1 = 1,-3,4630671223964041216
f3 d2 i23 = 1109104525,4607182418800017408,-228
Test.instanceCount Test.iFld sFld = 40341094,46934,-98
Test.bArrFld Test.iArrFld Test.lArrFld = 13534,-216375320,-6762513902927264288
vMeth1_check_sum: 12276052597452
vMeth_check_sum: -1028106474377558530
vSmallMeth_check_sum: 397944207002
b2 i15 i16 = 1,358,48187
by i17 i18 = 115,73,-1701315891
l1 i19 i20 = 46934,357,-868382651
i21 i22 d1 = 1,-3,4630671223964041216
f3 d2 i23 = 1109104525,4607182418800017408,-228
Test.instanceCount Test.iFld sFld = 40341094,46934,-98
Test.bArrFld Test.iArrFld Test.lArrFld = 13534,-289329751,-6762513902927264288
vMeth1_check_sum: 16368070129936
vMeth_check_sum: 3692576958445583904
vSmallMeth_check_sum: 530932992173
b2 i15 i16 = 1,358,48187
by i17 i18 = 115,73,-1701315891
l1 i19 i20 = 46934,357,-868382651
i21 i22 d1 = 1,-3,4630671223964041216
f3 d2 i23 = 1109104525,4607182418800017408,-228
Test.instanceCount Test.iFld sFld = 40341094,46934,-98
Test.bArrFld Test.iArrFld Test.lArrFld = 13534,-362273787,-6762513902927264288
vMeth1_check_sum: 20460087662420
vMeth_check_sum: 8413260391268726338
vSmallMeth_check_sum: 663921777344
b2 i15 i16 = 1,358,48187
by i17 i18 = 115,73,-1701315891
l1 i19 i20 = 46934,357,-868382651
i21 i22 d1 = 1,-3,4630671223964041216
f3 d2 i23 = 1109104525,4607182418800017408,-228
Test.instanceCount Test.iFld sFld = 40341094,46934,-98
Test.bArrFld Test.iArrFld Test.lArrFld = 13534,-435229666,-6762513902927264288
vMeth1_check_sum: 24552105194904
vMeth_check_sum: -5312800249617682844
vSmallMeth_check_sum: 796910562515
b2 i15 i16 = 1,358,48187
by i17 i18 = 115,73,-1701315891
l1 i19 i20 = 46934,357,-868382651
i21 i22 d1 = 1,-3,4630671223964041216
f3 d2 i23 = 1109104525,4607182418800017408,-228
Test.instanceCount Test.iFld sFld = 40341094,46934,-98
Test.bArrFld Test.iArrFld Test.lArrFld = 13534,-508190769,-6762513902927264288
vMeth1_check_sum: 28644122727388
vMeth_check_sum: -592116816794540410
vSmallMeth_check_sum: 929899347686
b2 i15 i16 = 1,358,48187
by i17 i18 = 115,73,-1701315891
l1 i19 i20 = 46934,357,-868382651
i21 i22 d1 = 1,-3,4630671223964041216
f3 d2 i23 = 1109104525,4607182418800017408,-228
Test.instanceCount Test.iFld sFld = 40341094,46934,-98
Test.bArrFld Test.iArrFld Test.lArrFld = 13534,-581149432,-6762513902927264288
vMeth1_check_sum: 32736140259872
vMeth_check_sum: 4128566616028602024
vSmallMeth_check_sum: 1062888132857
b2 i15 i16 = 1,358,48187
by i17 i18 = 115,73,-1701315891
l1 i19 i20 = 46934,357,-868382651
i21 i22 d1 = 1,-3,4630671223964041216
f3 d2 i23 = 1109104525,4607182418800017408,-228
Test.instanceCount Test.iFld sFld = 40341094,46934,-98
Test.bArrFld Test.iArrFld Test.lArrFld = 13534,-654104826,-6762513902927264288
vMeth1_check_sum: 36828157792356
vMeth_check_sum: 8849250048851744458
vSmallMeth_check_sum: 1195876918028
b2 i15 i16 = 1,358,48187
by i17 i18 = 115,73,-1701315891
l1 i19 i20 = 46934,357,-868382651
i21 i22 d1 = 1,-3,4630671223964041216
f3 d2 i23 = 1109104525,4607182418800017408,-228
Test.instanceCount Test.iFld sFld = 40341094,46934,-98
Test.bArrFld Test.iArrFld Test.lArrFld = 13534,-727066531,-6762513902927264288
vMeth1_check_sum: 40920175324840
vMeth_check_sum: -4876810592034664724
vSmallMeth_check_sum: 1328865703199
