i i1 i22 = 372,-32618,253
s3 d1 i23 = -32618,4887547505181629124,251
i24 i25 i26 = -58575,97,1964591681
i27 i28 i29 = 99,-6,98
i30 by2 iArr1 = -9,-46,-49161652
lArr1 = -23850861845
Test.instanceCount Test.bFld Test.fFld = 5781001330699735409,0,1325400064
Test.fArrFld = 4675596443200954368
lMeth_check_sum: 120726081905898
vMeth1_check_sum: 6432620982921930347
vMeth_check_sum: -3068728607955074083
i i1 i22 = 372,-32618,253
s3 d1 i23 = -32618,4887547505181629124,251
i24 i25 i26 = -58575,97,1964591681
i27 i28 i29 = 99,-6,98
i30 by2 iArr1 = -9,-46,-49161652
lArr1 = -23850861845
Test.instanceCount Test.bFld Test.fFld = 5781001330699735409,0,1325400064
Test.fArrFld = 4675596443200954368
lMeth_check_sum: 241452163811796
vMeth1_check_sum: -260433966458335015
vMeth_check_sum: -6137457215910148166
i i1 i22 = 372,-32618,253
s3 d1 i23 = -32618,4887547505181629124,251
i24 i25 i26 = -58575,97,1964591681
i27 i28 i29 = 99,-6,98
i30 by2 iArr1 = -9,-46,-49161652
lArr1 = -23850861845
Test.instanceCount Test.bFld Test.fFld = 5781001330699735409,0,1325400064
Test.fArrFld = 4675596443200954368
lMeth_check_sum: 362178245717694
vMeth1_check_sum: -6953488915838600377
vMeth_check_sum: -9206185823865222249
i i1 i22 = 372,-32618,253
s3 d1 i23 = -32618,4887547505181629124,251
i24 i25 i26 = -58575,97,1964591681
i27 i28 i29 = 99,-6,98
i30 by2 iArr1 = -9,-46,-49161652
lArr1 = -23850861845
Test.instanceCount Test.bFld Test.fFld = 5781001330699735409,0,1325400064
Test.fArrFld = 4675596443200954368
lMeth_check_sum: 482904327623592
vMeth1_check_sum: 4800200208490685877
vMeth_check_sum: 6171829641889255284
i i1 i22 = 372,-32618,253
s3 d1 i23 = -32618,4887547505181629124,251
i24 i25 i26 = -58575,97,1964591681
i27 i28 i29 = 99,-6,98
i30 by2 iArr1 = -9,-46,-49161652
lArr1 = -23850861845
Test.instanceCount Test.bFld Test.fFld = 5781001330699735409,0,1325400064
Test.fArrFld = 4675596443200954368
lMeth_check_sum: 603630409529490
vMeth1_check_sum: -1892854740889579485
vMeth_check_sum: 3103101033934181201
i i1 i22 = 372,-32618,253
s3 d1 i23 = -32618,4887547505181629124,251
i24 i25 i26 = -58575,97,1964591681
i27 i28 i29 = 99,-6,98
i30 by2 iArr1 = -9,-46,-49161652
lArr1 = -23850861845
Test.instanceCount Test.bFld Test.fFld = 5781001330699735409,0,1325400064
Test.fArrFld = 4675596443200954368
lMeth_check_sum: 724356491435388
vMeth1_check_sum: -8585909690269844847
vMeth_check_sum: 34372425979107118
i i1 i22 = 372,-32618,253
s3 d1 i23 = -32618,4887547505181629124,251
i24 i25 i26 = -58575,97,1964591681
i27 i28 i29 = 99,-6,98
i30 by2 iArr1 = -9,-46,-49161652
lArr1 = -23850861845
Test.instanceCount Test.bFld Test.fFld = 5781001330699735409,0,1325400064
Test.fArrFld = 4675596443200954368
lMeth_check_sum: 845082573341286
vMeth1_check_sum: 3167779434059441407
vMeth_check_sum: -3034356181975966965
i i1 i22 = 372,-32618,253
s3 d1 i23 = -32618,4887547505181629124,251
i24 i25 i26 = -58575,97,1964591681
i27 i28 i29 = 99,-6,98
i30 by2 iArr1 = -9,-46,-49161652
lArr1 = -23850861845
Test.instanceCount Test.bFld Test.fFld = 5781001330699735409,0,1325400064
Test.fArrFld = 4675596443200954368
lMeth_check_sum: 965808655247184
vMeth1_check_sum: -3525275515320823955
vMeth_check_sum: -6103084789931041048
i i1 i22 = 372,-32618,253
s3 d1 i23 = -32618,4887547505181629124,251
i24 i25 i26 = -58575,97,1964591681
i27 i28 i29 = 99,-6,98
i30 by2 iArr1 = -9,-46,-49161652
lArr1 = -23850861845
Test.instanceCount Test.bFld Test.fFld = 5781001330699735409,0,1325400064
Test.fArrFld = 4675596443200954368
lMeth_check_sum: 1086534737153082
vMeth1_check_sum: 8228413609008462299
vMeth_check_sum: -9171813397886115131
i i1 i22 = 372,-32618,253
s3 d1 i23 = -32618,4887547505181629124,251
i24 i25 i26 = -58575,97,1964591681
i27 i28 i29 = 99,-6,98
i30 by2 iArr1 = -9,-46,-49161652
lArr1 = -23850861845
Test.instanceCount Test.bFld Test.fFld = 5781001330699735409,0,1325400064
Test.fArrFld = 4675596443200954368
lMeth_check_sum: 1207260819058980
vMeth1_check_sum: 1535358659628196937
vMeth_check_sum: 6206202067868362402
