i i1 i2 = 800931001,3,-104
i3 i4 i22 = 4,2025487548,107
i23 i24 i25 = 1,106,42074
d2 i26 i27 = 4613491331374015641,107,246671465
i28 b1 byArr = 2,0,-3037
Test.instanceCount Test.fFld sFld = -10866,1392508928,-16976
byFld iArrFld Test.bArrFld = 5,8379980491,64454
vMeth_check_sum: -4609272865547274509
iMeth1_check_sum: 5981820703916748208
iMeth_check_sum: 34862744577475
i i1 i2 = 800931001,3,-104
i3 i4 i22 = 4,-951164159,107
i23 i24 i25 = 1,106,42074
d2 i26 i27 = 4613491331374015641,107,246671465
i28 b1 byArr = 2,0,-3037
Test.instanceCount Test.fFld sFld = -10866,1392508928,-16976
byFld iArrFld Test.bArrFld = 5,-475586490,64454
vMeth_check_sum: -9218545731094549018
iMeth1_check_sum: -6483102665875841014
iMeth_check_sum: 69725489154950
i i1 i2 = 800931001,3,-104
i3 i4 i22 = 4,367151430,107
i23 i24 i25 = 1,106,42074
d2 i26 i27 = 4613491331374015641,107,246671465
i28 b1 byArr = 2,0,-3037
Test.instanceCount Test.fFld sFld = -10866,1392508928,-16976
byFld iArrFld Test.bArrFld = 5,7550811252,64454
vMeth_check_sum: 4618925477067728089
iMeth1_check_sum: -501281961958878620
iMeth_check_sum: 104588233732425
i i1 i2 = 800931001,3,-104
i3 i4 i22 = 4,1685467019,107
i23 i24 i25 = 1,106,42074
d2 i26 i27 = 4613491331374015641,107,246671465
i28 b1 byArr = 2,0,-3037
Test.instanceCount Test.fFld sFld = -10866,1392508928,-16976
byFld iArrFld Test.bArrFld = 5,842727492,64454
vMeth_check_sum: 9652611520453580
iMeth1_check_sum: 5480538741958083774
iMeth_check_sum: 139450978309900
i i1 i2 = 800931001,3,-104
i3 i4 i22 = 4,-1291184688,107
i23 i24 i25 = 1,106,42074
d2 i26 i27 = 4613491331374015641,107,246671465
i28 b1 byArr = 2,0,-3037
Test.instanceCount Test.fFld sFld = -10866,1392508928,-16976
byFld iArrFld Test.bArrFld = 5,6721641405,64454
vMeth_check_sum: -4599620254026820929
iMeth1_check_sum: -6984384627834505448
iMeth_check_sum: 174313722887375
i i1 i2 = 800931001,3,-104
i3 i4 i22 = 4,27130901,107
i23 i24 i25 = 1,106,42074
d2 i26 i27 = 4613491331374015641,107,246671465
i28 b1 byArr = 2,0,-3037
Test.instanceCount Test.fFld sFld = -10866,1392508928,-16976
byFld iArrFld Test.bArrFld = 5,13558124,64454
vMeth_check_sum: -9208893119574095438
iMeth1_check_sum: -1002563923917543054
iMeth_check_sum: 209176467464850
i i1 i2 = 800931001,3,-104
i3 i4 i22 = 4,1345446490,107
i23 i24 i25 = 1,106,42074
d2 i26 i27 = 4613491331374015641,107,246671465
i28 b1 byArr = 2,0,-3037
Test.instanceCount Test.fFld sFld = -10866,1392508928,-16976
byFld iArrFld Test.bArrFld = 5,8039954967,64454
vMeth_check_sum: 4628578088588181669
iMeth1_check_sum: 4979256779999419340
iMeth_check_sum: 244039212042325
i i1 i2 = 800931001,3,-104
i3 i4 i22 = 4,-1631205217,107
i23 i24 i25 = 1,106,42074
d2 i26 i27 = 4613491331374015641,107,246671465
i28 b1 byArr = 2,0,-3037
Test.instanceCount Test.fFld sFld = -10866,1392508928,-16976
byFld iArrFld Test.bArrFld = 5,-815612009,64454
vMeth_check_sum: 19305223040907160
iMeth1_check_sum: -7485666589793169882
iMeth_check_sum: 278901956619800
i i1 i2 = 800931001,3,-104
i3 i4 i22 = 4,-312889628,107
i23 i24 i25 = 1,106,42074
d2 i26 i27 = 4613491331374015641,107,246671465
i28 b1 byArr = 2,0,-3037
Test.instanceCount Test.fFld sFld = -10866,1392508928,-16976
byFld iArrFld Test.bArrFld = 5,7210785822,64454
vMeth_check_sum: -4589967642506367349
iMeth1_check_sum: -1503845885876207488
iMeth_check_sum: 313764701197275
i i1 i2 = 800931001,3,-104
i3 i4 i22 = 4,1005425961,107
i23 i24 i25 = 1,106,42074
d2 i26 i27 = 4613491331374015641,107,246671465
i28 b1 byArr = 2,0,-3037
Test.instanceCount Test.fFld sFld = -10866,1392508928,-16976
byFld iArrFld Test.bArrFld = 5,502702193,64454
vMeth_check_sum: -9199240508053641858
iMeth1_check_sum: 4477974818040754906
iMeth_check_sum: 348627445774750
