i i1 i2 = 800931001,3,-104
i3 i4 i22 = 4,2025487548,107
i23 i24 i25 = 1,106,42074
d2 i26 i27 = 4613491331374015641,107,246671465
i28 b1 byArr = 2,0,-3037
Test.instanceCount Test.fFld sFld = -10866,1392508928,-16976
byFld iArrFld Test.bArrFld = 5,8379980491,64454
vMeth_check_sum: -4609272865547274509
iMeth1_check_sum: 5981533754157046634
iMeth_check_sum: 30419403777475
i i1 i2 = 800931001,3,-104
i3 i4 i22 = 4,-951164159,107
i23 i24 i25 = 1,106,42074
d2 i26 i27 = 4613491331374015641,107,246671465
i28 b1 byArr = 2,0,-3037
Test.instanceCount Test.fFld sFld = -10866,1392508928,-16976
byFld iArrFld Test.bArrFld = 5,-475586490,64454
vMeth_check_sum: -9218545731094549018
iMeth1_check_sum: -6483389615645560168
iMeth_check_sum: 65282148354950
i i1 i2 = 800931001,3,-104
i3 i4 i22 = 4,367151430,107
i23 i24 i25 = 1,106,42074
d2 i26 i27 = 4613491331374015641,107,246671465
i28 b1 byArr = 2,0,-3037
Test.instanceCount Test.fFld sFld = -10866,1392508928,-16976
byFld iArrFld Test.bArrFld = 5,7550811252,64454
vMeth_check_sum: 4618925477067728089
iMeth1_check_sum: -501568911738615354
iMeth_check_sum: 100144892932425
i i1 i2 = 800931001,3,-104
i3 i4 i22 = 4,1685467019,107
i23 i24 i25 = 1,106,42074
d2 i26 i27 = 4613491331374015641,107,246671465
i28 b1 byArr = 2,0,-3037
Test.instanceCount Test.fFld sFld = -10866,1392508928,-16976
byFld iArrFld Test.bArrFld = 5,842727492,64454
vMeth_check_sum: 9652611520453580
iMeth1_check_sum: 5480251792168329460
iMeth_check_sum: 135007637509900
i i1 i2 = 800931001,3,-104
i3 i4 i22 = 4,-1291184688,107
i23 i24 i25 = 1,106,42074
d2 i26 i27 = 4613491331374015641,107,246671465
i28 b1 byArr = 2,0,-3037
Test.instanceCount Test.fFld sFld = -10866,1392508928,-16976
byFld iArrFld Test.bArrFld = 5,6721641405,64454
vMeth_check_sum: -4599620254026820929
iMeth1_check_sum: -6984671577634277342
iMeth_check_sum: 169870382087375
i i1 i2 = 800931001,3,-104
i3 i4 i22 = 4,27130901,107
i23 i24 i25 = 1,106,42074
d2 i26 i27 = 4613491331374015641,107,246671465
i28 b1 byArr = 2,0,-3037
Test.instanceCount Test.fFld sFld = -10866,1392508928,-16976
byFld iArrFld Test.bArrFld = 5,13558124,64454
vMeth_check_sum: -9208893119574095438
iMeth1_check_sum: -1002850873727332528
iMeth_check_sum: 204733126664850
i i1 i2 = 800931001,3,-104
i3 i4 i22 = 4,1345446490,107
i23 i24 i25 = 1,106,42074
d2 i26 i27 = 4613491331374015641,107,246671465
i28 b1 byArr = 2,0,-3037
Test.instanceCount Test.fFld sFld = -10866,1392508928,-16976
byFld iArrFld Test.bArrFld = 5,8039954967,64454
vMeth_check_sum: 4628578088588181669
iMeth1_check_sum: 4978969830179612286
iMeth_check_sum: 239595871242325
i i1 i2 = 800931001,3,-104
i3 i4 i22 = 4,-1631205217,107
i23 i24 i25 = 1,106,42074
d2 i26 i27 = 4613491331374015641,107,246671465
i28 b1 byArr = 2,0,-3037
Test.instanceCount Test.fFld sFld = -10866,1392508928,-16976
byFld iArrFld Test.bArrFld = 5,-815612009,64454
vMeth_check_sum: 19305223040907160
iMeth1_check_sum: -7485953539622994516
iMeth_check_sum: 274458615819800
i i1 i2 = 800931001,3,-104
i3 i4 i22 = 4,-312889628,107
i23 i24 i25 = 1,106,42074
d2 i26 i27 = 4613491331374015641,107,246671465
i28 b1 byArr = 2,0,-3037
Test.instanceCount Test.fFld sFld = -10866,1392508928,-16976
byFld iArrFld Test.bArrFld = 5,7210785822,64454
vMeth_check_sum: -4589967642506367349
iMeth1_check_sum: -1504132835716049702
iMeth_check_sum: 309321360397275
i i1 i2 = 800931001,3,-104
i3 i4 i22 = 4,1005425961,107
i23 i24 i25 = 1,106,42074
d2 i26 i27 = 4613491331374015641,107,246671465
i28 b1 byArr = 2,0,-3037
Test.instanceCount Test.fFld sFld = -10866,1392508928,-16976
byFld iArrFld Test.bArrFld = 5,502702193,64454
vMeth_check_sum: -9199240508053641858
iMeth1_check_sum: 4477687868190895112
iMeth_check_sum: 344184104974750
