i20 i21 i22 = 270,-137,6
i23 i24 i25 = 0,3,3
i26 i27 i28 = -146,-27054,-196
s1 = 4572
Test.instanceCount Test.iFld Test.byFld = -206,2147483586,-108
Test.bFld Test.fFld Test.dFld = 0,1348809603,-9223372036854775808
Test.lFld Test.byArrFld Test.lArrFld = -2516580881,17285,368300279542
iArrFld = 0
vMeth1_check_sum: -4611041212455576837
iMeth_check_sum: -4611041221188663103
vMeth_check_sum: 1886572311
i20 i21 i22 = 270,-137,6
i23 i24 i25 = 0,3,3
i26 i27 i28 = -146,-27054,-196
s1 = 4572
Test.instanceCount Test.iFld Test.byFld = -206,2147483586,-108
Test.bFld Test.fFld Test.dFld = 0,1608856449,-9223372036854775808
Test.lFld Test.byArrFld Test.lArrFld = -2516580881,17285,736600521323
iArrFld = 0
vMeth1_check_sum: -9222082425858298726
iMeth_check_sum: -9222082987513537619
vMeth_check_sum: 4034000259
i20 i21 i22 = 270,-137,6
i23 i24 i25 = 0,3,3
i26 i27 i28 = -146,-27054,-196
s1 = 4572
Test.instanceCount Test.iFld Test.byFld = -206,2147483586,-108
Test.bFld Test.fFld Test.dFld = 0,1868903295,-9223372036854775808
Test.lFld Test.byArrFld Test.lArrFld = -2516580881,17285,1104900762361
iArrFld = 0
vMeth1_check_sum: 4613620434448531001
iMeth_check_sum: 4613619319871139481
vMeth_check_sum: 6181428207
i20 i21 i22 = 270,-137,6
i23 i24 i25 = 0,3,3
i26 i27 i28 = -146,-27054,-196
s1 = 4572
Test.instanceCount Test.iFld Test.byFld = -206,2147483586,-108
Test.bFld Test.fFld Test.dFld = 0,2128950141,-9223372036854775808
Test.lFld Test.byArrFld Test.lArrFld = -2516580881,17285,1473201003794
iArrFld = 0
vMeth1_check_sum: 2579221045809112
iMeth_check_sum: 2577553546264965
vMeth_check_sum: 8328856155
i20 i21 i22 = 270,-137,6
i23 i24 i25 = 0,3,3
i26 i27 i28 = -146,-27054,-196
s1 = 4572
Test.instanceCount Test.iFld Test.byFld = -206,2147483586,-108
Test.bFld Test.fFld Test.dFld = 0,2139095040,-9223372036854775808
Test.lFld Test.byArrFld Test.lArrFld = -2516580881,17285,1841501243821
iArrFld = 0
vMeth1_check_sum: -4608461992356912777
iMeth_check_sum: -4608464212778609551
vMeth_check_sum: 10476284103
i20 i21 i22 = 270,-137,6
i23 i24 i25 = 0,3,3
i26 i27 i28 = -146,-27054,-196
s1 = 4572
Test.instanceCount Test.iFld Test.byFld = -206,2147483586,-108
Test.bFld Test.fFld Test.dFld = 0,2139095040,-9223372036854775808
Test.lFld Test.byArrFld Test.lArrFld = -2516580881,17285,2209801484459
iArrFld = 0
vMeth1_check_sum: -9219503205759634666
iMeth_check_sum: -9219505979103484067
vMeth_check_sum: 12623712051
i20 i21 i22 = 270,-137,6
i23 i24 i25 = 0,3,3
i26 i27 i28 = -146,-27054,-196
s1 = 4572
Test.instanceCount Test.iFld Test.byFld = -206,2147483586,-108
Test.bFld Test.fFld Test.dFld = 0,2139095040,-9223372036854775808
Test.lFld Test.byArrFld Test.lArrFld = -2516580881,17285,2578101725177
iArrFld = 0
vMeth1_check_sum: 4616199654547195061
iMeth_check_sum: 4616196328281193033
vMeth_check_sum: 14771139999
i20 i21 i22 = 270,-137,6
i23 i24 i25 = 0,3,3
i26 i27 i28 = -146,-27054,-196
s1 = 4572
Test.instanceCount Test.iFld Test.byFld = -206,2147483586,-108
Test.bFld Test.fFld Test.dFld = 0,2139095040,-9223372036854775808
Test.lFld Test.byArrFld Test.lArrFld = -2516580881,17285,2946401967520
iArrFld = 0
vMeth1_check_sum: 5158441144473172
iMeth_check_sum: 5154561956318517
vMeth_check_sum: 16918567947
i20 i21 i22 = 270,-137,6
i23 i24 i25 = 0,3,3
i26 i27 i28 = -146,-27054,-196
s1 = 4572
Test.instanceCount Test.iFld Test.byFld = -206,2147483586,-108
Test.bFld Test.fFld Test.dFld = 0,2139095040,-9223372036854775808
Test.lFld Test.byArrFld Test.lArrFld = -2516580881,17285,3314702207423
iArrFld = 0
vMeth1_check_sum: -4605882772258248717
iMeth_check_sum: -4605887204368555999
vMeth_check_sum: 19065995895
i20 i21 i22 = 270,-137,6
i23 i24 i25 = 0,3,3
i26 i27 i28 = -146,-27054,-196
s1 = 4572
Test.instanceCount Test.iFld Test.byFld = -206,2147483586,-108
Test.bFld Test.fFld Test.dFld = 0,2139095040,-9223372036854775808
Test.lFld Test.byArrFld Test.lArrFld = -2516580881,17285,3683002448565
iArrFld = 0
vMeth1_check_sum: -9216923985660970606
iMeth_check_sum: -9216928970693430515
vMeth_check_sum: 21213423843
