d1 i18 i19 = -4610590044940069157,177,-20
i20 i21 i22 = 148,-4,2
f3 by = -1046478848,-20
Test.instanceCount Test.iFld bFld = 0,144,0
iFld1 iArrFld lArrFld = -98,-341,-8340819731373290720
vMeth2_check_sum: 0
vMeth1_check_sum: 0
vMeth_check_sum: -7479634556132268289
d1 i18 i19 = -4610590044940069157,177,-20
i20 i21 i22 = 148,-4,2
f3 by = -1046478848,-20
Test.instanceCount Test.iFld bFld = 0,146,0
iFld1 iArrFld lArrFld = -98,-344,-8340819731363740304
vMeth2_check_sum: 0
vMeth1_check_sum: 0
vMeth_check_sum: 3487474961445015038
d1 i18 i19 = -4610590044940069157,177,-20
i20 i21 i22 = 148,-4,2
f3 by = -1046478848,-20
Test.instanceCount Test.iFld bFld = 0,144,0
iFld1 iArrFld lArrFld = -98,-347,-8340819731363788862
vMeth2_check_sum: 0
vMeth1_check_sum: 0
vMeth_check_sum: -3992159594687253251
d1 i18 i19 = -4610590044940069157,177,-20
i20 i21 i22 = 148,-4,2
f3 by = -1046478848,-20
Test.instanceCount Test.iFld bFld = 0,144,0
iFld1 iArrFld lArrFld = -98,-347,-8340819731363740354
vMeth2_check_sum: 0
vMeth1_check_sum: 0
vMeth_check_sum: 6974949922890030076
d1 i18 i19 = -4610590044940069157,177,-20
i20 i21 i22 = 148,-4,2
f3 by = -1046478848,-20
Test.instanceCount Test.iFld bFld = 0,144,0
iFld1 iArrFld lArrFld = -98,-350,-8340819731363740327
vMeth2_check_sum: 0
vMeth1_check_sum: 0
vMeth_check_sum: -504684633242238213
d1 i18 i19 = -4610590044940069157,177,-20
i20 i21 i22 = 148,-4,2
f3 by = -1046478848,-20
Test.instanceCount Test.iFld bFld = 0,144,0
iFld1 iArrFld lArrFld = -98,-348,-8340819731363740327
vMeth2_check_sum: 0
vMeth1_check_sum: 0
vMeth_check_sum: -7984319189374506502
d1 i18 i19 = -4610590044940069157,177,-20
i20 i21 i22 = 148,-4,2
f3 by = -1046478848,-20
Test.instanceCount Test.iFld bFld = 0,144,0
iFld1 iArrFld lArrFld = -98,-351,-8340819731363740327
vMeth2_check_sum: 0
vMeth1_check_sum: 0
vMeth_check_sum: 2982790328202776825
d1 i18 i19 = -4610590044940069157,177,-20
i20 i21 i22 = 148,-4,2
f3 by = -1046478848,-20
Test.instanceCount Test.iFld bFld = 0,144,0
iFld1 iArrFld lArrFld = -98,-344,-8340819731363740327
vMeth2_check_sum: 0
vMeth1_check_sum: 0
vMeth_check_sum: -4496844227929491464
d1 i18 i19 = -4610590044940069157,177,-20
i20 i21 i22 = 148,-4,2
f3 by = -1046478848,-20
Test.instanceCount Test.iFld bFld = 0,146,0
iFld1 iArrFld lArrFld = -98,-347,-8340819731363740346
vMeth2_check_sum: 0
vMeth1_check_sum: 0
vMeth_check_sum: 6470265289647791863
d1 i18 i19 = -4610590044940069157,177,-20
i20 i21 i22 = 148,-4,2
f3 by = -1046478848,-20
Test.instanceCount Test.iFld bFld = 0,146,0
iFld1 iArrFld lArrFld = -98,-350,-8340819731363788854
vMeth2_check_sum: 0
vMeth1_check_sum: 0
vMeth_check_sum: -1009369266484476426
