i i1 i2 = 340,-33341,78
by i19 i20 = 81,78,0
d2 i21 i22 = -4334683564054928223,382,0
i23 i24 s2 = 68,0,29620
fArr = 4690492876282019840
Test.instanceCount fFld lArrFld = 0,1135181824,-8696936
iArrFld = -3110438
vMeth_check_sum: 0
dMeth_check_sum: 0
iMeth_check_sum: -8391247882804870804
i i1 i2 = 340,-33341,78
by i19 i20 = 81,78,0
d2 i21 i22 = -4588497335789778108,382,0
i23 i24 s2 = 68,0,29620
fArr = 4690492876282019840
Test.instanceCount fFld lArrFld = 0,1135181824,-8696936
iArrFld = -3110438
vMeth_check_sum: 0
dMeth_check_sum: 0
iMeth_check_sum: 1664248474418122630
i i1 i2 = 340,-33341,78
by i19 i20 = 81,78,0
d2 i21 i22 = -4588497335789778108,382,0
i23 i24 s2 = 68,0,29620
fArr = 4690492876282019840
Test.instanceCount fFld lArrFld = 0,1135181824,-8696936
iArrFld = -3110438
vMeth_check_sum: 0
dMeth_check_sum: 0
iMeth_check_sum: -6726999242068435552
i i1 i2 = 340,-33341,78
by i19 i20 = 81,78,0
d2 i21 i22 = -4588497335789778108,382,0
i23 i24 s2 = 68,0,29620
fArr = 4690492876282019840
Test.instanceCount fFld lArrFld = 0,1135181824,-8696936
iArrFld = -3110438
vMeth_check_sum: 0
dMeth_check_sum: 0
iMeth_check_sum: 3328497115154557882
i i1 i2 = 340,-33341,78
by i19 i20 = 81,78,0
d2 i21 i22 = -4588497335789778108,382,0
i23 i24 s2 = 68,0,29620
fArr = 4690492876282019840
Test.instanceCount fFld lArrFld = 0,1135181824,-8696936
iArrFld = -3110438
vMeth_check_sum: 0
dMeth_check_sum: 0
iMeth_check_sum: -5062750601332000300
i i1 i2 = 340,-33341,78
by i19 i20 = 81,78,0
d2 i21 i22 = -4588497335789778108,382,0
i23 i24 s2 = 68,0,29620
fArr = 4690492876282019840
Test.instanceCount fFld lArrFld = 0,1135181824,-8696936
iArrFld = -3110438
vMeth_check_sum: 0
dMeth_check_sum: 0
iMeth_check_sum: 4992745755890993134
i i1 i2 = 340,-33341,78
by i19 i20 = 81,78,0
d2 i21 i22 = -4588497335789778108,382,0
i23 i24 s2 = 68,0,29620
fArr = 4690492876282019840
Test.instanceCount fFld lArrFld = 0,1135181824,-8696936
iArrFld = -3110438
vMeth_check_sum: 0
dMeth_check_sum: 0
iMeth_check_sum: -3398501960595565048
i i1 i2 = 340,-33341,78
by i19 i20 = 81,78,0
d2 i21 i22 = -4588497335789778108,382,0
i23 i24 s2 = 68,0,29620
fArr = 4690492876282019840
Test.instanceCount fFld lArrFld = 0,1135181824,-8696936
iArrFld = -3110438
vMeth_check_sum: 0
dMeth_check_sum: 0
iMeth_check_sum: 6656994396627428386
i i1 i2 = 340,-33341,78
by i19 i20 = 81,78,0
d2 i21 i22 = -4588497335789778108,382,0
i23 i24 s2 = 68,0,29620
fArr = 4690492876282019840
Test.instanceCount fFld lArrFld = 0,1135181824,-8696936
iArrFld = -3110438
vMeth_check_sum: 0
dMeth_check_sum: 0
iMeth_check_sum: -1734253319859129796
i i1 i2 = 340,-33341,78
by i19 i20 = 81,78,0
d2 i21 i22 = -4588497335789778108,382,0
i23 i24 s2 = 68,0,29620
fArr = 4690492876282019840
Test.instanceCount fFld lArrFld = 0,1135181824,-8696936
iArrFld = -3110438
vMeth_check_sum: 0
dMeth_check_sum: 0
iMeth_check_sum: 8321243037363863638
