i i1 i20 = 228,458024480,111
i21 i22 i23 = 4,2,19238
f2 i24 i25 = 1082130432,116,23809
i26 d3 = 1,4632556238125203183
Test.instanceCount Test.sFld Test.byFld = 4,-7298,-76
Test.byFld1 Test.bFld Test.iArrFld = -34,0,-235966
Test.fArrFld iArrFld1 = 4675612703572819968,1021
iMeth1_check_sum: -1697118177951647954
vMeth_check_sum: -1359508385690528972
iMeth_check_sum: -3610918585947343560
i i1 i20 = 228,458024480,111
i21 i22 i23 = 4,2,19238
f2 i24 i25 = 1082130432,116,23809
i26 d3 = 1,4632556238125203183
Test.instanceCount Test.sFld Test.byFld = 4,-7298,-76
Test.byFld1 Test.bFld Test.iArrFld = -34,0,-235966
Test.fArrFld iArrFld1 = 4675612703572819968,1021
iMeth1_check_sum: -3394236355903295908
vMeth_check_sum: -2719016771381057944
iMeth_check_sum: -7221837171894687120
i i1 i20 = 228,458024480,111
i21 i22 i23 = 4,2,19238
f2 i24 i25 = 1082130432,116,23809
i26 d3 = 1,4632556238125203183
Test.instanceCount Test.sFld Test.byFld = 4,-7298,-76
Test.byFld1 Test.bFld Test.iArrFld = -34,0,-235966
Test.fArrFld iArrFld1 = 4675612703572819968,1021
iMeth1_check_sum: -5091354533854943862
vMeth_check_sum: -4078525157071586916
iMeth_check_sum: 7613988315867520936
i i1 i20 = 228,458024480,111
i21 i22 i23 = 4,2,19238
f2 i24 i25 = 1082130432,116,23809
i26 d3 = 1,4632556238125203183
Test.instanceCount Test.sFld Test.byFld = 4,-7298,-76
Test.byFld1 Test.bFld Test.iArrFld = -34,0,-235966
Test.fArrFld iArrFld1 = 4675612703572819968,1021
iMeth1_check_sum: -6788472711806591816
vMeth_check_sum: -5438033542762115888
iMeth_check_sum: 4003069729920177376
i i1 i20 = 228,458024480,111
i21 i22 i23 = 4,2,19238
f2 i24 i25 = 1082130432,116,23809
i26 d3 = 1,4632556238125203183
Test.instanceCount Test.sFld Test.byFld = 4,-7298,-76
Test.byFld1 Test.bFld Test.iArrFld = -34,0,-235966
Test.fArrFld iArrFld1 = 4675612703572819968,1021
iMeth1_check_sum: -8485590889758239770
vMeth_check_sum: -6797541928452644860
iMeth_check_sum: 392151143972833816
i i1 i20 = 228,458024480,111
i21 i22 i23 = 4,2,19238
f2 i24 i25 = 1082130432,116,23809
i26 d3 = 1,4632556238125203183
Test.instanceCount Test.sFld Test.byFld = 4,-7298,-76
Test.byFld1 Test.bFld Test.iArrFld = -34,0,-235966
Test.fArrFld iArrFld1 = 4675612703572819968,1021
iMeth1_check_sum: 8264035005999663892
vMeth_check_sum: -8157050314143173832
iMeth_check_sum: -3218767441974509744
i i1 i20 = 228,458024480,111
i21 i22 i23 = 4,2,19238
f2 i24 i25 = 1082130432,116,23809
i26 d3 = 1,4632556238125203183
Test.instanceCount Test.sFld Test.byFld = 4,-7298,-76
Test.byFld1 Test.bFld Test.iArrFld = -34,0,-235966
Test.fArrFld iArrFld1 = 4675612703572819968,1021
iMeth1_check_sum: 6566916828048015938
vMeth_check_sum: 8930185373875848812
iMeth_check_sum: -6829686027921853304
i i1 i20 = 228,458024480,111
i21 i22 i23 = 4,2,19238
f2 i24 i25 = 1082130432,116,23809
i26 d3 = 1,4632556238125203183
Test.instanceCount Test.sFld Test.byFld = 4,-7298,-76
Test.byFld1 Test.bFld Test.iArrFld = -34,0,-235966
Test.fArrFld iArrFld1 = 4675612703572819968,1021
iMeth1_check_sum: 4869798650096367984
vMeth_check_sum: 7570676988185319840
iMeth_check_sum: 8006139459840354752
i i1 i20 = 228,458024480,111
i21 i22 i23 = 4,2,19238
f2 i24 i25 = 1082130432,116,23809
i26 d3 = 1,4632556238125203183
Test.instanceCount Test.sFld Test.byFld = 4,-7298,-76
Test.byFld1 Test.bFld Test.iArrFld = -34,0,-235966
Test.fArrFld iArrFld1 = 4675612703572819968,1021
iMeth1_check_sum: 3172680472144720030
vMeth_check_sum: 6211168602494790868
iMeth_check_sum: 4395220873893011192
i i1 i20 = 228,458024480,111
i21 i22 i23 = 4,2,19238
f2 i24 i25 = 1082130432,116,23809
i26 d3 = 1,4632556238125203183
Test.instanceCount Test.sFld Test.byFld = 4,-7298,-76
Test.byFld1 Test.bFld Test.iArrFld = -34,0,-235966
Test.fArrFld iArrFld1 = 4675612703572819968,1021
iMeth1_check_sum: 1475562294193072076
vMeth_check_sum: 4851660216804261896
iMeth_check_sum: 784302287945667632
