i14 i15 i16 = 254,-16785718,253
i17 f2 i18 = 1396751880,1075188859,-23
i19 i20 lArr1 = -186,-40013,4611686040873265447
Test.instanceCount Test.dFld Test.iFld = 1818248298179758564,9218868437227405312,-2
iFld1 Test.bFld Test.iArrFld = 2139090640,1,14792
vMeth_check_sum: -9223372035298939603
iMeth_check_sum: -7809
lMeth_check_sum: 68354
i14 i15 i16 = 254,-16785718,253
i17 f2 i18 = 1396751880,1075188859,-23
i19 i20 lArr1 = -186,-40013,192153608318916931
Test.instanceCount Test.dFld Test.iFld = 1818248298179373198,9218868437227405312,2
iFld1 Test.bFld Test.iArrFld = 2139090640,1,17691819
vMeth_check_sum: 3111647530
iMeth_check_sum: -15618
lMeth_check_sum: 136704
i14 i15 i16 = 254,-16785718,253
i17 f2 i18 = 1396751880,1075188859,-23
i19 i20 lArr1 = -186,-40013,4611686040873265447
Test.instanceCount Test.dFld Test.iFld = 1818248298178987828,9218868437227405312,-2
iFld1 Test.bFld Test.iArrFld = 2139090640,1,17690459
vMeth_check_sum: -9223372015074617921
iMeth_check_sum: -23427
lMeth_check_sum: 205058
i14 i15 i16 = 254,-16785718,253
i17 f2 i18 = 1396751880,1075188859,-23
i19 i20 lArr1 = -186,-40013,192153608318916931
Test.instanceCount Test.dFld Test.iFld = 1818248298178602462,9218868437227405312,2
iFld1 Test.bFld Test.iArrFld = 2139090640,1,17688820
vMeth_check_sum: 40448644564
iMeth_check_sum: -31236
lMeth_check_sum: 273408
i14 i15 i16 = 254,-16785718,253
i17 f2 i18 = 1396751880,1075188859,-23
i19 i20 lArr1 = -186,-40013,4611686040873265447
Test.instanceCount Test.dFld Test.iFld = 1818248298178217092,9218868437227405312,-2
iFld1 Test.bFld Test.iArrFld = 2139090640,1,17687186
vMeth_check_sum: -9223371977737668247
iMeth_check_sum: -39045
lMeth_check_sum: 341762
i14 i15 i16 = 254,-16785718,253
i17 f2 i18 = 1396751880,1075188859,-23
i19 i20 lArr1 = -186,-40013,192153608318916931
Test.instanceCount Test.dFld Test.iFld = 1818248298177831726,9218868437227405312,2
iFld1 Test.bFld Test.iArrFld = 2139090640,1,17685615
vMeth_check_sum: 77785546878
iMeth_check_sum: -46854
lMeth_check_sum: 410112
i14 i15 i16 = 254,-16785718,253
i17 f2 i18 = 1396751880,1075188859,-23
i19 i20 lArr1 = -186,-40013,4611686040873265447
Test.instanceCount Test.dFld Test.iFld = 1818248298177446356,9218868437227405312,-2
iFld1 Test.bFld Test.iArrFld = 2139090640,1,17683794
vMeth_check_sum: -9223371940400813293
iMeth_check_sum: -54663
lMeth_check_sum: 478466
i14 i15 i16 = 254,-16785718,253
i17 f2 i18 = 1396751880,1075188859,-23
i19 i20 lArr1 = -186,-40013,192153608318916931
Test.instanceCount Test.dFld Test.iFld = 1818248298177060990,9218868437227405312,2
iFld1 Test.bFld Test.iArrFld = 2139090640,1,17681941
vMeth_check_sum: 115122354472
iMeth_check_sum: -62472
lMeth_check_sum: 546816
i14 i15 i16 = 254,-16785718,253
i17 f2 i18 = 1396751880,1075188859,-23
i19 i20 lArr1 = -186,-40013,4611686040873265447
Test.instanceCount Test.dFld Test.iFld = 1818248298176675620,9218868437227405312,-2
iFld1 Test.bFld Test.iArrFld = 2139090640,1,17679987
vMeth_check_sum: -9223371903064053059
iMeth_check_sum: -70281
lMeth_check_sum: 615170
i14 i15 i16 = 254,-16785718,253
i17 f2 i18 = 1396751880,1075188859,-23
i19 i20 lArr1 = -186,-40013,192153608318916931
Test.instanceCount Test.dFld Test.iFld = 1818248298176290254,9218868437227405312,2
iFld1 Test.bFld Test.iArrFld = 2139090640,1,17677939
vMeth_check_sum: 152459067346
iMeth_check_sum: -78090
lMeth_check_sum: 683520
