i14 i15 i16 = 254,-16785718,253
i17 f2 i18 = 1396751880,1075188859,-23
i19 i20 lArr1 = -186,-40013,4611686040873265447
Test.instanceCount Test.dFld Test.iFld = 1818248298179758564,9218868437227405312,-2
iFld1 Test.bFld Test.iArrFld = 2139090640,1,14792
vMeth_check_sum: 1555836181
iMeth_check_sum: -7677
lMeth_check_sum: 68354
i14 i15 i16 = 254,-16785718,253
i17 f2 i18 = 1396751880,1075188859,-23
i19 i20 lArr1 = -186,-40013,192153608318916931
Test.instanceCount Test.dFld Test.iFld = 1818248298179373198,9218868437227405312,2
iFld1 Test.bFld Test.iArrFld = 2139090640,1,17691819
vMeth_check_sum: 3111647482
iMeth_check_sum: -15354
lMeth_check_sum: 136704
i14 i15 i16 = 254,-16785718,253
i17 f2 i18 = 1396751880,1075188859,-23
i19 i20 lArr1 = -186,-40013,4611686040873265447
Test.instanceCount Test.dFld Test.iFld = 1818248298178987828,9218868437227405312,-2
iFld1 Test.bFld Test.iArrFld = 2139090640,1,17690459
vMeth_check_sum: 21780157815
iMeth_check_sum: -23031
lMeth_check_sum: 205058
i14 i15 i16 = 254,-16785718,253
i17 f2 i18 = 1396751880,1075188859,-23
i19 i20 lArr1 = -186,-40013,192153608318916931
Test.instanceCount Test.dFld Test.iFld = 1818248298178602462,9218868437227405312,2
iFld1 Test.bFld Test.iArrFld = 2139090640,1,17688820
vMeth_check_sum: 40448644468
iMeth_check_sum: -30708
lMeth_check_sum: 273408
i14 i15 i16 = 254,-16785718,253
i17 f2 i18 = 1396751880,1075188859,-23
i19 i20 lArr1 = -186,-40013,4611686040873265447
Test.instanceCount Test.dFld Test.iFld = 1818248298178217092,9218868437227405312,-2
iFld1 Test.bFld Test.iArrFld = 2139090640,1,17687186
vMeth_check_sum: 59117107441
iMeth_check_sum: -38385
lMeth_check_sum: 341762
i14 i15 i16 = 254,-16785718,253
i17 f2 i18 = 1396751880,1075188859,-23
i19 i20 lArr1 = -186,-40013,192153608318916931
Test.instanceCount Test.dFld Test.iFld = 1818248298177831726,9218868437227405312,2
iFld1 Test.bFld Test.iArrFld = 2139090640,1,17685615
vMeth_check_sum: 77785546734
iMeth_check_sum: -46062
lMeth_check_sum: 410112
i14 i15 i16 = 254,-16785718,253
i17 f2 i18 = 1396751880,1075188859,-23
i19 i20 lArr1 = -186,-40013,4611686040873265447
Test.instanceCount Test.dFld Test.iFld = 1818248298177446356,9218868437227405312,-2
iFld1 Test.bFld Test.iArrFld = 2139090640,1,17683794
vMeth_check_sum: 96453962347
iMeth_check_sum: -53739
lMeth_check_sum: 478466
i14 i15 i16 = 254,-16785718,253
i17 f2 i18 = 1396751880,1075188859,-23
i19 i20 lArr1 = -186,-40013,192153608318916931
Test.instanceCount Test.dFld Test.iFld = 1818248298177060990,9218868437227405312,2
iFld1 Test.bFld Test.iArrFld = 2139090640,1,17681941
vMeth_check_sum: 115122354280
iMeth_check_sum: -61416
lMeth_check_sum: 546816
i14 i15 i16 = 254,-16785718,253
i17 f2 i18 = 1396751880,1075188859,-23
i19 i20 lArr1 = -186,-40013,4611686040873265447
Test.instanceCount Test.dFld Test.iFld = 1818248298176675620,9218868437227405312,-2
iFld1 Test.bFld Test.iArrFld = 2139090640,1,17679987
vMeth_check_sum: 133790722533
iMeth_check_sum: -69093
lMeth_check_sum: 615170
i14 i15 i16 = 254,-16785718,253
i17 f2 i18 = 1396751880,1075188859,-23
i19 i20 lArr1 = -186,-40013,192153608318916931
Test.instanceCount Test.dFld Test.iFld = 1818248298176290254,9218868437227405312,2
iFld1 Test.bFld Test.iArrFld = 2139090640,1,17677939
vMeth_check_sum: 152459067106
iMeth_check_sum: -76770
lMeth_check_sum: 683520
