i d i1 = 0,4643668612656136192,2
i19 by2 i20 = -55103,2,2
i21 d3 f4 = -11213549,0,0
i22 i23 i24 = 359,2,74
i25 s i26 = 76,17022,1
i27 fArr1 = 34692,4635089993061105664
Test.instanceCount bFld Test.iArrFld = 0,0,91821182
Test.lArrFld = 35830
iMeth1_check_sum: 6043639182315742150
vMeth_check_sum: 923845024716895167
iMeth_check_sum: -4605059787315654463
i d i1 = 0,4643668612656136192,2
i19 by2 i20 = -55103,2,2
i21 d3 f4 = -11213549,0,0
i22 i23 i24 = 359,2,74
i25 s i26 = 76,17022,1
i27 fArr1 = 34692,4635089993061105664
Test.instanceCount bFld Test.iArrFld = 0,0,806995
Test.lArrFld = 35830
iMeth1_check_sum: -6359469965428394475
vMeth_check_sum: -4471622463648290562
iMeth_check_sum: -4605059199064325546
i d i1 = 0,4643668612656136192,2
i19 by2 i20 = -55103,2,2
i21 d3 f4 = -11213549,0,0
i22 i23 i24 = 359,2,74
i25 s i26 = 76,17022,1
i27 fArr1 = 34692,4635089993061105664
Test.instanceCount bFld Test.iArrFld = 0,0,812404
Test.lArrFld = 35830
iMeth1_check_sum: -315835039462979484
vMeth_check_sum: 8579654121696075325
iMeth_check_sum: -4605058610812996629
i d i1 = 0,4643668612656136192,2
i19 by2 i20 = -55103,2,2
i21 d3 f4 = -11213549,0,0
i22 i23 i24 = 359,2,74
i25 s i26 = 76,17022,1
i27 fArr1 = 34692,4635089993061105664
Test.instanceCount bFld Test.iArrFld = 0,0,818679
Test.lArrFld = 35830
iMeth1_check_sum: 5727799886502435507
vMeth_check_sum: 3184186633330889596
iMeth_check_sum: -4605058022561667712
i d i1 = 0,4643668612656136192,2
i19 by2 i20 = -55103,2,2
i21 d3 f4 = -11213549,0,0
i22 i23 i24 = 359,2,74
i25 s i26 = 76,17022,1
i27 fArr1 = 34692,4635089993061105664
Test.instanceCount bFld Test.iArrFld = 0,0,824545
Test.lArrFld = 35830
iMeth1_check_sum: -6675309261241701118
vMeth_check_sum: -2211280855034296133
iMeth_check_sum: -4605057434310338795
i d i1 = 0,4643668612656136192,2
i19 by2 i20 = -55103,2,2
i21 d3 f4 = -11213549,0,0
i22 i23 i24 = 359,2,74
i25 s i26 = 76,17022,1
i27 fArr1 = 34692,4635089993061105664
Test.instanceCount bFld Test.iArrFld = 0,0,830731
Test.lArrFld = 35830
iMeth1_check_sum: -631674335276286127
vMeth_check_sum: -7606748343399481862
iMeth_check_sum: -4605056846059009878
i d i1 = 0,4643668612656136192,2
i19 by2 i20 = -55103,2,2
i21 d3 f4 = -11213549,0,0
i22 i23 i24 = 359,2,74
i25 s i26 = 76,17022,1
i27 fArr1 = 34692,4635089993061105664
Test.instanceCount bFld Test.iArrFld = 0,0,837806
Test.lArrFld = 35830
iMeth1_check_sum: 5411960590689128864
vMeth_check_sum: 5444528241944884025
iMeth_check_sum: -4605056257807680961
i d i1 = 0,4643668612656136192,2
i19 by2 i20 = -55103,2,2
i21 d3 f4 = -11213549,0,0
i22 i23 i24 = 359,2,74
i25 s i26 = 76,17022,1
i27 fArr1 = 34692,4635089993061105664
Test.instanceCount bFld Test.iArrFld = 0,0,844060
Test.lArrFld = 35830
iMeth1_check_sum: -6991148557055007761
vMeth_check_sum: 49060753579698296
iMeth_check_sum: -4605055669556352044
i d i1 = 0,4643668612656136192,2
i19 by2 i20 = -55103,2,2
i21 d3 f4 = -11213549,0,0
i22 i23 i24 = 359,2,74
i25 s i26 = 76,17022,1
i27 fArr1 = 34692,4635089993061105664
Test.instanceCount bFld Test.iArrFld = 0,0,849877
Test.lArrFld = 35830
iMeth1_check_sum: -947513631089592770
vMeth_check_sum: -5346406734785487433
iMeth_check_sum: -4605055081305023127
i d i1 = 0,4643668612656136192,2
i19 by2 i20 = -55103,2,2
i21 d3 f4 = -11213549,0,0
i22 i23 i24 = 359,2,74
i25 s i26 = 76,17022,1
i27 fArr1 = 34692,4635089993061105664
Test.instanceCount bFld Test.iArrFld = 0,0,856507
Test.lArrFld = 35830
iMeth1_check_sum: 5096121294875822221
vMeth_check_sum: 7704869850558878454
iMeth_check_sum: -4605054493053694210
