s i25 i26 = 625,1,17
i27 i28 i29 = -6,8,19569
i30 i31 i32 = -6,-13,-36174
i33 lArr2 = -26243,-8861048324
Test.instanceCount iFld Test.fFld = 169,28305,1127919714
Test.bFld Test.dFld byFld = 1,4607051904482816211,0
iFld1 Test.fFld1 iArrFld = -6207,1099509531,0
vMeth_check_sum: 113925121205029932
iMeth_check_sum: 4714649888027582202
bMeth_check_sum: -2202532391522313900
s i25 i26 = 28933,1,17
i27 i28 i29 = -6,8,19569
i30 i31 i32 = -6,-13,-36174
i33 lArr2 = -26243,-8861048324
Test.instanceCount iFld Test.fFld = 169,1024,1136351281
Test.bFld Test.dFld byFld = 1,4607051904482816211,0
iFld1 Test.fFld1 iArrFld = -6207,1099509531,0
vMeth_check_sum: 227850242410059864
iMeth_check_sum: -9017444297654387212
bMeth_check_sum: -4405064783044627841
s i25 i26 = 1652,1,17
i27 i28 i29 = -6,8,19569
i30 i31 i32 = -6,-13,-36174
i33 lArr2 = -26243,-8861048324
Test.instanceCount iFld Test.fFld = 169,1024,1141681176
Test.bFld Test.dFld byFld = 1,4607051904482816211,0
iFld1 Test.fFld1 iArrFld = -6207,1099509531,0
vMeth_check_sum: 341775363615089796
iMeth_check_sum: -4302794409626805010
bMeth_check_sum: -6607597174566941689
s i25 i26 = 1652,1,17
i27 i28 i29 = -6,8,19569
i30 i31 i32 = -6,-13,-36174
i33 lArr2 = -26243,-8861048324
Test.instanceCount iFld Test.fFld = 169,1024,1144761368
Test.bFld Test.dFld byFld = 1,4607051904482816211,0
iFld1 Test.fFld1 iArrFld = -6207,1099509531,0
vMeth_check_sum: 455700484820119728
iMeth_check_sum: 411855478400777192
bMeth_check_sum: -8810129566089255732
s i25 i26 = 1652,1,17
i27 i28 i29 = -6,8,19569
i30 i31 i32 = -6,-13,-36174
i33 lArr2 = -26243,-8861048324
Test.instanceCount iFld Test.fFld = 169,1024,1147841560
Test.bFld Test.dFld byFld = 1,4607051904482816211,0
iFld1 Test.fFld1 iArrFld = -6207,1099509531,0
vMeth_check_sum: 569625606025149660
iMeth_check_sum: 5126505366428359394
bMeth_check_sum: 7434082116097981870
s i25 i26 = 1652,1,17
i27 i28 i29 = -6,8,19569
i30 i31 i32 = -6,-13,-36174
i33 lArr2 = -26243,-8861048324
Test.instanceCount iFld Test.fFld = 169,1024,1150080524
Test.bFld Test.dFld byFld = 1,4607051904482816211,0
iFld1 Test.fFld1 iArrFld = -6207,1099509531,0
vMeth_check_sum: 683550727230179592
iMeth_check_sum: -8605588819253610020
bMeth_check_sum: 5231549724575667853
s i25 i26 = 1652,1,17
i27 i28 i29 = -6,8,19569
i30 i31 i32 = -6,-13,-36174
i33 lArr2 = -26243,-8861048324
Test.instanceCount iFld Test.fFld = 169,1024,1151620620
Test.bFld Test.dFld byFld = 1,4607051904482816211,0
iFld1 Test.fFld1 iArrFld = -6207,1099509531,0
vMeth_check_sum: 797475848435209524
iMeth_check_sum: -3890938931226027818
bMeth_check_sum: 3029017333053354057
s i25 i26 = 1652,1,17
i27 i28 i29 = -6,8,19569
i30 i31 i32 = -6,-13,-36174
i33 lArr2 = -26243,-8861048324
Test.instanceCount iFld Test.fFld = 169,1024,1153160716
Test.bFld Test.dFld byFld = 1,4607051904482816211,0
iFld1 Test.fFld1 iArrFld = -6207,1099509531,0
vMeth_check_sum: 911400969640239456
iMeth_check_sum: 823710956801554384
bMeth_check_sum: 826484941531040194
s i25 i26 = 1652,1,17
i27 i28 i29 = -6,8,19569
i30 i31 i32 = -6,-13,-36174
i33 lArr2 = -26243,-8861048324
Test.instanceCount iFld Test.fFld = 169,1024,1154700812
Test.bFld Test.dFld byFld = 1,4607051904482816211,0
iFld1 Test.fFld1 iArrFld = -6207,1099509531,0
vMeth_check_sum: 1025326090845269388
iMeth_check_sum: 5538360844829136586
bMeth_check_sum: -1376047449991273768
s i25 i26 = 1652,1,17
i27 i28 i29 = -6,8,19569
i30 i31 i32 = -6,-13,-36174
i33 lArr2 = -26243,-8861048324
Test.instanceCount iFld Test.fFld = 169,1024,1156240908
Test.bFld Test.dFld byFld = 1,4607051904482816211,0
iFld1 Test.fFld1 iArrFld = -6207,1099509531,0
vMeth_check_sum: 1139251212050299320
iMeth_check_sum: -8193733340852832828
bMeth_check_sum: -3578579841513587606
