i f3 i14 = 1821459063,-8388608,278
i15 i16 d1 = 0,91,9221120237041090560
i17 i18 i19 = 91,16819436,-66
i20 i21 i22 = 2,-2147483648,-2
i23 fArr byArr = -19,4675707382597353472,-54
lArr1 = -212859
Test.instanceCount Test.iFld Test.bFld = 1923037040920840664,831984109,1
Test.byFld iArrFld = -98,-13688752
dMeth_check_sum: -4493085994063135170
vMeth1_check_sum: 1073663438
vMeth_check_sum: 414961585
i f3 i14 = 1821459063,-8388608,278
i15 i16 d1 = 0,91,9221120237041090560
i17 i18 i19 = 91,16819436,-66
i20 i21 i22 = 2,-2147483648,-2
i23 fArr byArr = -19,4675707382597353472,-54
lArr1 = -212859
Test.instanceCount Test.iFld Test.bFld = 1923037040920840664,831984109,1
Test.byFld iArrFld = -98,-13688752
dMeth_check_sum: -8986171988126270340
vMeth1_check_sum: 2147326876
vMeth_check_sum: 829923170
i f3 i14 = 1821459063,-8388608,278
i15 i16 d1 = 0,91,9221120237041090560
i17 i18 i19 = 91,16819436,-66
i20 i21 i22 = 2,-2147483648,-2
i23 fArr byArr = -19,4675707382597353472,-54
lArr1 = -212859
Test.instanceCount Test.iFld Test.bFld = 1923037040920840664,831984109,1
Test.byFld iArrFld = -98,-13688752
dMeth_check_sum: 4967486091520146106
vMeth1_check_sum: 3220990314
vMeth_check_sum: 1244884755
i f3 i14 = 1821459063,-8388608,278
i15 i16 d1 = 0,91,9221120237041090560
i17 i18 i19 = 91,16819436,-66
i20 i21 i22 = 2,-2147483648,-2
i23 fArr byArr = -19,4675707382597353472,-54
lArr1 = -212859
Test.instanceCount Test.iFld Test.bFld = 1923037040920840664,831984109,1
Test.byFld iArrFld = -98,-13688752
dMeth_check_sum: 474400097457010936
vMeth1_check_sum: 4294653752
vMeth_check_sum: 1659846340
i f3 i14 = 1821459063,-8388608,278
i15 i16 d1 = 0,91,9221120237041090560
i17 i18 i19 = 91,16819436,-66
i20 i21 i22 = 2,-2147483648,-2
i23 fArr byArr = -19,4675707382597353472,-54
lArr1 = -212859
Test.instanceCount Test.iFld Test.bFld = 1923037040920840664,831984109,1
Test.byFld iArrFld = -98,-13688752
dMeth_check_sum: -4018685896606124234
vMeth1_check_sum: 5368317190
vMeth_check_sum: 2074807925
i f3 i14 = 1821459063,-8388608,278
i15 i16 d1 = 0,91,9221120237041090560
i17 i18 i19 = 91,16819436,-66
i20 i21 i22 = 2,-2147483648,-2
i23 fArr byArr = -19,4675707382597353472,-54
lArr1 = -212859
Test.instanceCount Test.iFld Test.bFld = 1923037040920840664,831984109,1
Test.byFld iArrFld = -98,-13688752
dMeth_check_sum: -8511771890669259404
vMeth1_check_sum: 6441980628
vMeth_check_sum: 2489769510
i f3 i14 = 1821459063,-8388608,278
i15 i16 d1 = 0,91,9221120237041090560
i17 i18 i19 = 91,16819436,-66
i20 i21 i22 = 2,-2147483648,-2
i23 fArr byArr = -19,4675707382597353472,-54
lArr1 = -212859
Test.instanceCount Test.iFld Test.bFld = 1923037040920840664,831984109,1
Test.byFld iArrFld = -98,-13688752
dMeth_check_sum: 5441886188977157042
vMeth1_check_sum: 7515644066
vMeth_check_sum: 2904731095
i f3 i14 = 1821459063,-8388608,278
i15 i16 d1 = 0,91,9221120237041090560
i17 i18 i19 = 91,16819436,-66
i20 i21 i22 = 2,-2147483648,-2
i23 fArr byArr = -19,4675707382597353472,-54
lArr1 = -212859
Test.instanceCount Test.iFld Test.bFld = 1923037040920840664,831984109,1
Test.byFld iArrFld = -98,-13688752
dMeth_check_sum: 948800194914021872
vMeth1_check_sum: 8589307504
vMeth_check_sum: 3319692680
i f3 i14 = 1821459063,-8388608,278
i15 i16 d1 = 0,91,9221120237041090560
i17 i18 i19 = 91,16819436,-66
i20 i21 i22 = 2,-2147483648,-2
i23 fArr byArr = -19,4675707382597353472,-54
lArr1 = -212859
Test.instanceCount Test.iFld Test.bFld = 1923037040920840664,831984109,1
Test.byFld iArrFld = -98,-13688752
dMeth_check_sum: -3544285799149113298
vMeth1_check_sum: 9662970942
vMeth_check_sum: 3734654265
i f3 i14 = 1821459063,-8388608,278
i15 i16 d1 = 0,91,9221120237041090560
i17 i18 i19 = 91,16819436,-66
i20 i21 i22 = 2,-2147483648,-2
i23 fArr byArr = -19,4675707382597353472,-54
lArr1 = -212859
Test.instanceCount Test.iFld Test.bFld = 1923037040920840664,831984109,1
Test.byFld iArrFld = -98,-13688752
dMeth_check_sum: -8037371793212248468
vMeth1_check_sum: 10736634380
vMeth_check_sum: 4149615850
