i i1 by = 1570800,1562954,-11
i2 f i14 = 133,-8388608,212
i15 i16 i17 = 28123,126,-2787510
i18 i19 lArr = 2,126,-421385
fArr1 iArr3 = 4670203473099325440,9925200
Test.instanceCount Test.iFld Test.bFld = 1570800,2147483647,1
sFld dFld lFld = -53,4624975527312309008,39544
iFld1 iArrFld byArrFld = 50,0,0
vMeth1_check_sum: 208886192427220
fMeth_check_sum: -848652089768331680
vMeth_check_sum: -7995683
i i1 by = 1570800,1562954,-11
i2 f i14 = 133,-8388608,212
i15 i16 i17 = 28123,126,-2787510
i18 i19 lArr = 2,126,-421385
fArr1 iArr3 = 4670203473099325440,9925200
Test.instanceCount Test.iFld Test.bFld = 1570800,2147483647,1
sFld dFld lFld = -53,4624975527312309008,39544
iFld1 iArrFld byArrFld = 50,0,0
vMeth1_check_sum: 417772384854440
fMeth_check_sum: -1697304179520740770
vMeth_check_sum: -15991366
i i1 by = 1570800,1562954,-11
i2 f i14 = 133,-8388608,212
i15 i16 i17 = 28123,126,-2787510
i18 i19 lArr = 2,126,-421385
fArr1 iArr3 = 4670203473099325440,9925200
Test.instanceCount Test.iFld Test.bFld = 1570800,2147483647,1
sFld dFld lFld = -53,4624975527312309008,39544
iFld1 iArrFld byArrFld = 50,0,0
vMeth1_check_sum: 626658577281660
fMeth_check_sum: -2545956269273149860
vMeth_check_sum: -23987049
i i1 by = 1570800,1562954,-11
i2 f i14 = 133,-8388608,212
i15 i16 i17 = 28123,126,-2787510
i18 i19 lArr = 2,126,-421385
fArr1 iArr3 = 4670203473099325440,9925200
Test.instanceCount Test.iFld Test.bFld = 1570800,2147483647,1
sFld dFld lFld = -53,4624975527312309008,39544
iFld1 iArrFld byArrFld = 50,0,0
vMeth1_check_sum: 835544769708880
fMeth_check_sum: -3394608359025558950
vMeth_check_sum: -31982732
i i1 by = 1570800,1562954,-11
i2 f i14 = 133,-8388608,212
i15 i16 i17 = 28123,126,-2787510
i18 i19 lArr = 2,126,-421385
fArr1 iArr3 = 4670203473099325440,9925200
Test.instanceCount Test.iFld Test.bFld = 1570800,2147483647,1
sFld dFld lFld = -53,4624975527312309008,39544
iFld1 iArrFld byArrFld = 50,0,0
vMeth1_check_sum: 1044430962136100
fMeth_check_sum: -4243260448777968040
vMeth_check_sum: -39978415
i i1 by = 1570800,1562954,-11
i2 f i14 = 133,-8388608,212
i15 i16 i17 = 28123,126,-2787510
i18 i19 lArr = 2,126,-421385
fArr1 iArr3 = 4670203473099325440,9925200
Test.instanceCount Test.iFld Test.bFld = 1570800,2147483647,1
sFld dFld lFld = -53,4624975527312309008,39544
iFld1 iArrFld byArrFld = 50,0,0
vMeth1_check_sum: 1253317154563320
fMeth_check_sum: -5091912538530377130
vMeth_check_sum: -47974098
i i1 by = 1570800,1562954,-11
i2 f i14 = 133,-8388608,212
i15 i16 i17 = 28123,126,-2787510
i18 i19 lArr = 2,126,-421385
fArr1 iArr3 = 4670203473099325440,9925200
Test.instanceCount Test.iFld Test.bFld = 1570800,2147483647,1
sFld dFld lFld = -53,4624975527312309008,39544
iFld1 iArrFld byArrFld = 50,0,0
vMeth1_check_sum: 1462203346990540
fMeth_check_sum: -5940564628282786220
vMeth_check_sum: -55969781
i i1 by = 1570800,1562954,-11
i2 f i14 = 133,-8388608,212
i15 i16 i17 = 28123,126,-2787510
i18 i19 lArr = 2,126,-421385
fArr1 iArr3 = 4670203473099325440,9925200
Test.instanceCount Test.iFld Test.bFld = 1570800,2147483647,1
sFld dFld lFld = -53,4624975527312309008,39544
iFld1 iArrFld byArrFld = 50,0,0
vMeth1_check_sum: 1671089539417760
fMeth_check_sum: -6789216718035195310
vMeth_check_sum: -63965464
i i1 by = 1570800,1562954,-11
i2 f i14 = 133,-8388608,212
i15 i16 i17 = 28123,126,-2787510
i18 i19 lArr = 2,126,-421385
fArr1 iArr3 = 4670203473099325440,9925200
Test.instanceCount Test.iFld Test.bFld = 1570800,2147483647,1
sFld dFld lFld = -53,4624975527312309008,39544
iFld1 iArrFld byArrFld = 50,0,0
vMeth1_check_sum: 1879975731844980
fMeth_check_sum: -7637868807787604400
vMeth_check_sum: -71961147
i i1 by = 1570800,1562954,-11
i2 f i14 = 133,-8388608,212
i15 i16 i17 = 28123,126,-2787510
i18 i19 lArr = 2,126,-421385
fArr1 iArr3 = 4670203473099325440,9925200
Test.instanceCount Test.iFld Test.bFld = 1570800,2147483647,1
sFld dFld lFld = -53,4624975527312309008,39544
iFld1 iArrFld byArrFld = 50,0,0
vMeth1_check_sum: 2088861924272200
fMeth_check_sum: -8486520897540013490
vMeth_check_sum: -79956830
