l i i11 = 272,0,93
i12 f1 i13 = 92,1227413612,7
i14 i15 i16 = 7,44204,0
byArr1 = -3214
Test.instanceCount Test.sFld Test.byFld = -6125567905303634673,271,-108
Test.bFld Test.iArrFld Test.lArrFld = 0,-9763,3336850141137879124
iMeth1_check_sum: 6380045248527613650
vMeth_check_sum: 65566781868400
iMeth_check_sum: 7355649712925705306
l i i11 = 272,0,93
i12 f1 i13 = 92,1227413612,7
i14 i15 i16 = 7,44204,0
byArr1 = -3214
Test.instanceCount Test.sFld Test.byFld = -6125567905303634673,271,-108
Test.bFld Test.iArrFld Test.lArrFld = 0,-9763,3336850141137879124
iMeth1_check_sum: -5686653576883470972
vMeth_check_sum: 131135396910048
iMeth_check_sum: -3735444647858141004
l i i11 = 272,0,93
i12 f1 i13 = 92,1227413612,7
i14 i15 i16 = 7,44204,0
byArr1 = -3214
Test.instanceCount Test.sFld Test.byFld = -6125567905303634673,271,-108
Test.bFld Test.iArrFld Test.lArrFld = 0,-9763,3336850141137879124
iMeth1_check_sum: 693391671414996022
vMeth_check_sum: 196704011951696
iMeth_check_sum: 3620205065067564302
l i i11 = 272,0,93
i12 f1 i13 = 92,1227413612,7
i14 i15 i16 = 7,44204,0
byArr1 = -3214
Test.instanceCount Test.sFld Test.byFld = -6125567905303634673,271,-108
Test.bFld Test.iArrFld Test.lArrFld = 0,-9763,3336850141137879124
iMeth1_check_sum: 7073436919713463016
vMeth_check_sum: 262272626993344
iMeth_check_sum: -7470889295716282008
l i i11 = 272,0,93
i12 f1 i13 = 92,1227413612,7
i14 i15 i16 = 7,44204,0
byArr1 = -3214
Test.instanceCount Test.sFld Test.byFld = -6125567905303634673,271,-108
Test.bFld Test.iArrFld Test.lArrFld = 0,-9763,3336850141137879124
iMeth1_check_sum: -4993261905697621606
vMeth_check_sum: 327841242034992
iMeth_check_sum: -115239582790576702
l i i11 = 272,0,93
i12 f1 i13 = 92,1227413612,7
i14 i15 i16 = 7,44204,0
byArr1 = -3214
Test.instanceCount Test.sFld Test.byFld = -6125567905303634673,271,-108
Test.bFld Test.iArrFld Test.lArrFld = 0,-9763,3336850141137879124
iMeth1_check_sum: 1386783342600845388
vMeth_check_sum: 393409857076640
iMeth_check_sum: 7240410130135128604
l i i11 = 272,0,93
i12 f1 i13 = 92,1227413612,7
i14 i15 i16 = 7,44204,0
byArr1 = -3214
Test.instanceCount Test.sFld Test.byFld = -6125567905303634673,271,-108
Test.bFld Test.iArrFld Test.lArrFld = 0,-9763,3336850141137879124
iMeth1_check_sum: 7766828590899312382
vMeth_check_sum: 458978472118288
iMeth_check_sum: -3850684230648717706
l i i11 = 272,0,93
i12 f1 i13 = 92,1227413612,7
i14 i15 i16 = 7,44204,0
byArr1 = -3214
Test.instanceCount Test.sFld Test.byFld = -6125567905303634673,271,-108
Test.bFld Test.iArrFld Test.lArrFld = 0,-9763,3336850141137879124
iMeth1_check_sum: -4299870234511772240
vMeth_check_sum: 524547087159936
iMeth_check_sum: 3504965482276987600
l i i11 = 272,0,93
i12 f1 i13 = 92,1227413612,7
i14 i15 i16 = 7,44204,0
byArr1 = -3214
Test.instanceCount Test.sFld Test.byFld = -6125567905303634673,271,-108
Test.bFld Test.iArrFld Test.lArrFld = 0,-9763,3336850141137879124
iMeth1_check_sum: 2080175013786694754
vMeth_check_sum: 590115702201584
iMeth_check_sum: -7586128878506858710
l i i11 = 272,0,93
i12 f1 i13 = 92,1227413612,7
i14 i15 i16 = 7,44204,0
byArr1 = -3214
Test.instanceCount Test.sFld Test.byFld = -6125567905303634673,271,-108
Test.bFld Test.iArrFld Test.lArrFld = 0,-9763,3336850141137879124
iMeth1_check_sum: 8460220262085161748
vMeth_check_sum: 655684317243232
iMeth_check_sum: -230479165581153404
