l i i11 = 272,0,93
i12 f1 i13 = 92,1227413612,7
i14 i15 i16 = 7,44204,0
byArr1 = -3214
Test.instanceCount Test.sFld Test.byFld = -6125567905303634673,271,-108
Test.bFld Test.iArrFld Test.lArrFld = 0,-10023,3336850141137879124
iMeth1_check_sum: 6380045248527615818
vMeth_check_sum: 65566781851056
iMeth_check_sum: 7355649712925705306
l i i11 = 272,0,93
i12 f1 i13 = 92,1227413612,7
i14 i15 i16 = 7,44204,0
byArr1 = -3214
Test.instanceCount Test.sFld Test.byFld = -6125567905303634673,271,-108
Test.bFld Test.iArrFld Test.lArrFld = 0,-10023,3336850141137879124
iMeth1_check_sum: -5686653576883466636
vMeth_check_sum: 131135396875360
iMeth_check_sum: -3735444647858141004
l i i11 = 272,0,93
i12 f1 i13 = 92,1227413612,7
i14 i15 i16 = 7,44204,0
byArr1 = -3214
Test.instanceCount Test.sFld Test.byFld = -6125567905303634673,271,-108
Test.bFld Test.iArrFld Test.lArrFld = 0,-10023,3336850141137879124
iMeth1_check_sum: 693391671415002526
vMeth_check_sum: 196704011899664
iMeth_check_sum: 3620205065067564302
l i i11 = 272,0,93
i12 f1 i13 = 92,1227413612,7
i14 i15 i16 = 7,44204,0
byArr1 = -3214
Test.instanceCount Test.sFld Test.byFld = -6125567905303634673,271,-108
Test.bFld Test.iArrFld Test.lArrFld = 0,-10023,3336850141137879124
iMeth1_check_sum: 7073436919713471688
vMeth_check_sum: 262272626923968
iMeth_check_sum: -7470889295716282008
l i i11 = 272,0,93
i12 f1 i13 = 92,1227413612,7
i14 i15 i16 = 7,44204,0
byArr1 = -3214
Test.instanceCount Test.sFld Test.byFld = -6125567905303634673,271,-108
Test.bFld Test.iArrFld Test.lArrFld = 0,-10023,3336850141137879124
iMeth1_check_sum: -4993261905697610766
vMeth_check_sum: 327841241948272
iMeth_check_sum: -115239582790576702
l i i11 = 272,0,93
i12 f1 i13 = 92,1227413612,7
i14 i15 i16 = 7,44204,0
byArr1 = -3214
Test.instanceCount Test.sFld Test.byFld = -6125567905303634673,271,-108
Test.bFld Test.iArrFld Test.lArrFld = 0,-10023,3336850141137879124
iMeth1_check_sum: 1386783342600858396
vMeth_check_sum: 393409856972576
iMeth_check_sum: 7240410130135128604
l i i11 = 272,0,93
i12 f1 i13 = 92,1227413612,7
i14 i15 i16 = 7,44204,0
byArr1 = -3214
Test.instanceCount Test.sFld Test.byFld = -6125567905303634673,271,-108
Test.bFld Test.iArrFld Test.lArrFld = 0,-10023,3336850141137879124
iMeth1_check_sum: 7766828590899327558
vMeth_check_sum: 458978471996880
iMeth_check_sum: -3850684230648717706
l i i11 = 272,0,93
i12 f1 i13 = 92,1227413612,7
i14 i15 i16 = 7,44204,0
byArr1 = -3214
Test.instanceCount Test.sFld Test.byFld = -6125567905303634673,271,-108
Test.bFld Test.iArrFld Test.lArrFld = 0,-10023,3336850141137879124
iMeth1_check_sum: -4299870234511754896
vMeth_check_sum: 524547087021184
iMeth_check_sum: 3504965482276987600
l i i11 = 272,0,93
i12 f1 i13 = 92,1227413612,7
i14 i15 i16 = 7,44204,0
byArr1 = -3214
Test.instanceCount Test.sFld Test.byFld = -6125567905303634673,271,-108
Test.bFld Test.iArrFld Test.lArrFld = 0,-10023,3336850141137879124
iMeth1_check_sum: 2080175013786714266
vMeth_check_sum: 590115702045488
iMeth_check_sum: -7586128878506858710
l i i11 = 272,0,93
i12 f1 i13 = 92,1227413612,7
i14 i15 i16 = 7,44204,0
byArr1 = -3214
Test.instanceCount Test.sFld Test.byFld = -6125567905303634673,271,-108
Test.bFld Test.iArrFld Test.lArrFld = 0,-10023,3336850141137879124
iMeth1_check_sum: 8460220262085183428
vMeth_check_sum: 655684317069792
iMeth_check_sum: -230479165581153404
