i i1 i20 = 228,458024480,111
i21 i22 i23 = 4,2,19238
f2 i24 i25 = 1082130432,116,23809
i26 d3 = 1,4632556238125203183
Test.instanceCount Test.sFld Test.byFld = 4,-7298,-76
Test.byFld1 Test.bFld Test.iArrFld = -34,0,-235966
Test.fArrFld iArrFld1 = 4675612703572819968,1021
iMeth1_check_sum: -1697118177951647954
vMeth_check_sum: 4259216492900126090
iMeth_check_sum: -3610918585947445012
i i1 i20 = 228,458024480,111
i21 i22 i23 = 4,2,19238
f2 i24 i25 = 1082130432,116,23809
i26 d3 = 1,4632556238125203183
Test.instanceCount Test.sFld Test.byFld = 4,-7298,-76
Test.byFld1 Test.bFld Test.iArrFld = -34,0,-235966
Test.fArrFld iArrFld1 = 4675612703572819968,1021
iMeth1_check_sum: -3394236355903295908
vMeth_check_sum: 8518432985800252180
iMeth_check_sum: -7221837171894788572
i i1 i20 = 228,458024480,111
i21 i22 i23 = 4,2,19238
f2 i24 i25 = 1082130432,116,23809
i26 d3 = 1,4632556238125203183
Test.instanceCount Test.sFld Test.byFld = 4,-7298,-76
Test.byFld1 Test.bFld Test.iArrFld = -34,0,-235966
Test.fArrFld iArrFld1 = 4675612703572819968,1021
iMeth1_check_sum: -5091354533854943862
vMeth_check_sum: -5669094595009173346
iMeth_check_sum: 7613988315867419484
i i1 i20 = 228,458024480,111
i21 i22 i23 = 4,2,19238
f2 i24 i25 = 1082130432,116,23809
i26 d3 = 1,4632556238125203183
Test.instanceCount Test.sFld Test.byFld = 4,-7298,-76
Test.byFld1 Test.bFld Test.iArrFld = -34,0,-235966
Test.fArrFld iArrFld1 = 4675612703572819968,1021
iMeth1_check_sum: -6788472711806591816
vMeth_check_sum: -1409878102109047256
iMeth_check_sum: 4003069729920075924
i i1 i20 = 228,458024480,111
i21 i22 i23 = 4,2,19238
f2 i24 i25 = 1082130432,116,23809
i26 d3 = 1,4632556238125203183
Test.instanceCount Test.sFld Test.byFld = 4,-7298,-76
Test.byFld1 Test.bFld Test.iArrFld = -34,0,-235966
Test.fArrFld iArrFld1 = 4675612703572819968,1021
iMeth1_check_sum: -8485590889758239770
vMeth_check_sum: 2849338390791078834
iMeth_check_sum: 392151143972732364
i i1 i20 = 228,458024480,111
i21 i22 i23 = 4,2,19238
f2 i24 i25 = 1082130432,116,23809
i26 d3 = 1,4632556238125203183
Test.instanceCount Test.sFld Test.byFld = 4,-7298,-76
Test.byFld1 Test.bFld Test.iArrFld = -34,0,-235966
Test.fArrFld iArrFld1 = 4675612703572819968,1021
iMeth1_check_sum: 8264035005999663892
vMeth_check_sum: 7108554883691204924
iMeth_check_sum: -3218767441974611196
i i1 i20 = 228,458024480,111
i21 i22 i23 = 4,2,19238
f2 i24 i25 = 1082130432,116,23809
i26 d3 = 1,4632556238125203183
Test.instanceCount Test.sFld Test.byFld = 4,-7298,-76
Test.byFld1 Test.bFld Test.iArrFld = -34,0,-235966
Test.fArrFld iArrFld1 = 4675612703572819968,1021
iMeth1_check_sum: 6566916828048015938
vMeth_check_sum: -7078972697118220602
iMeth_check_sum: -6829686027921954756
i i1 i20 = 228,458024480,111
i21 i22 i23 = 4,2,19238
f2 i24 i25 = 1082130432,116,23809
i26 d3 = 1,4632556238125203183
Test.instanceCount Test.sFld Test.byFld = 4,-7298,-76
Test.byFld1 Test.bFld Test.iArrFld = -34,0,-235966
Test.fArrFld iArrFld1 = 4675612703572819968,1021
iMeth1_check_sum: 4869798650096367984
vMeth_check_sum: -2819756204218094512
iMeth_check_sum: 8006139459840253300
i i1 i20 = 228,458024480,111
i21 i22 i23 = 4,2,19238
f2 i24 i25 = 1082130432,116,23809
i26 d3 = 1,4632556238125203183
Test.instanceCount Test.sFld Test.byFld = 4,-7298,-76
Test.byFld1 Test.bFld Test.iArrFld = -34,0,-235966
Test.fArrFld iArrFld1 = 4675612703572819968,1021
iMeth1_check_sum: 3172680472144720030
vMeth_check_sum: 1439460288682031578
iMeth_check_sum: 4395220873892909740
i i1 i20 = 228,458024480,111
i21 i22 i23 = 4,2,19238
f2 i24 i25 = 1082130432,116,23809
i26 d3 = 1,4632556238125203183
Test.instanceCount Test.sFld Test.byFld = 4,-7298,-76
Test.byFld1 Test.bFld Test.iArrFld = -34,0,-235966
Test.fArrFld iArrFld1 = 4675612703572819968,1021
iMeth1_check_sum: 1475562294193072076
vMeth_check_sum: 5698676781582157668
iMeth_check_sum: 784302287945566180
