i f i1 = 135,-8388608,1257130116
by3 i20 i21 = 14,186,51760
s2 i22 i23 = 0,186,1
i24 i25 i26 = -14,1,-15920
iArr = 487719311
Test.instanceCount Test.fFld Test.iFld = -177,-8388608,77390
Test.bFld Test.iFld1 dFld = 1,38602,-4598527569921122815
lMeth_check_sum: 1606660014395
vMeth_check_sum: 4408269702250140058
iMeth_check_sum: 7006547304698633196
i f i1 = 135,-8388608,1257130116
by3 i20 i21 = 14,186,51760
s2 i22 i23 = 0,186,1
i24 i25 i26 = -14,1,-15920
iArr = 486089009
Test.instanceCount Test.fFld Test.iFld = -177,-8388608,77390
Test.bFld Test.iFld1 dFld = 1,38602,-4598527569921122815
lMeth_check_sum: 1558817297729
vMeth_check_sum: -432783237738304934
iMeth_check_sum: 4763771966946362702
i f i1 = 135,-8388608,1257130116
by3 i20 i21 = 14,186,51760
s2 i22 i23 = 0,186,1
i24 i25 i26 = -14,1,-15920
iArr = 486089009
Test.instanceCount Test.fFld Test.iFld = -177,-8388608,77390
Test.bFld Test.iFld1 dFld = 1,38602,-4598527569921122815
lMeth_check_sum: 1510974581063
vMeth_check_sum: -5273836177726749926
iMeth_check_sum: 2520996629194092208
i f i1 = 135,-8388608,1257130116
by3 i20 i21 = 14,186,51760
s2 i22 i23 = 0,186,1
i24 i25 i26 = -14,1,-15920
iArr = 486089009
Test.instanceCount Test.fFld Test.iFld = -177,-8388608,77390
Test.bFld Test.iFld1 dFld = 1,38602,-4598527569921122815
lMeth_check_sum: 1463131864397
vMeth_check_sum: 8331854955994356698
iMeth_check_sum: 278221291441821714
i f i1 = 135,-8388608,1257130116
by3 i20 i21 = 14,186,51760
s2 i22 i23 = 0,186,1
i24 i25 i26 = -14,1,-15920
iArr = 486089009
Test.instanceCount Test.fFld Test.iFld = -177,-8388608,77390
Test.bFld Test.iFld1 dFld = 1,38602,-4598527569921122815
lMeth_check_sum: 1415289147731
vMeth_check_sum: 3490802016005911706
iMeth_check_sum: -1964554046310448780
i f i1 = 135,-8388608,1257130116
by3 i20 i21 = 14,186,51760
s2 i22 i23 = 0,186,1
i24 i25 i26 = -14,1,-15920
iArr = 486089009
Test.instanceCount Test.fFld Test.iFld = -177,-8388608,77390
Test.bFld Test.iFld1 dFld = 1,38602,-4598527569921122815
lMeth_check_sum: 1367446431065
vMeth_check_sum: -1350250923982533286
iMeth_check_sum: -4207329384062719274
i f i1 = 135,-8388608,1257130116
by3 i20 i21 = 14,186,51760
s2 i22 i23 = 0,186,1
i24 i25 i26 = -14,1,-15920
iArr = 486089009
Test.instanceCount Test.fFld Test.iFld = -177,-8388608,77390
Test.bFld Test.iFld1 dFld = 1,38602,-4598527569921122815
lMeth_check_sum: 1319603714399
vMeth_check_sum: -6191303863970978278
iMeth_check_sum: -6450104721814989768
i f i1 = 135,-8388608,1257130116
by3 i20 i21 = 14,186,51760
s2 i22 i23 = 0,186,1
i24 i25 i26 = -14,1,-15920
iArr = 486089009
Test.instanceCount Test.fFld Test.iFld = -177,-8388608,77390
Test.bFld Test.iFld1 dFld = 1,38602,-4598527569921122815
lMeth_check_sum: 1271760997733
vMeth_check_sum: 7414387269750128346
iMeth_check_sum: -8692880059567260262
i f i1 = 135,-8388608,1257130116
by3 i20 i21 = 14,186,51760
s2 i22 i23 = 0,186,1
i24 i25 i26 = -14,1,-15920
iArr = 486089009
Test.instanceCount Test.fFld Test.iFld = -177,-8388608,77390
Test.bFld Test.iFld1 dFld = 1,38602,-4598527569921122815
lMeth_check_sum: 1223918281067
vMeth_check_sum: 2573334329761683354
iMeth_check_sum: 7511088676390020860
i f i1 = 135,-8388608,1257130116
by3 i20 i21 = 14,186,51760
s2 i22 i23 = 0,186,1
i24 i25 i26 = -14,1,-15920
iArr = 486089009
Test.instanceCount Test.fFld Test.iFld = -177,-8388608,77390
Test.bFld Test.iFld1 dFld = 1,38602,-4598527569921122815
lMeth_check_sum: 1176075564401
vMeth_check_sum: -2267718610226761638
iMeth_check_sum: 5268313338637750366
