i21 d2 i22 = 0,4644900065679245312,352160
i23 i24 i25 = 75,243,136
i26 i27 i28 = -29426,-764839,-54099
i29 i30 i31 = -6,202,49305
f3 b3 d3 = -1025621098,0,4662510943421333504
l1 lArr3 dArr1 = -2171839637452661100,-34857,4674553322207713382
Test.instanceCount byFld iArrFld = -32833,-97,33131
Test.iArrFld1 = 14484270
vMeth1_check_sum: -5256050463665230376
iMeth_check_sum: 201434249716
vMeth_check_sum: -14183921848
i21 d2 i22 = 0,4644900065679245312,352160
i23 i24 i25 = 75,243,136
i26 i27 i28 = -29426,-764839,-54099
i29 i30 i31 = -6,202,49305
f3 b3 d3 = -1025621098,0,4662510943421333504
l1 lArr3 dArr1 = -2171839637452661100,-34857,4674553322207713382
Test.instanceCount byFld iArrFld = -32833,-97,33131
Test.iArrFld1 = 14351576
vMeth1_check_sum: 7934643146379090864
iMeth_check_sum: 402868499432
vMeth_check_sum: -28367843696
i21 d2 i22 = 0,4644900065679245312,352160
i23 i24 i25 = 75,243,136
i26 i27 i28 = -29426,-764839,-54099
i29 i30 i31 = -6,202,49305
f3 b3 d3 = -1025621098,0,4662510943421333504
l1 lArr3 dArr1 = -2171839637452661100,-34857,4674553322207713382
Test.instanceCount byFld iArrFld = -32833,-97,33131
Test.iArrFld1 = 14218876
vMeth1_check_sum: 2678592682713860488
iMeth_check_sum: 604302749148
vMeth_check_sum: -42551765544
i21 d2 i22 = 0,4644900065679245312,352160
i23 i24 i25 = 75,243,136
i26 i27 i28 = -29426,-764839,-54099
i29 i30 i31 = -6,202,49305
f3 b3 d3 = -1025621098,0,4662510943421333504
l1 lArr3 dArr1 = -2171839637452661100,-34857,4674553322207713382
Test.instanceCount byFld iArrFld = -32833,-97,33131
Test.iArrFld1 = 14086193
vMeth1_check_sum: -2577457780951369888
iMeth_check_sum: 805736998864
vMeth_check_sum: -56735687392
i21 d2 i22 = 0,4644900065679245312,352160
i23 i24 i25 = 75,243,136
i26 i27 i28 = -29426,-764839,-54099
i29 i30 i31 = -6,202,49305
f3 b3 d3 = -1025621098,0,4662510943421333504
l1 lArr3 dArr1 = -2171839637452661100,-34857,4674553322207713382
Test.instanceCount byFld iArrFld = -32833,-97,33131
Test.iArrFld1 = 13953476
vMeth1_check_sum: -7833508244616600264
iMeth_check_sum: 1007171248580
vMeth_check_sum: -70919609240
i21 d2 i22 = 0,4644900065679245312,352160
i23 i24 i25 = 75,243,136
i26 i27 i28 = -29426,-764839,-54099
i29 i30 i31 = -6,202,49305
f3 b3 d3 = -1025621098,0,4662510943421333504
l1 lArr3 dArr1 = -2171839637452661100,-34857,4674553322207713382
Test.instanceCount byFld iArrFld = -32833,-97,33131
Test.iArrFld1 = 13820766
vMeth1_check_sum: 5357185365427720976
iMeth_check_sum: 1208605498296
vMeth_check_sum: -85103531088
i21 d2 i22 = 0,4644900065679245312,352160
i23 i24 i25 = 75,243,136
i26 i27 i28 = -29426,-764839,-54099
i29 i30 i31 = -6,202,49305
f3 b3 d3 = -1025621098,0,4662510943421333504
l1 lArr3 dArr1 = -2171839637452661100,-34857,4674553322207713382
Test.instanceCount byFld iArrFld = -32833,-97,33131
Test.iArrFld1 = 13688066
vMeth1_check_sum: 101134901762490600
iMeth_check_sum: 1410039748012
vMeth_check_sum: -99287452936
i21 d2 i22 = 0,4644900065679245312,352160
i23 i24 i25 = 75,243,136
i26 i27 i28 = -29426,-764839,-54099
i29 i30 i31 = -6,202,49305
f3 b3 d3 = -1025621098,0,4662510943421333504
l1 lArr3 dArr1 = -2171839637452661100,-34857,4674553322207713382
Test.instanceCount byFld iArrFld = -32833,-97,33131
Test.iArrFld1 = 13555393
vMeth1_check_sum: -5154915561902739776
iMeth_check_sum: 1611473997728
vMeth_check_sum: -113471374784
i21 d2 i22 = 0,4644900065679245312,352160
i23 i24 i25 = 75,243,136
i26 i27 i28 = -29426,-764839,-54099
i29 i30 i31 = -6,202,49305
f3 b3 d3 = -1025621098,0,4662510943421333504
l1 lArr3 dArr1 = -2171839637452661100,-34857,4674553322207713382
Test.instanceCount byFld iArrFld = -32833,-97,33131
Test.iArrFld1 = 13422668
vMeth1_check_sum: 8035778048141581464
iMeth_check_sum: 1812908247444
vMeth_check_sum: -127655296632
i21 d2 i22 = 0,4644900065679245312,352160
i23 i24 i25 = 75,243,136
i26 i27 i28 = -29426,-764839,-54099
i29 i30 i31 = -6,202,49305
f3 b3 d3 = -1025621098,0,4662510943421333504
l1 lArr3 dArr1 = -2171839637452661100,-34857,4674553322207713382
Test.instanceCount byFld iArrFld = -32833,-97,33131
Test.iArrFld1 = 13289978
vMeth1_check_sum: 2779727584476351088
iMeth_check_sum: 2014342497160
vMeth_check_sum: -141839218480
