l1 i5 i6 = -189902,224,-20392
i7 i8 i9 = 119,0,223
i10 s1 b2 = 1437642,8724,1
i22 i23 i24 = 9,-57771,119
fArr lArr1 dArr = 4675609462729768960,-9191,4675599822531033199
byArr = 1424
Test.instanceCount Test.iFld1 Test.dFld = -9223372036854775808,802894176,4706378015759580896
Test.byFld Test.fFld iFld2 = 39,1250169331,10
Test.iArrFld = -97065
vMeth_check_sum: 1249844283
iMeth_check_sum: -1107313229
vMeth1_check_sum: 0
iMeth1_check_sum: 0
sMeth_check_sum: 0
l1 i5 i6 = -189902,224,-20392
i7 i8 i9 = 119,0,223
i10 s1 b2 = 1437642,15096,1
i22 i23 i24 = 9,-57771,119
fArr lArr1 dArr = 4675609462729768960,-9191,4675599822531033199
byArr = 1424
Test.instanceCount Test.iFld1 Test.dFld = -9223372036854775808,456484,4710881614446944112
Test.byFld Test.fFld iFld2 = 1,1258557875,10
Test.iArrFld = -97065
vMeth_check_sum: 2888232674
iMeth_check_sum: 9223372035747471695
vMeth1_check_sum: 0
iMeth1_check_sum: 0
sMeth_check_sum: 0
l1 i5 i6 = -189902,224,-20392
i7 i8 i9 = 119,0,223
i10 s1 b2 = 1437642,4692,1
i22 i23 i24 = 9,-57771,119
fArr lArr1 dArr = 4675609462729768960,-9191,4675599822531033199
byArr = 1424
Test.instanceCount Test.iFld1 Test.dFld = -9223372036854775808,7130,4713191615899328368
Test.byFld Test.fFld iFld2 = 31,1262885485,10
Test.iArrFld = -97065
vMeth_check_sum: 3961062209
iMeth_check_sum: -1107295197
vMeth1_check_sum: 0
iMeth1_check_sum: 0
sMeth_check_sum: 0
l1 i5 i6 = -189902,224,-20392
i7 i8 i9 = 119,0,223
i10 s1 b2 = 1437642,9904,1
i22 i23 i24 = 9,-57771,119
fArr lArr1 dArr = 4675609462729768960,-9191,4675599822531033199
byArr = 1424
Test.instanceCount Test.iFld1 Test.dFld = -9223372036854775808,22356,4715385213604310968
Test.byFld Test.fFld iFld2 = -103,1266946446,10
Test.iArrFld = -97065
vMeth_check_sum: 5038385446
iMeth_check_sum: 9223372035747490039
vMeth1_check_sum: 0
iMeth1_check_sum: 0
sMeth_check_sum: 0
l1 i5 i6 = -189902,224,-20392
i7 i8 i9 = 119,0,223
i10 s1 b2 = 1437642,-24008,1
i22 i23 i24 = 9,-57771,119
fArr lArr1 dArr = 4675609462729768960,-9191,4675599822531033199
byArr = 1424
Test.instanceCount Test.iFld1 Test.dFld = -9223372036854775808,26325,4716540214330503096
Test.byFld Test.fFld iFld2 = 37,1269110198,10
Test.iArrFld = -97065
vMeth_check_sum: 6115556455
iMeth_check_sum: -1107276277
vMeth1_check_sum: 0
iMeth1_check_sum: 0
sMeth_check_sum: 0
l1 i5 i6 = -189902,224,-20392
i7 i8 i9 = 119,0,223
i10 s1 b2 = 1437642,22176,1
i22 i23 i24 = 9,-57771,119
fArr lArr1 dArr = 4675609462729768960,-9191,4675599822531033199
byArr = 1424
Test.instanceCount Test.iFld1 Test.dFld = -9223372036854775808,14022,4717695215056695224
Test.byFld Test.fFld iFld2 = -47,1271273950,10
Test.iArrFld = -97065
vMeth_check_sum: 7192687350
iMeth_check_sum: 9223372035747508171
vMeth1_check_sum: 0
iMeth1_check_sum: 0
sMeth_check_sum: 0
l1 i5 i6 = -189902,224,-20392
i7 i8 i9 = 119,0,223
i10 s1 b2 = 1437642,-3384,1
i22 i23 i24 = 9,-57771,119
fArr lArr1 dArr = 4675609462729768960,-9191,4675599822531033199
byArr = 1424
Test.instanceCount Test.iFld1 Test.dFld = -9223372036854775808,6435,4718850215782887352
Test.byFld Test.fFld iFld2 = -99,1273437702,10
Test.iArrFld = -97065
vMeth_check_sum: 8269941669
iMeth_check_sum: -1107258841
vMeth1_check_sum: 0
iMeth1_check_sum: 0
sMeth_check_sum: 0
l1 i5 i6 = -189902,224,-20392
i7 i8 i9 = 119,0,223
i10 s1 b2 = 1437642,22248,1
i22 i23 i24 = 9,-57771,119
fArr lArr1 dArr = 4675609462729768960,-9191,4675599822531033199
byArr = 1424
Test.instanceCount Test.iFld1 Test.dFld = -9223372036854775808,1320,4719888812996679644
Test.byFld Test.fFld iFld2 = -43,1275334936,10
Test.iArrFld = -97065
vMeth_check_sum: 9347272208
iMeth_check_sum: 9223372035747526587
vMeth1_check_sum: 0
iMeth1_check_sum: 0
sMeth_check_sum: 0
l1 i5 i6 = -189902,224,-20392
i7 i8 i9 = 119,0,223
i10 s1 b2 = 1437642,16296,1
i22 i23 i24 = 9,-57771,119
fArr lArr1 dArr = 4675609462729768960,-9191,4675599822531033199
byArr = 1424
Test.instanceCount Test.iFld1 Test.dFld = -9223372036854775808,1025,4720466313359775708
Test.byFld Test.fFld iFld2 = 61,1276416812,10
Test.iArrFld = -97065
vMeth_check_sum: 10424653493
iMeth_check_sum: -1107240233
vMeth1_check_sum: 0
iMeth1_check_sum: 0
sMeth_check_sum: 0
l1 i5 i6 = -189902,224,-20392
i7 i8 i9 = 119,0,223
i10 s1 b2 = 1437642,-23208,1
i22 i23 i24 = 9,-57771,119
fArr lArr1 dArr = 4675609462729768960,-9191,4675599822531033199
byArr = 1424
Test.instanceCount Test.iFld1 Test.dFld = -9223372036854775808,1029,4721043813722871772
Test.byFld Test.fFld iFld2 = -59,1277498688,10
Test.iArrFld = -97065
vMeth_check_sum: 11502036982
iMeth_check_sum: 9223372035747544231
vMeth1_check_sum: 0
iMeth1_check_sum: 0
sMeth_check_sum: 0
