l1 i5 i6 = -189902,224,-20392
i7 i8 i9 = 119,0,223
i10 s1 b2 = 1437642,8724,1
i22 i23 i24 = 9,-57771,119
fArr lArr1 dArr = 4675609462729768960,-9191,4675599822531033199
byArr = 1424
Test.instanceCount Test.iFld1 Test.dFld = -9223372036854775808,-153714512,4706378015759580896
Test.byFld Test.fFld iFld2 = 39,1250169331,10
Test.iArrFld = -97065
vMeth_check_sum: 1646994137
iMeth_check_sum: -1107313177
vMeth1_check_sum: 0
iMeth1_check_sum: 0
sMeth_check_sum: 0
l1 i5 i6 = -189902,224,-20392
i7 i8 i9 = 119,0,223
i10 s1 b2 = 1437642,15096,1
i22 i23 i24 = 9,-57771,119
fArr lArr1 dArr = 4675609462729768960,-9191,4675599822531033199
byArr = 1424
Test.instanceCount Test.iFld1 Test.dFld = -9223372036854775808,1421,4710881614446944112
Test.byFld Test.fFld iFld2 = 1,1258557875,10
Test.iArrFld = -97065
vMeth_check_sum: 4261533254
iMeth_check_sum: 9223372035747471319
vMeth1_check_sum: 0
iMeth1_check_sum: 0
sMeth_check_sum: 0
l1 i5 i6 = -189902,224,-20392
i7 i8 i9 = 119,0,223
i10 s1 b2 = 1437642,4692,1
i22 i23 i24 = 9,-57771,119
fArr lArr1 dArr = 4675609462729768960,-9191,4675599822531033199
byArr = 1424
Test.instanceCount Test.iFld1 Test.dFld = -9223372036854775808,13356,4713191615899328368
Test.byFld Test.fFld iFld2 = 31,1262885485,10
Test.iArrFld = -97065
vMeth_check_sum: 5338913009
iMeth_check_sum: -1107295801
vMeth1_check_sum: 0
iMeth1_check_sum: 0
sMeth_check_sum: 0
l1 i5 i6 = -189902,224,-20392
i7 i8 i9 = 119,0,223
i10 s1 b2 = 1437642,9904,1
i22 i23 i24 = 9,-57771,119
fArr lArr1 dArr = 4675609462729768960,-9191,4675599822531033199
byArr = 1424
Test.instanceCount Test.iFld1 Test.dFld = -9223372036854775808,25419,4715385213604310968
Test.byFld Test.fFld iFld2 = -103,1266946446,10
Test.iArrFld = -97065
vMeth_check_sum: 6416173868
iMeth_check_sum: 9223372035747488695
vMeth1_check_sum: 0
iMeth1_check_sum: 0
sMeth_check_sum: 0
l1 i5 i6 = -189902,224,-20392
i7 i8 i9 = 119,0,223
i10 s1 b2 = 1437642,-24008,1
i22 i23 i24 = 9,-57771,119
fArr lArr1 dArr = 4675609462729768960,-9191,4675599822531033199
byArr = 1424
Test.instanceCount Test.iFld1 Test.dFld = -9223372036854775808,551,4716540214330503096
Test.byFld Test.fFld iFld2 = 37,1269110198,10
Test.iArrFld = -97065
vMeth_check_sum: 7493313763
iMeth_check_sum: -1107278425
vMeth1_check_sum: 0
iMeth1_check_sum: 0
sMeth_check_sum: 0
l1 i5 i6 = -189902,224,-20392
i7 i8 i9 = 119,0,223
i10 s1 b2 = 1437642,22176,1
i22 i23 i24 = 9,-57771,119
fArr lArr1 dArr = 4675609462729768960,-9191,4675599822531033199
byArr = 1424
Test.instanceCount Test.iFld1 Test.dFld = -9223372036854775808,16461,4717695215056695224
Test.byFld Test.fFld iFld2 = -47,1271273950,10
Test.iArrFld = -97065
vMeth_check_sum: 8570702242
iMeth_check_sum: 9223372035747506055
vMeth1_check_sum: 0
iMeth1_check_sum: 0
sMeth_check_sum: 0
l1 i5 i6 = -189902,224,-20392
i7 i8 i9 = 119,0,223
i10 s1 b2 = 1437642,-3384,1
i22 i23 i24 = 9,-57771,119
fArr lArr1 dArr = 4675609462729768960,-9191,4675599822531033199
byArr = 1424
Test.instanceCount Test.iFld1 Test.dFld = -9223372036854775808,5555,4718850215782887352
Test.byFld Test.fFld iFld2 = -99,1273437702,10
Test.iArrFld = -97065
vMeth_check_sum: 9647931815
iMeth_check_sum: -1107261065
vMeth1_check_sum: 0
iMeth1_check_sum: 0
sMeth_check_sum: 0
l1 i5 i6 = -189902,224,-20392
i7 i8 i9 = 119,0,223
i10 s1 b2 = 1437642,22248,1
i22 i23 i24 = 9,-57771,119
fArr lArr1 dArr = 4675609462729768960,-9191,4675599822531033199
byArr = 1424
Test.instanceCount Test.iFld1 Test.dFld = -9223372036854775808,-5,4719888812996679644
Test.byFld Test.fFld iFld2 = -43,1275334936,10
Test.iArrFld = -97065
vMeth_check_sum: 10725270202
iMeth_check_sum: 9223372035747523383
vMeth1_check_sum: 0
iMeth1_check_sum: 0
sMeth_check_sum: 0
l1 i5 i6 = -189902,224,-20392
i7 i8 i9 = 119,0,223
i10 s1 b2 = 1437642,16296,1
i22 i23 i24 = 9,-57771,119
fArr lArr1 dArr = 4675609462729768960,-9191,4675599822531033199
byArr = 1424
Test.instanceCount Test.iFld1 Test.dFld = -9223372036854775808,-5,4720466313359775708
Test.byFld Test.fFld iFld2 = 61,1276416812,10
Test.iArrFld = -97065
vMeth_check_sum: 11802665077
iMeth_check_sum: -1107242869
vMeth1_check_sum: 0
iMeth1_check_sum: 0
sMeth_check_sum: 0
l1 i5 i6 = -189902,224,-20392
i7 i8 i9 = 119,0,223
i10 s1 b2 = 1437642,-23208,1
i22 i23 i24 = 9,-57771,119
fArr lArr1 dArr = 4675609462729768960,-9191,4675599822531033199
byArr = 1424
Test.instanceCount Test.iFld1 Test.dFld = -9223372036854775808,-5,4721043813722871772
Test.byFld Test.fFld iFld2 = -59,1277498688,10
Test.iArrFld = -97065
vMeth_check_sum: 12880059952
iMeth_check_sum: 9223372035747542495
vMeth1_check_sum: 0
iMeth1_check_sum: 0
sMeth_check_sum: 0
