f2 i13 i14 = 1197756160,350,0
i15 i16 i17 = 3,-21474,74
i18 s i19 = 5,-21474,1
i20 = 0
Test.instanceCount Test.dFld Test.iArrFld = -9223372036854717361,-4503599627370496,-82253
bMeth_check_sum: 7912700676780180568
vMeth_check_sum: 1566519809053911821
vSmallMeth_check_sum: -45646
f2 i13 i14 = 1197756160,350,0
i15 i16 i17 = 3,-21474,74
i18 s i19 = 5,-21474,1
i20 = 0
Test.instanceCount Test.dFld Test.iArrFld = -9223372036854717361,-4503599627370496,-82253
bMeth_check_sum: -2621342720149190480
vMeth_check_sum: 3133039618107823642
vSmallMeth_check_sum: -91292
f2 i13 i14 = 1197756160,350,0
i15 i16 i17 = 3,-21474,74
i18 s i19 = 5,-21474,1
i20 = 0
Test.instanceCount Test.dFld Test.iArrFld = -9223372036854717361,-4503599627370496,-82253
bMeth_check_sum: 5291357956630990088
vMeth_check_sum: 4699559427161735463
vSmallMeth_check_sum: -136938
f2 i13 i14 = 1197756160,350,0
i15 i16 i17 = 3,-21474,74
i18 s i19 = 5,-21474,1
i20 = 0
Test.instanceCount Test.dFld Test.iArrFld = -9223372036854717361,-4503599627370496,-82253
bMeth_check_sum: -5242685440298380960
vMeth_check_sum: 6266079236215647284
vSmallMeth_check_sum: -182584
f2 i13 i14 = 1197756160,350,0
i15 i16 i17 = 3,-21474,74
i18 s i19 = 5,-21474,1
i20 = 0
Test.instanceCount Test.dFld Test.iArrFld = -9223372036854717361,-4503599627370496,-82253
bMeth_check_sum: 2670015236481799608
vMeth_check_sum: 7832599045269559105
vSmallMeth_check_sum: -228230
f2 i13 i14 = 1197756160,350,0
i15 i16 i17 = 3,-21474,74
i18 s i19 = 5,-21474,1
i20 = 0
Test.instanceCount Test.dFld Test.iArrFld = -9223372036854717361,-4503599627370496,-82253
bMeth_check_sum: -7864028160447571440
vMeth_check_sum: -9047625219386080690
vSmallMeth_check_sum: -273876
f2 i13 i14 = 1197756160,350,0
i15 i16 i17 = 3,-21474,74
i18 s i19 = 5,-21474,1
i20 = 0
Test.instanceCount Test.dFld Test.iArrFld = -9223372036854717361,-4503599627370496,-82253
bMeth_check_sum: 48672516332609128
vMeth_check_sum: -7481105410332168869
vSmallMeth_check_sum: -319522
f2 i13 i14 = 1197756160,350,0
i15 i16 i17 = 3,-21474,74
i18 s i19 = 5,-21474,1
i20 = 0
Test.instanceCount Test.dFld Test.iArrFld = -9223372036854717361,-4503599627370496,-82253
bMeth_check_sum: 7961373193112789696
vMeth_check_sum: -5914585601278257048
vSmallMeth_check_sum: -365168
f2 i13 i14 = 1197756160,350,0
i15 i16 i17 = 3,-21474,74
i18 s i19 = 5,-21474,1
i20 = 0
Test.instanceCount Test.dFld Test.iArrFld = -9223372036854717361,-4503599627370496,-82253
bMeth_check_sum: -2572670203816581352
vMeth_check_sum: -4348065792224345227
vSmallMeth_check_sum: -410814
f2 i13 i14 = 1197756160,350,0
i15 i16 i17 = 3,-21474,74
i18 s i19 = 5,-21474,1
i20 = 0
Test.instanceCount Test.dFld Test.iArrFld = -9223372036854717361,-4503599627370496,-82253
bMeth_check_sum: 5340030472963599216
vMeth_check_sum: -2781545983170433406
vSmallMeth_check_sum: -456460
