[02:54:13] [INFO   ] Tree Building: Start building spar-tree from input file SourceFile{file=/root/DecompilerTester/testhome/eposide-1/98/reduced-98/Test.java, lang=LanguageJava{name=java, extensions=[java], defaultCodeFormatControl=SINGLE_TOKEN_PER_LINE}} 
[02:54:13] [INFO   ] Tree Building: Step 1: Antlr parsing. 
[02:54:18] [INFO   ] Tree Building: Step 2: Converting parse tree to spar-tree 
[02:54:18] [INFO   ] Tree Building: Step 3: Simplifying spar-tree 
[02:54:18] [INFO   ] Tree Building: Finished in TimeSpan{startMillis=1650588853195, endMillis=1650588858922, formatted=5 seconds} 
[02:54:18] [INFO   ] The reduction process started at 02:54:18 2022/04/22 
[02:54:18] [INFO   ] Cache setting: query-caching=enabled, edit-caching=enabled, query-cache=compact_query_cache 
[02:54:20] [INFO   ] Reduction algorithm is perses_node_priority_with_dfs_delta 
[02:54:20] [INFO   ] The number of lexemes in the token factory is is 312 
[02:54:20] [INFO   ] Reduction Started at 02:54:20 2022/04/22 
[02:54:20] [INFO   ] perses_node_priority_with_dfs_delta started at 02:54:20 2022/04/22. #tokens=4885 
[02:54:20] [INFO   ] Fixpoint[1]:Reducer[perses_node_priority_with_dfs_delta]: New fixpoint iteration started. #Tokens=4885 
[02:54:20] [INFO   ] Fixpoint[1]:Reducer[perses_node_priority_with_dfs_delta]: Delta node (#leaves=4860) 
[02:54:21] [INFO   ] Fixpoint[1]:Reducer[perses_node_priority_with_dfs_delta]: Delta node (#leaves=4860): queue=1, delete 0 tokens, ratio=4885/4885=100.00% 
[02:54:21] [INFO   ] Fixpoint[1]:Reducer[perses_node_priority_with_dfs_delta]: Delta node (#leaves=4860) 
[02:54:21] [INFO   ] Fixpoint[1]:Reducer[perses_node_priority_with_dfs_delta]: Delta node (#leaves=4860): queue=1, delete 0 tokens, ratio=4885/4885=100.00% 
[02:54:21] [INFO   ] Fixpoint[1]:Reducer[perses_node_priority_with_dfs_delta]: Delta node (#leaves=4857) 
[02:54:21] [INFO   ] Fixpoint[1]:Reducer[perses_node_priority_with_dfs_delta]: Delta node (#leaves=4857): queue=4, delete 0 tokens, ratio=4885/4885=100.00% 
[02:54:21] [INFO   ] Fixpoint[1]:Reducer[perses_node_priority_with_dfs_delta]: Delta node (#leaves=4855) 
[02:54:30] [INFO   ] Fixpoint[1]:Reducer[perses_node_priority_with_dfs_delta]: New minimal, delete 446 tokens, ratio=4439/4885=90.87% 
[02:54:36] [INFO   ] Fixpoint[1]:Reducer[perses_node_priority_with_dfs_delta]: New minimal, delete 201 tokens, ratio=4238/4885=86.76% 
[02:54:41] [INFO   ] Fixpoint[1]:Reducer[perses_node_priority_with_dfs_delta]: New minimal, delete 115 tokens, ratio=4123/4885=84.40% 
[02:54:47] [INFO   ] Fixpoint[1]:Reducer[perses_node_priority_with_dfs_delta]: New minimal, delete 43 tokens, ratio=4080/4885=83.52% 
[02:54:53] [INFO   ] Fixpoint[1]:Reducer[perses_node_priority_with_dfs_delta]: New minimal, delete 36 tokens, ratio=4044/4885=82.78% 
[02:54:59] [INFO   ] Fixpoint[1]:Reducer[perses_node_priority_with_dfs_delta]: New minimal, delete 1224 tokens, ratio=2820/4885=57.73% 
[02:55:08] [INFO   ] Fixpoint[1]:Reducer[perses_node_priority_with_dfs_delta]: New minimal, delete 99 tokens, ratio=2721/4885=55.70% 
[02:55:13] [INFO   ] Fixpoint[1]:Reducer[perses_node_priority_with_dfs_delta]: New minimal, delete 45 tokens, ratio=2676/4885=54.78% 
[02:55:19] [INFO   ] Fixpoint[1]:Reducer[perses_node_priority_with_dfs_delta]: New minimal, delete 45 tokens, ratio=2631/4885=53.86% 
[02:55:25] [INFO   ] Fixpoint[1]:Reducer[perses_node_priority_with_dfs_delta]: New minimal, delete 163 tokens, ratio=2468/4885=50.52% 
[02:55:31] [INFO   ] Fixpoint[1]:Reducer[perses_node_priority_with_dfs_delta]: New minimal, delete 45 tokens, ratio=2423/4885=49.60% 
[02:55:40] [INFO   ] Fixpoint[1]:Reducer[perses_node_priority_with_dfs_delta]: New minimal, delete 45 tokens, ratio=2378/4885=48.68% 
[02:55:46] [INFO   ] Fixpoint[1]:Reducer[perses_node_priority_with_dfs_delta]: New minimal, delete 92 tokens, ratio=2286/4885=46.80% 
[02:55:51] [INFO   ] Fixpoint[1]:Reducer[perses_node_priority_with_dfs_delta]: New minimal, delete 93 tokens, ratio=2193/4885=44.89% 
[02:55:59] [INFO   ] Fixpoint[1]:Reducer[perses_node_priority_with_dfs_delta]: New minimal, delete 88 tokens, ratio=2105/4885=43.09% 
[02:56:15] [INFO   ] Fixpoint[1]:Reducer[perses_node_priority_with_dfs_delta]: New minimal, delete 12 tokens, ratio=2093/4885=42.85% 
[02:56:25] [INFO   ] Fixpoint[1]:Reducer[perses_node_priority_with_dfs_delta]: Delta node (#leaves=4855): queue=6, delete 2792 tokens, ratio=2093/4885=42.85% 
[02:56:25] [INFO   ] Fixpoint[1]:Reducer[perses_node_priority_with_dfs_delta]: Delta node (#leaves=840) 
[02:56:31] [INFO   ] Fixpoint[1]:Reducer[perses_node_priority_with_dfs_delta]: New minimal, delete 9 tokens, ratio=2084/4885=42.66% 
[02:56:31] [INFO   ] Fixpoint[1]:Reducer[perses_node_priority_with_dfs_delta]: Delta node (#leaves=840): queue=26, delete 9 tokens, ratio=2084/4885=42.66% 
[02:56:31] [INFO   ] Fixpoint[1]:Reducer[perses_node_priority_with_dfs_delta]: Delta node (#leaves=831) 
[02:56:31] [INFO   ] Fixpoint[1]:Reducer[perses_node_priority_with_dfs_delta]: Delta node (#leaves=831): queue=26, delete 0 tokens, ratio=2084/4885=42.66% 
[02:56:31] [INFO   ] Fixpoint[1]:Reducer[perses_node_priority_with_dfs_delta]: Delta node (#leaves=829) 
[02:56:32] [INFO   ] Fixpoint[1]:Reducer[perses_node_priority_with_dfs_delta]: Delta node (#leaves=829): queue=28, delete 0 tokens, ratio=2084/4885=42.66% 
[02:56:32] [INFO   ] Fixpoint[1]:Reducer[perses_node_priority_with_dfs_delta]: Delta node (#leaves=829) 
[02:56:39] [INFO   ] Fixpoint[1]:Reducer[perses_node_priority_with_dfs_delta]: New minimal, delete 194 tokens, ratio=1890/4885=38.69% 
[02:56:47] [INFO   ] Fixpoint[1]:Reducer[perses_node_priority_with_dfs_delta]: New minimal, delete 19 tokens, ratio=1871/4885=38.30% 
[02:56:52] [INFO   ] Fixpoint[1]:Reducer[perses_node_priority_with_dfs_delta]: New minimal, delete 41 tokens, ratio=1830/4885=37.46% 
[02:56:57] [INFO   ] Fixpoint[1]:Reducer[perses_node_priority_with_dfs_delta]: New minimal, delete 57 tokens, ratio=1773/4885=36.29% 
[02:56:59] [INFO   ] Fixpoint[1]:Reducer[perses_node_priority_with_dfs_delta]: Delta node (#leaves=829): queue=28, delete 311 tokens, ratio=1773/4885=36.29% 
[02:56:59] [INFO   ] Fixpoint[1]:Reducer[perses_node_priority_with_dfs_delta]: Delta node (#leaves=440) 
[02:57:06] [INFO   ] Fixpoint[1]:Reducer[perses_node_priority_with_dfs_delta]: New minimal, delete 100 tokens, ratio=1673/4885=34.25% 
[02:57:06] [INFO   ] Fixpoint[1]:Reducer[perses_node_priority_with_dfs_delta]: Delta node (#leaves=440): queue=31, delete 100 tokens, ratio=1673/4885=34.25% 
[02:57:06] [INFO   ] Fixpoint[1]:Reducer[perses_node_priority_with_dfs_delta]: Delta node (#leaves=340) 
[02:57:09] [INFO   ] Fixpoint[1]:Reducer[perses_node_priority_with_dfs_delta]: Delta node (#leaves=340): queue=31, delete 0 tokens, ratio=1673/4885=34.25% 
[02:57:09] [INFO   ] Fixpoint[1]:Reducer[perses_node_priority_with_dfs_delta]: Delta node (#leaves=330) 
[02:57:10] [INFO   ] Fixpoint[1]:Reducer[perses_node_priority_with_dfs_delta]: Delta node (#leaves=330): queue=35, delete 0 tokens, ratio=1673/4885=34.25% 
[02:57:10] [INFO   ] Fixpoint[1]:Reducer[perses_node_priority_with_dfs_delta]: Delta node (#leaves=328) 
[02:57:17] [INFO   ] Fixpoint[1]:Reducer[perses_node_priority_with_dfs_delta]: New minimal, delete 13 tokens, ratio=1660/4885=33.98% 
[02:57:24] [INFO   ] Fixpoint[1]:Reducer[perses_node_priority_with_dfs_delta]: New minimal, delete 294 tokens, ratio=1366/4885=27.96% 
[02:57:24] [INFO   ] Fixpoint[1]:Reducer[perses_node_priority_with_dfs_delta]: Delta node (#leaves=328): queue=37, delete 307 tokens, ratio=1366/4885=27.96% 
[02:57:24] [INFO   ] Fixpoint[1]:Reducer[perses_node_priority_with_dfs_delta]: Delta node (#leaves=323) 
[02:57:25] [INFO   ] Fixpoint[1]:Reducer[perses_node_priority_with_dfs_delta]: Delta node (#leaves=323): queue=38, delete 0 tokens, ratio=1366/4885=27.96% 
[02:57:25] [INFO   ] Fixpoint[1]:Reducer[perses_node_priority_with_dfs_delta]: Delta node (#leaves=316) 
[02:57:27] [INFO   ] Fixpoint[1]:Reducer[perses_node_priority_with_dfs_delta]: New minimal, delete 316 tokens, ratio=1050/4885=21.49% 
[02:57:27] [INFO   ] Fixpoint[1]:Reducer[perses_node_priority_with_dfs_delta]: Delta node (#leaves=316): queue=40, delete 316 tokens, ratio=1050/4885=21.49% 
[02:57:27] [INFO   ] Fixpoint[1]:Reducer[perses_node_priority_with_dfs_delta]: Delta node (#leaves=309) 
[02:57:28] [INFO   ] Fixpoint[1]:Reducer[perses_node_priority_with_dfs_delta]: Delta node (#leaves=309): queue=39, delete 0 tokens, ratio=1050/4885=21.49% 
[02:57:28] [INFO   ] Fixpoint[1]:Reducer[perses_node_priority_with_dfs_delta]: Delta node (#leaves=307) 
[02:57:29] [INFO   ] Fixpoint[1]:Reducer[perses_node_priority_with_dfs_delta]: Delta node (#leaves=307): queue=41, delete 0 tokens, ratio=1050/4885=21.49% 
[02:57:29] [INFO   ] Fixpoint[1]:Reducer[perses_node_priority_with_dfs_delta]: Delta node (#leaves=307) 
[02:57:35] [INFO   ] Fixpoint[1]:Reducer[perses_node_priority_with_dfs_delta]: New minimal, delete 4 tokens, ratio=1046/4885=21.41% 
[02:57:37] [INFO   ] Fixpoint[1]:Reducer[perses_node_priority_with_dfs_delta]: New minimal, delete 158 tokens, ratio=888/4885=18.18% 
[02:57:40] [INFO   ] Fixpoint[1]:Reducer[perses_node_priority_with_dfs_delta]: New minimal, delete 8 tokens, ratio=880/4885=18.01% 
[02:57:43] [INFO   ] Fixpoint[1]:Reducer[perses_node_priority_with_dfs_delta]: New minimal, delete 11 tokens, ratio=869/4885=17.79% 
[02:57:47] [INFO   ] Fixpoint[1]:Reducer[perses_node_priority_with_dfs_delta]: Delta node (#leaves=307): queue=41, delete 181 tokens, ratio=869/4885=17.79% 
[02:57:47] [INFO   ] Fixpoint[1]:Reducer[perses_node_priority_with_dfs_delta]: Delta node (#leaves=232) 
[02:57:49] [INFO   ] Fixpoint[1]:Reducer[perses_node_priority_with_dfs_delta]: New minimal, delete 232 tokens, ratio=637/4885=13.04% 
[02:57:49] [INFO   ] Fixpoint[1]:Reducer[perses_node_priority_with_dfs_delta]: Delta node (#leaves=232): queue=47, delete 232 tokens, ratio=637/4885=13.04% 
[02:57:49] [INFO   ] Fixpoint[1]:Reducer[perses_node_priority_with_dfs_delta]: Delta node (#leaves=59) 
[02:57:51] [INFO   ] Fixpoint[1]:Reducer[perses_node_priority_with_dfs_delta]: New minimal, delete 59 tokens, ratio=578/4885=11.83% 
[02:57:51] [INFO   ] Fixpoint[1]:Reducer[perses_node_priority_with_dfs_delta]: Delta node (#leaves=59): queue=46, delete 59 tokens, ratio=578/4885=11.83% 
[02:57:51] [INFO   ] Fixpoint[1]:Reducer[perses_node_priority_with_dfs_delta]: Delta node (#leaves=54) 
[02:57:52] [INFO   ] Fixpoint[1]:Reducer[perses_node_priority_with_dfs_delta]: Delta node (#leaves=54): queue=45, delete 0 tokens, ratio=578/4885=11.83% 
[02:57:52] [INFO   ] Fixpoint[1]:Reducer[perses_node_priority_with_dfs_delta]: Delta node (#leaves=54) 
[02:57:54] [INFO   ] Fixpoint[1]:Reducer[perses_node_priority_with_dfs_delta]: New minimal, delete 54 tokens, ratio=524/4885=10.73% 
[02:57:54] [INFO   ] Fixpoint[1]:Reducer[perses_node_priority_with_dfs_delta]: Delta node (#leaves=54): queue=47, delete 54 tokens, ratio=524/4885=10.73% 
[02:57:54] [INFO   ] Fixpoint[1]:Reducer[perses_node_priority_with_dfs_delta]: Delta node (#leaves=50) 
[02:57:54] [INFO   ] Fixpoint[1]:Reducer[perses_node_priority_with_dfs_delta]: Delta node (#leaves=50): queue=46, delete 0 tokens, ratio=524/4885=10.73% 
[02:57:54] [INFO   ] Fixpoint[1]:Reducer[perses_node_priority_with_dfs_delta]: Delta node (#leaves=49) 
[02:57:54] [INFO   ] Fixpoint[1]:Reducer[perses_node_priority_with_dfs_delta]: Delta node (#leaves=49): queue=47, delete 0 tokens, ratio=524/4885=10.73% 
[02:57:54] [INFO   ] Fixpoint[1]:Reducer[perses_node_priority_with_dfs_delta]: Delta node (#leaves=48) 
[02:57:55] [INFO   ] Fixpoint[1]:Reducer[perses_node_priority_with_dfs_delta]: Delta node (#leaves=48): queue=48, delete 0 tokens, ratio=524/4885=10.73% 
[02:57:55] [INFO   ] Fixpoint[1]:Reducer[perses_node_priority_with_dfs_delta]: Delta node (#leaves=47) 
[02:57:55] [INFO   ] Fixpoint[1]:Reducer[perses_node_priority_with_dfs_delta]: Delta node (#leaves=47): queue=49, delete 0 tokens, ratio=524/4885=10.73% 
[02:57:55] [INFO   ] Fixpoint[1]:Reducer[perses_node_priority_with_dfs_delta]: Delta node (#leaves=47) 
[02:57:55] [INFO   ] Fixpoint[1]:Reducer[perses_node_priority_with_dfs_delta]: Delta node (#leaves=47): queue=49, delete 0 tokens, ratio=524/4885=10.73% 
[02:57:55] [INFO   ] Fixpoint[1]:Reducer[perses_node_priority_with_dfs_delta]: Delta node (#leaves=46) 
[02:58:00] [INFO   ] Fixpoint[1]:Reducer[perses_node_priority_with_dfs_delta]: New minimal, delete 45 tokens, ratio=479/4885=9.81% 
[02:58:00] [INFO   ] Fixpoint[1]:Reducer[perses_node_priority_with_dfs_delta]: Delta node (#leaves=46): queue=50, delete 45 tokens, ratio=479/4885=9.81% 
[02:58:00] [INFO   ] Fixpoint[1]:Reducer[perses_node_priority_with_dfs_delta]: Delta node (#leaves=45) 
[02:58:02] [INFO   ] Fixpoint[1]:Reducer[perses_node_priority_with_dfs_delta]: New minimal, delete 45 tokens, ratio=434/4885=8.88% 
[02:58:02] [INFO   ] Fixpoint[1]:Reducer[perses_node_priority_with_dfs_delta]: Delta node (#leaves=45): queue=50, delete 45 tokens, ratio=434/4885=8.88% 
[02:58:02] [INFO   ] Fixpoint[1]:Reducer[perses_node_priority_with_dfs_delta]: Delta node (#leaves=42) 
[02:58:02] [INFO   ] Fixpoint[1]:Reducer[perses_node_priority_with_dfs_delta]: Delta node (#leaves=42): queue=49, delete 0 tokens, ratio=434/4885=8.88% 
[02:58:02] [INFO   ] Fixpoint[1]:Reducer[perses_node_priority_with_dfs_delta]: Delta node (#leaves=41) 
[02:58:02] [INFO   ] Fixpoint[1]:Reducer[perses_node_priority_with_dfs_delta]: Delta node (#leaves=41): queue=50, delete 0 tokens, ratio=434/4885=8.88% 
[02:58:02] [INFO   ] Fixpoint[1]:Reducer[perses_node_priority_with_dfs_delta]: Delta node (#leaves=41) 
[02:58:03] [INFO   ] Fixpoint[1]:Reducer[perses_node_priority_with_dfs_delta]: Delta node (#leaves=41): queue=51, delete 0 tokens, ratio=434/4885=8.88% 
[02:58:03] [INFO   ] Fixpoint[1]:Reducer[perses_node_priority_with_dfs_delta]: Delta node (#leaves=40) 
[02:58:06] [INFO   ] Fixpoint[1]:Reducer[perses_node_priority_with_dfs_delta]: Delta node (#leaves=40): queue=53, delete 0 tokens, ratio=434/4885=8.88% 
[02:58:06] [INFO   ] Fixpoint[1]:Reducer[perses_node_priority_with_dfs_delta]: Delta node (#leaves=39) 
[02:58:08] [INFO   ] Fixpoint[1]:Reducer[perses_node_priority_with_dfs_delta]: New minimal, delete 39 tokens, ratio=395/4885=8.09% 
[02:58:08] [INFO   ] Fixpoint[1]:Reducer[perses_node_priority_with_dfs_delta]: Delta node (#leaves=39): queue=54, delete 39 tokens, ratio=395/4885=8.09% 
[02:58:08] [INFO   ] Fixpoint[1]:Reducer[perses_node_priority_with_dfs_delta]: Delta node (#leaves=38) 
[02:58:09] [INFO   ] Fixpoint[1]:Reducer[perses_node_priority_with_dfs_delta]: New minimal, delete 38 tokens, ratio=357/4885=7.31% 
[02:58:09] [INFO   ] Fixpoint[1]:Reducer[perses_node_priority_with_dfs_delta]: Delta node (#leaves=38): queue=53, delete 38 tokens, ratio=357/4885=7.31% 
[02:58:09] [INFO   ] Fixpoint[1]:Reducer[perses_node_priority_with_dfs_delta]: Delta node (#leaves=37) 
[02:58:11] [INFO   ] Fixpoint[1]:Reducer[perses_node_priority_with_dfs_delta]: New minimal, delete 37 tokens, ratio=320/4885=6.55% 
[02:58:11] [INFO   ] Fixpoint[1]:Reducer[perses_node_priority_with_dfs_delta]: Delta node (#leaves=37): queue=52, delete 37 tokens, ratio=320/4885=6.55% 
[02:58:11] [INFO   ] Fixpoint[1]:Reducer[perses_node_priority_with_dfs_delta]: Delta node (#leaves=36) 
[02:58:13] [INFO   ] Fixpoint[1]:Reducer[perses_node_priority_with_dfs_delta]: New minimal, delete 18 tokens, ratio=302/4885=6.18% 
[02:58:15] [INFO   ] Fixpoint[1]:Reducer[perses_node_priority_with_dfs_delta]: New minimal, delete 8 tokens, ratio=294/4885=6.02% 
[02:58:16] [INFO   ] Fixpoint[1]:Reducer[perses_node_priority_with_dfs_delta]: New minimal, delete 5 tokens, ratio=289/4885=5.92% 
[02:58:16] [INFO   ] Fixpoint[1]:Reducer[perses_node_priority_with_dfs_delta]: Delta node (#leaves=36): queue=51, delete 31 tokens, ratio=289/4885=5.92% 
[02:58:16] [INFO   ] Fixpoint[1]:Reducer[perses_node_priority_with_dfs_delta]: Delta node (#leaves=26) 
[02:58:18] [INFO   ] Fixpoint[1]:Reducer[perses_node_priority_with_dfs_delta]: New minimal, delete 26 tokens, ratio=263/4885=5.38% 
[02:58:18] [INFO   ] Fixpoint[1]:Reducer[perses_node_priority_with_dfs_delta]: Delta node (#leaves=26): queue=51, delete 26 tokens, ratio=263/4885=5.38% 
[02:58:18] [INFO   ] Fixpoint[1]:Reducer[perses_node_priority_with_dfs_delta]: Delta node (#leaves=25) 
[02:58:19] [INFO   ] Fixpoint[1]:Reducer[perses_node_priority_with_dfs_delta]: New minimal, delete 25 tokens, ratio=238/4885=4.87% 
[02:58:19] [INFO   ] Fixpoint[1]:Reducer[perses_node_priority_with_dfs_delta]: Delta node (#leaves=25): queue=50, delete 25 tokens, ratio=238/4885=4.87% 
[02:58:19] [INFO   ] Fixpoint[1]:Reducer[perses_node_priority_with_dfs_delta]: Delta node (#leaves=17) 
[02:58:21] [INFO   ] Fixpoint[1]:Reducer[perses_node_priority_with_dfs_delta]: New minimal, delete 17 tokens, ratio=221/4885=4.52% 
[02:58:21] [INFO   ] Fixpoint[1]:Reducer[perses_node_priority_with_dfs_delta]: Delta node (#leaves=17): queue=49, delete 17 tokens, ratio=221/4885=4.52% 
[02:58:21] [INFO   ] Fixpoint[1]:Reducer[perses_node_priority_with_dfs_delta]: Delta node (#leaves=14) 
[02:58:22] [INFO   ] Fixpoint[1]:Reducer[perses_node_priority_with_dfs_delta]: Delta node (#leaves=14): queue=48, delete 0 tokens, ratio=221/4885=4.52% 
[02:58:22] [INFO   ] Fixpoint[1]:Reducer[perses_node_priority_with_dfs_delta]: Delta node (#leaves=13) 
[02:58:23] [INFO   ] Fixpoint[1]:Reducer[perses_node_priority_with_dfs_delta]: New minimal, delete 13 tokens, ratio=208/4885=4.26% 
[02:58:23] [INFO   ] Fixpoint[1]:Reducer[perses_node_priority_with_dfs_delta]: Delta node (#leaves=13): queue=49, delete 13 tokens, ratio=208/4885=4.26% 
[02:58:23] [INFO   ] Fixpoint[1]:Reducer[perses_node_priority_with_dfs_delta]: Delta node (#leaves=12) 
[02:58:23] [INFO   ] Fixpoint[1]:Reducer[perses_node_priority_with_dfs_delta]: Delta node (#leaves=12): queue=48, delete 0 tokens, ratio=208/4885=4.26% 
[02:58:23] [INFO   ] Fixpoint[1]:Reducer[perses_node_priority_with_dfs_delta]: Delta node (#leaves=11) 
[02:58:23] [INFO   ] Fixpoint[1]:Reducer[perses_node_priority_with_dfs_delta]: Delta node (#leaves=11): queue=49, delete 0 tokens, ratio=208/4885=4.26% 
[02:58:23] [INFO   ] Fixpoint[1]:Reducer[perses_node_priority_with_dfs_delta]: Delta node (#leaves=11) 
[02:58:24] [INFO   ] Fixpoint[1]:Reducer[perses_node_priority_with_dfs_delta]: New minimal, delete 11 tokens, ratio=197/4885=4.03% 
[02:58:24] [INFO   ] Fixpoint[1]:Reducer[perses_node_priority_with_dfs_delta]: Delta node (#leaves=11): queue=52, delete 11 tokens, ratio=197/4885=4.03% 
[02:58:24] [INFO   ] Fixpoint[1]:Reducer[perses_node_priority_with_dfs_delta]: Delta node (#leaves=11) 
[02:58:26] [INFO   ] Fixpoint[1]:Reducer[perses_node_priority_with_dfs_delta]: New minimal, delete 11 tokens, ratio=186/4885=3.81% 
[02:58:26] [INFO   ] Fixpoint[1]:Reducer[perses_node_priority_with_dfs_delta]: Delta node (#leaves=11): queue=51, delete 11 tokens, ratio=186/4885=3.81% 
[02:58:26] [INFO   ] Fixpoint[1]:Reducer[perses_node_priority_with_dfs_delta]: Delta node (#leaves=11) 
[02:58:27] [INFO   ] Fixpoint[1]:Reducer[perses_node_priority_with_dfs_delta]: New minimal, delete 2 tokens, ratio=184/4885=3.77% 
[02:58:27] [INFO   ] Fixpoint[1]:Reducer[perses_node_priority_with_dfs_delta]: Delta node (#leaves=11): queue=50, delete 2 tokens, ratio=184/4885=3.77% 
[02:58:27] [INFO   ] Fixpoint[1]:Reducer[perses_node_priority_with_dfs_delta]: Delta node (#leaves=11) 
[02:58:27] [INFO   ] Fixpoint[1]:Reducer[perses_node_priority_with_dfs_delta]: Delta node (#leaves=11): queue=50, delete 0 tokens, ratio=184/4885=3.77% 
[02:58:27] [INFO   ] Fixpoint[1]:Reducer[perses_node_priority_with_dfs_delta]: Delta node (#leaves=10) 
[02:58:28] [INFO   ] Fixpoint[1]:Reducer[perses_node_priority_with_dfs_delta]: New minimal, delete 10 tokens, ratio=174/4885=3.56% 
[02:58:28] [INFO   ] Fixpoint[1]:Reducer[perses_node_priority_with_dfs_delta]: Delta node (#leaves=10): queue=51, delete 10 tokens, ratio=174/4885=3.56% 
[02:58:28] [INFO   ] Fixpoint[1]:Reducer[perses_node_priority_with_dfs_delta]: Delta node (#leaves=10) 
[02:58:28] [INFO   ] Fixpoint[1]:Reducer[perses_node_priority_with_dfs_delta]: Delta node (#leaves=10): queue=50, delete 0 tokens, ratio=174/4885=3.56% 
[02:58:28] [INFO   ] Fixpoint[1]:Reducer[perses_node_priority_with_dfs_delta]: Delta node (#leaves=9) 
[02:58:28] [INFO   ] Fixpoint[1]:Reducer[perses_node_priority_with_dfs_delta]: Delta node (#leaves=9): queue=53, delete 0 tokens, ratio=174/4885=3.56% 
[02:58:28] [INFO   ] Fixpoint[1]:Reducer[perses_node_priority_with_dfs_delta]: Delta node (#leaves=8) 
[02:58:29] [INFO   ] Fixpoint[1]:Reducer[perses_node_priority_with_dfs_delta]: New minimal, delete 8 tokens, ratio=166/4885=3.40% 
[02:58:29] [INFO   ] Fixpoint[1]:Reducer[perses_node_priority_with_dfs_delta]: Delta node (#leaves=8): queue=54, delete 8 tokens, ratio=166/4885=3.40% 
[02:58:29] [INFO   ] Fixpoint[1]:Reducer[perses_node_priority_with_dfs_delta]: Delta node (#leaves=8) 
[02:58:31] [INFO   ] Fixpoint[1]:Reducer[perses_node_priority_with_dfs_delta]: New minimal, delete 8 tokens, ratio=158/4885=3.23% 
[02:58:31] [INFO   ] Fixpoint[1]:Reducer[perses_node_priority_with_dfs_delta]: Delta node (#leaves=8): queue=53, delete 8 tokens, ratio=158/4885=3.23% 
[02:58:31] [INFO   ] Fixpoint[1]:Reducer[perses_node_priority_with_dfs_delta]: Delta node (#leaves=8) 
[02:58:32] [INFO   ] Fixpoint[1]:Reducer[perses_node_priority_with_dfs_delta]: New minimal, delete 8 tokens, ratio=150/4885=3.07% 
[02:58:32] [INFO   ] Fixpoint[1]:Reducer[perses_node_priority_with_dfs_delta]: Delta node (#leaves=8): queue=52, delete 8 tokens, ratio=150/4885=3.07% 
[02:58:32] [INFO   ] Fixpoint[1]:Reducer[perses_node_priority_with_dfs_delta]: Delta node (#leaves=8) 
[02:58:32] [INFO   ] Fixpoint[1]:Reducer[perses_node_priority_with_dfs_delta]: Delta node (#leaves=8): queue=51, delete 0 tokens, ratio=150/4885=3.07% 
[02:58:32] [INFO   ] Fixpoint[1]:Reducer[perses_node_priority_with_dfs_delta]: Delta node (#leaves=8) 
[02:58:33] [INFO   ] Fixpoint[1]:Reducer[perses_node_priority_with_dfs_delta]: Delta node (#leaves=8): queue=51, delete 0 tokens, ratio=150/4885=3.07% 
[02:58:33] [INFO   ] Fixpoint[1]:Reducer[perses_node_priority_with_dfs_delta]: Delta node (#leaves=8) 
[02:58:33] [INFO   ] Fixpoint[1]:Reducer[perses_node_priority_with_dfs_delta]: Delta node (#leaves=8): queue=52, delete 0 tokens, ratio=150/4885=3.07% 
[02:58:33] [INFO   ] Fixpoint[1]:Reducer[perses_node_priority_with_dfs_delta]: Delta node (#leaves=7) 
[02:58:33] [INFO   ] Fixpoint[1]:Reducer[perses_node_priority_with_dfs_delta]: Delta node (#leaves=7): queue=54, delete 0 tokens, ratio=150/4885=3.07% 
[02:58:33] [INFO   ] Fixpoint[1]:Reducer[perses_node_priority_with_dfs_delta]: Delta node (#leaves=7) 
[02:58:35] [INFO   ] Fixpoint[1]:Reducer[perses_node_priority_with_dfs_delta]: New minimal, delete 7 tokens, ratio=143/4885=2.93% 
[02:58:35] [INFO   ] Fixpoint[1]:Reducer[perses_node_priority_with_dfs_delta]: Delta node (#leaves=7): queue=57, delete 7 tokens, ratio=143/4885=2.93% 
[02:58:35] [INFO   ] Fixpoint[1]:Reducer[perses_node_priority_with_dfs_delta]: Delta node (#leaves=7) 
[02:58:36] [INFO   ] Fixpoint[1]:Reducer[perses_node_priority_with_dfs_delta]: New minimal, delete 7 tokens, ratio=136/4885=2.78% 
[02:58:36] [INFO   ] Fixpoint[1]:Reducer[perses_node_priority_with_dfs_delta]: Delta node (#leaves=7): queue=56, delete 7 tokens, ratio=136/4885=2.78% 
[02:58:36] [INFO   ] Fixpoint[1]:Reducer[perses_node_priority_with_dfs_delta]: Delta node (#leaves=7) 
[02:58:37] [INFO   ] Fixpoint[1]:Reducer[perses_node_priority_with_dfs_delta]: New minimal, delete 7 tokens, ratio=129/4885=2.64% 
[02:58:37] [INFO   ] Fixpoint[1]:Reducer[perses_node_priority_with_dfs_delta]: Delta node (#leaves=7): queue=55, delete 7 tokens, ratio=129/4885=2.64% 
[02:58:37] [INFO   ] Fixpoint[1]:Reducer[perses_node_priority_with_dfs_delta]: Delta node (#leaves=7) 
[02:58:38] [INFO   ] Fixpoint[1]:Reducer[perses_node_priority_with_dfs_delta]: New minimal, delete 7 tokens, ratio=122/4885=2.50% 
[02:58:38] [INFO   ] Fixpoint[1]:Reducer[perses_node_priority_with_dfs_delta]: Delta node (#leaves=7): queue=54, delete 7 tokens, ratio=122/4885=2.50% 
[02:58:38] [INFO   ] Fixpoint[1]:Reducer[perses_node_priority_with_dfs_delta]: Delta node (#leaves=7) 
[02:58:40] [INFO   ] Fixpoint[1]:Reducer[perses_node_priority_with_dfs_delta]: New minimal, delete 7 tokens, ratio=115/4885=2.35% 
[02:58:40] [INFO   ] Fixpoint[1]:Reducer[perses_node_priority_with_dfs_delta]: Delta node (#leaves=7): queue=53, delete 7 tokens, ratio=115/4885=2.35% 
[02:58:40] [INFO   ] Fixpoint[1]:Reducer[perses_node_priority_with_dfs_delta]: Delta node (#leaves=7) 
[02:58:41] [INFO   ] Fixpoint[1]:Reducer[perses_node_priority_with_dfs_delta]: New minimal, delete 7 tokens, ratio=108/4885=2.21% 
[02:58:41] [INFO   ] Fixpoint[1]:Reducer[perses_node_priority_with_dfs_delta]: Delta node (#leaves=7): queue=52, delete 7 tokens, ratio=108/4885=2.21% 
[02:58:41] [INFO   ] Fixpoint[1]:Reducer[perses_node_priority_with_dfs_delta]: Delta node (#leaves=7) 
[02:58:43] [INFO   ] Fixpoint[1]:Reducer[perses_node_priority_with_dfs_delta]: New minimal, delete 6 tokens, ratio=102/4885=2.09% 
[02:58:43] [INFO   ] Fixpoint[1]:Reducer[perses_node_priority_with_dfs_delta]: Delta node (#leaves=7): queue=51, delete 6 tokens, ratio=102/4885=2.09% 
[02:58:43] [INFO   ] Fixpoint[1]:Reducer[perses_node_priority_with_dfs_delta]: Delta node (#leaves=7) 
[02:58:44] [INFO   ] Fixpoint[1]:Reducer[perses_node_priority_with_dfs_delta]: Delta node (#leaves=7): queue=51, delete 0 tokens, ratio=102/4885=2.09% 
[02:58:44] [INFO   ] Fixpoint[1]:Reducer[perses_node_priority_with_dfs_delta]: Delta node (#leaves=7) 
[02:58:45] [INFO   ] Fixpoint[1]:Reducer[perses_node_priority_with_dfs_delta]: New minimal, delete 7 tokens, ratio=95/4885=1.94% 
[02:58:45] [INFO   ] Fixpoint[1]:Reducer[perses_node_priority_with_dfs_delta]: Delta node (#leaves=7): queue=52, delete 7 tokens, ratio=95/4885=1.94% 
[02:58:45] [INFO   ] Fixpoint[1]:Reducer[perses_node_priority_with_dfs_delta]: Delta node (#leaves=6) 
[02:58:46] [INFO   ] Fixpoint[1]:Reducer[perses_node_priority_with_dfs_delta]: Delta node (#leaves=6): queue=51, delete 0 tokens, ratio=95/4885=1.94% 
[02:58:46] [INFO   ] Fixpoint[1]:Reducer[perses_node_priority_with_dfs_delta]: Delta node (#leaves=6) 
[02:58:46] [INFO   ] Fixpoint[1]:Reducer[perses_node_priority_with_dfs_delta]: Delta node (#leaves=6): queue=51, delete 0 tokens, ratio=95/4885=1.94% 
[02:58:46] [INFO   ] Fixpoint[1]:Reducer[perses_node_priority_with_dfs_delta]: Delta node (#leaves=6) 
[02:58:46] [INFO   ] Fixpoint[1]:Reducer[perses_node_priority_with_dfs_delta]: Delta node (#leaves=6): queue=52, delete 0 tokens, ratio=95/4885=1.94% 
[02:58:46] [INFO   ] Fixpoint[1]:Reducer[perses_node_priority_with_dfs_delta]: Delta node (#leaves=6) 
[02:58:47] [INFO   ] Fixpoint[1]:Reducer[perses_node_priority_with_dfs_delta]: New minimal, delete 5 tokens, ratio=90/4885=1.84% 
[02:58:47] [INFO   ] Fixpoint[1]:Reducer[perses_node_priority_with_dfs_delta]: Delta node (#leaves=6): queue=54, delete 5 tokens, ratio=90/4885=1.84% 
[02:58:47] [INFO   ] Fixpoint[1]:Reducer[perses_node_priority_with_dfs_delta]: Delta node (#leaves=5) 
[02:58:48] [INFO   ] Fixpoint[1]:Reducer[perses_node_priority_with_dfs_delta]: New minimal, delete 3 tokens, ratio=87/4885=1.78% 
[02:58:48] [INFO   ] Fixpoint[1]:Reducer[perses_node_priority_with_dfs_delta]: Delta node (#leaves=5): queue=54, delete 3 tokens, ratio=87/4885=1.78% 
[02:58:48] [INFO   ] Fixpoint[1]:Reducer[perses_node_priority_with_dfs_delta]: Delta node (#leaves=5) 
[02:58:50] [INFO   ] Fixpoint[1]:Reducer[perses_node_priority_with_dfs_delta]: New minimal, delete 5 tokens, ratio=82/4885=1.68% 
[02:58:50] [INFO   ] Fixpoint[1]:Reducer[perses_node_priority_with_dfs_delta]: Delta node (#leaves=5): queue=54, delete 5 tokens, ratio=82/4885=1.68% 
[02:58:50] [INFO   ] Fixpoint[1]:Reducer[perses_node_priority_with_dfs_delta]: Delta node (#leaves=5) 
[02:58:51] [INFO   ] Fixpoint[1]:Reducer[perses_node_priority_with_dfs_delta]: New minimal, delete 5 tokens, ratio=77/4885=1.58% 
[02:58:51] [INFO   ] Fixpoint[1]:Reducer[perses_node_priority_with_dfs_delta]: Delta node (#leaves=5): queue=53, delete 5 tokens, ratio=77/4885=1.58% 
[02:58:51] [INFO   ] Fixpoint[1]:Reducer[perses_node_priority_with_dfs_delta]: Delta node (#leaves=5) 
[02:58:52] [INFO   ] Fixpoint[1]:Reducer[perses_node_priority_with_dfs_delta]: Delta node (#leaves=5): queue=52, delete 0 tokens, ratio=77/4885=1.58% 
[02:58:52] [INFO   ] Fixpoint[1]:Reducer[perses_node_priority_with_dfs_delta]: Delta node (#leaves=4) 
[02:58:52] [INFO   ] Fixpoint[1]:Reducer[perses_node_priority_with_dfs_delta]: Delta node (#leaves=4): queue=53, delete 0 tokens, ratio=77/4885=1.58% 
[02:58:52] [INFO   ] Fixpoint[1]:Reducer[perses_node_priority_with_dfs_delta]: Delta node (#leaves=4) 
[02:58:53] [INFO   ] Fixpoint[1]:Reducer[perses_node_priority_with_dfs_delta]: New minimal, delete 3 tokens, ratio=74/4885=1.51% 
[02:58:53] [INFO   ] Fixpoint[1]:Reducer[perses_node_priority_with_dfs_delta]: Delta node (#leaves=4): queue=53, delete 3 tokens, ratio=74/4885=1.51% 
[02:58:53] [INFO   ] Fixpoint[1]:Reducer[perses_node_priority_with_dfs_delta]: Delta node (#leaves=4) 
[02:58:54] [INFO   ] Fixpoint[1]:Reducer[perses_node_priority_with_dfs_delta]: Delta node (#leaves=4): queue=53, delete 0 tokens, ratio=74/4885=1.51% 
[02:58:54] [INFO   ] Fixpoint[1]:Reducer[perses_node_priority_with_dfs_delta]: Delta node (#leaves=4) 
[02:58:54] [INFO   ] Fixpoint[1]:Reducer[perses_node_priority_with_dfs_delta]: Delta node (#leaves=4): queue=54, delete 0 tokens, ratio=74/4885=1.51% 
[02:58:54] [INFO   ] Fixpoint[1]:Reducer[perses_node_priority_with_dfs_delta]: Delta node (#leaves=4) 
[02:58:54] [INFO   ] Fixpoint[1]:Reducer[perses_node_priority_with_dfs_delta]: Delta node (#leaves=4): queue=55, delete 0 tokens, ratio=74/4885=1.51% 
[02:58:54] [INFO   ] Fixpoint[1]:Reducer[perses_node_priority_with_dfs_delta]: Delta node (#leaves=4) 
[02:58:54] [INFO   ] Fixpoint[1]:Reducer[perses_node_priority_with_dfs_delta]: Delta node (#leaves=4): queue=55, delete 0 tokens, ratio=74/4885=1.51% 
[02:58:54] [INFO   ] Fixpoint[1]:Reducer[perses_node_priority_with_dfs_delta]: Delta node (#leaves=3) 
[02:58:56] [INFO   ] Fixpoint[1]:Reducer[perses_node_priority_with_dfs_delta]: New minimal, delete 2 tokens, ratio=72/4885=1.47% 
[02:58:56] [INFO   ] Fixpoint[1]:Reducer[perses_node_priority_with_dfs_delta]: Delta node (#leaves=3): queue=56, delete 2 tokens, ratio=72/4885=1.47% 
[02:58:56] [INFO   ] Fixpoint[1]:Reducer[perses_node_priority_with_dfs_delta]: Delta node (#leaves=3) 
[02:58:56] [INFO   ] Fixpoint[1]:Reducer[perses_node_priority_with_dfs_delta]: Delta node (#leaves=3): queue=56, delete 0 tokens, ratio=72/4885=1.47% 
[02:58:56] [INFO   ] Fixpoint[1]:Reducer[perses_node_priority_with_dfs_delta]: Delta node (#leaves=3) 
[02:58:56] [INFO   ] Fixpoint[1]:Reducer[perses_node_priority_with_dfs_delta]: Delta node (#leaves=3): queue=56, delete 0 tokens, ratio=72/4885=1.47% 
[02:58:56] [INFO   ] Fixpoint[1]:Reducer[perses_node_priority_with_dfs_delta]: Delta node (#leaves=3) 
[02:58:57] [INFO   ] Fixpoint[1]:Reducer[perses_node_priority_with_dfs_delta]: Delta node (#leaves=3): queue=57, delete 0 tokens, ratio=72/4885=1.47% 
[02:58:57] [INFO   ] Fixpoint[1]:Reducer[perses_node_priority_with_dfs_delta]: Delta node (#leaves=3) 
[02:58:57] [INFO   ] Fixpoint[1]:Reducer[perses_node_priority_with_dfs_delta]: Delta node (#leaves=3): queue=57, delete 0 tokens, ratio=72/4885=1.47% 
[02:58:57] [INFO   ] Fixpoint[1]:Reducer[perses_node_priority_with_dfs_delta]: Delta node (#leaves=3) 
[02:58:57] [INFO   ] Fixpoint[1]:Reducer[perses_node_priority_with_dfs_delta]: Delta node (#leaves=3): queue=58, delete 0 tokens, ratio=72/4885=1.47% 
[02:58:57] [INFO   ] Fixpoint[1]:Reducer[perses_node_priority_with_dfs_delta]: Delta node (#leaves=3) 
[02:58:57] [INFO   ] Fixpoint[1]:Reducer[perses_node_priority_with_dfs_delta]: Delta node (#leaves=3): queue=60, delete 0 tokens, ratio=72/4885=1.47% 
[02:58:57] [INFO   ] Fixpoint[1]:Reducer[perses_node_priority_with_dfs_delta]: Delta node (#leaves=3) 
[02:58:57] [INFO   ] Fixpoint[1]:Reducer[perses_node_priority_with_dfs_delta]: Delta node (#leaves=3): queue=60, delete 0 tokens, ratio=72/4885=1.47% 
[02:58:57] [INFO   ] Fixpoint[1]:Reducer[perses_node_priority_with_dfs_delta]: Delta node (#leaves=3) 
[02:58:57] [INFO   ] Fixpoint[1]:Reducer[perses_node_priority_with_dfs_delta]: Delta node (#leaves=3): queue=61, delete 0 tokens, ratio=72/4885=1.47% 
[02:58:57] [INFO   ] Fixpoint[1]:Reducer[perses_node_priority_with_dfs_delta]: Delta node (#leaves=3) 
[02:58:57] [INFO   ] Fixpoint[1]:Reducer[perses_node_priority_with_dfs_delta]: Delta node (#leaves=3): queue=61, delete 0 tokens, ratio=72/4885=1.47% 
[02:58:57] [INFO   ] Fixpoint[1]:Reducer[perses_node_priority_with_dfs_delta]: Delta node (#leaves=2) 
[02:58:58] [INFO   ] Fixpoint[1]:Reducer[perses_node_priority_with_dfs_delta]: New minimal, delete 2 tokens, ratio=70/4885=1.43% 
[02:58:58] [INFO   ] Fixpoint[1]:Reducer[perses_node_priority_with_dfs_delta]: Delta node (#leaves=2): queue=62, delete 2 tokens, ratio=70/4885=1.43% 
[02:58:58] [INFO   ] Fixpoint[1]:Reducer[perses_node_priority_with_dfs_delta]: Delta node (#leaves=2) 
[02:58:58] [INFO   ] Fixpoint[1]:Reducer[perses_node_priority_with_dfs_delta]: Delta node (#leaves=2): queue=61, delete 0 tokens, ratio=70/4885=1.43% 
[02:58:58] [INFO   ] Fixpoint[1]:Reducer[perses_node_priority_with_dfs_delta]: Delta node (#leaves=2) 
[02:58:58] [INFO   ] Fixpoint[1]:Reducer[perses_node_priority_with_dfs_delta]: Delta node (#leaves=2): queue=62, delete 0 tokens, ratio=70/4885=1.43% 
[02:58:58] [INFO   ] Fixpoint[1]:Reducer[perses_node_priority_with_dfs_delta]: Delta node (#leaves=2) 
[02:58:59] [INFO   ] Fixpoint[1]:Reducer[perses_node_priority_with_dfs_delta]: New minimal, delete 2 tokens, ratio=68/4885=1.39% 
[02:58:59] [INFO   ] Fixpoint[1]:Reducer[perses_node_priority_with_dfs_delta]: Delta node (#leaves=2): queue=63, delete 2 tokens, ratio=68/4885=1.39% 
[02:58:59] [INFO   ] Fixpoint[1]:Reducer[perses_node_priority_with_dfs_delta]: Delta node (#leaves=2) 
[02:59:01] [INFO   ] Fixpoint[1]:Reducer[perses_node_priority_with_dfs_delta]: New minimal, delete 1 tokens, ratio=67/4885=1.37% 
[02:59:01] [INFO   ] Fixpoint[1]:Reducer[perses_node_priority_with_dfs_delta]: Delta node (#leaves=2): queue=62, delete 1 tokens, ratio=67/4885=1.37% 
[02:59:01] [INFO   ] Fixpoint[1]:Reducer[perses_node_priority_with_dfs_delta]: Delta node (#leaves=2) 
[02:59:02] [INFO   ] Fixpoint[1]:Reducer[perses_node_priority_with_dfs_delta]: New minimal, delete 1 tokens, ratio=66/4885=1.35% 
[02:59:02] [INFO   ] Fixpoint[1]:Reducer[perses_node_priority_with_dfs_delta]: Delta node (#leaves=2): queue=62, delete 1 tokens, ratio=66/4885=1.35% 
[02:59:02] [INFO   ] Fixpoint[1]:Reducer[perses_node_priority_with_dfs_delta]: Delta node (#leaves=2) 
[02:59:02] [INFO   ] Fixpoint[1]:Reducer[perses_node_priority_with_dfs_delta]: Delta node (#leaves=2): queue=62, delete 0 tokens, ratio=66/4885=1.35% 
[02:59:02] [INFO   ] Fixpoint[1]:Reducer[perses_node_priority_with_dfs_delta]: Delta node (#leaves=2) 
[02:59:02] [INFO   ] Fixpoint[1]:Reducer[perses_node_priority_with_dfs_delta]: Delta node (#leaves=2): queue=63, delete 0 tokens, ratio=66/4885=1.35% 
[02:59:02] [INFO   ] Fixpoint[1]:Reducer[perses_node_priority_with_dfs_delta]: Delta node (#leaves=2) 
[02:59:03] [INFO   ] Fixpoint[1]:Reducer[perses_node_priority_with_dfs_delta]: New minimal, delete 2 tokens, ratio=64/4885=1.31% 
[02:59:03] [INFO   ] Fixpoint[1]:Reducer[perses_node_priority_with_dfs_delta]: Delta node (#leaves=2): queue=64, delete 2 tokens, ratio=64/4885=1.31% 
[02:59:03] [INFO   ] Fixpoint[1]:Reducer[perses_node_priority_with_dfs_delta]: Delta node (#leaves=1) 
[02:59:03] [INFO   ] Fixpoint[1]:Reducer[perses_node_priority_with_dfs_delta]: Delta node (#leaves=1): queue=63, delete 0 tokens, ratio=64/4885=1.31% 
[02:59:03] [INFO   ] Fixpoint[1]:Reducer[perses_node_priority_with_dfs_delta]: Delta node (#leaves=1) 
[02:59:03] [INFO   ] Fixpoint[1]:Reducer[perses_node_priority_with_dfs_delta]: Delta node (#leaves=1): queue=62, delete 0 tokens, ratio=64/4885=1.31% 
[02:59:03] [INFO   ] Fixpoint[1]:Reducer[perses_node_priority_with_dfs_delta]: Delta node (#leaves=1) 
[02:59:03] [INFO   ] Fixpoint[1]:Reducer[perses_node_priority_with_dfs_delta]: Delta node (#leaves=1): queue=61, delete 0 tokens, ratio=64/4885=1.31% 
[02:59:03] [INFO   ] Fixpoint[1]:Reducer[perses_node_priority_with_dfs_delta]: Delta node (#leaves=1) 
[02:59:03] [INFO   ] Fixpoint[1]:Reducer[perses_node_priority_with_dfs_delta]: Delta node (#leaves=1): queue=60, delete 0 tokens, ratio=64/4885=1.31% 
[02:59:03] [INFO   ] Fixpoint[1]:Reducer[perses_node_priority_with_dfs_delta]: Delta node (#leaves=1) 
[02:59:03] [INFO   ] Fixpoint[1]:Reducer[perses_node_priority_with_dfs_delta]: Delta node (#leaves=1): queue=59, delete 0 tokens, ratio=64/4885=1.31% 
[02:59:03] [INFO   ] Fixpoint[1]:Reducer[perses_node_priority_with_dfs_delta]: Delta node (#leaves=1) 
[02:59:03] [INFO   ] Fixpoint[1]:Reducer[perses_node_priority_with_dfs_delta]: Delta node (#leaves=1): queue=58, delete 0 tokens, ratio=64/4885=1.31% 
[02:59:03] [INFO   ] Fixpoint[1]:Reducer[perses_node_priority_with_dfs_delta]: Delta node (#leaves=1) 
[02:59:03] [INFO   ] Fixpoint[1]:Reducer[perses_node_priority_with_dfs_delta]: Delta node (#leaves=1): queue=57, delete 0 tokens, ratio=64/4885=1.31% 
[02:59:03] [INFO   ] Fixpoint[1]:Reducer[perses_node_priority_with_dfs_delta]: Delta node (#leaves=1) 
[02:59:03] [INFO   ] Fixpoint[1]:Reducer[perses_node_priority_with_dfs_delta]: Delta node (#leaves=1): queue=56, delete 0 tokens, ratio=64/4885=1.31% 
[02:59:03] [INFO   ] Fixpoint[1]:Reducer[perses_node_priority_with_dfs_delta]: Delta node (#leaves=1) 
[02:59:03] [INFO   ] Fixpoint[1]:Reducer[perses_node_priority_with_dfs_delta]: Delta node (#leaves=1): queue=55, delete 0 tokens, ratio=64/4885=1.31% 
[02:59:03] [INFO   ] Fixpoint[1]:Reducer[perses_node_priority_with_dfs_delta]: Delta node (#leaves=1) 
[02:59:03] [INFO   ] Fixpoint[1]:Reducer[perses_node_priority_with_dfs_delta]: Delta node (#leaves=1): queue=54, delete 0 tokens, ratio=64/4885=1.31% 
[02:59:03] [INFO   ] Fixpoint[1]:Reducer[perses_node_priority_with_dfs_delta]: Delta node (#leaves=1) 
[02:59:03] [INFO   ] Fixpoint[1]:Reducer[perses_node_priority_with_dfs_delta]: Delta node (#leaves=1): queue=53, delete 0 tokens, ratio=64/4885=1.31% 
[02:59:03] [INFO   ] Fixpoint[1]:Reducer[perses_node_priority_with_dfs_delta]: Delta node (#leaves=1) 
[02:59:03] [INFO   ] Fixpoint[1]:Reducer[perses_node_priority_with_dfs_delta]: Delta node (#leaves=1): queue=52, delete 0 tokens, ratio=64/4885=1.31% 
[02:59:03] [INFO   ] Fixpoint[1]:Reducer[perses_node_priority_with_dfs_delta]: Delta node (#leaves=1) 
[02:59:03] [INFO   ] Fixpoint[1]:Reducer[perses_node_priority_with_dfs_delta]: Delta node (#leaves=1): queue=51, delete 0 tokens, ratio=64/4885=1.31% 
[02:59:03] [INFO   ] Fixpoint[1]:Reducer[perses_node_priority_with_dfs_delta]: Delta node (#leaves=1) 
[02:59:03] [INFO   ] Fixpoint[1]:Reducer[perses_node_priority_with_dfs_delta]: Delta node (#leaves=1): queue=50, delete 0 tokens, ratio=64/4885=1.31% 
[02:59:03] [INFO   ] Fixpoint[1]:Reducer[perses_node_priority_with_dfs_delta]: Delta node (#leaves=1) 
[02:59:03] [INFO   ] Fixpoint[1]:Reducer[perses_node_priority_with_dfs_delta]: Delta node (#leaves=1): queue=49, delete 0 tokens, ratio=64/4885=1.31% 
[02:59:03] [INFO   ] Fixpoint[1]:Reducer[perses_node_priority_with_dfs_delta]: Delta node (#leaves=1) 
[02:59:03] [INFO   ] Fixpoint[1]:Reducer[perses_node_priority_with_dfs_delta]: Delta node (#leaves=1): queue=48, delete 0 tokens, ratio=64/4885=1.31% 
[02:59:03] [INFO   ] Fixpoint[1]:Reducer[perses_node_priority_with_dfs_delta]: Delta node (#leaves=1) 
[02:59:03] [INFO   ] Fixpoint[1]:Reducer[perses_node_priority_with_dfs_delta]: Delta node (#leaves=1): queue=47, delete 0 tokens, ratio=64/4885=1.31% 
[02:59:03] [INFO   ] Fixpoint[1]:Reducer[perses_node_priority_with_dfs_delta]: Delta node (#leaves=1) 
[02:59:03] [INFO   ] Fixpoint[1]:Reducer[perses_node_priority_with_dfs_delta]: Delta node (#leaves=1): queue=46, delete 0 tokens, ratio=64/4885=1.31% 
[02:59:03] [INFO   ] Fixpoint[1]:Reducer[perses_node_priority_with_dfs_delta]: Delta node (#leaves=1) 
[02:59:03] [INFO   ] Fixpoint[1]:Reducer[perses_node_priority_with_dfs_delta]: Delta node (#leaves=1): queue=45, delete 0 tokens, ratio=64/4885=1.31% 
[02:59:03] [INFO   ] Fixpoint[1]:Reducer[perses_node_priority_with_dfs_delta]: Delta node (#leaves=1) 
[02:59:03] [INFO   ] Fixpoint[1]:Reducer[perses_node_priority_with_dfs_delta]: Delta node (#leaves=1): queue=44, delete 0 tokens, ratio=64/4885=1.31% 
[02:59:03] [INFO   ] Fixpoint[1]:Reducer[perses_node_priority_with_dfs_delta]: Delta node (#leaves=1) 
[02:59:03] [INFO   ] Fixpoint[1]:Reducer[perses_node_priority_with_dfs_delta]: Delta node (#leaves=1): queue=43, delete 0 tokens, ratio=64/4885=1.31% 
[02:59:03] [INFO   ] Fixpoint[1]:Reducer[perses_node_priority_with_dfs_delta]: Delta node (#leaves=1) 
[02:59:03] [INFO   ] Fixpoint[1]:Reducer[perses_node_priority_with_dfs_delta]: Delta node (#leaves=1): queue=42, delete 0 tokens, ratio=64/4885=1.31% 
[02:59:03] [INFO   ] Fixpoint[1]:Reducer[perses_node_priority_with_dfs_delta]: Delta node (#leaves=1) 
[02:59:03] [INFO   ] Fixpoint[1]:Reducer[perses_node_priority_with_dfs_delta]: Delta node (#leaves=1): queue=41, delete 0 tokens, ratio=64/4885=1.31% 
[02:59:03] [INFO   ] Fixpoint[1]:Reducer[perses_node_priority_with_dfs_delta]: Delta node (#leaves=1) 
[02:59:03] [INFO   ] Fixpoint[1]:Reducer[perses_node_priority_with_dfs_delta]: Delta node (#leaves=1): queue=40, delete 0 tokens, ratio=64/4885=1.31% 
[02:59:03] [INFO   ] Fixpoint[1]:Reducer[perses_node_priority_with_dfs_delta]: Delta node (#leaves=1) 
[02:59:03] [INFO   ] Fixpoint[1]:Reducer[perses_node_priority_with_dfs_delta]: Delta node (#leaves=1): queue=39, delete 0 tokens, ratio=64/4885=1.31% 
[02:59:03] [INFO   ] Fixpoint[1]:Reducer[perses_node_priority_with_dfs_delta]: Delta node (#leaves=1) 
[02:59:03] [INFO   ] Fixpoint[1]:Reducer[perses_node_priority_with_dfs_delta]: Delta node (#leaves=1): queue=38, delete 0 tokens, ratio=64/4885=1.31% 
[02:59:03] [INFO   ] Fixpoint[1]:Reducer[perses_node_priority_with_dfs_delta]: Delta node (#leaves=1) 
[02:59:03] [INFO   ] Fixpoint[1]:Reducer[perses_node_priority_with_dfs_delta]: Delta node (#leaves=1): queue=37, delete 0 tokens, ratio=64/4885=1.31% 
[02:59:03] [INFO   ] Fixpoint[1]:Reducer[perses_node_priority_with_dfs_delta]: Delta node (#leaves=1) 
[02:59:03] [INFO   ] Fixpoint[1]:Reducer[perses_node_priority_with_dfs_delta]: Delta node (#leaves=1): queue=36, delete 0 tokens, ratio=64/4885=1.31% 
[02:59:03] [INFO   ] Fixpoint[1]:Reducer[perses_node_priority_with_dfs_delta]: Delta node (#leaves=1) 
[02:59:03] [INFO   ] Fixpoint[1]:Reducer[perses_node_priority_with_dfs_delta]: Delta node (#leaves=1): queue=35, delete 0 tokens, ratio=64/4885=1.31% 
[02:59:03] [INFO   ] Fixpoint[1]:Reducer[perses_node_priority_with_dfs_delta]: Delta node (#leaves=1) 
[02:59:03] [INFO   ] Fixpoint[1]:Reducer[perses_node_priority_with_dfs_delta]: Delta node (#leaves=1): queue=34, delete 0 tokens, ratio=64/4885=1.31% 
[02:59:03] [INFO   ] Fixpoint[1]:Reducer[perses_node_priority_with_dfs_delta]: Delta node (#leaves=1) 
[02:59:03] [INFO   ] Fixpoint[1]:Reducer[perses_node_priority_with_dfs_delta]: Delta node (#leaves=1): queue=33, delete 0 tokens, ratio=64/4885=1.31% 
[02:59:03] [INFO   ] Fixpoint[1]:Reducer[perses_node_priority_with_dfs_delta]: Delta node (#leaves=1) 
[02:59:03] [INFO   ] Fixpoint[1]:Reducer[perses_node_priority_with_dfs_delta]: Delta node (#leaves=1): queue=32, delete 0 tokens, ratio=64/4885=1.31% 
[02:59:03] [INFO   ] Fixpoint[1]:Reducer[perses_node_priority_with_dfs_delta]: Delta node (#leaves=1) 
[02:59:03] [INFO   ] Fixpoint[1]:Reducer[perses_node_priority_with_dfs_delta]: Delta node (#leaves=1): queue=31, delete 0 tokens, ratio=64/4885=1.31% 
[02:59:03] [INFO   ] Fixpoint[1]:Reducer[perses_node_priority_with_dfs_delta]: Delta node (#leaves=1) 
[02:59:03] [INFO   ] Fixpoint[1]:Reducer[perses_node_priority_with_dfs_delta]: Delta node (#leaves=1): queue=30, delete 0 tokens, ratio=64/4885=1.31% 
[02:59:03] [INFO   ] Fixpoint[1]:Reducer[perses_node_priority_with_dfs_delta]: Delta node (#leaves=1) 
[02:59:03] [INFO   ] Fixpoint[1]:Reducer[perses_node_priority_with_dfs_delta]: Delta node (#leaves=1): queue=29, delete 0 tokens, ratio=64/4885=1.31% 
[02:59:03] [INFO   ] Fixpoint[1]:Reducer[perses_node_priority_with_dfs_delta]: Delta node (#leaves=1) 
[02:59:03] [INFO   ] Fixpoint[1]:Reducer[perses_node_priority_with_dfs_delta]: Delta node (#leaves=1): queue=28, delete 0 tokens, ratio=64/4885=1.31% 
[02:59:03] [INFO   ] Fixpoint[1]:Reducer[perses_node_priority_with_dfs_delta]: Delta node (#leaves=1) 
[02:59:03] [INFO   ] Fixpoint[1]:Reducer[perses_node_priority_with_dfs_delta]: Delta node (#leaves=1): queue=27, delete 0 tokens, ratio=64/4885=1.31% 
[02:59:03] [INFO   ] Fixpoint[1]:Reducer[perses_node_priority_with_dfs_delta]: Delta node (#leaves=1) 
[02:59:03] [INFO   ] Fixpoint[1]:Reducer[perses_node_priority_with_dfs_delta]: Delta node (#leaves=1): queue=26, delete 0 tokens, ratio=64/4885=1.31% 
[02:59:03] [INFO   ] Fixpoint[1]:Reducer[perses_node_priority_with_dfs_delta]: Delta node (#leaves=1) 
[02:59:03] [INFO   ] Fixpoint[1]:Reducer[perses_node_priority_with_dfs_delta]: Delta node (#leaves=1): queue=25, delete 0 tokens, ratio=64/4885=1.31% 
[02:59:03] [INFO   ] Fixpoint[1]:Reducer[perses_node_priority_with_dfs_delta]: Delta node (#leaves=1) 
[02:59:03] [INFO   ] Fixpoint[1]:Reducer[perses_node_priority_with_dfs_delta]: Delta node (#leaves=1): queue=24, delete 0 tokens, ratio=64/4885=1.31% 
[02:59:03] [INFO   ] Fixpoint[1]:Reducer[perses_node_priority_with_dfs_delta]: Delta node (#leaves=1) 
[02:59:03] [INFO   ] Fixpoint[1]:Reducer[perses_node_priority_with_dfs_delta]: Delta node (#leaves=1): queue=23, delete 0 tokens, ratio=64/4885=1.31% 
[02:59:03] [INFO   ] Fixpoint[1]:Reducer[perses_node_priority_with_dfs_delta]: Delta node (#leaves=1) 
[02:59:03] [INFO   ] Fixpoint[1]:Reducer[perses_node_priority_with_dfs_delta]: Delta node (#leaves=1): queue=22, delete 0 tokens, ratio=64/4885=1.31% 
[02:59:03] [INFO   ] Fixpoint[1]:Reducer[perses_node_priority_with_dfs_delta]: Delta node (#leaves=1) 
[02:59:03] [INFO   ] Fixpoint[1]:Reducer[perses_node_priority_with_dfs_delta]: Delta node (#leaves=1): queue=21, delete 0 tokens, ratio=64/4885=1.31% 
[02:59:03] [INFO   ] Fixpoint[1]:Reducer[perses_node_priority_with_dfs_delta]: Delta node (#leaves=1) 
[02:59:03] [INFO   ] Fixpoint[1]:Reducer[perses_node_priority_with_dfs_delta]: Delta node (#leaves=1): queue=20, delete 0 tokens, ratio=64/4885=1.31% 
[02:59:03] [INFO   ] Fixpoint[1]:Reducer[perses_node_priority_with_dfs_delta]: Delta node (#leaves=1) 
[02:59:03] [INFO   ] Fixpoint[1]:Reducer[perses_node_priority_with_dfs_delta]: Delta node (#leaves=1): queue=19, delete 0 tokens, ratio=64/4885=1.31% 
[02:59:03] [INFO   ] Fixpoint[1]:Reducer[perses_node_priority_with_dfs_delta]: Delta node (#leaves=1) 
[02:59:03] [INFO   ] Fixpoint[1]:Reducer[perses_node_priority_with_dfs_delta]: Delta node (#leaves=1): queue=18, delete 0 tokens, ratio=64/4885=1.31% 
[02:59:03] [INFO   ] Fixpoint[1]:Reducer[perses_node_priority_with_dfs_delta]: Delta node (#leaves=1) 
[02:59:03] [INFO   ] Fixpoint[1]:Reducer[perses_node_priority_with_dfs_delta]: Delta node (#leaves=1): queue=17, delete 0 tokens, ratio=64/4885=1.31% 
[02:59:03] [INFO   ] Fixpoint[1]:Reducer[perses_node_priority_with_dfs_delta]: Delta node (#leaves=1) 
[02:59:03] [INFO   ] Fixpoint[1]:Reducer[perses_node_priority_with_dfs_delta]: Delta node (#leaves=1): queue=16, delete 0 tokens, ratio=64/4885=1.31% 
[02:59:03] [INFO   ] Fixpoint[1]:Reducer[perses_node_priority_with_dfs_delta]: Delta node (#leaves=1) 
[02:59:03] [INFO   ] Fixpoint[1]:Reducer[perses_node_priority_with_dfs_delta]: Delta node (#leaves=1): queue=15, delete 0 tokens, ratio=64/4885=1.31% 
[02:59:03] [INFO   ] Fixpoint[1]:Reducer[perses_node_priority_with_dfs_delta]: Delta node (#leaves=1) 
[02:59:03] [INFO   ] Fixpoint[1]:Reducer[perses_node_priority_with_dfs_delta]: Delta node (#leaves=1): queue=14, delete 0 tokens, ratio=64/4885=1.31% 
[02:59:03] [INFO   ] Fixpoint[1]:Reducer[perses_node_priority_with_dfs_delta]: Delta node (#leaves=1) 
[02:59:03] [INFO   ] Fixpoint[1]:Reducer[perses_node_priority_with_dfs_delta]: Delta node (#leaves=1): queue=13, delete 0 tokens, ratio=64/4885=1.31% 
[02:59:03] [INFO   ] Fixpoint[1]:Reducer[perses_node_priority_with_dfs_delta]: Delta node (#leaves=1) 
[02:59:03] [INFO   ] Fixpoint[1]:Reducer[perses_node_priority_with_dfs_delta]: Delta node (#leaves=1): queue=12, delete 0 tokens, ratio=64/4885=1.31% 
[02:59:03] [INFO   ] Fixpoint[1]:Reducer[perses_node_priority_with_dfs_delta]: Delta node (#leaves=1) 
[02:59:03] [INFO   ] Fixpoint[1]:Reducer[perses_node_priority_with_dfs_delta]: Delta node (#leaves=1): queue=11, delete 0 tokens, ratio=64/4885=1.31% 
[02:59:03] [INFO   ] Fixpoint[1]:Reducer[perses_node_priority_with_dfs_delta]: Delta node (#leaves=1) 
[02:59:03] [INFO   ] Fixpoint[1]:Reducer[perses_node_priority_with_dfs_delta]: Delta node (#leaves=1): queue=10, delete 0 tokens, ratio=64/4885=1.31% 
[02:59:03] [INFO   ] Fixpoint[1]:Reducer[perses_node_priority_with_dfs_delta]: Delta node (#leaves=1) 
[02:59:03] [INFO   ] Fixpoint[1]:Reducer[perses_node_priority_with_dfs_delta]: Delta node (#leaves=1): queue=9, delete 0 tokens, ratio=64/4885=1.31% 
[02:59:03] [INFO   ] Fixpoint[1]:Reducer[perses_node_priority_with_dfs_delta]: Delta node (#leaves=1) 
[02:59:03] [INFO   ] Fixpoint[1]:Reducer[perses_node_priority_with_dfs_delta]: Delta node (#leaves=1): queue=8, delete 0 tokens, ratio=64/4885=1.31% 
[02:59:03] [INFO   ] Fixpoint[1]:Reducer[perses_node_priority_with_dfs_delta]: Delta node (#leaves=1) 
[02:59:03] [INFO   ] Fixpoint[1]:Reducer[perses_node_priority_with_dfs_delta]: Delta node (#leaves=1): queue=7, delete 0 tokens, ratio=64/4885=1.31% 
[02:59:03] [INFO   ] Fixpoint[1]:Reducer[perses_node_priority_with_dfs_delta]: Delta node (#leaves=1) 
[02:59:03] [INFO   ] Fixpoint[1]:Reducer[perses_node_priority_with_dfs_delta]: Delta node (#leaves=1): queue=6, delete 0 tokens, ratio=64/4885=1.31% 
[02:59:03] [INFO   ] Fixpoint[1]:Reducer[perses_node_priority_with_dfs_delta]: Delta node (#leaves=1) 
[02:59:03] [INFO   ] Fixpoint[1]:Reducer[perses_node_priority_with_dfs_delta]: Delta node (#leaves=1): queue=5, delete 0 tokens, ratio=64/4885=1.31% 
[02:59:03] [INFO   ] Fixpoint[1]:Reducer[perses_node_priority_with_dfs_delta]: Delta node (#leaves=1) 
[02:59:03] [INFO   ] Fixpoint[1]:Reducer[perses_node_priority_with_dfs_delta]: Delta node (#leaves=1): queue=4, delete 0 tokens, ratio=64/4885=1.31% 
[02:59:03] [INFO   ] Fixpoint[1]:Reducer[perses_node_priority_with_dfs_delta]: Delta node (#leaves=1) 
[02:59:03] [INFO   ] Fixpoint[1]:Reducer[perses_node_priority_with_dfs_delta]: Delta node (#leaves=1): queue=3, delete 0 tokens, ratio=64/4885=1.31% 
[02:59:03] [INFO   ] Fixpoint[1]:Reducer[perses_node_priority_with_dfs_delta]: Delta node (#leaves=1) 
[02:59:03] [INFO   ] Fixpoint[1]:Reducer[perses_node_priority_with_dfs_delta]: Delta node (#leaves=1): queue=2, delete 0 tokens, ratio=64/4885=1.31% 
[02:59:03] [INFO   ] Fixpoint[1]:Reducer[perses_node_priority_with_dfs_delta]: Delta node (#leaves=1) 
[02:59:03] [INFO   ] Fixpoint[1]:Reducer[perses_node_priority_with_dfs_delta]: Delta node (#leaves=1): queue=1, delete 0 tokens, ratio=64/4885=1.31% 
[02:59:03] [INFO   ] Fixpoint[1]:Reducer[perses_node_priority_with_dfs_delta]: Delta node (#leaves=1) 
[02:59:04] [INFO   ] Fixpoint[1]:Reducer[perses_node_priority_with_dfs_delta]: New minimal, delete 1 tokens, ratio=63/4885=1.29% 
[02:59:04] [INFO   ] Fixpoint[1]:Reducer[perses_node_priority_with_dfs_delta]: Delta node (#leaves=1): queue=0, delete 1 tokens, ratio=63/4885=1.29% 
[02:59:04] [INFO   ] perses_node_priority_with_dfs_delta ended at 02:59:04 2022/04/22. #old=4885, #new=63 
[02:59:04] [INFO   ] Fixpoint[1]:Reducer[perses_node_priority_with_dfs_delta]: Fixpoint iteration finished, delete 4822 tokens, ratio=63/4885=1.29% 
[02:59:04] [INFO   ] Rebuilding spar-tree. 
[02:59:04] [INFO   ] perses_node_priority_with_dfs_delta started at 02:59:04 2022/04/22. #tokens=63 
[02:59:04] [INFO   ] Fixpoint[2]:Reducer[perses_node_priority_with_dfs_delta]: New fixpoint iteration started. #Tokens=63 
[02:59:04] [INFO   ] Fixpoint[2]:Reducer[perses_node_priority_with_dfs_delta]: Delta node (#leaves=63) 
[02:59:05] [INFO   ] Fixpoint[2]:Reducer[perses_node_priority_with_dfs_delta]: Delta node (#leaves=63): queue=0, delete 0 tokens, ratio=63/4885=1.29% 
[02:59:05] [INFO   ] Fixpoint[2]:Reducer[perses_node_priority_with_dfs_delta]: Delta node (#leaves=63) 
[02:59:05] [INFO   ] Fixpoint[2]:Reducer[perses_node_priority_with_dfs_delta]: Delta node (#leaves=63): queue=0, delete 0 tokens, ratio=63/4885=1.29% 
[02:59:05] [INFO   ] Fixpoint[2]:Reducer[perses_node_priority_with_dfs_delta]: Delta node (#leaves=61) 
[02:59:05] [INFO   ] Fixpoint[2]:Reducer[perses_node_priority_with_dfs_delta]: Delta node (#leaves=61): queue=2, delete 0 tokens, ratio=63/4885=1.29% 
[02:59:05] [INFO   ] Fixpoint[2]:Reducer[perses_node_priority_with_dfs_delta]: Delta node (#leaves=59) 
[02:59:08] [INFO   ] Fixpoint[2]:Reducer[perses_node_priority_with_dfs_delta]: New minimal, delete 6 tokens, ratio=57/4885=1.17% 
[02:59:10] [INFO   ] Fixpoint[2]:Reducer[perses_node_priority_with_dfs_delta]: New minimal, delete 19 tokens, ratio=38/4885=0.78% 
[02:59:10] [INFO   ] Fixpoint[2]:Reducer[perses_node_priority_with_dfs_delta]: Delta node (#leaves=59): queue=4, delete 25 tokens, ratio=38/4885=0.78% 
[02:59:10] [INFO   ] Fixpoint[2]:Reducer[perses_node_priority_with_dfs_delta]: Delta node (#leaves=31) 
[02:59:11] [INFO   ] Fixpoint[2]:Reducer[perses_node_priority_with_dfs_delta]: Delta node (#leaves=31): queue=5, delete 0 tokens, ratio=38/4885=0.78% 
[02:59:11] [INFO   ] Fixpoint[2]:Reducer[perses_node_priority_with_dfs_delta]: Delta node (#leaves=29) 
[02:59:12] [INFO   ] Fixpoint[2]:Reducer[perses_node_priority_with_dfs_delta]: Delta node (#leaves=29): queue=7, delete 0 tokens, ratio=38/4885=0.78% 
[02:59:12] [INFO   ] Fixpoint[2]:Reducer[perses_node_priority_with_dfs_delta]: Delta node (#leaves=29) 
[02:59:14] [INFO   ] Fixpoint[2]:Reducer[perses_node_priority_with_dfs_delta]: Delta node (#leaves=29): queue=7, delete 0 tokens, ratio=38/4885=0.78% 
[02:59:14] [INFO   ] Fixpoint[2]:Reducer[perses_node_priority_with_dfs_delta]: Delta node (#leaves=20) 
[02:59:15] [INFO   ] Fixpoint[2]:Reducer[perses_node_priority_with_dfs_delta]: Delta node (#leaves=20): queue=8, delete 0 tokens, ratio=38/4885=0.78% 
[02:59:15] [INFO   ] Fixpoint[2]:Reducer[perses_node_priority_with_dfs_delta]: Delta node (#leaves=16) 
[02:59:15] [INFO   ] Fixpoint[2]:Reducer[perses_node_priority_with_dfs_delta]: Delta node (#leaves=16): queue=12, delete 0 tokens, ratio=38/4885=0.78% 
[02:59:15] [INFO   ] Fixpoint[2]:Reducer[perses_node_priority_with_dfs_delta]: Delta node (#leaves=14) 
[02:59:19] [INFO   ] Fixpoint[2]:Reducer[perses_node_priority_with_dfs_delta]: Delta node (#leaves=14): queue=14, delete 0 tokens, ratio=38/4885=0.78% 
[02:59:19] [INFO   ] Fixpoint[2]:Reducer[perses_node_priority_with_dfs_delta]: Delta node (#leaves=9) 
[02:59:19] [INFO   ] Fixpoint[2]:Reducer[perses_node_priority_with_dfs_delta]: Delta node (#leaves=9): queue=15, delete 0 tokens, ratio=38/4885=0.78% 
[02:59:19] [INFO   ] Fixpoint[2]:Reducer[perses_node_priority_with_dfs_delta]: Delta node (#leaves=8) 
[02:59:19] [INFO   ] Fixpoint[2]:Reducer[perses_node_priority_with_dfs_delta]: Delta node (#leaves=8): queue=16, delete 0 tokens, ratio=38/4885=0.78% 
[02:59:19] [INFO   ] Fixpoint[2]:Reducer[perses_node_priority_with_dfs_delta]: Delta node (#leaves=7) 
[02:59:20] [INFO   ] Fixpoint[2]:Reducer[perses_node_priority_with_dfs_delta]: Delta node (#leaves=7): queue=17, delete 0 tokens, ratio=38/4885=0.78% 
[02:59:20] [INFO   ] Fixpoint[2]:Reducer[perses_node_priority_with_dfs_delta]: Delta node (#leaves=7) 
[02:59:20] [INFO   ] Fixpoint[2]:Reducer[perses_node_priority_with_dfs_delta]: Delta node (#leaves=7): queue=18, delete 0 tokens, ratio=38/4885=0.78% 
[02:59:20] [INFO   ] Fixpoint[2]:Reducer[perses_node_priority_with_dfs_delta]: Delta node (#leaves=7) 
[02:59:20] [INFO   ] Fixpoint[2]:Reducer[perses_node_priority_with_dfs_delta]: Delta node (#leaves=7): queue=19, delete 0 tokens, ratio=38/4885=0.78% 
[02:59:20] [INFO   ] Fixpoint[2]:Reducer[perses_node_priority_with_dfs_delta]: Delta node (#leaves=4) 
[02:59:20] [INFO   ] Fixpoint[2]:Reducer[perses_node_priority_with_dfs_delta]: Delta node (#leaves=4): queue=20, delete 0 tokens, ratio=38/4885=0.78% 
[02:59:20] [INFO   ] Fixpoint[2]:Reducer[perses_node_priority_with_dfs_delta]: Delta node (#leaves=4) 
[02:59:20] [INFO   ] Fixpoint[2]:Reducer[perses_node_priority_with_dfs_delta]: Delta node (#leaves=4): queue=20, delete 0 tokens, ratio=38/4885=0.78% 
[02:59:20] [INFO   ] Fixpoint[2]:Reducer[perses_node_priority_with_dfs_delta]: Delta node (#leaves=4) 
[02:59:20] [INFO   ] Fixpoint[2]:Reducer[perses_node_priority_with_dfs_delta]: Delta node (#leaves=4): queue=21, delete 0 tokens, ratio=38/4885=0.78% 
[02:59:20] [INFO   ] Fixpoint[2]:Reducer[perses_node_priority_with_dfs_delta]: Delta node (#leaves=4) 
[02:59:20] [INFO   ] Fixpoint[2]:Reducer[perses_node_priority_with_dfs_delta]: Delta node (#leaves=4): queue=21, delete 0 tokens, ratio=38/4885=0.78% 
[02:59:20] [INFO   ] Fixpoint[2]:Reducer[perses_node_priority_with_dfs_delta]: Delta node (#leaves=4) 
[02:59:20] [INFO   ] Fixpoint[2]:Reducer[perses_node_priority_with_dfs_delta]: Delta node (#leaves=4): queue=22, delete 0 tokens, ratio=38/4885=0.78% 
[02:59:20] [INFO   ] Fixpoint[2]:Reducer[perses_node_priority_with_dfs_delta]: Delta node (#leaves=4) 
[02:59:20] [INFO   ] Fixpoint[2]:Reducer[perses_node_priority_with_dfs_delta]: Delta node (#leaves=4): queue=22, delete 0 tokens, ratio=38/4885=0.78% 
[02:59:20] [INFO   ] Fixpoint[2]:Reducer[perses_node_priority_with_dfs_delta]: Delta node (#leaves=3) 
[02:59:20] [INFO   ] Fixpoint[2]:Reducer[perses_node_priority_with_dfs_delta]: Delta node (#leaves=3): queue=23, delete 0 tokens, ratio=38/4885=0.78% 
[02:59:20] [INFO   ] Fixpoint[2]:Reducer[perses_node_priority_with_dfs_delta]: Delta node (#leaves=3) 
[02:59:20] [INFO   ] Fixpoint[2]:Reducer[perses_node_priority_with_dfs_delta]: Delta node (#leaves=3): queue=25, delete 0 tokens, ratio=38/4885=0.78% 
[02:59:20] [INFO   ] Fixpoint[2]:Reducer[perses_node_priority_with_dfs_delta]: Delta node (#leaves=3) 
[02:59:21] [INFO   ] Fixpoint[2]:Reducer[perses_node_priority_with_dfs_delta]: Delta node (#leaves=3): queue=26, delete 0 tokens, ratio=38/4885=0.78% 
[02:59:21] [INFO   ] Fixpoint[2]:Reducer[perses_node_priority_with_dfs_delta]: Delta node (#leaves=3) 
[02:59:21] [INFO   ] Fixpoint[2]:Reducer[perses_node_priority_with_dfs_delta]: Delta node (#leaves=3): queue=27, delete 0 tokens, ratio=38/4885=0.78% 
[02:59:21] [INFO   ] Fixpoint[2]:Reducer[perses_node_priority_with_dfs_delta]: Delta node (#leaves=3) 
[02:59:21] [INFO   ] Fixpoint[2]:Reducer[perses_node_priority_with_dfs_delta]: Delta node (#leaves=3): queue=29, delete 0 tokens, ratio=38/4885=0.78% 
[02:59:21] [INFO   ] Fixpoint[2]:Reducer[perses_node_priority_with_dfs_delta]: Delta node (#leaves=3) 
[02:59:21] [INFO   ] Fixpoint[2]:Reducer[perses_node_priority_with_dfs_delta]: Delta node (#leaves=3): queue=29, delete 0 tokens, ratio=38/4885=0.78% 
[02:59:21] [INFO   ] Fixpoint[2]:Reducer[perses_node_priority_with_dfs_delta]: Delta node (#leaves=3) 
[02:59:21] [INFO   ] Fixpoint[2]:Reducer[perses_node_priority_with_dfs_delta]: Delta node (#leaves=3): queue=30, delete 0 tokens, ratio=38/4885=0.78% 
[02:59:21] [INFO   ] Fixpoint[2]:Reducer[perses_node_priority_with_dfs_delta]: Delta node (#leaves=3) 
[02:59:21] [INFO   ] Fixpoint[2]:Reducer[perses_node_priority_with_dfs_delta]: Delta node (#leaves=3): queue=32, delete 0 tokens, ratio=38/4885=0.78% 
[02:59:21] [INFO   ] Fixpoint[2]:Reducer[perses_node_priority_with_dfs_delta]: Delta node (#leaves=3) 
[02:59:21] [INFO   ] Fixpoint[2]:Reducer[perses_node_priority_with_dfs_delta]: Delta node (#leaves=3): queue=32, delete 0 tokens, ratio=38/4885=0.78% 
[02:59:21] [INFO   ] Fixpoint[2]:Reducer[perses_node_priority_with_dfs_delta]: Delta node (#leaves=2) 
[02:59:21] [INFO   ] Fixpoint[2]:Reducer[perses_node_priority_with_dfs_delta]: Delta node (#leaves=2): queue=33, delete 0 tokens, ratio=38/4885=0.78% 
[02:59:21] [INFO   ] Fixpoint[2]:Reducer[perses_node_priority_with_dfs_delta]: Delta node (#leaves=2) 
[02:59:21] [INFO   ] Fixpoint[2]:Reducer[perses_node_priority_with_dfs_delta]: Delta node (#leaves=2): queue=33, delete 0 tokens, ratio=38/4885=0.78% 
[02:59:21] [INFO   ] Fixpoint[2]:Reducer[perses_node_priority_with_dfs_delta]: Delta node (#leaves=2) 
[02:59:21] [INFO   ] Fixpoint[2]:Reducer[perses_node_priority_with_dfs_delta]: Delta node (#leaves=2): queue=34, delete 0 tokens, ratio=38/4885=0.78% 
[02:59:21] [INFO   ] Fixpoint[2]:Reducer[perses_node_priority_with_dfs_delta]: Delta node (#leaves=2) 
[02:59:21] [INFO   ] Fixpoint[2]:Reducer[perses_node_priority_with_dfs_delta]: Delta node (#leaves=2): queue=34, delete 0 tokens, ratio=38/4885=0.78% 
[02:59:21] [INFO   ] Fixpoint[2]:Reducer[perses_node_priority_with_dfs_delta]: Delta node (#leaves=2) 
[02:59:21] [INFO   ] Fixpoint[2]:Reducer[perses_node_priority_with_dfs_delta]: Delta node (#leaves=2): queue=35, delete 0 tokens, ratio=38/4885=0.78% 
[02:59:21] [INFO   ] Fixpoint[2]:Reducer[perses_node_priority_with_dfs_delta]: Delta node (#leaves=2) 
[02:59:21] [INFO   ] Fixpoint[2]:Reducer[perses_node_priority_with_dfs_delta]: Delta node (#leaves=2): queue=36, delete 0 tokens, ratio=38/4885=0.78% 
[02:59:21] [INFO   ] Fixpoint[2]:Reducer[perses_node_priority_with_dfs_delta]: Delta node (#leaves=1) 
[02:59:21] [INFO   ] Fixpoint[2]:Reducer[perses_node_priority_with_dfs_delta]: Delta node (#leaves=1): queue=37, delete 0 tokens, ratio=38/4885=0.78% 
[02:59:21] [INFO   ] Fixpoint[2]:Reducer[perses_node_priority_with_dfs_delta]: Delta node (#leaves=1) 
[02:59:21] [INFO   ] Fixpoint[2]:Reducer[perses_node_priority_with_dfs_delta]: Delta node (#leaves=1): queue=36, delete 0 tokens, ratio=38/4885=0.78% 
[02:59:21] [INFO   ] Fixpoint[2]:Reducer[perses_node_priority_with_dfs_delta]: Delta node (#leaves=1) 
[02:59:21] [INFO   ] Fixpoint[2]:Reducer[perses_node_priority_with_dfs_delta]: Delta node (#leaves=1): queue=35, delete 0 tokens, ratio=38/4885=0.78% 
[02:59:21] [INFO   ] Fixpoint[2]:Reducer[perses_node_priority_with_dfs_delta]: Delta node (#leaves=1) 
[02:59:21] [INFO   ] Fixpoint[2]:Reducer[perses_node_priority_with_dfs_delta]: Delta node (#leaves=1): queue=34, delete 0 tokens, ratio=38/4885=0.78% 
[02:59:21] [INFO   ] Fixpoint[2]:Reducer[perses_node_priority_with_dfs_delta]: Delta node (#leaves=1) 
[02:59:21] [INFO   ] Fixpoint[2]:Reducer[perses_node_priority_with_dfs_delta]: Delta node (#leaves=1): queue=33, delete 0 tokens, ratio=38/4885=0.78% 
[02:59:21] [INFO   ] Fixpoint[2]:Reducer[perses_node_priority_with_dfs_delta]: Delta node (#leaves=1) 
[02:59:21] [INFO   ] Fixpoint[2]:Reducer[perses_node_priority_with_dfs_delta]: Delta node (#leaves=1): queue=32, delete 0 tokens, ratio=38/4885=0.78% 
[02:59:21] [INFO   ] Fixpoint[2]:Reducer[perses_node_priority_with_dfs_delta]: Delta node (#leaves=1) 
[02:59:21] [INFO   ] Fixpoint[2]:Reducer[perses_node_priority_with_dfs_delta]: Delta node (#leaves=1): queue=31, delete 0 tokens, ratio=38/4885=0.78% 
[02:59:21] [INFO   ] Fixpoint[2]:Reducer[perses_node_priority_with_dfs_delta]: Delta node (#leaves=1) 
[02:59:21] [INFO   ] Fixpoint[2]:Reducer[perses_node_priority_with_dfs_delta]: Delta node (#leaves=1): queue=30, delete 0 tokens, ratio=38/4885=0.78% 
[02:59:21] [INFO   ] Fixpoint[2]:Reducer[perses_node_priority_with_dfs_delta]: Delta node (#leaves=1) 
[02:59:21] [INFO   ] Fixpoint[2]:Reducer[perses_node_priority_with_dfs_delta]: Delta node (#leaves=1): queue=29, delete 0 tokens, ratio=38/4885=0.78% 
[02:59:21] [INFO   ] Fixpoint[2]:Reducer[perses_node_priority_with_dfs_delta]: Delta node (#leaves=1) 
[02:59:21] [INFO   ] Fixpoint[2]:Reducer[perses_node_priority_with_dfs_delta]: Delta node (#leaves=1): queue=28, delete 0 tokens, ratio=38/4885=0.78% 
[02:59:21] [INFO   ] Fixpoint[2]:Reducer[perses_node_priority_with_dfs_delta]: Delta node (#leaves=1) 
[02:59:21] [INFO   ] Fixpoint[2]:Reducer[perses_node_priority_with_dfs_delta]: Delta node (#leaves=1): queue=27, delete 0 tokens, ratio=38/4885=0.78% 
[02:59:21] [INFO   ] Fixpoint[2]:Reducer[perses_node_priority_with_dfs_delta]: Delta node (#leaves=1) 
[02:59:21] [INFO   ] Fixpoint[2]:Reducer[perses_node_priority_with_dfs_delta]: Delta node (#leaves=1): queue=26, delete 0 tokens, ratio=38/4885=0.78% 
[02:59:21] [INFO   ] Fixpoint[2]:Reducer[perses_node_priority_with_dfs_delta]: Delta node (#leaves=1) 
[02:59:21] [INFO   ] Fixpoint[2]:Reducer[perses_node_priority_with_dfs_delta]: Delta node (#leaves=1): queue=25, delete 0 tokens, ratio=38/4885=0.78% 
[02:59:21] [INFO   ] Fixpoint[2]:Reducer[perses_node_priority_with_dfs_delta]: Delta node (#leaves=1) 
[02:59:21] [INFO   ] Fixpoint[2]:Reducer[perses_node_priority_with_dfs_delta]: Delta node (#leaves=1): queue=24, delete 0 tokens, ratio=38/4885=0.78% 
[02:59:21] [INFO   ] Fixpoint[2]:Reducer[perses_node_priority_with_dfs_delta]: Delta node (#leaves=1) 
[02:59:21] [INFO   ] Fixpoint[2]:Reducer[perses_node_priority_with_dfs_delta]: Delta node (#leaves=1): queue=23, delete 0 tokens, ratio=38/4885=0.78% 
[02:59:21] [INFO   ] Fixpoint[2]:Reducer[perses_node_priority_with_dfs_delta]: Delta node (#leaves=1) 
[02:59:21] [INFO   ] Fixpoint[2]:Reducer[perses_node_priority_with_dfs_delta]: Delta node (#leaves=1): queue=22, delete 0 tokens, ratio=38/4885=0.78% 
[02:59:21] [INFO   ] Fixpoint[2]:Reducer[perses_node_priority_with_dfs_delta]: Delta node (#leaves=1) 
[02:59:21] [INFO   ] Fixpoint[2]:Reducer[perses_node_priority_with_dfs_delta]: Delta node (#leaves=1): queue=21, delete 0 tokens, ratio=38/4885=0.78% 
[02:59:21] [INFO   ] Fixpoint[2]:Reducer[perses_node_priority_with_dfs_delta]: Delta node (#leaves=1) 
[02:59:21] [INFO   ] Fixpoint[2]:Reducer[perses_node_priority_with_dfs_delta]: Delta node (#leaves=1): queue=20, delete 0 tokens, ratio=38/4885=0.78% 
[02:59:21] [INFO   ] Fixpoint[2]:Reducer[perses_node_priority_with_dfs_delta]: Delta node (#leaves=1) 
[02:59:21] [INFO   ] Fixpoint[2]:Reducer[perses_node_priority_with_dfs_delta]: Delta node (#leaves=1): queue=19, delete 0 tokens, ratio=38/4885=0.78% 
[02:59:21] [INFO   ] Fixpoint[2]:Reducer[perses_node_priority_with_dfs_delta]: Delta node (#leaves=1) 
[02:59:21] [INFO   ] Fixpoint[2]:Reducer[perses_node_priority_with_dfs_delta]: Delta node (#leaves=1): queue=18, delete 0 tokens, ratio=38/4885=0.78% 
[02:59:21] [INFO   ] Fixpoint[2]:Reducer[perses_node_priority_with_dfs_delta]: Delta node (#leaves=1) 
[02:59:21] [INFO   ] Fixpoint[2]:Reducer[perses_node_priority_with_dfs_delta]: Delta node (#leaves=1): queue=17, delete 0 tokens, ratio=38/4885=0.78% 
[02:59:21] [INFO   ] Fixpoint[2]:Reducer[perses_node_priority_with_dfs_delta]: Delta node (#leaves=1) 
[02:59:21] [INFO   ] Fixpoint[2]:Reducer[perses_node_priority_with_dfs_delta]: Delta node (#leaves=1): queue=16, delete 0 tokens, ratio=38/4885=0.78% 
[02:59:21] [INFO   ] Fixpoint[2]:Reducer[perses_node_priority_with_dfs_delta]: Delta node (#leaves=1) 
[02:59:21] [INFO   ] Fixpoint[2]:Reducer[perses_node_priority_with_dfs_delta]: Delta node (#leaves=1): queue=15, delete 0 tokens, ratio=38/4885=0.78% 
[02:59:21] [INFO   ] Fixpoint[2]:Reducer[perses_node_priority_with_dfs_delta]: Delta node (#leaves=1) 
[02:59:21] [INFO   ] Fixpoint[2]:Reducer[perses_node_priority_with_dfs_delta]: Delta node (#leaves=1): queue=14, delete 0 tokens, ratio=38/4885=0.78% 
[02:59:21] [INFO   ] Fixpoint[2]:Reducer[perses_node_priority_with_dfs_delta]: Delta node (#leaves=1) 
[02:59:21] [INFO   ] Fixpoint[2]:Reducer[perses_node_priority_with_dfs_delta]: Delta node (#leaves=1): queue=13, delete 0 tokens, ratio=38/4885=0.78% 
[02:59:21] [INFO   ] Fixpoint[2]:Reducer[perses_node_priority_with_dfs_delta]: Delta node (#leaves=1) 
[02:59:21] [INFO   ] Fixpoint[2]:Reducer[perses_node_priority_with_dfs_delta]: Delta node (#leaves=1): queue=12, delete 0 tokens, ratio=38/4885=0.78% 
[02:59:21] [INFO   ] Fixpoint[2]:Reducer[perses_node_priority_with_dfs_delta]: Delta node (#leaves=1) 
[02:59:21] [INFO   ] Fixpoint[2]:Reducer[perses_node_priority_with_dfs_delta]: Delta node (#leaves=1): queue=11, delete 0 tokens, ratio=38/4885=0.78% 
[02:59:21] [INFO   ] Fixpoint[2]:Reducer[perses_node_priority_with_dfs_delta]: Delta node (#leaves=1) 
[02:59:21] [INFO   ] Fixpoint[2]:Reducer[perses_node_priority_with_dfs_delta]: Delta node (#leaves=1): queue=10, delete 0 tokens, ratio=38/4885=0.78% 
[02:59:21] [INFO   ] Fixpoint[2]:Reducer[perses_node_priority_with_dfs_delta]: Delta node (#leaves=1) 
[02:59:21] [INFO   ] Fixpoint[2]:Reducer[perses_node_priority_with_dfs_delta]: Delta node (#leaves=1): queue=9, delete 0 tokens, ratio=38/4885=0.78% 
[02:59:21] [INFO   ] Fixpoint[2]:Reducer[perses_node_priority_with_dfs_delta]: Delta node (#leaves=1) 
[02:59:21] [INFO   ] Fixpoint[2]:Reducer[perses_node_priority_with_dfs_delta]: Delta node (#leaves=1): queue=8, delete 0 tokens, ratio=38/4885=0.78% 
[02:59:21] [INFO   ] Fixpoint[2]:Reducer[perses_node_priority_with_dfs_delta]: Delta node (#leaves=1) 
[02:59:21] [INFO   ] Fixpoint[2]:Reducer[perses_node_priority_with_dfs_delta]: Delta node (#leaves=1): queue=7, delete 0 tokens, ratio=38/4885=0.78% 
[02:59:21] [INFO   ] Fixpoint[2]:Reducer[perses_node_priority_with_dfs_delta]: Delta node (#leaves=1) 
[02:59:21] [INFO   ] Fixpoint[2]:Reducer[perses_node_priority_with_dfs_delta]: Delta node (#leaves=1): queue=6, delete 0 tokens, ratio=38/4885=0.78% 
[02:59:21] [INFO   ] Fixpoint[2]:Reducer[perses_node_priority_with_dfs_delta]: Delta node (#leaves=1) 
[02:59:21] [INFO   ] Fixpoint[2]:Reducer[perses_node_priority_with_dfs_delta]: Delta node (#leaves=1): queue=5, delete 0 tokens, ratio=38/4885=0.78% 
[02:59:21] [INFO   ] Fixpoint[2]:Reducer[perses_node_priority_with_dfs_delta]: Delta node (#leaves=1) 
[02:59:21] [INFO   ] Fixpoint[2]:Reducer[perses_node_priority_with_dfs_delta]: Delta node (#leaves=1): queue=4, delete 0 tokens, ratio=38/4885=0.78% 
[02:59:21] [INFO   ] Fixpoint[2]:Reducer[perses_node_priority_with_dfs_delta]: Delta node (#leaves=1) 
[02:59:21] [INFO   ] Fixpoint[2]:Reducer[perses_node_priority_with_dfs_delta]: Delta node (#leaves=1): queue=3, delete 0 tokens, ratio=38/4885=0.78% 
[02:59:21] [INFO   ] Fixpoint[2]:Reducer[perses_node_priority_with_dfs_delta]: Delta node (#leaves=1) 
[02:59:21] [INFO   ] Fixpoint[2]:Reducer[perses_node_priority_with_dfs_delta]: Delta node (#leaves=1): queue=2, delete 0 tokens, ratio=38/4885=0.78% 
[02:59:21] [INFO   ] Fixpoint[2]:Reducer[perses_node_priority_with_dfs_delta]: Delta node (#leaves=1) 
[02:59:21] [INFO   ] Fixpoint[2]:Reducer[perses_node_priority_with_dfs_delta]: Delta node (#leaves=1): queue=1, delete 0 tokens, ratio=38/4885=0.78% 
[02:59:21] [INFO   ] Fixpoint[2]:Reducer[perses_node_priority_with_dfs_delta]: Delta node (#leaves=1) 
[02:59:21] [INFO   ] Fixpoint[2]:Reducer[perses_node_priority_with_dfs_delta]: Delta node (#leaves=1): queue=0, delete 0 tokens, ratio=38/4885=0.78% 
[02:59:21] [INFO   ] perses_node_priority_with_dfs_delta ended at 02:59:21 2022/04/22. #old=63, #new=38 
[02:59:21] [INFO   ] Fixpoint[2]:Reducer[perses_node_priority_with_dfs_delta]: Fixpoint iteration finished, delete 25 tokens, ratio=38/4885=0.78% 
[02:59:21] [INFO   ] Rebuilding spar-tree. 
[02:59:21] [INFO   ] perses_node_priority_with_dfs_delta started at 02:59:21 2022/04/22. #tokens=38 
[02:59:21] [INFO   ] Fixpoint[3]:Reducer[perses_node_priority_with_dfs_delta]: New fixpoint iteration started. #Tokens=38 
[02:59:21] [INFO   ] Fixpoint[3]:Reducer[perses_node_priority_with_dfs_delta]: Delta node (#leaves=38) 
[02:59:21] [INFO   ] Fixpoint[3]:Reducer[perses_node_priority_with_dfs_delta]: Delta node (#leaves=38): queue=0, delete 0 tokens, ratio=38/4885=0.78% 
[02:59:21] [INFO   ] Fixpoint[3]:Reducer[perses_node_priority_with_dfs_delta]: Delta node (#leaves=38) 
[02:59:21] [INFO   ] Fixpoint[3]:Reducer[perses_node_priority_with_dfs_delta]: Delta node (#leaves=38): queue=0, delete 0 tokens, ratio=38/4885=0.78% 
[02:59:21] [INFO   ] Fixpoint[3]:Reducer[perses_node_priority_with_dfs_delta]: Delta node (#leaves=36) 
[02:59:21] [INFO   ] Fixpoint[3]:Reducer[perses_node_priority_with_dfs_delta]: Delta node (#leaves=36): queue=2, delete 0 tokens, ratio=38/4885=0.78% 
[02:59:21] [INFO   ] Fixpoint[3]:Reducer[perses_node_priority_with_dfs_delta]: Delta node (#leaves=34) 
[02:59:21] [INFO   ] Fixpoint[3]:Reducer[perses_node_priority_with_dfs_delta]: Delta node (#leaves=34): queue=4, delete 0 tokens, ratio=38/4885=0.78% 
[02:59:21] [INFO   ] Fixpoint[3]:Reducer[perses_node_priority_with_dfs_delta]: Delta node (#leaves=31) 
[02:59:21] [INFO   ] Fixpoint[3]:Reducer[perses_node_priority_with_dfs_delta]: Delta node (#leaves=31): queue=5, delete 0 tokens, ratio=38/4885=0.78% 
[02:59:21] [INFO   ] Fixpoint[3]:Reducer[perses_node_priority_with_dfs_delta]: Delta node (#leaves=29) 
[02:59:21] [INFO   ] Fixpoint[3]:Reducer[perses_node_priority_with_dfs_delta]: Delta node (#leaves=29): queue=7, delete 0 tokens, ratio=38/4885=0.78% 
[02:59:21] [INFO   ] Fixpoint[3]:Reducer[perses_node_priority_with_dfs_delta]: Delta node (#leaves=29) 
[02:59:21] [INFO   ] Fixpoint[3]:Reducer[perses_node_priority_with_dfs_delta]: Delta node (#leaves=29): queue=7, delete 0 tokens, ratio=38/4885=0.78% 
[02:59:21] [INFO   ] Fixpoint[3]:Reducer[perses_node_priority_with_dfs_delta]: Delta node (#leaves=20) 
[02:59:21] [INFO   ] Fixpoint[3]:Reducer[perses_node_priority_with_dfs_delta]: Delta node (#leaves=20): queue=8, delete 0 tokens, ratio=38/4885=0.78% 
[02:59:21] [INFO   ] Fixpoint[3]:Reducer[perses_node_priority_with_dfs_delta]: Delta node (#leaves=16) 
[02:59:21] [INFO   ] Fixpoint[3]:Reducer[perses_node_priority_with_dfs_delta]: Delta node (#leaves=16): queue=12, delete 0 tokens, ratio=38/4885=0.78% 
[02:59:21] [INFO   ] Fixpoint[3]:Reducer[perses_node_priority_with_dfs_delta]: Delta node (#leaves=14) 
[02:59:21] [INFO   ] Fixpoint[3]:Reducer[perses_node_priority_with_dfs_delta]: Delta node (#leaves=14): queue=14, delete 0 tokens, ratio=38/4885=0.78% 
[02:59:21] [INFO   ] Fixpoint[3]:Reducer[perses_node_priority_with_dfs_delta]: Delta node (#leaves=9) 
[02:59:21] [INFO   ] Fixpoint[3]:Reducer[perses_node_priority_with_dfs_delta]: Delta node (#leaves=9): queue=15, delete 0 tokens, ratio=38/4885=0.78% 
[02:59:21] [INFO   ] Fixpoint[3]:Reducer[perses_node_priority_with_dfs_delta]: Delta node (#leaves=8) 
[02:59:21] [INFO   ] Fixpoint[3]:Reducer[perses_node_priority_with_dfs_delta]: Delta node (#leaves=8): queue=16, delete 0 tokens, ratio=38/4885=0.78% 
[02:59:21] [INFO   ] Fixpoint[3]:Reducer[perses_node_priority_with_dfs_delta]: Delta node (#leaves=7) 
[02:59:21] [INFO   ] Fixpoint[3]:Reducer[perses_node_priority_with_dfs_delta]: Delta node (#leaves=7): queue=17, delete 0 tokens, ratio=38/4885=0.78% 
[02:59:21] [INFO   ] Fixpoint[3]:Reducer[perses_node_priority_with_dfs_delta]: Delta node (#leaves=7) 
[02:59:21] [INFO   ] Fixpoint[3]:Reducer[perses_node_priority_with_dfs_delta]: Delta node (#leaves=7): queue=18, delete 0 tokens, ratio=38/4885=0.78% 
[02:59:21] [INFO   ] Fixpoint[3]:Reducer[perses_node_priority_with_dfs_delta]: Delta node (#leaves=7) 
[02:59:21] [INFO   ] Fixpoint[3]:Reducer[perses_node_priority_with_dfs_delta]: Delta node (#leaves=7): queue=19, delete 0 tokens, ratio=38/4885=0.78% 
[02:59:21] [INFO   ] Fixpoint[3]:Reducer[perses_node_priority_with_dfs_delta]: Delta node (#leaves=4) 
[02:59:21] [INFO   ] Fixpoint[3]:Reducer[perses_node_priority_with_dfs_delta]: Delta node (#leaves=4): queue=20, delete 0 tokens, ratio=38/4885=0.78% 
[02:59:21] [INFO   ] Fixpoint[3]:Reducer[perses_node_priority_with_dfs_delta]: Delta node (#leaves=4) 
[02:59:21] [INFO   ] Fixpoint[3]:Reducer[perses_node_priority_with_dfs_delta]: Delta node (#leaves=4): queue=20, delete 0 tokens, ratio=38/4885=0.78% 
[02:59:21] [INFO   ] Fixpoint[3]:Reducer[perses_node_priority_with_dfs_delta]: Delta node (#leaves=4) 
[02:59:21] [INFO   ] Fixpoint[3]:Reducer[perses_node_priority_with_dfs_delta]: Delta node (#leaves=4): queue=21, delete 0 tokens, ratio=38/4885=0.78% 
[02:59:21] [INFO   ] Fixpoint[3]:Reducer[perses_node_priority_with_dfs_delta]: Delta node (#leaves=4) 
[02:59:21] [INFO   ] Fixpoint[3]:Reducer[perses_node_priority_with_dfs_delta]: Delta node (#leaves=4): queue=21, delete 0 tokens, ratio=38/4885=0.78% 
[02:59:21] [INFO   ] Fixpoint[3]:Reducer[perses_node_priority_with_dfs_delta]: Delta node (#leaves=4) 
[02:59:21] [INFO   ] Fixpoint[3]:Reducer[perses_node_priority_with_dfs_delta]: Delta node (#leaves=4): queue=22, delete 0 tokens, ratio=38/4885=0.78% 
[02:59:21] [INFO   ] Fixpoint[3]:Reducer[perses_node_priority_with_dfs_delta]: Delta node (#leaves=4) 
[02:59:21] [INFO   ] Fixpoint[3]:Reducer[perses_node_priority_with_dfs_delta]: Delta node (#leaves=4): queue=22, delete 0 tokens, ratio=38/4885=0.78% 
[02:59:21] [INFO   ] Fixpoint[3]:Reducer[perses_node_priority_with_dfs_delta]: Delta node (#leaves=3) 
[02:59:21] [INFO   ] Fixpoint[3]:Reducer[perses_node_priority_with_dfs_delta]: Delta node (#leaves=3): queue=23, delete 0 tokens, ratio=38/4885=0.78% 
[02:59:21] [INFO   ] Fixpoint[3]:Reducer[perses_node_priority_with_dfs_delta]: Delta node (#leaves=3) 
[02:59:21] [INFO   ] Fixpoint[3]:Reducer[perses_node_priority_with_dfs_delta]: Delta node (#leaves=3): queue=25, delete 0 tokens, ratio=38/4885=0.78% 
[02:59:21] [INFO   ] Fixpoint[3]:Reducer[perses_node_priority_with_dfs_delta]: Delta node (#leaves=3) 
[02:59:21] [INFO   ] Fixpoint[3]:Reducer[perses_node_priority_with_dfs_delta]: Delta node (#leaves=3): queue=26, delete 0 tokens, ratio=38/4885=0.78% 
[02:59:21] [INFO   ] Fixpoint[3]:Reducer[perses_node_priority_with_dfs_delta]: Delta node (#leaves=3) 
[02:59:21] [INFO   ] Fixpoint[3]:Reducer[perses_node_priority_with_dfs_delta]: Delta node (#leaves=3): queue=27, delete 0 tokens, ratio=38/4885=0.78% 
[02:59:21] [INFO   ] Fixpoint[3]:Reducer[perses_node_priority_with_dfs_delta]: Delta node (#leaves=3) 
[02:59:21] [INFO   ] Fixpoint[3]:Reducer[perses_node_priority_with_dfs_delta]: Delta node (#leaves=3): queue=29, delete 0 tokens, ratio=38/4885=0.78% 
[02:59:21] [INFO   ] Fixpoint[3]:Reducer[perses_node_priority_with_dfs_delta]: Delta node (#leaves=3) 
[02:59:21] [INFO   ] Fixpoint[3]:Reducer[perses_node_priority_with_dfs_delta]: Delta node (#leaves=3): queue=29, delete 0 tokens, ratio=38/4885=0.78% 
[02:59:21] [INFO   ] Fixpoint[3]:Reducer[perses_node_priority_with_dfs_delta]: Delta node (#leaves=3) 
[02:59:21] [INFO   ] Fixpoint[3]:Reducer[perses_node_priority_with_dfs_delta]: Delta node (#leaves=3): queue=30, delete 0 tokens, ratio=38/4885=0.78% 
[02:59:21] [INFO   ] Fixpoint[3]:Reducer[perses_node_priority_with_dfs_delta]: Delta node (#leaves=3) 
[02:59:21] [INFO   ] Fixpoint[3]:Reducer[perses_node_priority_with_dfs_delta]: Delta node (#leaves=3): queue=32, delete 0 tokens, ratio=38/4885=0.78% 
[02:59:21] [INFO   ] Fixpoint[3]:Reducer[perses_node_priority_with_dfs_delta]: Delta node (#leaves=3) 
[02:59:21] [INFO   ] Fixpoint[3]:Reducer[perses_node_priority_with_dfs_delta]: Delta node (#leaves=3): queue=32, delete 0 tokens, ratio=38/4885=0.78% 
[02:59:21] [INFO   ] Fixpoint[3]:Reducer[perses_node_priority_with_dfs_delta]: Delta node (#leaves=2) 
[02:59:21] [INFO   ] Fixpoint[3]:Reducer[perses_node_priority_with_dfs_delta]: Delta node (#leaves=2): queue=33, delete 0 tokens, ratio=38/4885=0.78% 
[02:59:21] [INFO   ] Fixpoint[3]:Reducer[perses_node_priority_with_dfs_delta]: Delta node (#leaves=2) 
[02:59:21] [INFO   ] Fixpoint[3]:Reducer[perses_node_priority_with_dfs_delta]: Delta node (#leaves=2): queue=33, delete 0 tokens, ratio=38/4885=0.78% 
[02:59:21] [INFO   ] Fixpoint[3]:Reducer[perses_node_priority_with_dfs_delta]: Delta node (#leaves=2) 
[02:59:21] [INFO   ] Fixpoint[3]:Reducer[perses_node_priority_with_dfs_delta]: Delta node (#leaves=2): queue=34, delete 0 tokens, ratio=38/4885=0.78% 
[02:59:21] [INFO   ] Fixpoint[3]:Reducer[perses_node_priority_with_dfs_delta]: Delta node (#leaves=2) 
[02:59:21] [INFO   ] Fixpoint[3]:Reducer[perses_node_priority_with_dfs_delta]: Delta node (#leaves=2): queue=34, delete 0 tokens, ratio=38/4885=0.78% 
[02:59:21] [INFO   ] Fixpoint[3]:Reducer[perses_node_priority_with_dfs_delta]: Delta node (#leaves=2) 
[02:59:21] [INFO   ] Fixpoint[3]:Reducer[perses_node_priority_with_dfs_delta]: Delta node (#leaves=2): queue=35, delete 0 tokens, ratio=38/4885=0.78% 
[02:59:21] [INFO   ] Fixpoint[3]:Reducer[perses_node_priority_with_dfs_delta]: Delta node (#leaves=2) 
[02:59:21] [INFO   ] Fixpoint[3]:Reducer[perses_node_priority_with_dfs_delta]: Delta node (#leaves=2): queue=36, delete 0 tokens, ratio=38/4885=0.78% 
[02:59:21] [INFO   ] Fixpoint[3]:Reducer[perses_node_priority_with_dfs_delta]: Delta node (#leaves=1) 
[02:59:21] [INFO   ] Fixpoint[3]:Reducer[perses_node_priority_with_dfs_delta]: Delta node (#leaves=1): queue=37, delete 0 tokens, ratio=38/4885=0.78% 
[02:59:21] [INFO   ] Fixpoint[3]:Reducer[perses_node_priority_with_dfs_delta]: Delta node (#leaves=1) 
[02:59:21] [INFO   ] Fixpoint[3]:Reducer[perses_node_priority_with_dfs_delta]: Delta node (#leaves=1): queue=36, delete 0 tokens, ratio=38/4885=0.78% 
[02:59:21] [INFO   ] Fixpoint[3]:Reducer[perses_node_priority_with_dfs_delta]: Delta node (#leaves=1) 
[02:59:21] [INFO   ] Fixpoint[3]:Reducer[perses_node_priority_with_dfs_delta]: Delta node (#leaves=1): queue=35, delete 0 tokens, ratio=38/4885=0.78% 
[02:59:21] [INFO   ] Fixpoint[3]:Reducer[perses_node_priority_with_dfs_delta]: Delta node (#leaves=1) 
[02:59:21] [INFO   ] Fixpoint[3]:Reducer[perses_node_priority_with_dfs_delta]: Delta node (#leaves=1): queue=34, delete 0 tokens, ratio=38/4885=0.78% 
[02:59:21] [INFO   ] Fixpoint[3]:Reducer[perses_node_priority_with_dfs_delta]: Delta node (#leaves=1) 
[02:59:21] [INFO   ] Fixpoint[3]:Reducer[perses_node_priority_with_dfs_delta]: Delta node (#leaves=1): queue=33, delete 0 tokens, ratio=38/4885=0.78% 
[02:59:21] [INFO   ] Fixpoint[3]:Reducer[perses_node_priority_with_dfs_delta]: Delta node (#leaves=1) 
[02:59:21] [INFO   ] Fixpoint[3]:Reducer[perses_node_priority_with_dfs_delta]: Delta node (#leaves=1): queue=32, delete 0 tokens, ratio=38/4885=0.78% 
[02:59:21] [INFO   ] Fixpoint[3]:Reducer[perses_node_priority_with_dfs_delta]: Delta node (#leaves=1) 
[02:59:21] [INFO   ] Fixpoint[3]:Reducer[perses_node_priority_with_dfs_delta]: Delta node (#leaves=1): queue=31, delete 0 tokens, ratio=38/4885=0.78% 
[02:59:21] [INFO   ] Fixpoint[3]:Reducer[perses_node_priority_with_dfs_delta]: Delta node (#leaves=1) 
[02:59:21] [INFO   ] Fixpoint[3]:Reducer[perses_node_priority_with_dfs_delta]: Delta node (#leaves=1): queue=30, delete 0 tokens, ratio=38/4885=0.78% 
[02:59:21] [INFO   ] Fixpoint[3]:Reducer[perses_node_priority_with_dfs_delta]: Delta node (#leaves=1) 
[02:59:21] [INFO   ] Fixpoint[3]:Reducer[perses_node_priority_with_dfs_delta]: Delta node (#leaves=1): queue=29, delete 0 tokens, ratio=38/4885=0.78% 
[02:59:21] [INFO   ] Fixpoint[3]:Reducer[perses_node_priority_with_dfs_delta]: Delta node (#leaves=1) 
[02:59:21] [INFO   ] Fixpoint[3]:Reducer[perses_node_priority_with_dfs_delta]: Delta node (#leaves=1): queue=28, delete 0 tokens, ratio=38/4885=0.78% 
[02:59:21] [INFO   ] Fixpoint[3]:Reducer[perses_node_priority_with_dfs_delta]: Delta node (#leaves=1) 
[02:59:21] [INFO   ] Fixpoint[3]:Reducer[perses_node_priority_with_dfs_delta]: Delta node (#leaves=1): queue=27, delete 0 tokens, ratio=38/4885=0.78% 
[02:59:21] [INFO   ] Fixpoint[3]:Reducer[perses_node_priority_with_dfs_delta]: Delta node (#leaves=1) 
[02:59:21] [INFO   ] Fixpoint[3]:Reducer[perses_node_priority_with_dfs_delta]: Delta node (#leaves=1): queue=26, delete 0 tokens, ratio=38/4885=0.78% 
[02:59:21] [INFO   ] Fixpoint[3]:Reducer[perses_node_priority_with_dfs_delta]: Delta node (#leaves=1) 
[02:59:21] [INFO   ] Fixpoint[3]:Reducer[perses_node_priority_with_dfs_delta]: Delta node (#leaves=1): queue=25, delete 0 tokens, ratio=38/4885=0.78% 
[02:59:21] [INFO   ] Fixpoint[3]:Reducer[perses_node_priority_with_dfs_delta]: Delta node (#leaves=1) 
[02:59:21] [INFO   ] Fixpoint[3]:Reducer[perses_node_priority_with_dfs_delta]: Delta node (#leaves=1): queue=24, delete 0 tokens, ratio=38/4885=0.78% 
[02:59:21] [INFO   ] Fixpoint[3]:Reducer[perses_node_priority_with_dfs_delta]: Delta node (#leaves=1) 
[02:59:21] [INFO   ] Fixpoint[3]:Reducer[perses_node_priority_with_dfs_delta]: Delta node (#leaves=1): queue=23, delete 0 tokens, ratio=38/4885=0.78% 
[02:59:21] [INFO   ] Fixpoint[3]:Reducer[perses_node_priority_with_dfs_delta]: Delta node (#leaves=1) 
[02:59:21] [INFO   ] Fixpoint[3]:Reducer[perses_node_priority_with_dfs_delta]: Delta node (#leaves=1): queue=22, delete 0 tokens, ratio=38/4885=0.78% 
[02:59:21] [INFO   ] Fixpoint[3]:Reducer[perses_node_priority_with_dfs_delta]: Delta node (#leaves=1) 
[02:59:21] [INFO   ] Fixpoint[3]:Reducer[perses_node_priority_with_dfs_delta]: Delta node (#leaves=1): queue=21, delete 0 tokens, ratio=38/4885=0.78% 
[02:59:21] [INFO   ] Fixpoint[3]:Reducer[perses_node_priority_with_dfs_delta]: Delta node (#leaves=1) 
[02:59:21] [INFO   ] Fixpoint[3]:Reducer[perses_node_priority_with_dfs_delta]: Delta node (#leaves=1): queue=20, delete 0 tokens, ratio=38/4885=0.78% 
[02:59:21] [INFO   ] Fixpoint[3]:Reducer[perses_node_priority_with_dfs_delta]: Delta node (#leaves=1) 
[02:59:21] [INFO   ] Fixpoint[3]:Reducer[perses_node_priority_with_dfs_delta]: Delta node (#leaves=1): queue=19, delete 0 tokens, ratio=38/4885=0.78% 
[02:59:21] [INFO   ] Fixpoint[3]:Reducer[perses_node_priority_with_dfs_delta]: Delta node (#leaves=1) 
[02:59:21] [INFO   ] Fixpoint[3]:Reducer[perses_node_priority_with_dfs_delta]: Delta node (#leaves=1): queue=18, delete 0 tokens, ratio=38/4885=0.78% 
[02:59:21] [INFO   ] Fixpoint[3]:Reducer[perses_node_priority_with_dfs_delta]: Delta node (#leaves=1) 
[02:59:21] [INFO   ] Fixpoint[3]:Reducer[perses_node_priority_with_dfs_delta]: Delta node (#leaves=1): queue=17, delete 0 tokens, ratio=38/4885=0.78% 
[02:59:21] [INFO   ] Fixpoint[3]:Reducer[perses_node_priority_with_dfs_delta]: Delta node (#leaves=1) 
[02:59:21] [INFO   ] Fixpoint[3]:Reducer[perses_node_priority_with_dfs_delta]: Delta node (#leaves=1): queue=16, delete 0 tokens, ratio=38/4885=0.78% 
[02:59:21] [INFO   ] Fixpoint[3]:Reducer[perses_node_priority_with_dfs_delta]: Delta node (#leaves=1) 
[02:59:21] [INFO   ] Fixpoint[3]:Reducer[perses_node_priority_with_dfs_delta]: Delta node (#leaves=1): queue=15, delete 0 tokens, ratio=38/4885=0.78% 
[02:59:21] [INFO   ] Fixpoint[3]:Reducer[perses_node_priority_with_dfs_delta]: Delta node (#leaves=1) 
[02:59:21] [INFO   ] Fixpoint[3]:Reducer[perses_node_priority_with_dfs_delta]: Delta node (#leaves=1): queue=14, delete 0 tokens, ratio=38/4885=0.78% 
[02:59:21] [INFO   ] Fixpoint[3]:Reducer[perses_node_priority_with_dfs_delta]: Delta node (#leaves=1) 
[02:59:21] [INFO   ] Fixpoint[3]:Reducer[perses_node_priority_with_dfs_delta]: Delta node (#leaves=1): queue=13, delete 0 tokens, ratio=38/4885=0.78% 
[02:59:21] [INFO   ] Fixpoint[3]:Reducer[perses_node_priority_with_dfs_delta]: Delta node (#leaves=1) 
[02:59:21] [INFO   ] Fixpoint[3]:Reducer[perses_node_priority_with_dfs_delta]: Delta node (#leaves=1): queue=12, delete 0 tokens, ratio=38/4885=0.78% 
[02:59:21] [INFO   ] Fixpoint[3]:Reducer[perses_node_priority_with_dfs_delta]: Delta node (#leaves=1) 
[02:59:21] [INFO   ] Fixpoint[3]:Reducer[perses_node_priority_with_dfs_delta]: Delta node (#leaves=1): queue=11, delete 0 tokens, ratio=38/4885=0.78% 
[02:59:21] [INFO   ] Fixpoint[3]:Reducer[perses_node_priority_with_dfs_delta]: Delta node (#leaves=1) 
[02:59:21] [INFO   ] Fixpoint[3]:Reducer[perses_node_priority_with_dfs_delta]: Delta node (#leaves=1): queue=10, delete 0 tokens, ratio=38/4885=0.78% 
[02:59:21] [INFO   ] Fixpoint[3]:Reducer[perses_node_priority_with_dfs_delta]: Delta node (#leaves=1) 
[02:59:21] [INFO   ] Fixpoint[3]:Reducer[perses_node_priority_with_dfs_delta]: Delta node (#leaves=1): queue=9, delete 0 tokens, ratio=38/4885=0.78% 
[02:59:21] [INFO   ] Fixpoint[3]:Reducer[perses_node_priority_with_dfs_delta]: Delta node (#leaves=1) 
[02:59:21] [INFO   ] Fixpoint[3]:Reducer[perses_node_priority_with_dfs_delta]: Delta node (#leaves=1): queue=8, delete 0 tokens, ratio=38/4885=0.78% 
[02:59:21] [INFO   ] Fixpoint[3]:Reducer[perses_node_priority_with_dfs_delta]: Delta node (#leaves=1) 
[02:59:21] [INFO   ] Fixpoint[3]:Reducer[perses_node_priority_with_dfs_delta]: Delta node (#leaves=1): queue=7, delete 0 tokens, ratio=38/4885=0.78% 
[02:59:21] [INFO   ] Fixpoint[3]:Reducer[perses_node_priority_with_dfs_delta]: Delta node (#leaves=1) 
[02:59:21] [INFO   ] Fixpoint[3]:Reducer[perses_node_priority_with_dfs_delta]: Delta node (#leaves=1): queue=6, delete 0 tokens, ratio=38/4885=0.78% 
[02:59:21] [INFO   ] Fixpoint[3]:Reducer[perses_node_priority_with_dfs_delta]: Delta node (#leaves=1) 
[02:59:21] [INFO   ] Fixpoint[3]:Reducer[perses_node_priority_with_dfs_delta]: Delta node (#leaves=1): queue=5, delete 0 tokens, ratio=38/4885=0.78% 
[02:59:21] [INFO   ] Fixpoint[3]:Reducer[perses_node_priority_with_dfs_delta]: Delta node (#leaves=1) 
[02:59:21] [INFO   ] Fixpoint[3]:Reducer[perses_node_priority_with_dfs_delta]: Delta node (#leaves=1): queue=4, delete 0 tokens, ratio=38/4885=0.78% 
[02:59:21] [INFO   ] Fixpoint[3]:Reducer[perses_node_priority_with_dfs_delta]: Delta node (#leaves=1) 
[02:59:21] [INFO   ] Fixpoint[3]:Reducer[perses_node_priority_with_dfs_delta]: Delta node (#leaves=1): queue=3, delete 0 tokens, ratio=38/4885=0.78% 
[02:59:21] [INFO   ] Fixpoint[3]:Reducer[perses_node_priority_with_dfs_delta]: Delta node (#leaves=1) 
[02:59:21] [INFO   ] Fixpoint[3]:Reducer[perses_node_priority_with_dfs_delta]: Delta node (#leaves=1): queue=2, delete 0 tokens, ratio=38/4885=0.78% 
[02:59:21] [INFO   ] Fixpoint[3]:Reducer[perses_node_priority_with_dfs_delta]: Delta node (#leaves=1) 
[02:59:21] [INFO   ] Fixpoint[3]:Reducer[perses_node_priority_with_dfs_delta]: Delta node (#leaves=1): queue=1, delete 0 tokens, ratio=38/4885=0.78% 
[02:59:21] [INFO   ] Fixpoint[3]:Reducer[perses_node_priority_with_dfs_delta]: Delta node (#leaves=1) 
[02:59:21] [INFO   ] Fixpoint[3]:Reducer[perses_node_priority_with_dfs_delta]: Delta node (#leaves=1): queue=0, delete 0 tokens, ratio=38/4885=0.78% 
[02:59:21] [INFO   ] perses_node_priority_with_dfs_delta ended at 02:59:21 2022/04/22. #old=38, #new=38 
[02:59:21] [INFO   ] Fixpoint[3]:Reducer[perses_node_priority_with_dfs_delta]: Fixpoint iteration finished, delete 0 tokens, ratio=38/4885=0.78% 
[02:59:21] [INFO   ] Reduction ended at 02:59:21 2022/04/22 
[02:59:21] [INFO   ] Elapsed time is 300 seconds (5 minutes) 
[02:59:21] [INFO   ] Removed %s tokens. reduction ratio is 38/4885=0.78% 
[02:59:21] [INFO   ] Test script execution count: 271 

