i f4 i17 = 92,1125515264,157
i18 d2 bArr = 57256,-4538584808779131514,13534
dArr = 4707437186826118792
Test.instanceCount Test.fFld sFld = 454771447092542156,1209912719,-20403
Test.fArrFld = 4720867181194706800
vMeth1_check_sum: 180811755184060
iMeth_check_sum: -1952780323589514062
vMeth_check_sum: 9216616638538854329
i f4 i17 = 92,1125515264,157
i18 d2 bArr = 57256,-4534078721440732477,13534
dArr = 4707437186826118792
Test.instanceCount Test.fFld sFld = 454771447092542156,1218301320,-20403
Test.fArrFld = 4725392623877259192
vMeth1_check_sum: 361623510368120
iMeth_check_sum: -3905560647179028124
vMeth_check_sum: -13510798700053656
i f4 i17 = 92,1125515264,157
i18 d2 bArr = 57256,-4531302626379289917,13534
dArr = 4707437186826118792
Test.instanceCount Test.fFld sFld = 454771447092542156,1223472200,-20403
Test.fArrFld = 4728231886314569656
vMeth1_check_sum: 542435265552180
iMeth_check_sum: -5858340970768542186
vMeth_check_sum: 9203105841968756206
i f4 i17 = 92,1125515264,157
i18 d2 bArr = 57256,-4529573878226283166,13534
dArr = 4707437186826118792
Test.instanceCount Test.fFld sFld = 454771447092542156,1226689924,-20403
Test.fArrFld = 4729925378015641564
vMeth1_check_sum: 723247020736240
iMeth_check_sum: -7811121294358056248
vMeth_check_sum: -27021592649408231
i f4 i17 = 92,1125515264,157
i18 d2 bArr = 57256,-4528185830695561886,13534
dArr = 4707437186826118792
Test.instanceCount Test.fFld sFld = 454771447092542156,1229275364,-20403
Test.fArrFld = 4731345009209130972
vMeth1_check_sum: 904058775920300
iMeth_check_sum: 8682842455761981306
vMeth_check_sum: 9189595048008227229
i f4 i17 = 92,1125515264,157
i18 d2 bArr = 57256,-4526797783164840606,13534
dArr = 4707437186826118792
Test.instanceCount Test.fFld sFld = 454771447092542156,1231860804,-20403
Test.fArrFld = 4732764639966412764
vMeth1_check_sum: 1084870531104360
iMeth_check_sum: 6730062132172467244
vMeth_check_sum: -40532387466494636
i f4 i17 = 92,1125515264,157
i18 d2 bArr = 57256,-4525763680570733903,13534
dArr = 4707437186826118792
Test.instanceCount Test.fFld sFld = 454771447092542156,1233785810,-20403
Test.fArrFld = 4733733739486322670
vMeth1_check_sum: 1265682286288420
iMeth_check_sum: 4777281808582953182
vMeth_check_sum: 9176084253179966446
i f4 i17 = 92,1125515264,157
i18 d2 bArr = 57256,-4525069656805373263,13534
dArr = 4707437186826118792
Test.instanceCount Test.fFld sFld = 454771447092542156,1235078530,-20403
Test.fArrFld = 4734443555141787630
vMeth1_check_sum: 1446494041472480
iMeth_check_sum: 2824501484993439120
vMeth_check_sum: -54043181985076263
i f4 i17 = 92,1125515264,157
i18 d2 bArr = 57256,-4524375633040012623,13534
dArr = 4707437186826118792
Test.instanceCount Test.fFld sFld = 454771447092542156,1236371250,-20403
Test.fArrFld = 4735153370444931054
vMeth1_check_sum: 1627305796656540
iMeth_check_sum: 871721161403925058
vMeth_check_sum: 9162573454892807640
i f4 i17 = 92,1125515264,157
i18 d2 bArr = 57256,-4523681609274651983,13534
dArr = 4707437186826118792
Test.instanceCount Test.fFld sFld = 454771447092542156,1237663970,-20403
Test.fArrFld = 4735863186066841582
vMeth1_check_sum: 1808117551840600
iMeth_check_sum: -1081059162185589004
vMeth_check_sum: -67553980270619491
