i i1 i2 = 337,0,77
i3 f i4 = -474938116,1073741824,25
f1 by b = 1319076175,-60,0
d1 i20 i21 = 4638612097658264119,77,0
by1 i22 i23 = 25,357,2
Test.instanceCount fFld Test.fFld1 = -43125,1293662586,1074802983
Test.bFld Test.iFld iFld1 = 0,13,0
Test.iArrFld = 9083
iMeth_check_sum: 0
vMeth_check_sum: 0
bMeth_check_sum: -5126528994294399840
i i1 i2 = 337,0,77
i3 f i4 = -3277424,1073741824,25
f1 by b = 1319076624,-60,0
d1 i20 i21 = 4655977172978893219,77,0
by1 i22 i23 = 25,357,2
Test.instanceCount fFld Test.fFld1 = -43125,-953649920,1074802983
Test.bFld Test.iFld iFld1 = 0,13,-1
Test.iArrFld = 9083
iMeth_check_sum: 0
vMeth_check_sum: 0
bMeth_check_sum: 8193686085833136626
i i1 i2 = 337,0,77
i3 f i4 = -3277424,1073741824,25
f1 by b = 1319076624,-60,0
d1 i20 i21 = 4655977172978893219,77,0
by1 i22 i23 = 25,357,2
Test.instanceCount fFld Test.fFld1 = -43125,-953649920,1074802983
Test.bFld Test.iFld iFld1 = 0,13,-1
Test.iArrFld = 9083
iMeth_check_sum: 0
vMeth_check_sum: 0
bMeth_check_sum: 3067157092251121476
i i1 i2 = 337,0,77
i3 f i4 = -3277424,1073741824,25
f1 by b = 1319076624,-60,0
d1 i20 i21 = 4655977172978893219,77,0
by1 i22 i23 = 25,357,2
Test.instanceCount fFld Test.fFld1 = -43125,-953649920,1074802983
Test.bFld Test.iFld iFld1 = 0,13,-1
Test.iArrFld = 9083
iMeth_check_sum: 0
vMeth_check_sum: 0
bMeth_check_sum: -2059371901330893674
i i1 i2 = 337,0,77
i3 f i4 = -3277424,1073741824,25
f1 by b = 1319076624,-60,0
d1 i20 i21 = 4655977172978893219,77,0
by1 i22 i23 = 25,357,2
Test.instanceCount fFld Test.fFld1 = -43125,-953649920,1074802983
Test.bFld Test.iFld iFld1 = 0,13,-1
Test.iArrFld = 9083
iMeth_check_sum: 0
vMeth_check_sum: 0
bMeth_check_sum: -7185900894912908824
i i1 i2 = 337,0,77
i3 f i4 = -3277424,1073741824,25
f1 by b = 1319076624,-60,0
d1 i20 i21 = 4655977172978893219,77,0
by1 i22 i23 = 25,357,2
Test.instanceCount fFld Test.fFld1 = -43125,-953649920,1074802983
Test.bFld Test.iFld iFld1 = 0,13,-1
Test.iArrFld = 9083
iMeth_check_sum: 0
vMeth_check_sum: 0
bMeth_check_sum: 6134314185214627642
i i1 i2 = 337,0,77
i3 f i4 = -3277424,1073741824,25
f1 by b = 1319076624,-60,0
d1 i20 i21 = 4655977172978893219,77,0
by1 i22 i23 = 25,357,2
Test.instanceCount fFld Test.fFld1 = -43125,-953649920,1074802983
Test.bFld Test.iFld iFld1 = 0,13,-1
Test.iArrFld = 9083
iMeth_check_sum: 0
vMeth_check_sum: 0
bMeth_check_sum: 1007785191632612492
i i1 i2 = 337,0,77
i3 f i4 = -3277424,1073741824,25
f1 by b = 1319076624,-60,0
d1 i20 i21 = 4655977172978893219,77,0
by1 i22 i23 = 25,357,2
Test.instanceCount fFld Test.fFld1 = -43125,-953649920,1074802983
Test.bFld Test.iFld iFld1 = 0,13,-1
Test.iArrFld = 9083
iMeth_check_sum: 0
vMeth_check_sum: 0
bMeth_check_sum: -4118743801949402658
i i1 i2 = 337,0,77
i3 f i4 = -3277424,1073741824,25
f1 by b = 1319076624,-60,0
d1 i20 i21 = 4655977172978893219,77,0
by1 i22 i23 = 25,357,2
Test.instanceCount fFld Test.fFld1 = -43125,-953649920,1074802983
Test.bFld Test.iFld iFld1 = 0,13,-1
Test.iArrFld = 9083
iMeth_check_sum: 0
vMeth_check_sum: 0
bMeth_check_sum: 9201471278178133808
i i1 i2 = 337,0,77
i3 f i4 = -3277424,1073741824,25
f1 by b = 1319076624,-60,0
d1 i20 i21 = 4655977172978893219,77,0
by1 i22 i23 = 25,357,2
Test.instanceCount fFld Test.fFld1 = -43125,-953649920,1074802983
Test.bFld Test.iFld iFld1 = 0,13,-1
Test.iArrFld = 9083
iMeth_check_sum: 0
vMeth_check_sum: 0
bMeth_check_sum: 4074942284596118658
