i i1 i19 = 203,415929566,14
d1 i20 i21 = -4615155366400332766,-57266,1
i22 i23 by2 = -4,13013,-64
Test.instanceCount Test.bFld fFld = -415929429,1,-1079773233
Test.iArrFld Test.lArrFld dArrFld = 3833173,-7250295169342314523,0
iMeth1_check_sum: 0
sMeth_check_sum: 0
iMeth_check_sum: -4443847733526828117
i i1 i19 = 203,388858170,14
d1 i20 i21 = -4615155366400332766,-57266,1
i22 i23 by2 = -4,13013,-64
Test.instanceCount Test.bFld fFld = -388858033,1,-1079773233
Test.iArrFld Test.lArrFld dArrFld = -3206319,-7250295169342314523,0
iMeth1_check_sum: 0
sMeth_check_sum: 0
iMeth_check_sum: -8902255667375313828
i i1 i19 = 203,879324212,14
d1 i20 i21 = -4615155366400332766,-57266,1
i22 i23 by2 = -4,13013,-64
Test.instanceCount Test.bFld fFld = -879324075,1,-1079773233
Test.iArrFld Test.lArrFld dArrFld = -2051539,-7250295169342314523,0
iMeth1_check_sum: 0
sMeth_check_sum: 0
iMeth_check_sum: 5085551198102716593
i i1 i19 = 203,707614510,14
d1 i20 i21 = -4615155366400332766,-57266,1
i22 i23 by2 = -4,13013,-64
Test.instanceCount Test.bFld fFld = -707614373,1,-1079773233
Test.iArrFld Test.lArrFld dArrFld = 2305585,-7250295169342314523,0
iMeth1_check_sum: 0
sMeth_check_sum: 0
iMeth_check_sum: 631723343267768844
i i1 i19 = 203,1938996970,14
d1 i20 i21 = -4615155366400332766,-57266,1
i22 i23 by2 = -4,13013,-64
Test.instanceCount Test.bFld fFld = -1938996833,1,-1079773233
Test.iArrFld Test.lArrFld dArrFld = -3599039,-7250295169342314523,0
iMeth1_check_sum: 0
sMeth_check_sum: 0
iMeth_check_sum: -3823495030352451475
i i1 i19 = 203,1401313070,14
d1 i20 i21 = -4615155366400332766,-57266,1
i22 i23 by2 = -4,13013,-64
Test.instanceCount Test.bFld fFld = -1401312933,1,-1079773233
Test.iArrFld Test.lArrFld dArrFld = 3566733,-7250295169342314523,0
iMeth1_check_sum: 0
sMeth_check_sum: 0
iMeth_check_sum: -8272318236861317358
i i1 i19 = 203,1206403624,14
d1 i20 i21 = -4615155366400332766,-57266,1
i22 i23 by2 = -4,13013,-64
Test.instanceCount Test.bFld fFld = -1206403487,1,-1079773233
Test.iArrFld Test.lArrFld dArrFld = 1044781,-7250295169342314523,0
iMeth1_check_sum: 0
sMeth_check_sum: 0
iMeth_check_sum: 5723463523564846451
i i1 i19 = 203,985650160,14
d1 i20 i21 = -4615155366400332766,-57266,1
i22 i23 by2 = -4,13013,-64
Test.instanceCount Test.bFld fFld = -985650023,1,-1079773233
Test.iArrFld Test.lArrFld dArrFld = -2473647,-7250295169342314523,0
iMeth1_check_sum: 0
sMeth_check_sum: 0
iMeth_check_sum: 1271514095844905178
i i1 i19 = 203,527188520,14
d1 i20 i21 = -4615155366400332766,-57266,1
i22 i23 by2 = -4,13013,-64
Test.instanceCount Test.bFld fFld = -527188383,1,-1079773233
Test.iArrFld Test.lArrFld dArrFld = -1467879,-7250295169342314523,0
iMeth1_check_sum: 0
sMeth_check_sum: 0
iMeth_check_sum: -3181657014306008455
i i1 i19 = 203,1077423394,14
d1 i20 i21 = -4615155366400332766,-57266,1
i22 i23 by2 = -4,13013,-64
Test.instanceCount Test.bFld fFld = -1077423257,1,-1079773233
Test.iArrFld Test.lArrFld dArrFld = 4236297,-7250295169342314523,0
iMeth1_check_sum: 0
sMeth_check_sum: 0
iMeth_check_sum: -7639163788172663328
